ZENQ\rupesh.barnawal  [ INFO]  11:20:09 29-03-19   GetProjectLocation   – path is:=>D:\osvsatmosphere\OSVAtmosQAAutomation\OneAtmosphere
ZENQ\rupesh.barnawal  [ INFO]  11:20:09 29-03-19   GetAutomationReportsFolder   – ==========> Automation Reports folder directory is:=>D:\osvsatmosphere\OSVAtmosQAAutomation\Automation_Report
ZENQ\rupesh.barnawal  [ INFO]  11:20:10 29-03-19   GetProjectLocation   – path is:=>D:\osvsatmosphere\OSVAtmosQAAutomation\OneAtmosphere
ZENQ\rupesh.barnawal  [ INFO]  11:20:10 29-03-19   GetProjectLocation   – path is:=>D:\osvsatmosphere\OSVAtmosQAAutomation\OneAtmosphere
ZENQ\rupesh.barnawal  [ INFO]  11:20:10 29-03-19   CreateReportsDirectory   – ===>Created the customer reports path is:=>D:\osvsatmosphere\OSVAtmosQAAutomation\Automation_Report\CustomReport\Reports_On_03-29-19
ZENQ\rupesh.barnawal  [ INFO]  11:20:10 29-03-19   GetProjectLocation   – path is:=>D:\osvsatmosphere\OSVAtmosQAAutomation\OneAtmosphere
ZENQ\rupesh.barnawal  [ INFO]  11:20:10 29-03-19   CreateScreenShotsFolder   – screenshots folder path:=>D:\osvsatmosphere\OSVAtmosQAAutomation\Automation_Report\OutPut\screenshots
ZENQ\rupesh.barnawal  [ INFO]  11:20:10 29-03-19   CreateScreenShotsFolder   – ===>Directory created:=>D:\osvsatmosphere\OSVAtmosQAAutomation\Automation_Report\OutPut\screenshots\screenshots_On_03-29-19
ZENQ\rupesh.barnawal  [ INFO]  11:20:10 29-03-19   .ctor   – Initializing waits..
ZENQ\rupesh.barnawal  [ INFO]  11:20:10 29-03-19   SetUpTest   – Starting Execution of Scenario:=>Verify 'Quarterly Balancing' screen of 'Federal Tab' in Feature:Tax
ZENQ\rupesh.barnawal  [ INFO]  11:20:10 29-03-19   InitChromeDriver   – Launching google chrome with new profile..
ZENQ\rupesh.barnawal  [ INFO]  11:20:10 29-03-19   InitChromeDriver   – chrome driver initialized..
ZENQ\rupesh.barnawal  [ INFO]  11:20:10 29-03-19   GetProjectLocation   – path is:=>D:\osvsatmosphere\OSVAtmosQAAutomation\OneAtmosphere
ZENQ\rupesh.barnawal  [ INFO]  11:20:32 29-03-19   .ctor   – Initializing waits..
ZENQ\rupesh.barnawal  [ INFO]  11:20:32 29-03-19   LoginIntoOneAtmos   – this is login page
ZENQ\rupesh.barnawal  [ INFO]  11:20:32 29-03-19   EnterUserName   – type text in username field
ZENQ\rupesh.barnawal  [ INFO]  11:20:32 29-03-19   FindElement   – Waiting for element: By.XPath: //input[@type='text'] for 30 seconds
ZENQ\rupesh.barnawal  [ INFO]  11:20:33 29-03-19   SafeType   – Entered text testatmosuser@gmail.com in the field By.XPath: //input[@type='text']
ZENQ\rupesh.barnawal  [ INFO]  11:20:33 29-03-19   EnterUserName   – Entered the UserName in username
ZENQ\rupesh.barnawal  [ INFO]  11:20:33 29-03-19   EnterPassword   – Type password in password field
ZENQ\rupesh.barnawal  [ INFO]  11:20:33 29-03-19   FindElement   – Waiting for element: By.XPath: //input[@type='password'] for 30 seconds
ZENQ\rupesh.barnawal  [ INFO]  11:20:33 29-03-19   SafeType   – Entered text Second@123$ in the field By.XPath: //input[@type='password']
ZENQ\rupesh.barnawal  [ INFO]  11:20:33 29-03-19   EnterPassword   – Entered the password in password field
ZENQ\rupesh.barnawal  [ INFO]  11:20:33 29-03-19   ClickSIGNINButton   – click on SIGN IN button
ZENQ\rupesh.barnawal  [ INFO]  11:20:33 29-03-19   FindElement   – Waiting for element: By.XPath: //span[contains(@class,'label bBody')] for 60 seconds
ZENQ\rupesh.barnawal  [ INFO]  11:20:33 29-03-19   SafeNormalClick   – Clicked on element By.XPath: //span[contains(@class,'label bBody')]
ZENQ\rupesh.barnawal  [ INFO]  11:20:33 29-03-19   ClickSIGNINButton   – clicked on SIGN IN button
ZENQ\rupesh.barnawal  [ INFO]  11:20:33 29-03-19   WaitForPageToLoad   – Waiting until page load is complete..
ZENQ\rupesh.barnawal  [ INFO]  11:20:37 29-03-19   ClickSIGNINButton   – Login Successful. Navigated to Home Page ..
ZENQ\rupesh.barnawal  [ INFO]  11:20:37 29-03-19   .ctor   – Initializing waits..
ZENQ\rupesh.barnawal  [ INFO]  11:20:37 29-03-19   LoginIntoOneAtmos   – Logged in to OneAtmos site.
ZENQ\rupesh.barnawal  [ INFO]  11:20:37 29-03-19   WaitForPageToLoad   – Waiting until page load is complete..
ZENQ\rupesh.barnawal  [ INFO]  11:20:38 29-03-19   FindElement   – Waiting for element: By.XPath: //a[@href='./tax-details'] for 5 seconds
ZENQ\rupesh.barnawal  [ INFO]  11:20:39 29-03-19   SafeNormalClick   – Clicked on element By.XPath: //a[@href='./tax-details']
ZENQ\rupesh.barnawal  [ INFO]  11:20:39 29-03-19   WaitForJQueryProcessing   – Waiting ajax processing to complete..
ZENQ\rupesh.barnawal  [ INFO]  11:20:40 29-03-19   WaitForJQueryProcessing   – Waiting stopped due to exception..unknown error: jQuery is not defined
  (Session info: chrome=73.0.3683.86)
  (Driver info: chromedriver=2.40.565498 (ea082db3280dd6843ebfb08a625e3eb905c4f5ab),platform=Windows NT 10.0.10240 x86_64)
ZENQ\rupesh.barnawal  [ INFO]  11:20:40 29-03-19   WaitForPageToLoad   – Waiting until page load is complete..
ZENQ\rupesh.barnawal  [ INFO]  11:20:40 29-03-19   Ellipses_Tax_Click   – By clicking on 'Ellipses' icon user is navigated to 'Tax' section
ZENQ\rupesh.barnawal  [ INFO]  11:20:40 29-03-19   .ctor   – Initializing waits..
ZENQ\rupesh.barnawal  [ INFO]  11:20:40 29-03-19   .ctor   – Initializing waits..
ZENQ\rupesh.barnawal  [ INFO]  11:20:40 29-03-19   WaitForPageToLoad   – Waiting until page load is complete..
ZENQ\rupesh.barnawal  [ INFO]  11:20:41 29-03-19   FindElement   – Waiting for element: By.CssSelector: div[class$='Tax_MainPage'] div:nth-child(4) div[class='halfCard left'] div[class='slds-select_container'] select[name='yearSelect'] for 10 seconds
ZENQ\rupesh.barnawal  [ INFO]  11:20:41 29-03-19   SafeNormalClick   – Clicked on element By.CssSelector: div[class$='Tax_MainPage'] div:nth-child(4) div[class='halfCard left'] div[class='slds-select_container'] select[name='yearSelect']
ZENQ\rupesh.barnawal  [ INFO]  11:20:44 29-03-19   SafeSelectDropdown   – Selected option with index 1from dropdown By.CssSelector: div[class$='Tax_MainPage'] div:nth-child(4) div[class='halfCard left'] div[class='slds-select_container'] select[name='yearSelect']
ZENQ\rupesh.barnawal  [ INFO]  11:20:50 29-03-19   FindElement   – Waiting for element: By.CssSelector: div[class$='Tax_MainPage'] div:nth-child(4) div[class='halfCard left'] div[class='slds-select_container'] select[name='quarterSelect'] for 10 seconds
ZENQ\rupesh.barnawal  [ INFO]  11:20:51 29-03-19   SafeNormalClick   – Clicked on element By.CssSelector: div[class$='Tax_MainPage'] div:nth-child(4) div[class='halfCard left'] div[class='slds-select_container'] select[name='quarterSelect']
ZENQ\rupesh.barnawal  [ INFO]  11:20:53 29-03-19   SafeSelectDropdown   – Selected option with index 0from dropdown By.CssSelector: div[class$='Tax_MainPage'] div:nth-child(4) div[class='halfCard left'] div[class='slds-select_container'] select[name='quarterSelect']
ZENQ\rupesh.barnawal  [ INFO]  11:20:59 29-03-19   FindElement   – Waiting for element: By.XPath: //div[4]/div[1]//a[text()='Federal'] for 10 seconds
ZENQ\rupesh.barnawal  [ INFO]  11:20:59 29-03-19   SafeNormalClick   – Clicked on element By.XPath: //div[4]/div[1]//a[text()='Federal']
ZENQ\rupesh.barnawal  [ INFO]  11:21:01 29-03-19   VerifyFederalTab_QB   – Clicked on 'Federal' tab in 'Quarterly Balancing' section
ZENQ\rupesh.barnawal  [ INFO]  11:21:04 29-03-19   VerifyDataUnderQB   – Correct data is displayed under Quarterly Balancing section
ZENQ\rupesh.barnawal  [ INFO]  11:21:07 29-03-19   WaitForPageToLoad   – Waiting until page load is complete..
ZENQ\rupesh.barnawal  [ INFO]  11:21:09 29-03-19   WaitUntilElementIsExist   – Waiting until element: By.XPath: //p[text()='Quarterly Balancing'] is Exist.. timeout is 200 seconds
ZENQ\rupesh.barnawal  [ INFO]  11:21:14 29-03-19   ClickFooterBTNs   – Records are not available in Quarterly Balancing Page
ZENQ\rupesh.barnawal  [ INFO]  11:21:19 29-03-19   VerifyRecordsPerPage_Drpdwn   – Records are not available in Quarterly Balancing Page
ZENQ\rupesh.barnawal  [ INFO]  11:21:24 29-03-19   .ctor   – Initializing waits..
ZENQ\rupesh.barnawal  [ INFO]  11:21:24 29-03-19   SetUpTest   – Starting Execution of Scenario:=>Verify 'Quarterly Balancing' screen of 'Local Tab' in Feature:Tax
ZENQ\rupesh.barnawal  [ INFO]  11:21:24 29-03-19   InitChromeDriver   – Launching google chrome with new profile..
ZENQ\rupesh.barnawal  [ INFO]  11:21:24 29-03-19   InitChromeDriver   – chrome driver initialized..
ZENQ\rupesh.barnawal  [ INFO]  11:21:24 29-03-19   GetProjectLocation   – path is:=>D:\osvsatmosphere\OSVAtmosQAAutomation\OneAtmosphere
ZENQ\rupesh.barnawal  [ INFO]  11:21:34 29-03-19   .ctor   – Initializing waits..
ZENQ\rupesh.barnawal  [ INFO]  11:21:34 29-03-19   LoginIntoOneAtmos   – this is login page
ZENQ\rupesh.barnawal  [ INFO]  11:21:34 29-03-19   EnterUserName   – type text in username field
ZENQ\rupesh.barnawal  [ INFO]  11:21:34 29-03-19   FindElement   – Waiting for element: By.XPath: //input[@type='text'] for 30 seconds
ZENQ\rupesh.barnawal  [ INFO]  11:21:34 29-03-19   SafeType   – Entered text testatmosuser@gmail.com in the field By.XPath: //input[@type='text']
ZENQ\rupesh.barnawal  [ INFO]  11:21:34 29-03-19   EnterUserName   – Entered the UserName in username
ZENQ\rupesh.barnawal  [ INFO]  11:21:34 29-03-19   EnterPassword   – Type password in password field
ZENQ\rupesh.barnawal  [ INFO]  11:21:34 29-03-19   FindElement   – Waiting for element: By.XPath: //input[@type='password'] for 30 seconds
ZENQ\rupesh.barnawal  [ INFO]  11:21:34 29-03-19   SafeType   – Entered text Second@123$ in the field By.XPath: //input[@type='password']
ZENQ\rupesh.barnawal  [ INFO]  11:21:34 29-03-19   EnterPassword   – Entered the password in password field
ZENQ\rupesh.barnawal  [ INFO]  11:21:34 29-03-19   ClickSIGNINButton   – click on SIGN IN button
ZENQ\rupesh.barnawal  [ INFO]  11:21:35 29-03-19   FindElement   – Waiting for element: By.XPath: //span[contains(@class,'label bBody')] for 60 seconds
ZENQ\rupesh.barnawal  [ INFO]  11:21:35 29-03-19   SafeNormalClick   – Clicked on element By.XPath: //span[contains(@class,'label bBody')]
ZENQ\rupesh.barnawal  [ INFO]  11:21:35 29-03-19   ClickSIGNINButton   – clicked on SIGN IN button
ZENQ\rupesh.barnawal  [ INFO]  11:21:35 29-03-19   WaitForPageToLoad   – Waiting until page load is complete..
ZENQ\rupesh.barnawal  [ INFO]  11:21:39 29-03-19   ClickSIGNINButton   – Login Successful. Navigated to Home Page ..
ZENQ\rupesh.barnawal  [ INFO]  11:21:39 29-03-19   .ctor   – Initializing waits..
ZENQ\rupesh.barnawal  [ INFO]  11:21:39 29-03-19   LoginIntoOneAtmos   – Logged in to OneAtmos site.
ZENQ\rupesh.barnawal  [ INFO]  11:21:39 29-03-19   WaitForPageToLoad   – Waiting until page load is complete..
ZENQ\rupesh.barnawal  [ INFO]  11:21:39 29-03-19   FindElement   – Waiting for element: By.XPath: //a[@href='./tax-details'] for 5 seconds
ZENQ\rupesh.barnawal  [ INFO]  11:21:41 29-03-19   SafeNormalClick   – Clicked on element By.XPath: //a[@href='./tax-details']
ZENQ\rupesh.barnawal  [ INFO]  11:21:41 29-03-19   WaitForJQueryProcessing   – Waiting ajax processing to complete..
ZENQ\rupesh.barnawal  [ INFO]  11:21:41 29-03-19   WaitForJQueryProcessing   – Waiting stopped due to exception..unknown error: jQuery is not defined
  (Session info: chrome=73.0.3683.86)
  (Driver info: chromedriver=2.40.565498 (ea082db3280dd6843ebfb08a625e3eb905c4f5ab),platform=Windows NT 10.0.10240 x86_64)
ZENQ\rupesh.barnawal  [ INFO]  11:21:41 29-03-19   WaitForPageToLoad   – Waiting until page load is complete..
ZENQ\rupesh.barnawal  [ INFO]  11:21:41 29-03-19   Ellipses_Tax_Click   – By clicking on 'Ellipses' icon user is navigated to 'Tax' section
ZENQ\rupesh.barnawal  [ INFO]  11:21:41 29-03-19   .ctor   – Initializing waits..
ZENQ\rupesh.barnawal  [ INFO]  11:21:42 29-03-19   .ctor   – Initializing waits..
ZENQ\rupesh.barnawal  [ INFO]  11:21:42 29-03-19   WaitForPageToLoad   – Waiting until page load is complete..
ZENQ\rupesh.barnawal  [ INFO]  11:21:42 29-03-19   FindElement   – Waiting for element: By.CssSelector: div[class$='Tax_MainPage'] div:nth-child(4) div[class='halfCard left'] div[class='slds-select_container'] select[name='yearSelect'] for 10 seconds
ZENQ\rupesh.barnawal  [ INFO]  11:21:42 29-03-19   SafeNormalClick   – Clicked on element By.CssSelector: div[class$='Tax_MainPage'] div:nth-child(4) div[class='halfCard left'] div[class='slds-select_container'] select[name='yearSelect']
ZENQ\rupesh.barnawal  [ INFO]  11:21:46 29-03-19   SafeSelectDropdown   – Selected option with index 1from dropdown By.CssSelector: div[class$='Tax_MainPage'] div:nth-child(4) div[class='halfCard left'] div[class='slds-select_container'] select[name='yearSelect']
ZENQ\rupesh.barnawal  [ INFO]  11:21:52 29-03-19   FindElement   – Waiting for element: By.CssSelector: div[class$='Tax_MainPage'] div:nth-child(4) div[class='halfCard left'] div[class='slds-select_container'] select[name='quarterSelect'] for 10 seconds
ZENQ\rupesh.barnawal  [ INFO]  11:21:52 29-03-19   SafeNormalClick   – Clicked on element By.CssSelector: div[class$='Tax_MainPage'] div:nth-child(4) div[class='halfCard left'] div[class='slds-select_container'] select[name='quarterSelect']
ZENQ\rupesh.barnawal  [ INFO]  11:21:54 29-03-19   SafeSelectDropdown   – Selected option with index 0from dropdown By.CssSelector: div[class$='Tax_MainPage'] div:nth-child(4) div[class='halfCard left'] div[class='slds-select_container'] select[name='quarterSelect']
ZENQ\rupesh.barnawal  [ INFO]  11:22:01 29-03-19   FindElement   – Waiting for element: By.XPath: //div[4]/div[1]//a[text()='Local'] for 10 seconds
ZENQ\rupesh.barnawal  [ INFO]  11:22:01 29-03-19   SafeNormalClick   – Clicked on element By.XPath: //div[4]/div[1]//a[text()='Local']
ZENQ\rupesh.barnawal  [ INFO]  11:22:03 29-03-19   VerifyLocalTab_QB   – Clicked on 'Local' tab in 'Quarterly Balancing' section
ZENQ\rupesh.barnawal  [ INFO]  11:22:05 29-03-19   VerifyDataUnderQB   – Correct data is displayed under Quarterly Balancing section
ZENQ\rupesh.barnawal  [ INFO]  11:22:08 29-03-19   WaitForPageToLoad   – Waiting until page load is complete..
ZENQ\rupesh.barnawal  [ INFO]  11:22:10 29-03-19   WaitUntilElementIsExist   – Waiting until element: By.XPath: //p[text()='Quarterly Balancing'] is Exist.. timeout is 200 seconds
ZENQ\rupesh.barnawal  [ INFO]  11:22:13 29-03-19   FindElement   – Waiting for element: By.XPath: .//*[@id='inputTxtPageNum'] for 5 seconds
ZENQ\rupesh.barnawal  [ INFO]  11:22:13 29-03-19   FindElement   – Waiting for element: By.XPath: //button[text()='Next'] for 10 seconds
ZENQ\rupesh.barnawal  [ INFO]  11:22:13 29-03-19   SafeNormalClick   – Clicked on element By.XPath: //button[text()='Next']
ZENQ\rupesh.barnawal  [ INFO]  11:22:13 29-03-19   WaitForPageToLoad   – Waiting until page load is complete..
ZENQ\rupesh.barnawal  [ INFO]  11:22:16 29-03-19   FindElement   – Waiting for element: By.XPath: .//*[@id='inputTxtPageNum'] for 5 seconds
ZENQ\rupesh.barnawal  [ INFO]  11:22:17 29-03-19   Next_Btn_Click   – User is navigated to Next page of records in Quarterly Balancing screen of Local tab
ZENQ\rupesh.barnawal  [ INFO]  11:22:17 29-03-19   FindElement   – Waiting for element: By.XPath: .//*[@id='inputTxtPageNum'] for 5 seconds
ZENQ\rupesh.barnawal  [ INFO]  11:22:17 29-03-19   FindElement   – Waiting for element: By.XPath: //button[text()='Previous'] for 10 seconds
ZENQ\rupesh.barnawal  [ INFO]  11:22:17 29-03-19   SafeNormalClick   – Clicked on element By.XPath: //button[text()='Previous']
ZENQ\rupesh.barnawal  [ INFO]  11:22:17 29-03-19   WaitForPageToLoad   – Waiting until page load is complete..
ZENQ\rupesh.barnawal  [ INFO]  11:22:20 29-03-19   FindElement   – Waiting for element: By.XPath: .//*[@id='inputTxtPageNum'] for 5 seconds
ZENQ\rupesh.barnawal  [ INFO]  11:22:20 29-03-19   Previous_Btn_Click   – User is navigated to Previous page of records in Quarterly Balancing screen of Local tab
ZENQ\rupesh.barnawal  [ INFO]  11:22:20 29-03-19   FindElement   – Waiting for element: By.XPath: //button[text()='Last'] for 10 seconds
ZENQ\rupesh.barnawal  [ INFO]  11:22:20 29-03-19   SafeNormalClick   – Clicked on element By.XPath: //button[text()='Last']
ZENQ\rupesh.barnawal  [ INFO]  11:22:20 29-03-19   WaitForPageToLoad   – Waiting until page load is complete..
ZENQ\rupesh.barnawal  [ INFO]  11:22:23 29-03-19   FindElement   – Waiting for element: By.XPath: .//*[@id='inputTxtPageNum'] for 5 seconds
ZENQ\rupesh.barnawal  [ INFO]  11:22:24 29-03-19   SafeGetText   – Taken [By.XPath: //span[@class='paginationDetails']] locater text
ZENQ\rupesh.barnawal  [ INFO]  11:22:24 29-03-19   Last_btn_click   – User is navigated to Last page of records in Quarterly Balancing screen of Local tab
ZENQ\rupesh.barnawal  [ INFO]  11:22:24 29-03-19   FindElement   – Waiting for element: By.XPath: //button[text()='First'] for 10 seconds
ZENQ\rupesh.barnawal  [ INFO]  11:22:24 29-03-19   SafeNormalClick   – Clicked on element By.XPath: //button[text()='First']
ZENQ\rupesh.barnawal  [ INFO]  11:22:24 29-03-19   WaitForPageToLoad   – Waiting until page load is complete..
ZENQ\rupesh.barnawal  [ INFO]  11:22:27 29-03-19   FindElement   – Waiting for element: By.XPath: .//*[@id='inputTxtPageNum'] for 5 seconds
ZENQ\rupesh.barnawal  [ INFO]  11:22:27 29-03-19   First_Btn_Click   – User is navigated to First page of records in Quarterly Balancing screen of Local tab
ZENQ\rupesh.barnawal  [ INFO]  11:22:27 29-03-19   ClickFooterBTNs   – Records are available in Quarterly Balancing Page
ZENQ\rupesh.barnawal  [ INFO]  11:22:29 29-03-19   FindElement   – Waiting for element: By.XPath: //select[@class='slds-select'] for 10 seconds
ZENQ\rupesh.barnawal  [ INFO]  11:22:29 29-03-19   SafeNormalClick   – Clicked on element By.XPath: //select[@class='slds-select']
ZENQ\rupesh.barnawal  [ INFO]  11:22:32 29-03-19   SafeSelectDropdown   – Selected option with index 1from dropdown By.XPath: //select[@class='slds-select']
ZENQ\rupesh.barnawal  [ INFO]  11:22:34 29-03-19   RecordsPerPage_25   – Verified Records Per Page Dropdown with value 25 in Quarterly Balancing screen of Local tab
ZENQ\rupesh.barnawal  [ INFO]  11:22:36 29-03-19   FindElement   – Waiting for element: By.XPath: //select[@class='slds-select'] for 10 seconds
ZENQ\rupesh.barnawal  [ INFO]  11:22:36 29-03-19   SafeNormalClick   – Clicked on element By.XPath: //select[@class='slds-select']
ZENQ\rupesh.barnawal  [ INFO]  11:22:38 29-03-19   SafeSelectDropdown   – Selected option with index 2from dropdown By.XPath: //select[@class='slds-select']
ZENQ\rupesh.barnawal  [ INFO]  11:22:40 29-03-19   RecordsPerPage_50   – Verified Records Per Page Dropdown with value 50 in Quarterly Balancing screen of Local tab
ZENQ\rupesh.barnawal  [ INFO]  11:22:43 29-03-19   FindElement   – Waiting for element: By.XPath: //select[@class='slds-select'] for 10 seconds
ZENQ\rupesh.barnawal  [ INFO]  11:22:43 29-03-19   SafeNormalClick   – Clicked on element By.XPath: //select[@class='slds-select']
ZENQ\rupesh.barnawal  [ INFO]  11:22:45 29-03-19   SafeSelectDropdown   – Selected option with index 3from dropdown By.XPath: //select[@class='slds-select']
ZENQ\rupesh.barnawal  [ INFO]  11:22:47 29-03-19   RecordsPerPage_100   – Verified Records Per Page Dropdown with value 100 in Quarterly Balancing screen of Local tab
ZENQ\rupesh.barnawal  [ INFO]  11:22:49 29-03-19   FindElement   – Waiting for element: By.XPath: //select[@class='slds-select'] for 10 seconds
ZENQ\rupesh.barnawal  [ INFO]  11:22:49 29-03-19   SafeNormalClick   – Clicked on element By.XPath: //select[@class='slds-select']
ZENQ\rupesh.barnawal  [ INFO]  11:22:52 29-03-19   SafeSelectDropdown   – Selected option with index 0from dropdown By.XPath: //select[@class='slds-select']
ZENQ\rupesh.barnawal  [ INFO]  11:22:54 29-03-19   RecordsPerPage_10   – Verified Records Per Page Dropdown with value 10 in Quarterly Balancing screen of Local tab
ZENQ\rupesh.barnawal  [ INFO]  11:22:54 29-03-19   VerifyRecordsPerPage_Drpdwn   – Records are available in Quarterly Balancing Page
ZENQ\rupesh.barnawal  [ INFO]  11:22:58 29-03-19   .ctor   – Initializing waits..
ZENQ\rupesh.barnawal  [ INFO]  11:22:58 29-03-19   SetUpTest   – Starting Execution of Scenario:=>Verify Excel download icon under 'Quarterly Balancing' section for Tax service in Feature:Tax
ZENQ\rupesh.barnawal  [ INFO]  11:22:58 29-03-19   InitChromeDriver   – Launching google chrome with new profile..
ZENQ\rupesh.barnawal  [ INFO]  11:22:58 29-03-19   InitChromeDriver   – chrome driver initialized..
ZENQ\rupesh.barnawal  [ INFO]  11:22:58 29-03-19   GetProjectLocation   – path is:=>D:\osvsatmosphere\OSVAtmosQAAutomation\OneAtmosphere
ZENQ\rupesh.barnawal  [ INFO]  11:23:06 29-03-19   .ctor   – Initializing waits..
ZENQ\rupesh.barnawal  [ INFO]  11:23:06 29-03-19   LoginIntoOneAtmos   – this is login page
ZENQ\rupesh.barnawal  [ INFO]  11:23:06 29-03-19   EnterUserName   – type text in username field
ZENQ\rupesh.barnawal  [ INFO]  11:23:06 29-03-19   FindElement   – Waiting for element: By.XPath: //input[@type='text'] for 30 seconds
ZENQ\rupesh.barnawal  [ INFO]  11:23:07 29-03-19   SafeType   – Entered text testatmosuser@gmail.com in the field By.XPath: //input[@type='text']
ZENQ\rupesh.barnawal  [ INFO]  11:23:07 29-03-19   EnterUserName   – Entered the UserName in username
ZENQ\rupesh.barnawal  [ INFO]  11:23:07 29-03-19   EnterPassword   – Type password in password field
ZENQ\rupesh.barnawal  [ INFO]  11:23:07 29-03-19   FindElement   – Waiting for element: By.XPath: //input[@type='password'] for 30 seconds
ZENQ\rupesh.barnawal  [ INFO]  11:23:07 29-03-19   SafeType   – Entered text Second@123$ in the field By.XPath: //input[@type='password']
ZENQ\rupesh.barnawal  [ INFO]  11:23:07 29-03-19   EnterPassword   – Entered the password in password field
ZENQ\rupesh.barnawal  [ INFO]  11:23:07 29-03-19   ClickSIGNINButton   – click on SIGN IN button
ZENQ\rupesh.barnawal  [ INFO]  11:23:07 29-03-19   FindElement   – Waiting for element: By.XPath: //span[contains(@class,'label bBody')] for 60 seconds
ZENQ\rupesh.barnawal  [ INFO]  11:23:07 29-03-19   SafeNormalClick   – Clicked on element By.XPath: //span[contains(@class,'label bBody')]
ZENQ\rupesh.barnawal  [ INFO]  11:23:07 29-03-19   ClickSIGNINButton   – clicked on SIGN IN button
ZENQ\rupesh.barnawal  [ INFO]  11:23:07 29-03-19   WaitForPageToLoad   – Waiting until page load is complete..
ZENQ\rupesh.barnawal  [ INFO]  11:23:10 29-03-19   ClickSIGNINButton   – Login Successful. Navigated to Home Page ..
ZENQ\rupesh.barnawal  [ INFO]  11:23:10 29-03-19   .ctor   – Initializing waits..
ZENQ\rupesh.barnawal  [ INFO]  11:23:10 29-03-19   LoginIntoOneAtmos   – Logged in to OneAtmos site.
ZENQ\rupesh.barnawal  [ INFO]  11:23:10 29-03-19   WaitForPageToLoad   – Waiting until page load is complete..
ZENQ\rupesh.barnawal  [ INFO]  11:23:11 29-03-19   FindElement   – Waiting for element: By.XPath: //a[@href='./tax-details'] for 5 seconds
ZENQ\rupesh.barnawal  [ INFO]  11:23:12 29-03-19   SafeNormalClick   – Clicked on element By.XPath: //a[@href='./tax-details']
ZENQ\rupesh.barnawal  [ INFO]  11:23:12 29-03-19   WaitForJQueryProcessing   – Waiting ajax processing to complete..
ZENQ\rupesh.barnawal  [ INFO]  11:23:13 29-03-19   WaitForJQueryProcessing   – Waiting stopped due to exception..unknown error: jQuery is not defined
  (Session info: chrome=73.0.3683.86)
  (Driver info: chromedriver=2.40.565498 (ea082db3280dd6843ebfb08a625e3eb905c4f5ab),platform=Windows NT 10.0.10240 x86_64)
ZENQ\rupesh.barnawal  [ INFO]  11:23:13 29-03-19   WaitForPageToLoad   – Waiting until page load is complete..
ZENQ\rupesh.barnawal  [ INFO]  11:23:13 29-03-19   Ellipses_Tax_Click   – By clicking on 'Ellipses' icon user is navigated to 'Tax' section
ZENQ\rupesh.barnawal  [ INFO]  11:23:13 29-03-19   .ctor   – Initializing waits..
ZENQ\rupesh.barnawal  [ INFO]  11:23:13 29-03-19   .ctor   – Initializing waits..
ZENQ\rupesh.barnawal  [ INFO]  11:23:13 29-03-19   WaitForPageToLoad   – Waiting until page load is complete..
ZENQ\rupesh.barnawal  [ INFO]  11:23:14 29-03-19   FindElement   – Waiting for element: By.CssSelector: div[class$='Tax_MainPage'] div:nth-child(4) div[class='halfCard left'] div[class='slds-select_container'] select[name='yearSelect'] for 10 seconds
ZENQ\rupesh.barnawal  [ INFO]  11:23:14 29-03-19   SafeNormalClick   – Clicked on element By.CssSelector: div[class$='Tax_MainPage'] div:nth-child(4) div[class='halfCard left'] div[class='slds-select_container'] select[name='yearSelect']
ZENQ\rupesh.barnawal  [ INFO]  11:23:17 29-03-19   SafeSelectDropdown   – Selected option with index 1from dropdown By.CssSelector: div[class$='Tax_MainPage'] div:nth-child(4) div[class='halfCard left'] div[class='slds-select_container'] select[name='yearSelect']
ZENQ\rupesh.barnawal  [ INFO]  11:23:23 29-03-19   FindElement   – Waiting for element: By.CssSelector: div[class$='Tax_MainPage'] div:nth-child(4) div[class='halfCard left'] div[class='slds-select_container'] select[name='quarterSelect'] for 10 seconds
ZENQ\rupesh.barnawal  [ INFO]  11:23:23 29-03-19   SafeNormalClick   – Clicked on element By.CssSelector: div[class$='Tax_MainPage'] div:nth-child(4) div[class='halfCard left'] div[class='slds-select_container'] select[name='quarterSelect']
ZENQ\rupesh.barnawal  [ INFO]  11:23:26 29-03-19   SafeSelectDropdown   – Selected option with index 0from dropdown By.CssSelector: div[class$='Tax_MainPage'] div:nth-child(4) div[class='halfCard left'] div[class='slds-select_container'] select[name='quarterSelect']
ZENQ\rupesh.barnawal  [ INFO]  11:23:32 29-03-19   WaitForPageToLoad   – Waiting until page load is complete..
ZENQ\rupesh.barnawal  [ INFO]  11:23:32 29-03-19   FindElement   – Waiting for element: By.XPath: //div[4]/div[1]//button[@class='slds-button iconExcel cAtmos_Worklet_DownloadExcel'] for 10 seconds
ZENQ\rupesh.barnawal  [ INFO]  11:23:32 29-03-19   SafeNormalClick   – Clicked on element By.XPath: //div[4]/div[1]//button[@class='slds-button iconExcel cAtmos_Worklet_DownloadExcel']
ZENQ\rupesh.barnawal  [ INFO]  11:23:32 29-03-19   ClickExcelDownloadIconUnderQB   – Clicked on Excel download icon under Quarterly Balancing worklet
ZENQ\rupesh.barnawal  [ INFO]  11:23:45 29-03-19   GetProjectLocation   – path is:=>D:\osvsatmosphere\OSVAtmosQAAutomation\OneAtmosphere
ZENQ\rupesh.barnawal  [ INFO]  11:23:45 29-03-19   GetAutomationReportsFolder   – ==========> Automation Reports folder directory is:=>D:\osvsatmosphere\OSVAtmosQAAutomation\Automation_Report
ZENQ\rupesh.barnawal  [ INFO]  02:58:38 29-03-19   GetProjectLocation   – path is:=>D:\osvsatmosphere\OSVAtmosQAAutomation\OneAtmosphere
ZENQ\rupesh.barnawal  [ INFO]  02:58:38 29-03-19   GetAutomationReportsFolder   – ==========> Automation Reports folder directory is:=>D:\osvsatmosphere\OSVAtmosQAAutomation\Automation_Report
ZENQ\rupesh.barnawal  [ INFO]  02:58:38 29-03-19   GetProjectLocation   – path is:=>D:\osvsatmosphere\OSVAtmosQAAutomation\OneAtmosphere
ZENQ\rupesh.barnawal  [ INFO]  02:58:38 29-03-19   GetProjectLocation   – path is:=>D:\osvsatmosphere\OSVAtmosQAAutomation\OneAtmosphere
ZENQ\rupesh.barnawal  [ INFO]  02:58:38 29-03-19   CreateReportsDirectory   – ===>Created the customer reports path is:=>D:\osvsatmosphere\OSVAtmosQAAutomation\Automation_Report\CustomReport\Reports_On_03-29-19
ZENQ\rupesh.barnawal  [ INFO]  02:58:38 29-03-19   GetProjectLocation   – path is:=>D:\osvsatmosphere\OSVAtmosQAAutomation\OneAtmosphere
ZENQ\rupesh.barnawal  [ INFO]  02:58:38 29-03-19   CreateScreenShotsFolder   – screenshots folder path:=>D:\osvsatmosphere\OSVAtmosQAAutomation\Automation_Report\OutPut\screenshots
ZENQ\rupesh.barnawal  [ INFO]  02:58:38 29-03-19   .ctor   – Initializing waits..
ZENQ\rupesh.barnawal  [ INFO]  02:58:38 29-03-19   SetUpTest   – Starting Execution of Scenario:=>Verify that assigning 'My Account' permission to a demo user is accessible in Feature:Salesforce
ZENQ\rupesh.barnawal  [ INFO]  02:58:38 29-03-19   InitChromeDriver   – Launching google chrome with new profile..
ZENQ\rupesh.barnawal  [ INFO]  02:58:38 29-03-19   InitChromeDriver   – chrome driver initialized..
ZENQ\rupesh.barnawal  [ INFO]  02:58:38 29-03-19   GetProjectLocation   – path is:=>D:\osvsatmosphere\OSVAtmosQAAutomation\OneAtmosphere
ZENQ\rupesh.barnawal  [ INFO]  02:58:59 29-03-19   .ctor   – Initializing waits..
ZENQ\rupesh.barnawal  [ INFO]  02:59:00 29-03-19   FindElement   – Waiting for element: By.XPath: .//*[@id='username'] for 30 seconds
ZENQ\rupesh.barnawal  [ INFO]  02:59:00 29-03-19   SafeType   – Entered text lakshmisravani.allarapu@zenq.qaprodcopy in the field By.XPath: .//*[@id='username']
ZENQ\rupesh.barnawal  [ INFO]  02:59:00 29-03-19   EnterSalesforceUserName   – User Name entered in Salesforce Login
ZENQ\rupesh.barnawal  [ INFO]  02:59:00 29-03-19   FindElement   – Waiting for element: By.XPath: //input[@id='password'] for 30 seconds
ZENQ\rupesh.barnawal  [ INFO]  02:59:00 29-03-19   SafeType   – Entered text Sravani@1826! in the field By.XPath: //input[@id='password']
ZENQ\rupesh.barnawal  [ INFO]  02:59:01 29-03-19   EnterSalesforcePassword   – Password entered in Salesforce Login
ZENQ\rupesh.barnawal  [ INFO]  02:59:01 29-03-19   ClickSIGNINButton   – click on Salesforce SIGN IN button
ZENQ\rupesh.barnawal  [ INFO]  02:59:01 29-03-19   FindElement   – Waiting for element: By.XPath: .//*[@id='Login'] for 10 seconds
ZENQ\rupesh.barnawal  [ INFO]  02:59:05 29-03-19   SafeNormalClick   – Clicked on element By.XPath: .//*[@id='Login']
ZENQ\rupesh.barnawal  [ INFO]  02:59:05 29-03-19   ClickSIGNINButton   – clicked on Salesforce SIGN IN button
ZENQ\rupesh.barnawal  [ INFO]  02:59:05 29-03-19   WaitForPageToLoad   – Waiting until page load is complete..
ZENQ\rupesh.barnawal  [ INFO]  02:59:08 29-03-19   FindElement   – Waiting for element: By.XPath: //a[text()='Remind Me Later'] for 10 seconds
ZENQ\rupesh.barnawal  [ INFO]  02:59:17 29-03-19   SafeNormalClick   – Clicked on element By.XPath: //a[text()='Remind Me Later']
ZENQ\rupesh.barnawal  [ INFO]  02:59:17 29-03-19   WaitForPageToLoad   – Waiting until page load is complete..
ZENQ\rupesh.barnawal  [ INFO]  02:59:27 29-03-19   .ctor   – Initializing waits..
ZENQ\rupesh.barnawal  [ INFO]  02:59:27 29-03-19   FindElement   – Waiting for element: By.XPath: //input[@id='phSearchInput'] for 30 seconds
ZENQ\rupesh.barnawal  [ INFO]  02:59:29 29-03-19   WaitForPageToLoad   – Waiting until page load is complete..
ZENQ\rupesh.barnawal  [ INFO]  02:59:29 29-03-19   FindElement   – Waiting for element: By.XPath: //th[1]//a[contains(@data-seclke,'Contact')] for 5 seconds
ZENQ\rupesh.barnawal  [ INFO]  02:59:39 29-03-19   SafeNormalClick   – Clicked on element By.XPath: //th[1]//a[contains(@data-seclke,'Contact')]
ZENQ\rupesh.barnawal  [ INFO]  02:59:39 29-03-19   WaitForPageToLoad   – Waiting until page load is complete..
ZENQ\rupesh.barnawal  [ INFO]  02:59:39 29-03-19   FindElement   – Waiting for element: By.XPath: //td[@class='pbButton']//span[@class='menuButtonLabel'][contains(text(),'Manage External User')] for 5 seconds
ZENQ\rupesh.barnawal  [ INFO]  02:59:39 29-03-19   SafeNormalClick   – Clicked on element By.XPath: //td[@class='pbButton']//span[@class='menuButtonLabel'][contains(text(),'Manage External User')]
ZENQ\rupesh.barnawal  [ INFO]  02:59:40 29-03-19   FindElement   – Waiting for element: By.XPath: //div[@id='workWithPortalMenu']//a[@name='csp'][contains(text(),'View Customer User')] for 5 seconds
ZENQ\rupesh.barnawal  [ INFO]  02:59:42 29-03-19   SafeNormalClick   – Clicked on element By.XPath: //div[@id='workWithPortalMenu']//a[@name='csp'][contains(text(),'View Customer User')]
ZENQ\rupesh.barnawal  [ INFO]  02:59:42 29-03-19   WaitForPageToLoad   – Waiting until page load is complete..
ZENQ\rupesh.barnawal  [ INFO]  02:59:43 29-03-19   FindElement   – Waiting for element: By.XPath: .//*[contains(@id,'RelatedPermsetAssignmentList')]/div[1]/div//table//tr//td/input for 5 seconds
ZENQ\rupesh.barnawal  [ INFO]  02:59:44 29-03-19   SafeNormalClick   – Clicked on element By.XPath: .//*[contains(@id,'RelatedPermsetAssignmentList')]/div[1]/div//table//tr//td/input
ZENQ\rupesh.barnawal  [ INFO]  02:59:44 29-03-19   WaitForPageToLoad   – Waiting until page load is complete..
ZENQ\rupesh.barnawal  [ INFO]  02:59:44 29-03-19   VerifyandClickEditAssignmentsButton   – Clicked on Edit Assignments button
ZENQ\rupesh.barnawal  [ INFO]  02:59:48 29-03-19   FindElement   – Waiting for element: By.XPath: //img[contains(@id,'ListBox:remove')] for 5 seconds
ZENQ\rupesh.barnawal  [ INFO]  02:59:48 29-03-19   SafeNormalClick   – Clicked on element By.XPath: //img[contains(@id,'ListBox:remove')]
ZENQ\rupesh.barnawal  [ INFO]  02:59:49 29-03-19   VerifyandClickRemoveAccessButton   – Clicked on 'Remove Access' button
ZENQ\rupesh.barnawal  [ INFO]  02:59:49 29-03-19   FindElement   – Waiting for element: By.XPath: //div[1]/table/tbody/tr/td[2]/input[@value='Save'] for 5 seconds
ZENQ\rupesh.barnawal  [ INFO]  02:59:49 29-03-19   SafeNormalClick   – Clicked on element By.XPath: //div[1]/table/tbody/tr/td[2]/input[@value='Save']
ZENQ\rupesh.barnawal  [ INFO]  02:59:49 29-03-19   WaitForPageToLoad   – Waiting until page load is complete..
ZENQ\rupesh.barnawal  [ INFO]  02:59:49 29-03-19   <WaitForPageToLoad>b__14_0   – Alert displayed is 
ZENQ\rupesh.barnawal  [ INFO]  02:59:51 29-03-19   InitChromeDriver   – Launching google chrome with new profile..
ZENQ\rupesh.barnawal  [ INFO]  02:59:51 29-03-19   InitChromeDriver   – chrome driver initialized..
ZENQ\rupesh.barnawal  [ INFO]  02:59:51 29-03-19   GetProjectLocation   – path is:=>D:\osvsatmosphere\OSVAtmosQAAutomation\OneAtmosphere
ZENQ\rupesh.barnawal  [ INFO]  03:00:05 29-03-19   .ctor   – Initializing waits..
ZENQ\rupesh.barnawal  [ INFO]  03:00:05 29-03-19   LoginIntoOneAtmos   – this is login page
ZENQ\rupesh.barnawal  [ INFO]  03:00:05 29-03-19   EnterUserName   – type text in username field
ZENQ\rupesh.barnawal  [ INFO]  03:00:05 29-03-19   FindElement   – Waiting for element: By.XPath: //input[@type='text'] for 30 seconds
ZENQ\rupesh.barnawal  [ INFO]  03:00:05 29-03-19   SafeType   – Entered text zenatmos1@gmail.com in the field By.XPath: //input[@type='text']
ZENQ\rupesh.barnawal  [ INFO]  03:00:05 29-03-19   EnterUserName   – Entered the UserName in username
ZENQ\rupesh.barnawal  [ INFO]  03:00:05 29-03-19   EnterPassword   – Type password in password field
ZENQ\rupesh.barnawal  [ INFO]  03:00:05 29-03-19   FindElement   – Waiting for element: By.XPath: //input[@type='password'] for 30 seconds
ZENQ\rupesh.barnawal  [ INFO]  03:00:05 29-03-19   SafeType   – Entered text Second@123! in the field By.XPath: //input[@type='password']
ZENQ\rupesh.barnawal  [ INFO]  03:00:05 29-03-19   EnterPassword   – Entered the password in password field
ZENQ\rupesh.barnawal  [ INFO]  03:00:05 29-03-19   ClickSIGNINButton   – click on SIGN IN button
ZENQ\rupesh.barnawal  [ INFO]  03:00:06 29-03-19   FindElement   – Waiting for element: By.XPath: //span[contains(@class,'label bBody')] for 60 seconds
ZENQ\rupesh.barnawal  [ INFO]  03:00:06 29-03-19   SafeNormalClick   – Clicked on element By.XPath: //span[contains(@class,'label bBody')]
ZENQ\rupesh.barnawal  [ INFO]  03:00:06 29-03-19   ClickSIGNINButton   – clicked on SIGN IN button
ZENQ\rupesh.barnawal  [ INFO]  03:00:06 29-03-19   WaitForPageToLoad   – Waiting until page load is complete..
ZENQ\rupesh.barnawal  [ INFO]  03:00:10 29-03-19   ClickSIGNINButton   – Login Successful. Navigated to Home Page ..
ZENQ\rupesh.barnawal  [ INFO]  03:00:10 29-03-19   .ctor   – Initializing waits..
ZENQ\rupesh.barnawal  [ INFO]  03:00:10 29-03-19   LoginIntoOneAtmos   – Logged in to OneAtmos site.
ZENQ\rupesh.barnawal  [ INFO]  03:00:18 29-03-19   FindElement   – Waiting for element: By.XPath: //input[@id='phSearchInput'] for 30 seconds
ZENQ\rupesh.barnawal  [ INFO]  03:00:19 29-03-19   WaitForPageToLoad   – Waiting until page load is complete..
ZENQ\rupesh.barnawal  [ INFO]  03:00:20 29-03-19   FindElement   – Waiting for element: By.XPath: //th[1]//a[contains(@data-seclke,'Contact')] for 5 seconds
ZENQ\rupesh.barnawal  [ INFO]  03:00:24 29-03-19   SafeNormalClick   – Clicked on element By.XPath: //th[1]//a[contains(@data-seclke,'Contact')]
ZENQ\rupesh.barnawal  [ INFO]  03:00:24 29-03-19   WaitForPageToLoad   – Waiting until page load is complete..
ZENQ\rupesh.barnawal  [ INFO]  03:00:24 29-03-19   FindElement   – Waiting for element: By.XPath: //td[@class='pbButton']//span[@class='menuButtonLabel'][contains(text(),'Manage External User')] for 5 seconds
ZENQ\rupesh.barnawal  [ INFO]  03:00:24 29-03-19   SafeNormalClick   – Clicked on element By.XPath: //td[@class='pbButton']//span[@class='menuButtonLabel'][contains(text(),'Manage External User')]
ZENQ\rupesh.barnawal  [ INFO]  03:00:24 29-03-19   FindElement   – Waiting for element: By.XPath: //div[@id='workWithPortalMenu']//a[@name='csp'][contains(text(),'View Customer User')] for 5 seconds
ZENQ\rupesh.barnawal  [ INFO]  03:00:25 29-03-19   SafeNormalClick   – Clicked on element By.XPath: //div[@id='workWithPortalMenu']//a[@name='csp'][contains(text(),'View Customer User')]
ZENQ\rupesh.barnawal  [ INFO]  03:00:25 29-03-19   WaitForPageToLoad   – Waiting until page load is complete..
ZENQ\rupesh.barnawal  [ INFO]  03:00:27 29-03-19   FindElement   – Waiting for element: By.XPath: .//*[contains(@id,'RelatedPermsetAssignmentList')]/div[1]/div//table//tr//td/input for 5 seconds
ZENQ\rupesh.barnawal  [ INFO]  03:00:28 29-03-19   SafeNormalClick   – Clicked on element By.XPath: .//*[contains(@id,'RelatedPermsetAssignmentList')]/div[1]/div//table//tr//td/input
ZENQ\rupesh.barnawal  [ INFO]  03:00:28 29-03-19   WaitForPageToLoad   – Waiting until page load is complete..
ZENQ\rupesh.barnawal  [ INFO]  03:00:28 29-03-19   VerifyandClickEditAssignmentsButton   – Clicked on Edit Assignments button
ZENQ\rupesh.barnawal  [ INFO]  03:00:31 29-03-19   FindElement   – Waiting for element: By.XPath: //img[contains(@id,'ListBox:add')] for 5 seconds
ZENQ\rupesh.barnawal  [ INFO]  03:00:31 29-03-19   SafeNormalClick   – Clicked on element By.XPath: //img[contains(@id,'ListBox:add')]
ZENQ\rupesh.barnawal  [ INFO]  03:00:32 29-03-19   VerifyandClickAddAccessButton   – Clicked on 'Add Access' button
ZENQ\rupesh.barnawal  [ INFO]  03:00:33 29-03-19   FindElement   – Waiting for element: By.XPath: //div[1]/table/tbody/tr/td[2]/input[@value='Save'] for 5 seconds
ZENQ\rupesh.barnawal  [ INFO]  03:00:33 29-03-19   SafeNormalClick   – Clicked on element By.XPath: //div[1]/table/tbody/tr/td[2]/input[@value='Save']
ZENQ\rupesh.barnawal  [ INFO]  03:00:33 29-03-19   WaitForPageToLoad   – Waiting until page load is complete..
ZENQ\rupesh.barnawal  [ INFO]  03:00:33 29-03-19   <WaitForPageToLoad>b__14_0   – Alert displayed is 
ZENQ\rupesh.barnawal  [ INFO]  03:00:36 29-03-19   FindElement   – Waiting for element: By.XPath: .//*[@id='userNavButton'] for 5 seconds
ZENQ\rupesh.barnawal  [ INFO]  03:00:36 29-03-19   SafeNormalClick   – Clicked on element By.XPath: .//*[@id='userNavButton']
ZENQ\rupesh.barnawal  [ INFO]  03:00:37 29-03-19   FindElement   – Waiting for element: By.XPath: .//*[@id='userNav-menuItems']/a[@title='Logout'] for 5 seconds
ZENQ\rupesh.barnawal  [ INFO]  03:00:42 29-03-19   SafeNormalClick   – Clicked on element By.XPath: .//*[@id='userNav-menuItems']/a[@title='Logout']
ZENQ\rupesh.barnawal  [ INFO]  03:00:42 29-03-19   WaitForPageToLoad   – Waiting until page load is complete..
ZENQ\rupesh.barnawal  [ INFO]  03:00:46 29-03-19   WaitForPageToLoad   – Waiting until page load is complete..
ZENQ\rupesh.barnawal  [ INFO]  03:00:47 29-03-19   FindElement   – Waiting for element: By.XPath: //i[@class='fa fa-chevron-down dropdownIcon'] for 10 seconds
ZENQ\rupesh.barnawal  [ INFO]  03:00:47 29-03-19   SafeNormalClick   – Clicked on element By.XPath: //i[@class='fa fa-chevron-down dropdownIcon']
ZENQ\rupesh.barnawal  [ INFO]  03:00:47 29-03-19   FindElement   – Waiting for element: By.XPath: //a[@title='LOGOUT'] for 5 seconds
ZENQ\rupesh.barnawal  [ INFO]  03:00:47 29-03-19   SafeNormalClick   – Clicked on element By.XPath: //a[@title='LOGOUT']
ZENQ\rupesh.barnawal  [ INFO]  03:00:47 29-03-19   WaitForJQueryProcessing   – Waiting ajax processing to complete..
ZENQ\rupesh.barnawal  [ INFO]  03:00:50 29-03-19   WaitForJQueryProcessing   – Waiting stopped due to exception..unknown error: jQuery is not defined
  (Session info: chrome=73.0.3683.86)
  (Driver info: chromedriver=2.40.565498 (ea082db3280dd6843ebfb08a625e3eb905c4f5ab),platform=Windows NT 10.0.10240 x86_64)
ZENQ\rupesh.barnawal  [ INFO]  03:00:50 29-03-19   WaitForPageToLoad   – Waiting until page load is complete..
ZENQ\rupesh.barnawal  [ INFO]  03:00:50 29-03-19   LogOut   – Logged Out ..
ZENQ\rupesh.barnawal  [ INFO]  03:00:50 29-03-19   .ctor   – Initializing waits..
ZENQ\rupesh.barnawal  [ INFO]  03:00:54 29-03-19   GetProjectLocation   – path is:=>D:\osvsatmosphere\OSVAtmosQAAutomation\OneAtmosphere
ZENQ\rupesh.barnawal  [ INFO]  03:00:54 29-03-19   GetAutomationReportsFolder   – ==========> Automation Reports folder directory is:=>D:\osvsatmosphere\OSVAtmosQAAutomation\Automation_Report
ZENQ\rupesh.barnawal  [ INFO]  03:02:07 29-03-19   GetProjectLocation   – path is:=>D:\osvsatmosphere\OSVAtmosQAAutomation\OneAtmosphere
ZENQ\rupesh.barnawal  [ INFO]  03:02:07 29-03-19   GetAutomationReportsFolder   – ==========> Automation Reports folder directory is:=>D:\osvsatmosphere\OSVAtmosQAAutomation\Automation_Report
ZENQ\rupesh.barnawal  [ INFO]  03:02:07 29-03-19   GetProjectLocation   – path is:=>D:\osvsatmosphere\OSVAtmosQAAutomation\OneAtmosphere
ZENQ\rupesh.barnawal  [ INFO]  03:02:07 29-03-19   GetProjectLocation   – path is:=>D:\osvsatmosphere\OSVAtmosQAAutomation\OneAtmosphere
ZENQ\rupesh.barnawal  [ INFO]  03:02:07 29-03-19   CreateReportsDirectory   – ===>Created the customer reports path is:=>D:\osvsatmosphere\OSVAtmosQAAutomation\Automation_Report\CustomReport\Reports_On_03-29-19
ZENQ\rupesh.barnawal  [ INFO]  03:02:07 29-03-19   GetProjectLocation   – path is:=>D:\osvsatmosphere\OSVAtmosQAAutomation\OneAtmosphere
ZENQ\rupesh.barnawal  [ INFO]  03:02:07 29-03-19   CreateScreenShotsFolder   – screenshots folder path:=>D:\osvsatmosphere\OSVAtmosQAAutomation\Automation_Report\OutPut\screenshots
ZENQ\rupesh.barnawal  [ INFO]  03:02:07 29-03-19   .ctor   – Initializing waits..
ZENQ\rupesh.barnawal  [ INFO]  03:02:07 29-03-19   SetUpTest   – Starting Execution of Scenario:=>Verify that assigning 'Treasury Access' permission to a demo user is accessible in Feature:Salesforce
ZENQ\rupesh.barnawal  [ INFO]  03:02:07 29-03-19   InitChromeDriver   – Launching google chrome with new profile..
ZENQ\rupesh.barnawal  [ INFO]  03:02:07 29-03-19   InitChromeDriver   – chrome driver initialized..
ZENQ\rupesh.barnawal  [ INFO]  03:02:07 29-03-19   GetProjectLocation   – path is:=>D:\osvsatmosphere\OSVAtmosQAAutomation\OneAtmosphere
ZENQ\rupesh.barnawal  [ INFO]  03:02:20 29-03-19   .ctor   – Initializing waits..
ZENQ\rupesh.barnawal  [ INFO]  03:02:20 29-03-19   FindElement   – Waiting for element: By.XPath: .//*[@id='username'] for 30 seconds
ZENQ\rupesh.barnawal  [ INFO]  03:02:20 29-03-19   SafeType   – Entered text lakshmisravani.allarapu@zenq.qaprodcopy in the field By.XPath: .//*[@id='username']
ZENQ\rupesh.barnawal  [ INFO]  03:02:20 29-03-19   EnterSalesforceUserName   – User Name entered in Salesforce Login
ZENQ\rupesh.barnawal  [ INFO]  03:02:20 29-03-19   FindElement   – Waiting for element: By.XPath: //input[@id='password'] for 30 seconds
ZENQ\rupesh.barnawal  [ INFO]  03:02:20 29-03-19   SafeType   – Entered text Sravani@1826! in the field By.XPath: //input[@id='password']
ZENQ\rupesh.barnawal  [ INFO]  03:02:20 29-03-19   EnterSalesforcePassword   – Password entered in Salesforce Login
ZENQ\rupesh.barnawal  [ INFO]  03:02:20 29-03-19   ClickSIGNINButton   – click on Salesforce SIGN IN button
ZENQ\rupesh.barnawal  [ INFO]  03:02:21 29-03-19   FindElement   – Waiting for element: By.XPath: .//*[@id='Login'] for 10 seconds
ZENQ\rupesh.barnawal  [ INFO]  03:02:26 29-03-19   SafeNormalClick   – Clicked on element By.XPath: .//*[@id='Login']
ZENQ\rupesh.barnawal  [ INFO]  03:02:26 29-03-19   ClickSIGNINButton   – clicked on Salesforce SIGN IN button
ZENQ\rupesh.barnawal  [ INFO]  03:02:26 29-03-19   WaitForPageToLoad   – Waiting until page load is complete..
ZENQ\rupesh.barnawal  [ INFO]  03:02:28 29-03-19   FindElement   – Waiting for element: By.XPath: //a[text()='Remind Me Later'] for 10 seconds
ZENQ\rupesh.barnawal  [ INFO]  03:02:39 29-03-19   SafeNormalClick   – Clicked on element By.XPath: //a[text()='Remind Me Later']
ZENQ\rupesh.barnawal  [ INFO]  03:02:39 29-03-19   WaitForPageToLoad   – Waiting until page load is complete..
ZENQ\rupesh.barnawal  [ INFO]  03:02:49 29-03-19   .ctor   – Initializing waits..
ZENQ\rupesh.barnawal  [ INFO]  03:02:49 29-03-19   FindElement   – Waiting for element: By.XPath: //input[@id='phSearchInput'] for 30 seconds
ZENQ\rupesh.barnawal  [ INFO]  03:02:51 29-03-19   WaitForPageToLoad   – Waiting until page load is complete..
ZENQ\rupesh.barnawal  [ INFO]  03:02:51 29-03-19   FindElement   – Waiting for element: By.XPath: //th[1]//a[contains(@data-seclke,'Contact')] for 5 seconds
ZENQ\rupesh.barnawal  [ INFO]  03:03:01 29-03-19   SafeNormalClick   – Clicked on element By.XPath: //th[1]//a[contains(@data-seclke,'Contact')]
ZENQ\rupesh.barnawal  [ INFO]  03:03:01 29-03-19   WaitForPageToLoad   – Waiting until page load is complete..
ZENQ\rupesh.barnawal  [ INFO]  03:03:01 29-03-19   FindElement   – Waiting for element: By.XPath: //td[@class='pbButton']//span[@class='menuButtonLabel'][contains(text(),'Manage External User')] for 5 seconds
ZENQ\rupesh.barnawal  [ INFO]  03:03:01 29-03-19   SafeNormalClick   – Clicked on element By.XPath: //td[@class='pbButton']//span[@class='menuButtonLabel'][contains(text(),'Manage External User')]
ZENQ\rupesh.barnawal  [ INFO]  03:03:02 29-03-19   FindElement   – Waiting for element: By.XPath: //div[@id='workWithPortalMenu']//a[@name='csp'][contains(text(),'View Customer User')] for 5 seconds
ZENQ\rupesh.barnawal  [ INFO]  03:03:04 29-03-19   SafeNormalClick   – Clicked on element By.XPath: //div[@id='workWithPortalMenu']//a[@name='csp'][contains(text(),'View Customer User')]
ZENQ\rupesh.barnawal  [ INFO]  03:03:04 29-03-19   WaitForPageToLoad   – Waiting until page load is complete..
ZENQ\rupesh.barnawal  [ INFO]  03:03:05 29-03-19   FindElement   – Waiting for element: By.XPath: .//*[contains(@id,'RelatedPermsetAssignmentList')]/div[1]/div//table//tr//td/input for 5 seconds
ZENQ\rupesh.barnawal  [ INFO]  03:03:07 29-03-19   SafeNormalClick   – Clicked on element By.XPath: .//*[contains(@id,'RelatedPermsetAssignmentList')]/div[1]/div//table//tr//td/input
ZENQ\rupesh.barnawal  [ INFO]  03:03:07 29-03-19   WaitForPageToLoad   – Waiting until page load is complete..
ZENQ\rupesh.barnawal  [ INFO]  03:03:07 29-03-19   VerifyandClickEditAssignmentsButton   – Clicked on Edit Assignments button
ZENQ\rupesh.barnawal  [ INFO]  03:03:11 29-03-19   FindElement   – Waiting for element: By.XPath: //img[contains(@id,'ListBox:remove')] for 5 seconds
ZENQ\rupesh.barnawal  [ INFO]  03:03:11 29-03-19   SafeNormalClick   – Clicked on element By.XPath: //img[contains(@id,'ListBox:remove')]
ZENQ\rupesh.barnawal  [ INFO]  03:03:12 29-03-19   VerifyandClickRemoveAccessButton   – Clicked on 'Remove Access' button
ZENQ\rupesh.barnawal  [ INFO]  03:03:12 29-03-19   FindElement   – Waiting for element: By.XPath: //div[1]/table/tbody/tr/td[2]/input[@value='Save'] for 5 seconds
ZENQ\rupesh.barnawal  [ INFO]  03:03:12 29-03-19   SafeNormalClick   – Clicked on element By.XPath: //div[1]/table/tbody/tr/td[2]/input[@value='Save']
ZENQ\rupesh.barnawal  [ INFO]  03:03:12 29-03-19   WaitForPageToLoad   – Waiting until page load is complete..
ZENQ\rupesh.barnawal  [ INFO]  03:03:12 29-03-19   <WaitForPageToLoad>b__14_0   – Alert displayed is 
ZENQ\rupesh.barnawal  [ INFO]  03:03:14 29-03-19   InitChromeDriver   – Launching google chrome with new profile..
ZENQ\rupesh.barnawal  [ INFO]  03:03:14 29-03-19   InitChromeDriver   – chrome driver initialized..
ZENQ\rupesh.barnawal  [ INFO]  03:03:14 29-03-19   GetProjectLocation   – path is:=>D:\osvsatmosphere\OSVAtmosQAAutomation\OneAtmosphere
ZENQ\rupesh.barnawal  [ INFO]  03:03:23 29-03-19   .ctor   – Initializing waits..
ZENQ\rupesh.barnawal  [ INFO]  03:03:23 29-03-19   LoginIntoOneAtmos   – this is login page
ZENQ\rupesh.barnawal  [ INFO]  03:03:23 29-03-19   EnterUserName   – type text in username field
ZENQ\rupesh.barnawal  [ INFO]  03:03:24 29-03-19   FindElement   – Waiting for element: By.XPath: //input[@type='text'] for 30 seconds
ZENQ\rupesh.barnawal  [ INFO]  03:03:24 29-03-19   SafeType   – Entered text zenatmos1@gmail.com in the field By.XPath: //input[@type='text']
ZENQ\rupesh.barnawal  [ INFO]  03:03:24 29-03-19   EnterUserName   – Entered the UserName in username
ZENQ\rupesh.barnawal  [ INFO]  03:03:24 29-03-19   EnterPassword   – Type password in password field
ZENQ\rupesh.barnawal  [ INFO]  03:03:24 29-03-19   FindElement   – Waiting for element: By.XPath: //input[@type='password'] for 30 seconds
ZENQ\rupesh.barnawal  [ INFO]  03:03:24 29-03-19   SafeType   – Entered text Second@123! in the field By.XPath: //input[@type='password']
ZENQ\rupesh.barnawal  [ INFO]  03:03:24 29-03-19   EnterPassword   – Entered the password in password field
ZENQ\rupesh.barnawal  [ INFO]  03:03:24 29-03-19   ClickSIGNINButton   – click on SIGN IN button
ZENQ\rupesh.barnawal  [ INFO]  03:03:24 29-03-19   FindElement   – Waiting for element: By.XPath: //span[contains(@class,'label bBody')] for 60 seconds
ZENQ\rupesh.barnawal  [ INFO]  03:03:24 29-03-19   SafeNormalClick   – Clicked on element By.XPath: //span[contains(@class,'label bBody')]
ZENQ\rupesh.barnawal  [ INFO]  03:03:24 29-03-19   ClickSIGNINButton   – clicked on SIGN IN button
ZENQ\rupesh.barnawal  [ INFO]  03:03:24 29-03-19   WaitForPageToLoad   – Waiting until page load is complete..
ZENQ\rupesh.barnawal  [ INFO]  03:03:27 29-03-19   ClickSIGNINButton   – Login Successful. Navigated to Home Page ..
ZENQ\rupesh.barnawal  [ INFO]  03:03:27 29-03-19   .ctor   – Initializing waits..
ZENQ\rupesh.barnawal  [ INFO]  03:03:27 29-03-19   LoginIntoOneAtmos   – Logged in to OneAtmos site.
ZENQ\rupesh.barnawal  [ INFO]  03:03:35 29-03-19   FindElement   – Waiting for element: By.XPath: //input[@id='phSearchInput'] for 30 seconds
ZENQ\rupesh.barnawal  [ INFO]  03:03:37 29-03-19   WaitForPageToLoad   – Waiting until page load is complete..
ZENQ\rupesh.barnawal  [ INFO]  03:03:37 29-03-19   FindElement   – Waiting for element: By.XPath: //th[1]//a[contains(@data-seclke,'Contact')] for 5 seconds
ZENQ\rupesh.barnawal  [ INFO]  03:03:41 29-03-19   SafeNormalClick   – Clicked on element By.XPath: //th[1]//a[contains(@data-seclke,'Contact')]
ZENQ\rupesh.barnawal  [ INFO]  03:03:41 29-03-19   WaitForPageToLoad   – Waiting until page load is complete..
ZENQ\rupesh.barnawal  [ INFO]  03:03:42 29-03-19   FindElement   – Waiting for element: By.XPath: //td[@class='pbButton']//span[@class='menuButtonLabel'][contains(text(),'Manage External User')] for 5 seconds
ZENQ\rupesh.barnawal  [ INFO]  03:03:42 29-03-19   SafeNormalClick   – Clicked on element By.XPath: //td[@class='pbButton']//span[@class='menuButtonLabel'][contains(text(),'Manage External User')]
ZENQ\rupesh.barnawal  [ INFO]  03:03:42 29-03-19   FindElement   – Waiting for element: By.XPath: //div[@id='workWithPortalMenu']//a[@name='csp'][contains(text(),'View Customer User')] for 5 seconds
ZENQ\rupesh.barnawal  [ INFO]  03:03:43 29-03-19   SafeNormalClick   – Clicked on element By.XPath: //div[@id='workWithPortalMenu']//a[@name='csp'][contains(text(),'View Customer User')]
ZENQ\rupesh.barnawal  [ INFO]  03:03:43 29-03-19   WaitForPageToLoad   – Waiting until page load is complete..
ZENQ\rupesh.barnawal  [ INFO]  03:03:44 29-03-19   FindElement   – Waiting for element: By.XPath: .//*[contains(@id,'RelatedPermsetAssignmentList')]/div[1]/div//table//tr//td/input for 5 seconds
ZENQ\rupesh.barnawal  [ INFO]  03:03:46 29-03-19   SafeNormalClick   – Clicked on element By.XPath: .//*[contains(@id,'RelatedPermsetAssignmentList')]/div[1]/div//table//tr//td/input
ZENQ\rupesh.barnawal  [ INFO]  03:03:46 29-03-19   WaitForPageToLoad   – Waiting until page load is complete..
ZENQ\rupesh.barnawal  [ INFO]  03:03:46 29-03-19   VerifyandClickEditAssignmentsButton   – Clicked on Edit Assignments button
ZENQ\rupesh.barnawal  [ INFO]  03:03:49 29-03-19   FindElement   – Waiting for element: By.XPath: //img[contains(@id,'ListBox:add')] for 5 seconds
ZENQ\rupesh.barnawal  [ INFO]  03:03:49 29-03-19   SafeNormalClick   – Clicked on element By.XPath: //img[contains(@id,'ListBox:add')]
ZENQ\rupesh.barnawal  [ INFO]  03:03:50 29-03-19   VerifyandClickAddAccessButton   – Clicked on 'Add Access' button
ZENQ\rupesh.barnawal  [ INFO]  03:03:51 29-03-19   FindElement   – Waiting for element: By.XPath: //div[1]/table/tbody/tr/td[2]/input[@value='Save'] for 5 seconds
ZENQ\rupesh.barnawal  [ INFO]  03:03:51 29-03-19   SafeNormalClick   – Clicked on element By.XPath: //div[1]/table/tbody/tr/td[2]/input[@value='Save']
ZENQ\rupesh.barnawal  [ INFO]  03:03:51 29-03-19   WaitForPageToLoad   – Waiting until page load is complete..
ZENQ\rupesh.barnawal  [ INFO]  03:03:51 29-03-19   <WaitForPageToLoad>b__14_0   – Alert displayed is 
ZENQ\rupesh.barnawal  [ INFO]  03:03:55 29-03-19   FindElement   – Waiting for element: By.XPath: .//*[@id='userNavButton'] for 5 seconds
ZENQ\rupesh.barnawal  [ INFO]  03:03:55 29-03-19   SafeNormalClick   – Clicked on element By.XPath: .//*[@id='userNavButton']
ZENQ\rupesh.barnawal  [ INFO]  03:03:56 29-03-19   FindElement   – Waiting for element: By.XPath: .//*[@id='userNav-menuItems']/a[@title='Logout'] for 5 seconds
ZENQ\rupesh.barnawal  [ INFO]  03:03:58 29-03-19   SafeNormalClick   – Clicked on element By.XPath: .//*[@id='userNav-menuItems']/a[@title='Logout']
ZENQ\rupesh.barnawal  [ INFO]  03:03:58 29-03-19   WaitForPageToLoad   – Waiting until page load is complete..
ZENQ\rupesh.barnawal  [ INFO]  03:04:03 29-03-19   WaitForPageToLoad   – Waiting until page load is complete..
ZENQ\rupesh.barnawal  [ INFO]  03:04:03 29-03-19   FindElement   – Waiting for element: By.XPath: //i[@class='fa fa-chevron-down dropdownIcon'] for 10 seconds
ZENQ\rupesh.barnawal  [ INFO]  03:04:03 29-03-19   SafeNormalClick   – Clicked on element By.XPath: //i[@class='fa fa-chevron-down dropdownIcon']
ZENQ\rupesh.barnawal  [ INFO]  03:04:03 29-03-19   FindElement   – Waiting for element: By.XPath: //a[@title='LOGOUT'] for 5 seconds
ZENQ\rupesh.barnawal  [ INFO]  03:04:03 29-03-19   SafeNormalClick   – Clicked on element By.XPath: //a[@title='LOGOUT']
ZENQ\rupesh.barnawal  [ INFO]  03:04:04 29-03-19   WaitForJQueryProcessing   – Waiting ajax processing to complete..
ZENQ\rupesh.barnawal  [ INFO]  03:04:06 29-03-19   WaitForJQueryProcessing   – Waiting stopped due to exception..unknown error: jQuery is not defined
  (Session info: chrome=73.0.3683.86)
  (Driver info: chromedriver=2.40.565498 (ea082db3280dd6843ebfb08a625e3eb905c4f5ab),platform=Windows NT 10.0.10240 x86_64)
ZENQ\rupesh.barnawal  [ INFO]  03:04:06 29-03-19   WaitForPageToLoad   – Waiting until page load is complete..
ZENQ\rupesh.barnawal  [ INFO]  03:04:06 29-03-19   LogOut   – Logged Out ..
ZENQ\rupesh.barnawal  [ INFO]  03:04:06 29-03-19   .ctor   – Initializing waits..
ZENQ\rupesh.barnawal  [ INFO]  03:04:10 29-03-19   GetProjectLocation   – path is:=>D:\osvsatmosphere\OSVAtmosQAAutomation\OneAtmosphere
ZENQ\rupesh.barnawal  [ INFO]  03:04:10 29-03-19   GetAutomationReportsFolder   – ==========> Automation Reports folder directory is:=>D:\osvsatmosphere\OSVAtmosQAAutomation\Automation_Report
ZENQ\rupesh.barnawal  [ INFO]  03:05:02 29-03-19   GetProjectLocation   – path is:=>D:\osvsatmosphere\OSVAtmosQAAutomation\OneAtmosphere
ZENQ\rupesh.barnawal  [ INFO]  03:05:02 29-03-19   GetAutomationReportsFolder   – ==========> Automation Reports folder directory is:=>D:\osvsatmosphere\OSVAtmosQAAutomation\Automation_Report
ZENQ\rupesh.barnawal  [ INFO]  03:05:02 29-03-19   GetProjectLocation   – path is:=>D:\osvsatmosphere\OSVAtmosQAAutomation\OneAtmosphere
ZENQ\rupesh.barnawal  [ INFO]  03:05:02 29-03-19   GetProjectLocation   – path is:=>D:\osvsatmosphere\OSVAtmosQAAutomation\OneAtmosphere
ZENQ\rupesh.barnawal  [ INFO]  03:05:02 29-03-19   CreateReportsDirectory   – ===>Created the customer reports path is:=>D:\osvsatmosphere\OSVAtmosQAAutomation\Automation_Report\CustomReport\Reports_On_03-29-19
ZENQ\rupesh.barnawal  [ INFO]  03:05:02 29-03-19   GetProjectLocation   – path is:=>D:\osvsatmosphere\OSVAtmosQAAutomation\OneAtmosphere
ZENQ\rupesh.barnawal  [ INFO]  03:05:02 29-03-19   CreateScreenShotsFolder   – screenshots folder path:=>D:\osvsatmosphere\OSVAtmosQAAutomation\Automation_Report\OutPut\screenshots
ZENQ\rupesh.barnawal  [ INFO]  03:05:02 29-03-19   .ctor   – Initializing waits..
ZENQ\rupesh.barnawal  [ INFO]  03:05:02 29-03-19   SetUpTest   – Starting Execution of Scenario:=>Verify that assigning 'Tax Access' permission to a demo user is accessible in Feature:Salesforce
ZENQ\rupesh.barnawal  [ INFO]  03:05:02 29-03-19   InitChromeDriver   – Launching google chrome with new profile..
ZENQ\rupesh.barnawal  [ INFO]  03:05:02 29-03-19   InitChromeDriver   – chrome driver initialized..
ZENQ\rupesh.barnawal  [ INFO]  03:05:02 29-03-19   GetProjectLocation   – path is:=>D:\osvsatmosphere\OSVAtmosQAAutomation\OneAtmosphere
ZENQ\rupesh.barnawal  [ INFO]  03:05:14 29-03-19   .ctor   – Initializing waits..
ZENQ\rupesh.barnawal  [ INFO]  03:05:14 29-03-19   FindElement   – Waiting for element: By.XPath: .//*[@id='username'] for 30 seconds
ZENQ\rupesh.barnawal  [ INFO]  03:05:15 29-03-19   SafeType   – Entered text lakshmisravani.allarapu@zenq.qaprodcopy in the field By.XPath: .//*[@id='username']
ZENQ\rupesh.barnawal  [ INFO]  03:05:15 29-03-19   EnterSalesforceUserName   – User Name entered in Salesforce Login
ZENQ\rupesh.barnawal  [ INFO]  03:05:15 29-03-19   FindElement   – Waiting for element: By.XPath: //input[@id='password'] for 30 seconds
ZENQ\rupesh.barnawal  [ INFO]  03:05:15 29-03-19   SafeType   – Entered text Sravani@1826! in the field By.XPath: //input[@id='password']
ZENQ\rupesh.barnawal  [ INFO]  03:05:15 29-03-19   EnterSalesforcePassword   – Password entered in Salesforce Login
ZENQ\rupesh.barnawal  [ INFO]  03:05:15 29-03-19   ClickSIGNINButton   – click on Salesforce SIGN IN button
ZENQ\rupesh.barnawal  [ INFO]  03:05:15 29-03-19   FindElement   – Waiting for element: By.XPath: .//*[@id='Login'] for 10 seconds
ZENQ\rupesh.barnawal  [ INFO]  03:05:19 29-03-19   SafeNormalClick   – Clicked on element By.XPath: .//*[@id='Login']
ZENQ\rupesh.barnawal  [ INFO]  03:05:19 29-03-19   ClickSIGNINButton   – clicked on Salesforce SIGN IN button
ZENQ\rupesh.barnawal  [ INFO]  03:05:19 29-03-19   WaitForPageToLoad   – Waiting until page load is complete..
ZENQ\rupesh.barnawal  [ INFO]  03:05:22 29-03-19   FindElement   – Waiting for element: By.XPath: //a[text()='Remind Me Later'] for 10 seconds
ZENQ\rupesh.barnawal  [ INFO]  03:05:34 29-03-19   SafeNormalClick   – Clicked on element By.XPath: //a[text()='Remind Me Later']
ZENQ\rupesh.barnawal  [ INFO]  03:05:34 29-03-19   WaitForPageToLoad   – Waiting until page load is complete..
ZENQ\rupesh.barnawal  [ INFO]  03:05:44 29-03-19   .ctor   – Initializing waits..
ZENQ\rupesh.barnawal  [ INFO]  03:05:44 29-03-19   FindElement   – Waiting for element: By.XPath: //input[@id='phSearchInput'] for 30 seconds
ZENQ\rupesh.barnawal  [ INFO]  03:05:47 29-03-19   WaitForPageToLoad   – Waiting until page load is complete..
ZENQ\rupesh.barnawal  [ INFO]  03:05:47 29-03-19   FindElement   – Waiting for element: By.XPath: //th[1]//a[contains(@data-seclke,'Contact')] for 5 seconds
ZENQ\rupesh.barnawal  [ERROR]  03:06:05 29-03-19   SafeNormalClick   – Unable to click on By.XPath: //th[1]//a[contains(@data-seclke,'Contact')]. element - Follow the below exception.. 
A exception with a null response was thrown sending an HTTP request to the remote WebDriver server for URL http://localhost:62915/session/055581478b29c5deff92359c2832b2e7/element/0.6494672194770335-1/click. The status of the exception was ReceiveFailure, and the message was: The underlying connection was closed: An unexpected error occurred on a receive.Please refer the screenshot from ../Automation_Report/OutPut/screenshots/Root.png
ZENQ\rupesh.barnawal  [ INFO]  03:06:05 29-03-19   GetProjectLocation   – path is:=>D:\osvsatmosphere\OSVAtmosQAAutomation\OneAtmosphere
ZENQ\rupesh.barnawal  [ERROR]  03:06:09 29-03-19   getScreenshot   – A exception with a null response was thrown sending an HTTP request to the remote WebDriver server for URL http://localhost:62915/session/055581478b29c5deff92359c2832b2e7/screenshot. The status of the exception was ConnectFailure, and the message was: Unable to connect to the remote server
ZENQ\rupesh.barnawal  [ INFO]  03:06:11 29-03-19   TakeScreenshot   – A exception with a null response was thrown sending an HTTP request to the remote WebDriver server for URL http://localhost:62915/session/055581478b29c5deff92359c2832b2e7/screenshot. The status of the exception was ConnectFailure, and the message was: Unable to connect to the remote server   at OpenQA.Selenium.Remote.HttpCommandExecutor.CreateResponse(WebRequest request)
   at OpenQA.Selenium.Remote.HttpCommandExecutor.Execute(Command commandToExecute)
   at OpenQA.Selenium.Remote.DriverServiceCommandExecutor.Execute(Command commandToExecute)
   at OpenQA.Selenium.Remote.RemoteWebDriver.Execute(String driverCommandToExecute, Dictionary`2 parameters)
   at OpenQA.Selenium.Remote.RemoteWebDriver.GetScreenshot()
   at SeleniumAutomation.Utilities.AutomationUtilities.TakeScreenshot(IWebDriver driver, String screenshotPath) in D:\osvsatmosphere\OSVAtmosQAAutomation\OneAtmosphere\Utilities\Generic\Utilities.cs:line 525
ZENQ\rupesh.barnawal  [ INFO]  03:06:11 29-03-19   TearDown   – An error ocurred: Unable  to  Take  screenshot  because  of  A exception with a null response was thrown sending an HTTP request to the remote WebDriver server for URL http://localhost:62915/session/055581478b29c5deff92359c2832b2e7/screenshot. The status of the exception was ConnectFailure, and the message was: Unable to connect to the remote server
ZENQ\rupesh.barnawal  [ INFO]  03:06:11 29-03-19   TearDown   – It was of type:Exception
ZENQ\rupesh.barnawal  [ INFO]  03:06:13 29-03-19   GetProjectLocation   – path is:=>D:\osvsatmosphere\OSVAtmosQAAutomation\OneAtmosphere
ZENQ\rupesh.barnawal  [ INFO]  03:06:13 29-03-19   GetAutomationReportsFolder   – ==========> Automation Reports folder directory is:=>D:\osvsatmosphere\OSVAtmosQAAutomation\Automation_Report
ZENQ\rupesh.barnawal  [ INFO]  03:07:39 29-03-19   GetProjectLocation   – path is:=>D:\osvsatmosphere\OSVAtmosQAAutomation\OneAtmosphere
ZENQ\rupesh.barnawal  [ INFO]  03:07:39 29-03-19   GetAutomationReportsFolder   – ==========> Automation Reports folder directory is:=>D:\osvsatmosphere\OSVAtmosQAAutomation\Automation_Report
ZENQ\rupesh.barnawal  [ INFO]  03:07:39 29-03-19   GetProjectLocation   – path is:=>D:\osvsatmosphere\OSVAtmosQAAutomation\OneAtmosphere
ZENQ\rupesh.barnawal  [ INFO]  03:07:39 29-03-19   GetProjectLocation   – path is:=>D:\osvsatmosphere\OSVAtmosQAAutomation\OneAtmosphere
ZENQ\rupesh.barnawal  [ INFO]  03:07:39 29-03-19   CreateReportsDirectory   – ===>Created the customer reports path is:=>D:\osvsatmosphere\OSVAtmosQAAutomation\Automation_Report\CustomReport\Reports_On_03-29-19
ZENQ\rupesh.barnawal  [ INFO]  03:07:39 29-03-19   GetProjectLocation   – path is:=>D:\osvsatmosphere\OSVAtmosQAAutomation\OneAtmosphere
ZENQ\rupesh.barnawal  [ INFO]  03:07:39 29-03-19   CreateScreenShotsFolder   – screenshots folder path:=>D:\osvsatmosphere\OSVAtmosQAAutomation\Automation_Report\OutPut\screenshots
ZENQ\rupesh.barnawal  [ INFO]  03:07:39 29-03-19   .ctor   – Initializing waits..
ZENQ\rupesh.barnawal  [ INFO]  03:07:39 29-03-19   SetUpTest   – Starting Execution of Scenario:=>Verify that assigning 'Tax Access' permission to a demo user is accessible in Feature:Salesforce
ZENQ\rupesh.barnawal  [ INFO]  03:07:39 29-03-19   InitChromeDriver   – Launching google chrome with new profile..
ZENQ\rupesh.barnawal  [ INFO]  03:07:39 29-03-19   InitChromeDriver   – chrome driver initialized..
ZENQ\rupesh.barnawal  [ INFO]  03:07:39 29-03-19   GetProjectLocation   – path is:=>D:\osvsatmosphere\OSVAtmosQAAutomation\OneAtmosphere
ZENQ\rupesh.barnawal  [ INFO]  03:07:51 29-03-19   .ctor   – Initializing waits..
ZENQ\rupesh.barnawal  [ INFO]  03:07:52 29-03-19   FindElement   – Waiting for element: By.XPath: .//*[@id='username'] for 30 seconds
ZENQ\rupesh.barnawal  [ INFO]  03:07:52 29-03-19   SafeType   – Entered text lakshmisravani.allarapu@zenq.qaprodcopy in the field By.XPath: .//*[@id='username']
ZENQ\rupesh.barnawal  [ INFO]  03:07:52 29-03-19   EnterSalesforceUserName   – User Name entered in Salesforce Login
ZENQ\rupesh.barnawal  [ INFO]  03:07:52 29-03-19   FindElement   – Waiting for element: By.XPath: //input[@id='password'] for 30 seconds
ZENQ\rupesh.barnawal  [ INFO]  03:07:52 29-03-19   SafeType   – Entered text Sravani@1826! in the field By.XPath: //input[@id='password']
ZENQ\rupesh.barnawal  [ INFO]  03:07:52 29-03-19   EnterSalesforcePassword   – Password entered in Salesforce Login
ZENQ\rupesh.barnawal  [ INFO]  03:07:52 29-03-19   ClickSIGNINButton   – click on Salesforce SIGN IN button
ZENQ\rupesh.barnawal  [ INFO]  03:07:53 29-03-19   FindElement   – Waiting for element: By.XPath: .//*[@id='Login'] for 10 seconds
ZENQ\rupesh.barnawal  [ INFO]  03:07:58 29-03-19   SafeNormalClick   – Clicked on element By.XPath: .//*[@id='Login']
ZENQ\rupesh.barnawal  [ INFO]  03:07:58 29-03-19   ClickSIGNINButton   – clicked on Salesforce SIGN IN button
ZENQ\rupesh.barnawal  [ INFO]  03:07:58 29-03-19   WaitForPageToLoad   – Waiting until page load is complete..
ZENQ\rupesh.barnawal  [ INFO]  03:08:00 29-03-19   FindElement   – Waiting for element: By.XPath: //a[text()='Remind Me Later'] for 10 seconds
ZENQ\rupesh.barnawal  [ INFO]  03:08:10 29-03-19   SafeNormalClick   – Clicked on element By.XPath: //a[text()='Remind Me Later']
ZENQ\rupesh.barnawal  [ INFO]  03:08:10 29-03-19   WaitForPageToLoad   – Waiting until page load is complete..
ZENQ\rupesh.barnawal  [ INFO]  03:08:20 29-03-19   .ctor   – Initializing waits..
ZENQ\rupesh.barnawal  [ INFO]  03:08:20 29-03-19   FindElement   – Waiting for element: By.XPath: //input[@id='phSearchInput'] for 30 seconds
ZENQ\rupesh.barnawal  [ INFO]  03:08:22 29-03-19   WaitForPageToLoad   – Waiting until page load is complete..
ZENQ\rupesh.barnawal  [ INFO]  03:08:22 29-03-19   FindElement   – Waiting for element: By.XPath: //th[1]//a[contains(@data-seclke,'Contact')] for 5 seconds
ZENQ\rupesh.barnawal  [ INFO]  03:08:33 29-03-19   SafeNormalClick   – Clicked on element By.XPath: //th[1]//a[contains(@data-seclke,'Contact')]
ZENQ\rupesh.barnawal  [ INFO]  03:08:33 29-03-19   WaitForPageToLoad   – Waiting until page load is complete..
ZENQ\rupesh.barnawal  [ INFO]  03:08:33 29-03-19   FindElement   – Waiting for element: By.XPath: //td[@class='pbButton']//span[@class='menuButtonLabel'][contains(text(),'Manage External User')] for 5 seconds
ZENQ\rupesh.barnawal  [ INFO]  03:08:33 29-03-19   SafeNormalClick   – Clicked on element By.XPath: //td[@class='pbButton']//span[@class='menuButtonLabel'][contains(text(),'Manage External User')]
ZENQ\rupesh.barnawal  [ INFO]  03:08:34 29-03-19   FindElement   – Waiting for element: By.XPath: //div[@id='workWithPortalMenu']//a[@name='csp'][contains(text(),'View Customer User')] for 5 seconds
ZENQ\rupesh.barnawal  [ INFO]  03:08:35 29-03-19   SafeNormalClick   – Clicked on element By.XPath: //div[@id='workWithPortalMenu']//a[@name='csp'][contains(text(),'View Customer User')]
ZENQ\rupesh.barnawal  [ INFO]  03:08:35 29-03-19   WaitForPageToLoad   – Waiting until page load is complete..
ZENQ\rupesh.barnawal  [ INFO]  03:08:37 29-03-19   FindElement   – Waiting for element: By.XPath: .//*[contains(@id,'RelatedPermsetAssignmentList')]/div[1]/div//table//tr//td/input for 5 seconds
ZENQ\rupesh.barnawal  [ INFO]  03:08:38 29-03-19   SafeNormalClick   – Clicked on element By.XPath: .//*[contains(@id,'RelatedPermsetAssignmentList')]/div[1]/div//table//tr//td/input
ZENQ\rupesh.barnawal  [ INFO]  03:08:38 29-03-19   WaitForPageToLoad   – Waiting until page load is complete..
ZENQ\rupesh.barnawal  [ INFO]  03:08:38 29-03-19   VerifyandClickEditAssignmentsButton   – Clicked on Edit Assignments button
ZENQ\rupesh.barnawal  [ INFO]  03:08:42 29-03-19   FindElement   – Waiting for element: By.XPath: //img[contains(@id,'ListBox:remove')] for 5 seconds
ZENQ\rupesh.barnawal  [ INFO]  03:08:42 29-03-19   SafeNormalClick   – Clicked on element By.XPath: //img[contains(@id,'ListBox:remove')]
ZENQ\rupesh.barnawal  [ INFO]  03:08:43 29-03-19   VerifyandClickRemoveAccessButton   – Clicked on 'Remove Access' button
ZENQ\rupesh.barnawal  [ INFO]  03:08:43 29-03-19   FindElement   – Waiting for element: By.XPath: //div[1]/table/tbody/tr/td[2]/input[@value='Save'] for 5 seconds
ZENQ\rupesh.barnawal  [ INFO]  03:08:43 29-03-19   SafeNormalClick   – Clicked on element By.XPath: //div[1]/table/tbody/tr/td[2]/input[@value='Save']
ZENQ\rupesh.barnawal  [ INFO]  03:08:43 29-03-19   WaitForPageToLoad   – Waiting until page load is complete..
ZENQ\rupesh.barnawal  [ INFO]  03:08:43 29-03-19   <WaitForPageToLoad>b__14_0   – Alert displayed is 
ZENQ\rupesh.barnawal  [ INFO]  03:08:45 29-03-19   InitChromeDriver   – Launching google chrome with new profile..
ZENQ\rupesh.barnawal  [ INFO]  03:08:45 29-03-19   InitChromeDriver   – chrome driver initialized..
ZENQ\rupesh.barnawal  [ INFO]  03:08:45 29-03-19   GetProjectLocation   – path is:=>D:\osvsatmosphere\OSVAtmosQAAutomation\OneAtmosphere
ZENQ\rupesh.barnawal  [ INFO]  03:08:54 29-03-19   .ctor   – Initializing waits..
ZENQ\rupesh.barnawal  [ INFO]  03:08:54 29-03-19   LoginIntoOneAtmos   – this is login page
ZENQ\rupesh.barnawal  [ INFO]  03:08:54 29-03-19   EnterUserName   – type text in username field
ZENQ\rupesh.barnawal  [ INFO]  03:08:54 29-03-19   FindElement   – Waiting for element: By.XPath: //input[@type='text'] for 30 seconds
ZENQ\rupesh.barnawal  [ INFO]  03:08:55 29-03-19   SafeType   – Entered text zenatmos1@gmail.com in the field By.XPath: //input[@type='text']
ZENQ\rupesh.barnawal  [ INFO]  03:08:55 29-03-19   EnterUserName   – Entered the UserName in username
ZENQ\rupesh.barnawal  [ INFO]  03:08:55 29-03-19   EnterPassword   – Type password in password field
ZENQ\rupesh.barnawal  [ INFO]  03:08:55 29-03-19   FindElement   – Waiting for element: By.XPath: //input[@type='password'] for 30 seconds
ZENQ\rupesh.barnawal  [ INFO]  03:08:55 29-03-19   SafeType   – Entered text Second@123! in the field By.XPath: //input[@type='password']
ZENQ\rupesh.barnawal  [ INFO]  03:08:55 29-03-19   EnterPassword   – Entered the password in password field
ZENQ\rupesh.barnawal  [ INFO]  03:08:55 29-03-19   ClickSIGNINButton   – click on SIGN IN button
ZENQ\rupesh.barnawal  [ INFO]  03:08:55 29-03-19   FindElement   – Waiting for element: By.XPath: //span[contains(@class,'label bBody')] for 60 seconds
ZENQ\rupesh.barnawal  [ INFO]  03:08:55 29-03-19   SafeNormalClick   – Clicked on element By.XPath: //span[contains(@class,'label bBody')]
ZENQ\rupesh.barnawal  [ INFO]  03:08:55 29-03-19   ClickSIGNINButton   – clicked on SIGN IN button
ZENQ\rupesh.barnawal  [ INFO]  03:08:55 29-03-19   WaitForPageToLoad   – Waiting until page load is complete..
ZENQ\rupesh.barnawal  [ INFO]  03:09:04 29-03-19   ClickSIGNINButton   – Login Successful. Navigated to Home Page ..
ZENQ\rupesh.barnawal  [ INFO]  03:09:04 29-03-19   .ctor   – Initializing waits..
ZENQ\rupesh.barnawal  [ INFO]  03:09:04 29-03-19   LoginIntoOneAtmos   – Logged in to OneAtmos site.
ZENQ\rupesh.barnawal  [ INFO]  03:09:11 29-03-19   FindElement   – Waiting for element: By.XPath: //input[@id='phSearchInput'] for 30 seconds
ZENQ\rupesh.barnawal  [ INFO]  03:09:13 29-03-19   WaitForPageToLoad   – Waiting until page load is complete..
ZENQ\rupesh.barnawal  [ INFO]  03:09:13 29-03-19   FindElement   – Waiting for element: By.XPath: //th[1]//a[contains(@data-seclke,'Contact')] for 5 seconds
ZENQ\rupesh.barnawal  [ INFO]  03:09:17 29-03-19   SafeNormalClick   – Clicked on element By.XPath: //th[1]//a[contains(@data-seclke,'Contact')]
ZENQ\rupesh.barnawal  [ INFO]  03:09:17 29-03-19   WaitForPageToLoad   – Waiting until page load is complete..
ZENQ\rupesh.barnawal  [ INFO]  03:09:17 29-03-19   FindElement   – Waiting for element: By.XPath: //td[@class='pbButton']//span[@class='menuButtonLabel'][contains(text(),'Manage External User')] for 5 seconds
ZENQ\rupesh.barnawal  [ INFO]  03:09:17 29-03-19   SafeNormalClick   – Clicked on element By.XPath: //td[@class='pbButton']//span[@class='menuButtonLabel'][contains(text(),'Manage External User')]
ZENQ\rupesh.barnawal  [ INFO]  03:09:18 29-03-19   FindElement   – Waiting for element: By.XPath: //div[@id='workWithPortalMenu']//a[@name='csp'][contains(text(),'View Customer User')] for 5 seconds
ZENQ\rupesh.barnawal  [ INFO]  03:09:19 29-03-19   SafeNormalClick   – Clicked on element By.XPath: //div[@id='workWithPortalMenu']//a[@name='csp'][contains(text(),'View Customer User')]
ZENQ\rupesh.barnawal  [ INFO]  03:09:19 29-03-19   WaitForPageToLoad   – Waiting until page load is complete..
ZENQ\rupesh.barnawal  [ INFO]  03:09:20 29-03-19   FindElement   – Waiting for element: By.XPath: .//*[contains(@id,'RelatedPermsetAssignmentList')]/div[1]/div//table//tr//td/input for 5 seconds
ZENQ\rupesh.barnawal  [ INFO]  03:09:21 29-03-19   SafeNormalClick   – Clicked on element By.XPath: .//*[contains(@id,'RelatedPermsetAssignmentList')]/div[1]/div//table//tr//td/input
ZENQ\rupesh.barnawal  [ INFO]  03:09:21 29-03-19   WaitForPageToLoad   – Waiting until page load is complete..
ZENQ\rupesh.barnawal  [ INFO]  03:09:21 29-03-19   VerifyandClickEditAssignmentsButton   – Clicked on Edit Assignments button
ZENQ\rupesh.barnawal  [ INFO]  03:09:24 29-03-19   FindElement   – Waiting for element: By.XPath: //img[contains(@id,'ListBox:add')] for 5 seconds
ZENQ\rupesh.barnawal  [ INFO]  03:09:25 29-03-19   SafeNormalClick   – Clicked on element By.XPath: //img[contains(@id,'ListBox:add')]
ZENQ\rupesh.barnawal  [ INFO]  03:09:26 29-03-19   VerifyandClickAddAccessButton   – Clicked on 'Add Access' button
ZENQ\rupesh.barnawal  [ INFO]  03:09:26 29-03-19   FindElement   – Waiting for element: By.XPath: //div[1]/table/tbody/tr/td[2]/input[@value='Save'] for 5 seconds
ZENQ\rupesh.barnawal  [ INFO]  03:09:26 29-03-19   SafeNormalClick   – Clicked on element By.XPath: //div[1]/table/tbody/tr/td[2]/input[@value='Save']
ZENQ\rupesh.barnawal  [ INFO]  03:09:26 29-03-19   WaitForPageToLoad   – Waiting until page load is complete..
ZENQ\rupesh.barnawal  [ INFO]  03:09:26 29-03-19   <WaitForPageToLoad>b__14_0   – Alert displayed is 
ZENQ\rupesh.barnawal  [ INFO]  03:09:30 29-03-19   FindElement   – Waiting for element: By.XPath: .//*[@id='userNavButton'] for 5 seconds
ZENQ\rupesh.barnawal  [ INFO]  03:09:30 29-03-19   SafeNormalClick   – Clicked on element By.XPath: .//*[@id='userNavButton']
ZENQ\rupesh.barnawal  [ INFO]  03:09:31 29-03-19   FindElement   – Waiting for element: By.XPath: .//*[@id='userNav-menuItems']/a[@title='Logout'] for 5 seconds
ZENQ\rupesh.barnawal  [ INFO]  03:09:33 29-03-19   SafeNormalClick   – Clicked on element By.XPath: .//*[@id='userNav-menuItems']/a[@title='Logout']
ZENQ\rupesh.barnawal  [ INFO]  03:09:33 29-03-19   WaitForPageToLoad   – Waiting until page load is complete..
ZENQ\rupesh.barnawal  [ INFO]  03:09:42 29-03-19   WaitForPageToLoad   – Waiting until page load is complete..
ZENQ\rupesh.barnawal  [ INFO]  03:09:42 29-03-19   FindElement   – Waiting for element: By.XPath: //i[@class='fa fa-chevron-down dropdownIcon'] for 10 seconds
ZENQ\rupesh.barnawal  [ INFO]  03:09:42 29-03-19   SafeNormalClick   – Clicked on element By.XPath: //i[@class='fa fa-chevron-down dropdownIcon']
ZENQ\rupesh.barnawal  [ INFO]  03:09:43 29-03-19   FindElement   – Waiting for element: By.XPath: //a[@title='LOGOUT'] for 5 seconds
ZENQ\rupesh.barnawal  [ INFO]  03:09:43 29-03-19   SafeNormalClick   – Clicked on element By.XPath: //a[@title='LOGOUT']
ZENQ\rupesh.barnawal  [ INFO]  03:09:43 29-03-19   WaitForJQueryProcessing   – Waiting ajax processing to complete..
ZENQ\rupesh.barnawal  [ INFO]  03:09:46 29-03-19   WaitForJQueryProcessing   – Waiting stopped due to exception..unknown error: jQuery is not defined
  (Session info: chrome=73.0.3683.86)
  (Driver info: chromedriver=2.40.565498 (ea082db3280dd6843ebfb08a625e3eb905c4f5ab),platform=Windows NT 10.0.10240 x86_64)
ZENQ\rupesh.barnawal  [ INFO]  03:09:46 29-03-19   WaitForPageToLoad   – Waiting until page load is complete..
ZENQ\rupesh.barnawal  [ INFO]  03:09:46 29-03-19   LogOut   – Logged Out ..
ZENQ\rupesh.barnawal  [ INFO]  03:09:46 29-03-19   .ctor   – Initializing waits..
ZENQ\rupesh.barnawal  [ INFO]  03:09:50 29-03-19   GetProjectLocation   – path is:=>D:\osvsatmosphere\OSVAtmosQAAutomation\OneAtmosphere
ZENQ\rupesh.barnawal  [ INFO]  03:09:50 29-03-19   GetAutomationReportsFolder   – ==========> Automation Reports folder directory is:=>D:\osvsatmosphere\OSVAtmosQAAutomation\Automation_Report
ZENQ\rupesh.barnawal  [ INFO]  03:10:58 29-03-19   GetProjectLocation   – path is:=>D:\osvsatmosphere\OSVAtmosQAAutomation\OneAtmosphere
ZENQ\rupesh.barnawal  [ INFO]  03:10:58 29-03-19   GetAutomationReportsFolder   – ==========> Automation Reports folder directory is:=>D:\osvsatmosphere\OSVAtmosQAAutomation\Automation_Report
ZENQ\rupesh.barnawal  [ INFO]  03:10:58 29-03-19   GetProjectLocation   – path is:=>D:\osvsatmosphere\OSVAtmosQAAutomation\OneAtmosphere
ZENQ\rupesh.barnawal  [ INFO]  03:10:58 29-03-19   GetProjectLocation   – path is:=>D:\osvsatmosphere\OSVAtmosQAAutomation\OneAtmosphere
ZENQ\rupesh.barnawal  [ INFO]  03:10:58 29-03-19   CreateReportsDirectory   – ===>Created the customer reports path is:=>D:\osvsatmosphere\OSVAtmosQAAutomation\Automation_Report\CustomReport\Reports_On_03-29-19
ZENQ\rupesh.barnawal  [ INFO]  03:10:58 29-03-19   GetProjectLocation   – path is:=>D:\osvsatmosphere\OSVAtmosQAAutomation\OneAtmosphere
ZENQ\rupesh.barnawal  [ INFO]  03:10:58 29-03-19   CreateScreenShotsFolder   – screenshots folder path:=>D:\osvsatmosphere\OSVAtmosQAAutomation\Automation_Report\OutPut\screenshots
ZENQ\rupesh.barnawal  [ INFO]  03:10:58 29-03-19   .ctor   – Initializing waits..
ZENQ\rupesh.barnawal  [ INFO]  03:10:58 29-03-19   SetUpTest   – Starting Execution of Scenario:=>Verify that assigning 'My account' and 'Treasury Access' permissions to a demo user is accessible in Feature:Salesforce
ZENQ\rupesh.barnawal  [ INFO]  03:10:58 29-03-19   InitChromeDriver   – Launching google chrome with new profile..
ZENQ\rupesh.barnawal  [ INFO]  03:10:58 29-03-19   InitChromeDriver   – chrome driver initialized..
ZENQ\rupesh.barnawal  [ INFO]  03:10:58 29-03-19   GetProjectLocation   – path is:=>D:\osvsatmosphere\OSVAtmosQAAutomation\OneAtmosphere
ZENQ\rupesh.barnawal  [ INFO]  03:11:13 29-03-19   .ctor   – Initializing waits..
ZENQ\rupesh.barnawal  [ INFO]  03:11:13 29-03-19   FindElement   – Waiting for element: By.XPath: .//*[@id='username'] for 30 seconds
ZENQ\rupesh.barnawal  [ INFO]  03:11:14 29-03-19   SafeType   – Entered text lakshmisravani.allarapu@zenq.qaprodcopy in the field By.XPath: .//*[@id='username']
ZENQ\rupesh.barnawal  [ INFO]  03:11:14 29-03-19   EnterSalesforceUserName   – User Name entered in Salesforce Login
ZENQ\rupesh.barnawal  [ INFO]  03:11:14 29-03-19   FindElement   – Waiting for element: By.XPath: //input[@id='password'] for 30 seconds
ZENQ\rupesh.barnawal  [ INFO]  03:11:14 29-03-19   SafeType   – Entered text Sravani@1826! in the field By.XPath: //input[@id='password']
ZENQ\rupesh.barnawal  [ INFO]  03:11:14 29-03-19   EnterSalesforcePassword   – Password entered in Salesforce Login
ZENQ\rupesh.barnawal  [ INFO]  03:11:14 29-03-19   ClickSIGNINButton   – click on Salesforce SIGN IN button
ZENQ\rupesh.barnawal  [ INFO]  03:11:14 29-03-19   FindElement   – Waiting for element: By.XPath: .//*[@id='Login'] for 10 seconds
ZENQ\rupesh.barnawal  [ INFO]  03:11:19 29-03-19   SafeNormalClick   – Clicked on element By.XPath: .//*[@id='Login']
ZENQ\rupesh.barnawal  [ INFO]  03:11:19 29-03-19   ClickSIGNINButton   – clicked on Salesforce SIGN IN button
ZENQ\rupesh.barnawal  [ INFO]  03:11:19 29-03-19   WaitForPageToLoad   – Waiting until page load is complete..
ZENQ\rupesh.barnawal  [ INFO]  03:11:21 29-03-19   FindElement   – Waiting for element: By.XPath: //a[text()='Remind Me Later'] for 10 seconds
ZENQ\rupesh.barnawal  [ INFO]  03:11:30 29-03-19   SafeNormalClick   – Clicked on element By.XPath: //a[text()='Remind Me Later']
ZENQ\rupesh.barnawal  [ INFO]  03:11:30 29-03-19   WaitForPageToLoad   – Waiting until page load is complete..
ZENQ\rupesh.barnawal  [ INFO]  03:11:40 29-03-19   .ctor   – Initializing waits..
ZENQ\rupesh.barnawal  [ INFO]  03:11:40 29-03-19   FindElement   – Waiting for element: By.XPath: //input[@id='phSearchInput'] for 30 seconds
ZENQ\rupesh.barnawal  [ INFO]  03:11:42 29-03-19   WaitForPageToLoad   – Waiting until page load is complete..
ZENQ\rupesh.barnawal  [ INFO]  03:11:42 29-03-19   FindElement   – Waiting for element: By.XPath: //th[1]//a[contains(@data-seclke,'Contact')] for 5 seconds
ZENQ\rupesh.barnawal  [ INFO]  03:11:56 29-03-19   SafeNormalClick   – Clicked on element By.XPath: //th[1]//a[contains(@data-seclke,'Contact')]
ZENQ\rupesh.barnawal  [ INFO]  03:11:56 29-03-19   WaitForPageToLoad   – Waiting until page load is complete..
ZENQ\rupesh.barnawal  [ INFO]  03:11:56 29-03-19   FindElement   – Waiting for element: By.XPath: //td[@class='pbButton']//span[@class='menuButtonLabel'][contains(text(),'Manage External User')] for 5 seconds
ZENQ\rupesh.barnawal  [ INFO]  03:11:56 29-03-19   SafeNormalClick   – Clicked on element By.XPath: //td[@class='pbButton']//span[@class='menuButtonLabel'][contains(text(),'Manage External User')]
ZENQ\rupesh.barnawal  [ INFO]  03:11:57 29-03-19   FindElement   – Waiting for element: By.XPath: //div[@id='workWithPortalMenu']//a[@name='csp'][contains(text(),'View Customer User')] for 5 seconds
ZENQ\rupesh.barnawal  [ INFO]  03:11:58 29-03-19   SafeNormalClick   – Clicked on element By.XPath: //div[@id='workWithPortalMenu']//a[@name='csp'][contains(text(),'View Customer User')]
ZENQ\rupesh.barnawal  [ INFO]  03:11:58 29-03-19   WaitForPageToLoad   – Waiting until page load is complete..
ZENQ\rupesh.barnawal  [ INFO]  03:11:59 29-03-19   FindElement   – Waiting for element: By.XPath: .//*[contains(@id,'RelatedPermsetAssignmentList')]/div[1]/div//table//tr//td/input for 5 seconds
ZENQ\rupesh.barnawal  [ INFO]  03:12:01 29-03-19   SafeNormalClick   – Clicked on element By.XPath: .//*[contains(@id,'RelatedPermsetAssignmentList')]/div[1]/div//table//tr//td/input
ZENQ\rupesh.barnawal  [ INFO]  03:12:01 29-03-19   WaitForPageToLoad   – Waiting until page load is complete..
ZENQ\rupesh.barnawal  [ INFO]  03:12:01 29-03-19   VerifyandClickEditAssignmentsButton   – Clicked on Edit Assignments button
ZENQ\rupesh.barnawal  [ INFO]  03:12:04 29-03-19   FindElement   – Waiting for element: By.XPath: //img[contains(@id,'ListBox:remove')] for 5 seconds
ZENQ\rupesh.barnawal  [ INFO]  03:12:05 29-03-19   SafeNormalClick   – Clicked on element By.XPath: //img[contains(@id,'ListBox:remove')]
ZENQ\rupesh.barnawal  [ INFO]  03:12:06 29-03-19   VerifyandClickRemoveAccessButton   – Clicked on 'Remove Access' button
ZENQ\rupesh.barnawal  [ INFO]  03:12:06 29-03-19   FindElement   – Waiting for element: By.XPath: //div[1]/table/tbody/tr/td[2]/input[@value='Save'] for 5 seconds
ZENQ\rupesh.barnawal  [ INFO]  03:12:06 29-03-19   SafeNormalClick   – Clicked on element By.XPath: //div[1]/table/tbody/tr/td[2]/input[@value='Save']
ZENQ\rupesh.barnawal  [ INFO]  03:12:06 29-03-19   WaitForPageToLoad   – Waiting until page load is complete..
ZENQ\rupesh.barnawal  [ INFO]  03:12:06 29-03-19   <WaitForPageToLoad>b__14_0   – Alert displayed is 
ZENQ\rupesh.barnawal  [ INFO]  03:12:08 29-03-19   FindElement   – Waiting for element: By.XPath: //input[@id='phSearchInput'] for 30 seconds
ZENQ\rupesh.barnawal  [ INFO]  03:12:09 29-03-19   WaitForPageToLoad   – Waiting until page load is complete..
ZENQ\rupesh.barnawal  [ INFO]  03:12:09 29-03-19   FindElement   – Waiting for element: By.XPath: //th[1]//a[contains(@data-seclke,'Contact')] for 5 seconds
ZENQ\rupesh.barnawal  [ INFO]  03:12:13 29-03-19   SafeNormalClick   – Clicked on element By.XPath: //th[1]//a[contains(@data-seclke,'Contact')]
ZENQ\rupesh.barnawal  [ INFO]  03:12:13 29-03-19   WaitForPageToLoad   – Waiting until page load is complete..
ZENQ\rupesh.barnawal  [ INFO]  03:12:13 29-03-19   FindElement   – Waiting for element: By.XPath: //td[@class='pbButton']//span[@class='menuButtonLabel'][contains(text(),'Manage External User')] for 5 seconds
ZENQ\rupesh.barnawal  [ INFO]  03:12:13 29-03-19   SafeNormalClick   – Clicked on element By.XPath: //td[@class='pbButton']//span[@class='menuButtonLabel'][contains(text(),'Manage External User')]
ZENQ\rupesh.barnawal  [ INFO]  03:12:14 29-03-19   FindElement   – Waiting for element: By.XPath: //div[@id='workWithPortalMenu']//a[@name='csp'][contains(text(),'View Customer User')] for 5 seconds
ZENQ\rupesh.barnawal  [ INFO]  03:12:15 29-03-19   SafeNormalClick   – Clicked on element By.XPath: //div[@id='workWithPortalMenu']//a[@name='csp'][contains(text(),'View Customer User')]
ZENQ\rupesh.barnawal  [ INFO]  03:12:15 29-03-19   WaitForPageToLoad   – Waiting until page load is complete..
ZENQ\rupesh.barnawal  [ INFO]  03:12:16 29-03-19   FindElement   – Waiting for element: By.XPath: .//*[contains(@id,'RelatedPermsetAssignmentList')]/div[1]/div//table//tr//td/input for 5 seconds
ZENQ\rupesh.barnawal  [ INFO]  03:12:17 29-03-19   SafeNormalClick   – Clicked on element By.XPath: .//*[contains(@id,'RelatedPermsetAssignmentList')]/div[1]/div//table//tr//td/input
ZENQ\rupesh.barnawal  [ INFO]  03:12:17 29-03-19   WaitForPageToLoad   – Waiting until page load is complete..
ZENQ\rupesh.barnawal  [ INFO]  03:12:17 29-03-19   VerifyandClickEditAssignmentsButton   – Clicked on Edit Assignments button
ZENQ\rupesh.barnawal  [ INFO]  03:12:21 29-03-19   FindElement   – Waiting for element: By.XPath: //img[contains(@id,'ListBox:remove')] for 5 seconds
ZENQ\rupesh.barnawal  [ INFO]  03:12:21 29-03-19   SafeNormalClick   – Clicked on element By.XPath: //img[contains(@id,'ListBox:remove')]
ZENQ\rupesh.barnawal  [ INFO]  03:12:22 29-03-19   VerifyandClickRemoveAccessButton   – Clicked on 'Remove Access' button
ZENQ\rupesh.barnawal  [ INFO]  03:12:22 29-03-19   FindElement   – Waiting for element: By.XPath: //div[1]/table/tbody/tr/td[2]/input[@value='Save'] for 5 seconds
ZENQ\rupesh.barnawal  [ INFO]  03:12:22 29-03-19   SafeNormalClick   – Clicked on element By.XPath: //div[1]/table/tbody/tr/td[2]/input[@value='Save']
ZENQ\rupesh.barnawal  [ INFO]  03:12:22 29-03-19   WaitForPageToLoad   – Waiting until page load is complete..
ZENQ\rupesh.barnawal  [ INFO]  03:12:22 29-03-19   <WaitForPageToLoad>b__14_0   – Alert displayed is 
ZENQ\rupesh.barnawal  [ INFO]  03:12:24 29-03-19   InitChromeDriver   – Launching google chrome with new profile..
ZENQ\rupesh.barnawal  [ INFO]  03:12:24 29-03-19   InitChromeDriver   – chrome driver initialized..
ZENQ\rupesh.barnawal  [ INFO]  03:12:24 29-03-19   GetProjectLocation   – path is:=>D:\osvsatmosphere\OSVAtmosQAAutomation\OneAtmosphere
ZENQ\rupesh.barnawal  [ INFO]  03:12:32 29-03-19   .ctor   – Initializing waits..
ZENQ\rupesh.barnawal  [ INFO]  03:12:32 29-03-19   LoginIntoOneAtmos   – this is login page
ZENQ\rupesh.barnawal  [ INFO]  03:12:32 29-03-19   EnterUserName   – type text in username field
ZENQ\rupesh.barnawal  [ INFO]  03:12:33 29-03-19   FindElement   – Waiting for element: By.XPath: //input[@type='text'] for 30 seconds
ZENQ\rupesh.barnawal  [ INFO]  03:12:33 29-03-19   SafeType   – Entered text zenatmos1@gmail.com in the field By.XPath: //input[@type='text']
ZENQ\rupesh.barnawal  [ INFO]  03:12:33 29-03-19   EnterUserName   – Entered the UserName in username
ZENQ\rupesh.barnawal  [ INFO]  03:12:33 29-03-19   EnterPassword   – Type password in password field
ZENQ\rupesh.barnawal  [ INFO]  03:12:33 29-03-19   FindElement   – Waiting for element: By.XPath: //input[@type='password'] for 30 seconds
ZENQ\rupesh.barnawal  [ INFO]  03:12:33 29-03-19   SafeType   – Entered text Second@123! in the field By.XPath: //input[@type='password']
ZENQ\rupesh.barnawal  [ INFO]  03:12:33 29-03-19   EnterPassword   – Entered the password in password field
ZENQ\rupesh.barnawal  [ INFO]  03:12:33 29-03-19   ClickSIGNINButton   – click on SIGN IN button
ZENQ\rupesh.barnawal  [ INFO]  03:12:34 29-03-19   FindElement   – Waiting for element: By.XPath: //span[contains(@class,'label bBody')] for 60 seconds
ZENQ\rupesh.barnawal  [ INFO]  03:12:34 29-03-19   SafeNormalClick   – Clicked on element By.XPath: //span[contains(@class,'label bBody')]
ZENQ\rupesh.barnawal  [ INFO]  03:12:34 29-03-19   ClickSIGNINButton   – clicked on SIGN IN button
ZENQ\rupesh.barnawal  [ INFO]  03:12:34 29-03-19   WaitForPageToLoad   – Waiting until page load is complete..
ZENQ\rupesh.barnawal  [ INFO]  03:12:37 29-03-19   ClickSIGNINButton   – Login Successful. Navigated to Home Page ..
ZENQ\rupesh.barnawal  [ INFO]  03:12:37 29-03-19   .ctor   – Initializing waits..
ZENQ\rupesh.barnawal  [ INFO]  03:12:37 29-03-19   LoginIntoOneAtmos   – Logged in to OneAtmos site.
ZENQ\rupesh.barnawal  [ INFO]  03:12:51 29-03-19   FindElement   – Waiting for element: By.XPath: //input[@id='phSearchInput'] for 30 seconds
ZENQ\rupesh.barnawal  [ INFO]  03:12:53 29-03-19   WaitForPageToLoad   – Waiting until page load is complete..
ZENQ\rupesh.barnawal  [ INFO]  03:12:54 29-03-19   FindElement   – Waiting for element: By.XPath: //th[1]//a[contains(@data-seclke,'Contact')] for 5 seconds
ZENQ\rupesh.barnawal  [ INFO]  03:12:58 29-03-19   SafeNormalClick   – Clicked on element By.XPath: //th[1]//a[contains(@data-seclke,'Contact')]
ZENQ\rupesh.barnawal  [ INFO]  03:12:58 29-03-19   WaitForPageToLoad   – Waiting until page load is complete..
ZENQ\rupesh.barnawal  [ INFO]  03:12:58 29-03-19   FindElement   – Waiting for element: By.XPath: //td[@class='pbButton']//span[@class='menuButtonLabel'][contains(text(),'Manage External User')] for 5 seconds
ZENQ\rupesh.barnawal  [ INFO]  03:12:58 29-03-19   SafeNormalClick   – Clicked on element By.XPath: //td[@class='pbButton']//span[@class='menuButtonLabel'][contains(text(),'Manage External User')]
ZENQ\rupesh.barnawal  [ INFO]  03:12:58 29-03-19   FindElement   – Waiting for element: By.XPath: //div[@id='workWithPortalMenu']//a[@name='csp'][contains(text(),'View Customer User')] for 5 seconds
ZENQ\rupesh.barnawal  [ INFO]  03:12:59 29-03-19   SafeNormalClick   – Clicked on element By.XPath: //div[@id='workWithPortalMenu']//a[@name='csp'][contains(text(),'View Customer User')]
ZENQ\rupesh.barnawal  [ INFO]  03:12:59 29-03-19   WaitForPageToLoad   – Waiting until page load is complete..
ZENQ\rupesh.barnawal  [ INFO]  03:13:00 29-03-19   FindElement   – Waiting for element: By.XPath: .//*[contains(@id,'RelatedPermsetAssignmentList')]/div[1]/div//table//tr//td/input for 5 seconds
ZENQ\rupesh.barnawal  [ INFO]  03:13:01 29-03-19   SafeNormalClick   – Clicked on element By.XPath: .//*[contains(@id,'RelatedPermsetAssignmentList')]/div[1]/div//table//tr//td/input
ZENQ\rupesh.barnawal  [ INFO]  03:13:01 29-03-19   WaitForPageToLoad   – Waiting until page load is complete..
ZENQ\rupesh.barnawal  [ INFO]  03:13:01 29-03-19   VerifyandClickEditAssignmentsButton   – Clicked on Edit Assignments button
ZENQ\rupesh.barnawal  [ INFO]  03:13:05 29-03-19   FindElement   – Waiting for element: By.XPath: //img[contains(@id,'ListBox:add')] for 5 seconds
ZENQ\rupesh.barnawal  [ INFO]  03:13:05 29-03-19   SafeNormalClick   – Clicked on element By.XPath: //img[contains(@id,'ListBox:add')]
ZENQ\rupesh.barnawal  [ INFO]  03:13:06 29-03-19   VerifyandClickAddAccessButton   – Clicked on 'Add Access' button
ZENQ\rupesh.barnawal  [ INFO]  03:13:06 29-03-19   FindElement   – Waiting for element: By.XPath: //div[1]/table/tbody/tr/td[2]/input[@value='Save'] for 5 seconds
ZENQ\rupesh.barnawal  [ INFO]  03:13:06 29-03-19   SafeNormalClick   – Clicked on element By.XPath: //div[1]/table/tbody/tr/td[2]/input[@value='Save']
ZENQ\rupesh.barnawal  [ INFO]  03:13:06 29-03-19   WaitForPageToLoad   – Waiting until page load is complete..
ZENQ\rupesh.barnawal  [ INFO]  03:13:06 29-03-19   <WaitForPageToLoad>b__14_0   – Alert displayed is 
ZENQ\rupesh.barnawal  [ INFO]  03:13:10 29-03-19   FindElement   – Waiting for element: By.XPath: //input[@id='phSearchInput'] for 30 seconds
ZENQ\rupesh.barnawal  [ INFO]  03:13:12 29-03-19   WaitForPageToLoad   – Waiting until page load is complete..
ZENQ\rupesh.barnawal  [ INFO]  03:13:12 29-03-19   FindElement   – Waiting for element: By.XPath: //th[1]//a[contains(@data-seclke,'Contact')] for 5 seconds
ZENQ\rupesh.barnawal  [ INFO]  03:13:16 29-03-19   SafeNormalClick   – Clicked on element By.XPath: //th[1]//a[contains(@data-seclke,'Contact')]
ZENQ\rupesh.barnawal  [ INFO]  03:13:16 29-03-19   WaitForPageToLoad   – Waiting until page load is complete..
ZENQ\rupesh.barnawal  [ INFO]  03:13:16 29-03-19   FindElement   – Waiting for element: By.XPath: //td[@class='pbButton']//span[@class='menuButtonLabel'][contains(text(),'Manage External User')] for 5 seconds
ZENQ\rupesh.barnawal  [ INFO]  03:13:16 29-03-19   SafeNormalClick   – Clicked on element By.XPath: //td[@class='pbButton']//span[@class='menuButtonLabel'][contains(text(),'Manage External User')]
ZENQ\rupesh.barnawal  [ INFO]  03:13:16 29-03-19   FindElement   – Waiting for element: By.XPath: //div[@id='workWithPortalMenu']//a[@name='csp'][contains(text(),'View Customer User')] for 5 seconds
ZENQ\rupesh.barnawal  [ INFO]  03:13:17 29-03-19   SafeNormalClick   – Clicked on element By.XPath: //div[@id='workWithPortalMenu']//a[@name='csp'][contains(text(),'View Customer User')]
ZENQ\rupesh.barnawal  [ INFO]  03:13:17 29-03-19   WaitForPageToLoad   – Waiting until page load is complete..
ZENQ\rupesh.barnawal  [ INFO]  03:13:19 29-03-19   FindElement   – Waiting for element: By.XPath: .//*[contains(@id,'RelatedPermsetAssignmentList')]/div[1]/div//table//tr//td/input for 5 seconds
ZENQ\rupesh.barnawal  [ INFO]  03:13:20 29-03-19   SafeNormalClick   – Clicked on element By.XPath: .//*[contains(@id,'RelatedPermsetAssignmentList')]/div[1]/div//table//tr//td/input
ZENQ\rupesh.barnawal  [ INFO]  03:13:20 29-03-19   WaitForPageToLoad   – Waiting until page load is complete..
ZENQ\rupesh.barnawal  [ INFO]  03:13:20 29-03-19   VerifyandClickEditAssignmentsButton   – Clicked on Edit Assignments button
ZENQ\rupesh.barnawal  [ INFO]  03:13:23 29-03-19   FindElement   – Waiting for element: By.XPath: //img[contains(@id,'ListBox:add')] for 5 seconds
ZENQ\rupesh.barnawal  [ INFO]  03:13:23 29-03-19   SafeNormalClick   – Clicked on element By.XPath: //img[contains(@id,'ListBox:add')]
ZENQ\rupesh.barnawal  [ INFO]  03:13:24 29-03-19   VerifyandClickAddAccessButton   – Clicked on 'Add Access' button
ZENQ\rupesh.barnawal  [ INFO]  03:13:25 29-03-19   FindElement   – Waiting for element: By.XPath: //div[1]/table/tbody/tr/td[2]/input[@value='Save'] for 5 seconds
ZENQ\rupesh.barnawal  [ INFO]  03:13:25 29-03-19   SafeNormalClick   – Clicked on element By.XPath: //div[1]/table/tbody/tr/td[2]/input[@value='Save']
ZENQ\rupesh.barnawal  [ INFO]  03:13:25 29-03-19   WaitForPageToLoad   – Waiting until page load is complete..
ZENQ\rupesh.barnawal  [ INFO]  03:13:25 29-03-19   <WaitForPageToLoad>b__14_0   – Alert displayed is 
ZENQ\rupesh.barnawal  [ INFO]  03:13:29 29-03-19   FindElement   – Waiting for element: By.XPath: .//*[@id='userNavButton'] for 5 seconds
ZENQ\rupesh.barnawal  [ INFO]  03:13:29 29-03-19   SafeNormalClick   – Clicked on element By.XPath: .//*[@id='userNavButton']
ZENQ\rupesh.barnawal  [ INFO]  03:13:30 29-03-19   FindElement   – Waiting for element: By.XPath: .//*[@id='userNav-menuItems']/a[@title='Logout'] for 5 seconds
ZENQ\rupesh.barnawal  [ INFO]  03:13:32 29-03-19   SafeNormalClick   – Clicked on element By.XPath: .//*[@id='userNav-menuItems']/a[@title='Logout']
ZENQ\rupesh.barnawal  [ INFO]  03:13:32 29-03-19   WaitForPageToLoad   – Waiting until page load is complete..
ZENQ\rupesh.barnawal  [ INFO]  03:13:40 29-03-19   WaitForPageToLoad   – Waiting until page load is complete..
ZENQ\rupesh.barnawal  [ INFO]  03:13:40 29-03-19   FindElement   – Waiting for element: By.XPath: //i[@class='fa fa-chevron-down dropdownIcon'] for 10 seconds
ZENQ\rupesh.barnawal  [ INFO]  03:13:40 29-03-19   SafeNormalClick   – Clicked on element By.XPath: //i[@class='fa fa-chevron-down dropdownIcon']
ZENQ\rupesh.barnawal  [ INFO]  03:13:41 29-03-19   FindElement   – Waiting for element: By.XPath: //a[@title='LOGOUT'] for 5 seconds
ZENQ\rupesh.barnawal  [ INFO]  03:13:41 29-03-19   SafeNormalClick   – Clicked on element By.XPath: //a[@title='LOGOUT']
ZENQ\rupesh.barnawal  [ INFO]  03:13:41 29-03-19   WaitForJQueryProcessing   – Waiting ajax processing to complete..
ZENQ\rupesh.barnawal  [ INFO]  03:13:43 29-03-19   WaitForJQueryProcessing   – Waiting stopped due to exception..unknown error: jQuery is not defined
  (Session info: chrome=73.0.3683.86)
  (Driver info: chromedriver=2.40.565498 (ea082db3280dd6843ebfb08a625e3eb905c4f5ab),platform=Windows NT 10.0.10240 x86_64)
ZENQ\rupesh.barnawal  [ INFO]  03:13:43 29-03-19   WaitForPageToLoad   – Waiting until page load is complete..
ZENQ\rupesh.barnawal  [ INFO]  03:13:43 29-03-19   LogOut   – Logged Out ..
ZENQ\rupesh.barnawal  [ INFO]  03:13:43 29-03-19   .ctor   – Initializing waits..
ZENQ\rupesh.barnawal  [ INFO]  03:13:48 29-03-19   GetProjectLocation   – path is:=>D:\osvsatmosphere\OSVAtmosQAAutomation\OneAtmosphere
ZENQ\rupesh.barnawal  [ INFO]  03:13:48 29-03-19   GetAutomationReportsFolder   – ==========> Automation Reports folder directory is:=>D:\osvsatmosphere\OSVAtmosQAAutomation\Automation_Report
ZENQ\rupesh.barnawal  [ INFO]  03:14:37 29-03-19   GetProjectLocation   – path is:=>D:\osvsatmosphere\OSVAtmosQAAutomation\OneAtmosphere
ZENQ\rupesh.barnawal  [ INFO]  03:14:37 29-03-19   GetAutomationReportsFolder   – ==========> Automation Reports folder directory is:=>D:\osvsatmosphere\OSVAtmosQAAutomation\Automation_Report
ZENQ\rupesh.barnawal  [ INFO]  03:14:37 29-03-19   GetProjectLocation   – path is:=>D:\osvsatmosphere\OSVAtmosQAAutomation\OneAtmosphere
ZENQ\rupesh.barnawal  [ INFO]  03:14:37 29-03-19   GetProjectLocation   – path is:=>D:\osvsatmosphere\OSVAtmosQAAutomation\OneAtmosphere
ZENQ\rupesh.barnawal  [ INFO]  03:14:37 29-03-19   CreateReportsDirectory   – ===>Created the customer reports path is:=>D:\osvsatmosphere\OSVAtmosQAAutomation\Automation_Report\CustomReport\Reports_On_03-29-19
ZENQ\rupesh.barnawal  [ INFO]  03:14:37 29-03-19   GetProjectLocation   – path is:=>D:\osvsatmosphere\OSVAtmosQAAutomation\OneAtmosphere
ZENQ\rupesh.barnawal  [ INFO]  03:14:37 29-03-19   CreateScreenShotsFolder   – screenshots folder path:=>D:\osvsatmosphere\OSVAtmosQAAutomation\Automation_Report\OutPut\screenshots
ZENQ\rupesh.barnawal  [ INFO]  03:14:37 29-03-19   .ctor   – Initializing waits..
ZENQ\rupesh.barnawal  [ INFO]  03:14:37 29-03-19   SetUpTest   – Starting Execution of Scenario:=>Verify that assigning 'My account' and 'Tax Access' premissions to a demo user is accessible in Feature:Salesforce
ZENQ\rupesh.barnawal  [ INFO]  03:14:37 29-03-19   InitChromeDriver   – Launching google chrome with new profile..
ZENQ\rupesh.barnawal  [ INFO]  03:14:37 29-03-19   InitChromeDriver   – chrome driver initialized..
ZENQ\rupesh.barnawal  [ INFO]  03:14:37 29-03-19   GetProjectLocation   – path is:=>D:\osvsatmosphere\OSVAtmosQAAutomation\OneAtmosphere
ZENQ\rupesh.barnawal  [ INFO]  03:14:49 29-03-19   .ctor   – Initializing waits..
ZENQ\rupesh.barnawal  [ INFO]  03:14:50 29-03-19   FindElement   – Waiting for element: By.XPath: .//*[@id='username'] for 30 seconds
ZENQ\rupesh.barnawal  [ INFO]  03:14:50 29-03-19   SafeType   – Entered text lakshmisravani.allarapu@zenq.qaprodcopy in the field By.XPath: .//*[@id='username']
ZENQ\rupesh.barnawal  [ INFO]  03:14:50 29-03-19   EnterSalesforceUserName   – User Name entered in Salesforce Login
ZENQ\rupesh.barnawal  [ INFO]  03:14:50 29-03-19   FindElement   – Waiting for element: By.XPath: //input[@id='password'] for 30 seconds
ZENQ\rupesh.barnawal  [ INFO]  03:14:50 29-03-19   SafeType   – Entered text Sravani@1826! in the field By.XPath: //input[@id='password']
ZENQ\rupesh.barnawal  [ INFO]  03:14:50 29-03-19   EnterSalesforcePassword   – Password entered in Salesforce Login
ZENQ\rupesh.barnawal  [ INFO]  03:14:50 29-03-19   ClickSIGNINButton   – click on Salesforce SIGN IN button
ZENQ\rupesh.barnawal  [ INFO]  03:14:50 29-03-19   FindElement   – Waiting for element: By.XPath: .//*[@id='Login'] for 10 seconds
ZENQ\rupesh.barnawal  [ INFO]  03:14:55 29-03-19   SafeNormalClick   – Clicked on element By.XPath: .//*[@id='Login']
ZENQ\rupesh.barnawal  [ INFO]  03:14:55 29-03-19   ClickSIGNINButton   – clicked on Salesforce SIGN IN button
ZENQ\rupesh.barnawal  [ INFO]  03:14:55 29-03-19   WaitForPageToLoad   – Waiting until page load is complete..
ZENQ\rupesh.barnawal  [ INFO]  03:14:57 29-03-19   FindElement   – Waiting for element: By.XPath: //a[text()='Remind Me Later'] for 10 seconds
ZENQ\rupesh.barnawal  [ INFO]  03:15:06 29-03-19   SafeNormalClick   – Clicked on element By.XPath: //a[text()='Remind Me Later']
ZENQ\rupesh.barnawal  [ INFO]  03:15:06 29-03-19   WaitForPageToLoad   – Waiting until page load is complete..
ZENQ\rupesh.barnawal  [ INFO]  03:15:16 29-03-19   .ctor   – Initializing waits..
ZENQ\rupesh.barnawal  [ INFO]  03:15:16 29-03-19   FindElement   – Waiting for element: By.XPath: //input[@id='phSearchInput'] for 30 seconds
ZENQ\rupesh.barnawal  [ INFO]  03:15:18 29-03-19   WaitForPageToLoad   – Waiting until page load is complete..
ZENQ\rupesh.barnawal  [ INFO]  03:15:18 29-03-19   FindElement   – Waiting for element: By.XPath: //th[1]//a[contains(@data-seclke,'Contact')] for 5 seconds
ZENQ\rupesh.barnawal  [ INFO]  03:15:28 29-03-19   SafeNormalClick   – Clicked on element By.XPath: //th[1]//a[contains(@data-seclke,'Contact')]
ZENQ\rupesh.barnawal  [ INFO]  03:15:28 29-03-19   WaitForPageToLoad   – Waiting until page load is complete..
ZENQ\rupesh.barnawal  [ INFO]  03:15:28 29-03-19   FindElement   – Waiting for element: By.XPath: //td[@class='pbButton']//span[@class='menuButtonLabel'][contains(text(),'Manage External User')] for 5 seconds
ZENQ\rupesh.barnawal  [ INFO]  03:15:28 29-03-19   SafeNormalClick   – Clicked on element By.XPath: //td[@class='pbButton']//span[@class='menuButtonLabel'][contains(text(),'Manage External User')]
ZENQ\rupesh.barnawal  [ INFO]  03:15:28 29-03-19   FindElement   – Waiting for element: By.XPath: //div[@id='workWithPortalMenu']//a[@name='csp'][contains(text(),'View Customer User')] for 5 seconds
ZENQ\rupesh.barnawal  [ INFO]  03:15:30 29-03-19   SafeNormalClick   – Clicked on element By.XPath: //div[@id='workWithPortalMenu']//a[@name='csp'][contains(text(),'View Customer User')]
ZENQ\rupesh.barnawal  [ INFO]  03:15:30 29-03-19   WaitForPageToLoad   – Waiting until page load is complete..
ZENQ\rupesh.barnawal  [ INFO]  03:15:31 29-03-19   FindElement   – Waiting for element: By.XPath: .//*[contains(@id,'RelatedPermsetAssignmentList')]/div[1]/div//table//tr//td/input for 5 seconds
ZENQ\rupesh.barnawal  [ INFO]  03:15:33 29-03-19   SafeNormalClick   – Clicked on element By.XPath: .//*[contains(@id,'RelatedPermsetAssignmentList')]/div[1]/div//table//tr//td/input
ZENQ\rupesh.barnawal  [ INFO]  03:15:33 29-03-19   WaitForPageToLoad   – Waiting until page load is complete..
ZENQ\rupesh.barnawal  [ INFO]  03:15:33 29-03-19   VerifyandClickEditAssignmentsButton   – Clicked on Edit Assignments button
ZENQ\rupesh.barnawal  [ INFO]  03:15:36 29-03-19   FindElement   – Waiting for element: By.XPath: //img[contains(@id,'ListBox:remove')] for 5 seconds
ZENQ\rupesh.barnawal  [ INFO]  03:15:36 29-03-19   SafeNormalClick   – Clicked on element By.XPath: //img[contains(@id,'ListBox:remove')]
ZENQ\rupesh.barnawal  [ INFO]  03:15:37 29-03-19   VerifyandClickRemoveAccessButton   – Clicked on 'Remove Access' button
ZENQ\rupesh.barnawal  [ INFO]  03:15:37 29-03-19   FindElement   – Waiting for element: By.XPath: //div[1]/table/tbody/tr/td[2]/input[@value='Save'] for 5 seconds
ZENQ\rupesh.barnawal  [ INFO]  03:15:38 29-03-19   SafeNormalClick   – Clicked on element By.XPath: //div[1]/table/tbody/tr/td[2]/input[@value='Save']
ZENQ\rupesh.barnawal  [ INFO]  03:15:38 29-03-19   WaitForPageToLoad   – Waiting until page load is complete..
ZENQ\rupesh.barnawal  [ INFO]  03:15:38 29-03-19   <WaitForPageToLoad>b__14_0   – Alert displayed is 
ZENQ\rupesh.barnawal  [ INFO]  03:15:39 29-03-19   FindElement   – Waiting for element: By.XPath: //input[@id='phSearchInput'] for 30 seconds
ZENQ\rupesh.barnawal  [ INFO]  03:15:41 29-03-19   WaitForPageToLoad   – Waiting until page load is complete..
ZENQ\rupesh.barnawal  [ INFO]  03:15:41 29-03-19   FindElement   – Waiting for element: By.XPath: //th[1]//a[contains(@data-seclke,'Contact')] for 5 seconds
ZENQ\rupesh.barnawal  [ INFO]  03:15:44 29-03-19   SafeNormalClick   – Clicked on element By.XPath: //th[1]//a[contains(@data-seclke,'Contact')]
ZENQ\rupesh.barnawal  [ INFO]  03:15:44 29-03-19   WaitForPageToLoad   – Waiting until page load is complete..
ZENQ\rupesh.barnawal  [ INFO]  03:15:45 29-03-19   FindElement   – Waiting for element: By.XPath: //td[@class='pbButton']//span[@class='menuButtonLabel'][contains(text(),'Manage External User')] for 5 seconds
ZENQ\rupesh.barnawal  [ INFO]  03:15:45 29-03-19   SafeNormalClick   – Clicked on element By.XPath: //td[@class='pbButton']//span[@class='menuButtonLabel'][contains(text(),'Manage External User')]
ZENQ\rupesh.barnawal  [ INFO]  03:15:45 29-03-19   FindElement   – Waiting for element: By.XPath: //div[@id='workWithPortalMenu']//a[@name='csp'][contains(text(),'View Customer User')] for 5 seconds
ZENQ\rupesh.barnawal  [ INFO]  03:15:46 29-03-19   SafeNormalClick   – Clicked on element By.XPath: //div[@id='workWithPortalMenu']//a[@name='csp'][contains(text(),'View Customer User')]
ZENQ\rupesh.barnawal  [ INFO]  03:15:46 29-03-19   WaitForPageToLoad   – Waiting until page load is complete..
ZENQ\rupesh.barnawal  [ INFO]  03:15:47 29-03-19   FindElement   – Waiting for element: By.XPath: .//*[contains(@id,'RelatedPermsetAssignmentList')]/div[1]/div//table//tr//td/input for 5 seconds
ZENQ\rupesh.barnawal  [ INFO]  03:15:48 29-03-19   SafeNormalClick   – Clicked on element By.XPath: .//*[contains(@id,'RelatedPermsetAssignmentList')]/div[1]/div//table//tr//td/input
ZENQ\rupesh.barnawal  [ INFO]  03:15:48 29-03-19   WaitForPageToLoad   – Waiting until page load is complete..
ZENQ\rupesh.barnawal  [ INFO]  03:15:48 29-03-19   VerifyandClickEditAssignmentsButton   – Clicked on Edit Assignments button
ZENQ\rupesh.barnawal  [ INFO]  03:15:52 29-03-19   FindElement   – Waiting for element: By.XPath: //img[contains(@id,'ListBox:remove')] for 5 seconds
ZENQ\rupesh.barnawal  [ INFO]  03:15:52 29-03-19   SafeNormalClick   – Clicked on element By.XPath: //img[contains(@id,'ListBox:remove')]
ZENQ\rupesh.barnawal  [ INFO]  03:15:53 29-03-19   VerifyandClickRemoveAccessButton   – Clicked on 'Remove Access' button
ZENQ\rupesh.barnawal  [ INFO]  03:15:53 29-03-19   FindElement   – Waiting for element: By.XPath: //div[1]/table/tbody/tr/td[2]/input[@value='Save'] for 5 seconds
ZENQ\rupesh.barnawal  [ INFO]  03:15:53 29-03-19   SafeNormalClick   – Clicked on element By.XPath: //div[1]/table/tbody/tr/td[2]/input[@value='Save']
ZENQ\rupesh.barnawal  [ INFO]  03:15:53 29-03-19   WaitForPageToLoad   – Waiting until page load is complete..
ZENQ\rupesh.barnawal  [ INFO]  03:15:53 29-03-19   <WaitForPageToLoad>b__14_0   – Alert displayed is 
ZENQ\rupesh.barnawal  [ INFO]  03:15:55 29-03-19   InitChromeDriver   – Launching google chrome with new profile..
ZENQ\rupesh.barnawal  [ INFO]  03:15:55 29-03-19   InitChromeDriver   – chrome driver initialized..
ZENQ\rupesh.barnawal  [ INFO]  03:15:55 29-03-19   GetProjectLocation   – path is:=>D:\osvsatmosphere\OSVAtmosQAAutomation\OneAtmosphere
ZENQ\rupesh.barnawal  [ INFO]  03:16:04 29-03-19   .ctor   – Initializing waits..
ZENQ\rupesh.barnawal  [ INFO]  03:16:04 29-03-19   LoginIntoOneAtmos   – this is login page
ZENQ\rupesh.barnawal  [ INFO]  03:16:04 29-03-19   EnterUserName   – type text in username field
ZENQ\rupesh.barnawal  [ INFO]  03:16:04 29-03-19   FindElement   – Waiting for element: By.XPath: //input[@type='text'] for 30 seconds
ZENQ\rupesh.barnawal  [ INFO]  03:16:04 29-03-19   SafeType   – Entered text zenatmos1@gmail.com in the field By.XPath: //input[@type='text']
ZENQ\rupesh.barnawal  [ INFO]  03:16:04 29-03-19   EnterUserName   – Entered the UserName in username
ZENQ\rupesh.barnawal  [ INFO]  03:16:04 29-03-19   EnterPassword   – Type password in password field
ZENQ\rupesh.barnawal  [ INFO]  03:16:04 29-03-19   FindElement   – Waiting for element: By.XPath: //input[@type='password'] for 30 seconds
ZENQ\rupesh.barnawal  [ INFO]  03:16:05 29-03-19   SafeType   – Entered text Second@123! in the field By.XPath: //input[@type='password']
ZENQ\rupesh.barnawal  [ INFO]  03:16:05 29-03-19   EnterPassword   – Entered the password in password field
ZENQ\rupesh.barnawal  [ INFO]  03:16:05 29-03-19   ClickSIGNINButton   – click on SIGN IN button
ZENQ\rupesh.barnawal  [ INFO]  03:16:05 29-03-19   FindElement   – Waiting for element: By.XPath: //span[contains(@class,'label bBody')] for 60 seconds
ZENQ\rupesh.barnawal  [ INFO]  03:16:05 29-03-19   SafeNormalClick   – Clicked on element By.XPath: //span[contains(@class,'label bBody')]
ZENQ\rupesh.barnawal  [ INFO]  03:16:05 29-03-19   ClickSIGNINButton   – clicked on SIGN IN button
ZENQ\rupesh.barnawal  [ INFO]  03:16:05 29-03-19   WaitForPageToLoad   – Waiting until page load is complete..
ZENQ\rupesh.barnawal  [ INFO]  03:16:08 29-03-19   ClickSIGNINButton   – Login Successful. Navigated to Home Page ..
ZENQ\rupesh.barnawal  [ INFO]  03:16:08 29-03-19   .ctor   – Initializing waits..
ZENQ\rupesh.barnawal  [ INFO]  03:16:08 29-03-19   LoginIntoOneAtmos   – Logged in to OneAtmos site.
ZENQ\rupesh.barnawal  [ INFO]  03:16:22 29-03-19   FindElement   – Waiting for element: By.XPath: //input[@id='phSearchInput'] for 30 seconds
ZENQ\rupesh.barnawal  [ INFO]  03:16:24 29-03-19   WaitForPageToLoad   – Waiting until page load is complete..
ZENQ\rupesh.barnawal  [ INFO]  03:16:25 29-03-19   FindElement   – Waiting for element: By.XPath: //th[1]//a[contains(@data-seclke,'Contact')] for 5 seconds
ZENQ\rupesh.barnawal  [ INFO]  03:16:28 29-03-19   SafeNormalClick   – Clicked on element By.XPath: //th[1]//a[contains(@data-seclke,'Contact')]
ZENQ\rupesh.barnawal  [ INFO]  03:16:28 29-03-19   WaitForPageToLoad   – Waiting until page load is complete..
ZENQ\rupesh.barnawal  [ INFO]  03:16:28 29-03-19   FindElement   – Waiting for element: By.XPath: //td[@class='pbButton']//span[@class='menuButtonLabel'][contains(text(),'Manage External User')] for 5 seconds
ZENQ\rupesh.barnawal  [ INFO]  03:16:28 29-03-19   SafeNormalClick   – Clicked on element By.XPath: //td[@class='pbButton']//span[@class='menuButtonLabel'][contains(text(),'Manage External User')]
ZENQ\rupesh.barnawal  [ INFO]  03:16:29 29-03-19   FindElement   – Waiting for element: By.XPath: //div[@id='workWithPortalMenu']//a[@name='csp'][contains(text(),'View Customer User')] for 5 seconds
ZENQ\rupesh.barnawal  [ INFO]  03:16:30 29-03-19   SafeNormalClick   – Clicked on element By.XPath: //div[@id='workWithPortalMenu']//a[@name='csp'][contains(text(),'View Customer User')]
ZENQ\rupesh.barnawal  [ INFO]  03:16:30 29-03-19   WaitForPageToLoad   – Waiting until page load is complete..
ZENQ\rupesh.barnawal  [ INFO]  03:16:31 29-03-19   FindElement   – Waiting for element: By.XPath: .//*[contains(@id,'RelatedPermsetAssignmentList')]/div[1]/div//table//tr//td/input for 5 seconds
ZENQ\rupesh.barnawal  [ INFO]  03:16:32 29-03-19   SafeNormalClick   – Clicked on element By.XPath: .//*[contains(@id,'RelatedPermsetAssignmentList')]/div[1]/div//table//tr//td/input
ZENQ\rupesh.barnawal  [ INFO]  03:16:32 29-03-19   WaitForPageToLoad   – Waiting until page load is complete..
ZENQ\rupesh.barnawal  [ INFO]  03:16:32 29-03-19   VerifyandClickEditAssignmentsButton   – Clicked on Edit Assignments button
ZENQ\rupesh.barnawal  [ INFO]  03:16:35 29-03-19   FindElement   – Waiting for element: By.XPath: //img[contains(@id,'ListBox:add')] for 5 seconds
ZENQ\rupesh.barnawal  [ INFO]  03:16:35 29-03-19   SafeNormalClick   – Clicked on element By.XPath: //img[contains(@id,'ListBox:add')]
ZENQ\rupesh.barnawal  [ INFO]  03:16:36 29-03-19   VerifyandClickAddAccessButton   – Clicked on 'Add Access' button
ZENQ\rupesh.barnawal  [ INFO]  03:16:37 29-03-19   FindElement   – Waiting for element: By.XPath: //div[1]/table/tbody/tr/td[2]/input[@value='Save'] for 5 seconds
ZENQ\rupesh.barnawal  [ INFO]  03:16:37 29-03-19   SafeNormalClick   – Clicked on element By.XPath: //div[1]/table/tbody/tr/td[2]/input[@value='Save']
ZENQ\rupesh.barnawal  [ INFO]  03:16:37 29-03-19   WaitForPageToLoad   – Waiting until page load is complete..
ZENQ\rupesh.barnawal  [ INFO]  03:16:37 29-03-19   <WaitForPageToLoad>b__14_0   – Alert displayed is 
ZENQ\rupesh.barnawal  [ INFO]  03:16:41 29-03-19   FindElement   – Waiting for element: By.XPath: //input[@id='phSearchInput'] for 30 seconds
ZENQ\rupesh.barnawal  [ INFO]  03:16:42 29-03-19   WaitForPageToLoad   – Waiting until page load is complete..
ZENQ\rupesh.barnawal  [ INFO]  03:16:43 29-03-19   FindElement   – Waiting for element: By.XPath: //th[1]//a[contains(@data-seclke,'Contact')] for 5 seconds
ZENQ\rupesh.barnawal  [ INFO]  03:16:49 29-03-19   SafeNormalClick   – Clicked on element By.XPath: //th[1]//a[contains(@data-seclke,'Contact')]
ZENQ\rupesh.barnawal  [ INFO]  03:16:49 29-03-19   WaitForPageToLoad   – Waiting until page load is complete..
ZENQ\rupesh.barnawal  [ INFO]  03:16:49 29-03-19   FindElement   – Waiting for element: By.XPath: //td[@class='pbButton']//span[@class='menuButtonLabel'][contains(text(),'Manage External User')] for 5 seconds
ZENQ\rupesh.barnawal  [ INFO]  03:16:49 29-03-19   SafeNormalClick   – Clicked on element By.XPath: //td[@class='pbButton']//span[@class='menuButtonLabel'][contains(text(),'Manage External User')]
ZENQ\rupesh.barnawal  [ INFO]  03:16:49 29-03-19   FindElement   – Waiting for element: By.XPath: //div[@id='workWithPortalMenu']//a[@name='csp'][contains(text(),'View Customer User')] for 5 seconds
ZENQ\rupesh.barnawal  [ INFO]  03:16:51 29-03-19   SafeNormalClick   – Clicked on element By.XPath: //div[@id='workWithPortalMenu']//a[@name='csp'][contains(text(),'View Customer User')]
ZENQ\rupesh.barnawal  [ INFO]  03:16:51 29-03-19   WaitForPageToLoad   – Waiting until page load is complete..
ZENQ\rupesh.barnawal  [ INFO]  03:16:52 29-03-19   FindElement   – Waiting for element: By.XPath: .//*[contains(@id,'RelatedPermsetAssignmentList')]/div[1]/div//table//tr//td/input for 5 seconds
ZENQ\rupesh.barnawal  [ INFO]  03:16:54 29-03-19   SafeNormalClick   – Clicked on element By.XPath: .//*[contains(@id,'RelatedPermsetAssignmentList')]/div[1]/div//table//tr//td/input
ZENQ\rupesh.barnawal  [ INFO]  03:16:54 29-03-19   WaitForPageToLoad   – Waiting until page load is complete..
ZENQ\rupesh.barnawal  [ INFO]  03:16:54 29-03-19   VerifyandClickEditAssignmentsButton   – Clicked on Edit Assignments button
ZENQ\rupesh.barnawal  [ INFO]  03:16:58 29-03-19   FindElement   – Waiting for element: By.XPath: //img[contains(@id,'ListBox:add')] for 5 seconds
ZENQ\rupesh.barnawal  [ INFO]  03:16:58 29-03-19   SafeNormalClick   – Clicked on element By.XPath: //img[contains(@id,'ListBox:add')]
ZENQ\rupesh.barnawal  [ INFO]  03:16:59 29-03-19   VerifyandClickAddAccessButton   – Clicked on 'Add Access' button
ZENQ\rupesh.barnawal  [ INFO]  03:16:59 29-03-19   FindElement   – Waiting for element: By.XPath: //div[1]/table/tbody/tr/td[2]/input[@value='Save'] for 5 seconds
ZENQ\rupesh.barnawal  [ INFO]  03:16:59 29-03-19   SafeNormalClick   – Clicked on element By.XPath: //div[1]/table/tbody/tr/td[2]/input[@value='Save']
ZENQ\rupesh.barnawal  [ INFO]  03:16:59 29-03-19   WaitForPageToLoad   – Waiting until page load is complete..
ZENQ\rupesh.barnawal  [ INFO]  03:16:59 29-03-19   <WaitForPageToLoad>b__14_0   – Alert displayed is 
ZENQ\rupesh.barnawal  [ INFO]  03:17:05 29-03-19   FindElement   – Waiting for element: By.XPath: .//*[@id='userNavButton'] for 5 seconds
ZENQ\rupesh.barnawal  [ INFO]  03:17:05 29-03-19   SafeNormalClick   – Clicked on element By.XPath: .//*[@id='userNavButton']
ZENQ\rupesh.barnawal  [ INFO]  03:17:07 29-03-19   FindElement   – Waiting for element: By.XPath: .//*[@id='userNav-menuItems']/a[@title='Logout'] for 5 seconds
ZENQ\rupesh.barnawal  [ INFO]  03:17:09 29-03-19   SafeNormalClick   – Clicked on element By.XPath: .//*[@id='userNav-menuItems']/a[@title='Logout']
ZENQ\rupesh.barnawal  [ INFO]  03:17:09 29-03-19   WaitForPageToLoad   – Waiting until page load is complete..
ZENQ\rupesh.barnawal  [ INFO]  03:17:19 29-03-19   WaitForPageToLoad   – Waiting until page load is complete..
ZENQ\rupesh.barnawal  [ INFO]  03:17:19 29-03-19   FindElement   – Waiting for element: By.XPath: //i[@class='fa fa-chevron-down dropdownIcon'] for 10 seconds
ZENQ\rupesh.barnawal  [ INFO]  03:17:19 29-03-19   SafeNormalClick   – Clicked on element By.XPath: //i[@class='fa fa-chevron-down dropdownIcon']
ZENQ\rupesh.barnawal  [ INFO]  03:17:19 29-03-19   FindElement   – Waiting for element: By.XPath: //a[@title='LOGOUT'] for 5 seconds
ZENQ\rupesh.barnawal  [ INFO]  03:17:20 29-03-19   SafeNormalClick   – Clicked on element By.XPath: //a[@title='LOGOUT']
ZENQ\rupesh.barnawal  [ INFO]  03:17:20 29-03-19   WaitForJQueryProcessing   – Waiting ajax processing to complete..
ZENQ\rupesh.barnawal  [ INFO]  03:17:22 29-03-19   WaitForJQueryProcessing   – Waiting stopped due to exception..unknown error: jQuery is not defined
  (Session info: chrome=73.0.3683.86)
  (Driver info: chromedriver=2.40.565498 (ea082db3280dd6843ebfb08a625e3eb905c4f5ab),platform=Windows NT 10.0.10240 x86_64)
ZENQ\rupesh.barnawal  [ INFO]  03:17:22 29-03-19   WaitForPageToLoad   – Waiting until page load is complete..
ZENQ\rupesh.barnawal  [ INFO]  03:17:22 29-03-19   LogOut   – Logged Out ..
ZENQ\rupesh.barnawal  [ INFO]  03:17:22 29-03-19   .ctor   – Initializing waits..
ZENQ\rupesh.barnawal  [ INFO]  03:17:26 29-03-19   GetProjectLocation   – path is:=>D:\osvsatmosphere\OSVAtmosQAAutomation\OneAtmosphere
ZENQ\rupesh.barnawal  [ INFO]  03:17:26 29-03-19   GetAutomationReportsFolder   – ==========> Automation Reports folder directory is:=>D:\osvsatmosphere\OSVAtmosQAAutomation\Automation_Report
ZENQ\rupesh.barnawal  [ INFO]  03:20:38 29-03-19   GetProjectLocation   – path is:=>D:\osvsatmosphere\OSVAtmosQAAutomation\OneAtmosphere
ZENQ\rupesh.barnawal  [ INFO]  03:20:38 29-03-19   GetAutomationReportsFolder   – ==========> Automation Reports folder directory is:=>D:\osvsatmosphere\OSVAtmosQAAutomation\Automation_Report
ZENQ\rupesh.barnawal  [ INFO]  03:20:38 29-03-19   GetProjectLocation   – path is:=>D:\osvsatmosphere\OSVAtmosQAAutomation\OneAtmosphere
ZENQ\rupesh.barnawal  [ INFO]  03:20:38 29-03-19   GetProjectLocation   – path is:=>D:\osvsatmosphere\OSVAtmosQAAutomation\OneAtmosphere
ZENQ\rupesh.barnawal  [ INFO]  03:20:38 29-03-19   CreateReportsDirectory   – ===>Created the customer reports path is:=>D:\osvsatmosphere\OSVAtmosQAAutomation\Automation_Report\CustomReport\Reports_On_03-29-19
ZENQ\rupesh.barnawal  [ INFO]  03:20:38 29-03-19   GetProjectLocation   – path is:=>D:\osvsatmosphere\OSVAtmosQAAutomation\OneAtmosphere
ZENQ\rupesh.barnawal  [ INFO]  03:20:38 29-03-19   CreateScreenShotsFolder   – screenshots folder path:=>D:\osvsatmosphere\OSVAtmosQAAutomation\Automation_Report\OutPut\screenshots
ZENQ\rupesh.barnawal  [ INFO]  03:20:38 29-03-19   .ctor   – Initializing waits..
ZENQ\rupesh.barnawal  [ INFO]  03:20:38 29-03-19   SetUpTest   – Starting Execution of Scenario:=>Tax Collection >> ACH Money Movement Type - Create Money transaction record in salesforce and validate in the OSVAtmosphere in Feature:Salesforce
ZENQ\rupesh.barnawal  [ INFO]  03:20:39 29-03-19   InitChromeDriver   – Launching google chrome with new profile..
ZENQ\rupesh.barnawal  [ INFO]  03:20:39 29-03-19   InitChromeDriver   – chrome driver initialized..
ZENQ\rupesh.barnawal  [ INFO]  03:20:39 29-03-19   GetProjectLocation   – path is:=>D:\osvsatmosphere\OSVAtmosQAAutomation\OneAtmosphere
ZENQ\rupesh.barnawal  [ INFO]  03:20:51 29-03-19   .ctor   – Initializing waits..
ZENQ\rupesh.barnawal  [ INFO]  03:20:51 29-03-19   FindElement   – Waiting for element: By.XPath: .//*[@id='username'] for 30 seconds
ZENQ\rupesh.barnawal  [ INFO]  03:20:51 29-03-19   SafeType   – Entered text lakshmisravani.allarapu@zenq.qaprodcopy in the field By.XPath: .//*[@id='username']
ZENQ\rupesh.barnawal  [ INFO]  03:20:51 29-03-19   EnterSalesforceUserName   – User Name entered in Salesforce Login
ZENQ\rupesh.barnawal  [ INFO]  03:20:52 29-03-19   FindElement   – Waiting for element: By.XPath: //input[@id='password'] for 30 seconds
ZENQ\rupesh.barnawal  [ INFO]  03:20:52 29-03-19   SafeType   – Entered text Sravani@1826! in the field By.XPath: //input[@id='password']
ZENQ\rupesh.barnawal  [ INFO]  03:20:52 29-03-19   EnterSalesforcePassword   – Password entered in Salesforce Login
ZENQ\rupesh.barnawal  [ INFO]  03:20:52 29-03-19   ClickSIGNINButton   – click on Salesforce SIGN IN button
ZENQ\rupesh.barnawal  [ INFO]  03:20:52 29-03-19   FindElement   – Waiting for element: By.XPath: .//*[@id='Login'] for 10 seconds
ZENQ\rupesh.barnawal  [ INFO]  03:21:06 29-03-19   SafeNormalClick   – Clicked on element By.XPath: .//*[@id='Login']
ZENQ\rupesh.barnawal  [ INFO]  03:21:06 29-03-19   ClickSIGNINButton   – clicked on Salesforce SIGN IN button
ZENQ\rupesh.barnawal  [ INFO]  03:21:06 29-03-19   WaitForPageToLoad   – Waiting until page load is complete..
ZENQ\rupesh.barnawal  [ INFO]  03:21:18 29-03-19   .ctor   – Initializing waits..
ZENQ\rupesh.barnawal  [ INFO]  03:21:18 29-03-19   WaitForPageToLoad   – Waiting until page load is complete..
ZENQ\rupesh.barnawal  [ INFO]  03:21:18 29-03-19   FindElement   – Waiting for element: By.CssSelector: li[id='01rG0000000VBHU_Tab'] a[title = 'Money Transactions Tab'] for 5 seconds
ZENQ\rupesh.barnawal  [ INFO]  03:21:20 29-03-19   SafeNormalClick   – Clicked on element By.CssSelector: li[id='01rG0000000VBHU_Tab'] a[title = 'Money Transactions Tab']
ZENQ\rupesh.barnawal  [ INFO]  03:21:20 29-03-19   WaitForPageToLoad   – Waiting until page load is complete..
ZENQ\rupesh.barnawal  [ INFO]  03:21:21 29-03-19   FindElement   – Waiting for element: By.CssSelector: input[Title=New] for 5 seconds
ZENQ\rupesh.barnawal  [ INFO]  03:21:22 29-03-19   SafeNormalClick   – Clicked on element By.CssSelector: input[Title=New]
ZENQ\rupesh.barnawal  [ INFO]  03:21:22 29-03-19   WaitUntilElementIsDisplayed   – Waiting until element: By.CssSelector: #CF00NG0000008MrCm is displayed.. timeout is 10 seconds
ZENQ\rupesh.barnawal  [ INFO]  03:21:22 29-03-19   FindElement   – Waiting for element: By.CssSelector: #CF00NG0000008MrCm for 10 seconds
ZENQ\rupesh.barnawal  [ INFO]  03:21:22 29-03-19   EnterAcctAndTenantDeatilsInMoneyTransactionPage   – Sucessfully Account details are entered
ZENQ\rupesh.barnawal  [ INFO]  03:21:22 29-03-19   WaitForJQueryProcessing   – Waiting ajax processing to complete..
ZENQ\rupesh.barnawal  [ INFO]  03:21:23 29-03-19   WaitForJQueryProcessing   – Waiting stopped due to exception..unknown error: jQuery is not defined
  (Session info: chrome=73.0.3683.86)
  (Driver info: chromedriver=2.40.565498 (ea082db3280dd6843ebfb08a625e3eb905c4f5ab),platform=Windows NT 10.0.10240 x86_64)
ZENQ\rupesh.barnawal  [ INFO]  03:21:23 29-03-19   FindElement   – Waiting for element: By.CssSelector: #CF00NG0000008MrCz for 10 seconds
ZENQ\rupesh.barnawal  [ INFO]  03:21:26 29-03-19   SafeSelectDropdown   – Selected option with index 2from dropdown By.CssSelector: select[id='00NG0000008MrD1']
ZENQ\rupesh.barnawal  [ INFO]  03:21:31 29-03-19   SafeSelectDropdown   – Selected option with index 2from dropdown By.CssSelector: select[id='00NG0000008MrCl']
ZENQ\rupesh.barnawal  [ INFO]  03:21:37 29-03-19   SafeSelectDropdown   – Selected option with index 1from dropdown By.CssSelector: select[id='00NG0000008MrCs']
ZENQ\rupesh.barnawal  [ INFO]  03:21:40 29-03-19   FindElement   – Waiting for element: By.CssSelector: input[id='00NG0000008MrD0'] for 5 seconds
ZENQ\rupesh.barnawal  [ INFO]  03:21:40 29-03-19   SafeNormalClick   – Clicked on element By.CssSelector: input[id='00NG0000008MrD0']
ZENQ\rupesh.barnawal  [ INFO]  03:21:40 29-03-19   FindElement   – Waiting for element: By.CssSelector: input[id='00NG0000008MrD0'] for 5 seconds
ZENQ\rupesh.barnawal  [ INFO]  03:21:40 29-03-19   WaitForJQueryProcessing   – Waiting ajax processing to complete..
ZENQ\rupesh.barnawal  [ INFO]  03:21:41 29-03-19   WaitForJQueryProcessing   – Waiting stopped due to exception..unknown error: jQuery is not defined
  (Session info: chrome=73.0.3683.86)
  (Driver info: chromedriver=2.40.565498 (ea082db3280dd6843ebfb08a625e3eb905c4f5ab),platform=Windows NT 10.0.10240 x86_64)
ZENQ\rupesh.barnawal  [ INFO]  03:21:41 29-03-19   WaitForPageToLoad   – Waiting until page load is complete..
ZENQ\rupesh.barnawal  [ INFO]  03:21:41 29-03-19   FindElement   – Waiting for element: By.CssSelector: input[id='00NG0000009ZruH'] for 5 seconds
ZENQ\rupesh.barnawal  [ INFO]  03:21:41 29-03-19   SafeNormalClick   – Clicked on element By.CssSelector: input[id='00NG0000009ZruH']
ZENQ\rupesh.barnawal  [ INFO]  03:21:41 29-03-19   FindElement   – Waiting for element: By.CssSelector: input[id='00NG0000009ZruH'] for 5 seconds
ZENQ\rupesh.barnawal  [ INFO]  03:21:41 29-03-19   WaitForJQueryProcessing   – Waiting ajax processing to complete..
ZENQ\rupesh.barnawal  [ INFO]  03:21:42 29-03-19   WaitForJQueryProcessing   – Waiting stopped due to exception..unknown error: jQuery is not defined
  (Session info: chrome=73.0.3683.86)
  (Driver info: chromedriver=2.40.565498 (ea082db3280dd6843ebfb08a625e3eb905c4f5ab),platform=Windows NT 10.0.10240 x86_64)
ZENQ\rupesh.barnawal  [ INFO]  03:21:42 29-03-19   WaitForPageToLoad   – Waiting until page load is complete..
ZENQ\rupesh.barnawal  [ INFO]  03:21:42 29-03-19   FindElement   – Waiting for element: By.CssSelector: input[id='00NG0000008MrCw'] for 5 seconds
ZENQ\rupesh.barnawal  [ INFO]  03:21:42 29-03-19   SafeNormalClick   – Clicked on element By.CssSelector: input[id='00NG0000008MrCw']
ZENQ\rupesh.barnawal  [ INFO]  03:21:42 29-03-19   FindElement   – Waiting for element: By.CssSelector: input[id='00NG0000008MrCw'] for 5 seconds
ZENQ\rupesh.barnawal  [ INFO]  03:21:42 29-03-19   WaitForJQueryProcessing   – Waiting ajax processing to complete..
ZENQ\rupesh.barnawal  [ INFO]  03:21:43 29-03-19   WaitForJQueryProcessing   – Waiting stopped due to exception..unknown error: jQuery is not defined
  (Session info: chrome=73.0.3683.86)
  (Driver info: chromedriver=2.40.565498 (ea082db3280dd6843ebfb08a625e3eb905c4f5ab),platform=Windows NT 10.0.10240 x86_64)
ZENQ\rupesh.barnawal  [ INFO]  03:21:43 29-03-19   WaitForPageToLoad   – Waiting until page load is complete..
ZENQ\rupesh.barnawal  [ INFO]  03:21:43 29-03-19   FindElement   – Waiting for element: By.CssSelector: input[id='00NG0000008MrD0'] for 5 seconds
ZENQ\rupesh.barnawal  [ INFO]  03:21:43 29-03-19   SafeNormalClick   – Clicked on element By.CssSelector: input[id='00NG0000008MrD0']
ZENQ\rupesh.barnawal  [ INFO]  03:21:43 29-03-19   FindElement   – Waiting for element: By.CssSelector: input[id='00NG0000008MrCn'] for 5 seconds
ZENQ\rupesh.barnawal  [ INFO]  03:21:43 29-03-19   SafeNormalClick   – Clicked on element By.CssSelector: input[id='00NG0000008MrCn']
ZENQ\rupesh.barnawal  [ INFO]  03:21:43 29-03-19   FindElement   – Waiting for element: By.CssSelector: input[id='00NG0000008MrCn'] for 5 seconds
ZENQ\rupesh.barnawal  [ INFO]  03:21:43 29-03-19   FindElement   – Waiting for element: By.CssSelector: input[id='00NG0000008P7me'] for 5 seconds
ZENQ\rupesh.barnawal  [ INFO]  03:21:44 29-03-19   SafeNormalClick   – Clicked on element By.CssSelector: input[id='00NG0000008P7me']
ZENQ\rupesh.barnawal  [ INFO]  03:21:44 29-03-19   FindElement   – Waiting for element: By.CssSelector: input[id='00NG0000008P7me'] for 5 seconds
ZENQ\rupesh.barnawal  [ INFO]  03:21:44 29-03-19   FindElement   – Waiting for element: By.CssSelector: input[id='00NG0000008P7mf'] for 5 seconds
ZENQ\rupesh.barnawal  [ INFO]  03:21:44 29-03-19   SafeNormalClick   – Clicked on element By.CssSelector: input[id='00NG0000008P7mf']
ZENQ\rupesh.barnawal  [ INFO]  03:21:44 29-03-19   FindElement   – Waiting for element: By.CssSelector: input[id='00NG0000008P7mf'] for 5 seconds
ZENQ\rupesh.barnawal  [ INFO]  03:21:44 29-03-19   WaitForJQueryProcessing   – Waiting ajax processing to complete..
ZENQ\rupesh.barnawal  [ INFO]  03:21:45 29-03-19   WaitForJQueryProcessing   – Waiting stopped due to exception..unknown error: jQuery is not defined
  (Session info: chrome=73.0.3683.86)
  (Driver info: chromedriver=2.40.565498 (ea082db3280dd6843ebfb08a625e3eb905c4f5ab),platform=Windows NT 10.0.10240 x86_64)
ZENQ\rupesh.barnawal  [ INFO]  03:21:45 29-03-19   WaitForPageToLoad   – Waiting until page load is complete..
ZENQ\rupesh.barnawal  [ INFO]  03:21:47 29-03-19   SafeSelectDropdown   – Selected option with index 2from dropdown By.CssSelector: select[id='00NG0000008P7mh']
ZENQ\rupesh.barnawal  [ INFO]  03:21:50 29-03-19   FindElement   – Waiting for element: By.CssSelector: td[id='bottomButtonRow'] input[title='Save'] for 5 seconds
ZENQ\rupesh.barnawal  [ INFO]  03:21:54 29-03-19   SafeNormalClick   – Clicked on element By.CssSelector: td[id='bottomButtonRow'] input[title='Save']
ZENQ\rupesh.barnawal  [ INFO]  03:21:54 29-03-19   WaitForJQueryProcessing   – Waiting ajax processing to complete..
ZENQ\rupesh.barnawal  [ INFO]  03:21:54 29-03-19   WaitForJQueryProcessing   – Waiting stopped due to exception..unknown error: jQuery is not defined
  (Session info: chrome=73.0.3683.86)
  (Driver info: chromedriver=2.40.565498 (ea082db3280dd6843ebfb08a625e3eb905c4f5ab),platform=Windows NT 10.0.10240 x86_64)
ZENQ\rupesh.barnawal  [ INFO]  03:21:54 29-03-19   WaitForPageToLoad   – Waiting until page load is complete..
ZENQ\rupesh.barnawal  [ INFO]  03:22:00 29-03-19   SafeGetText   – Taken [By.CssSelector: .pageDescription] locater text
ZENQ\rupesh.barnawal  [ INFO]  03:22:00 29-03-19   InitChromeDriver   – Launching google chrome with new profile..
ZENQ\rupesh.barnawal  [ INFO]  03:22:00 29-03-19   InitChromeDriver   – chrome driver initialized..
ZENQ\rupesh.barnawal  [ INFO]  03:22:00 29-03-19   GetProjectLocation   – path is:=>D:\osvsatmosphere\OSVAtmosQAAutomation\OneAtmosphere
ZENQ\rupesh.barnawal  [ INFO]  03:22:12 29-03-19   .ctor   – Initializing waits..
ZENQ\rupesh.barnawal  [ INFO]  03:22:12 29-03-19   LoginIntoOneAtmos   – this is login page
ZENQ\rupesh.barnawal  [ INFO]  03:22:12 29-03-19   EnterUserName   – type text in username field
ZENQ\rupesh.barnawal  [ INFO]  03:22:12 29-03-19   FindElement   – Waiting for element: By.XPath: //input[@type='text'] for 30 seconds
ZENQ\rupesh.barnawal  [ INFO]  03:22:12 29-03-19   SafeType   – Entered text zenatmos1@gmail.com in the field By.XPath: //input[@type='text']
ZENQ\rupesh.barnawal  [ INFO]  03:22:12 29-03-19   EnterUserName   – Entered the UserName in username
ZENQ\rupesh.barnawal  [ INFO]  03:22:12 29-03-19   EnterPassword   – Type password in password field
ZENQ\rupesh.barnawal  [ INFO]  03:22:12 29-03-19   FindElement   – Waiting for element: By.XPath: //input[@type='password'] for 30 seconds
ZENQ\rupesh.barnawal  [ INFO]  03:22:12 29-03-19   SafeType   – Entered text Second@123! in the field By.XPath: //input[@type='password']
ZENQ\rupesh.barnawal  [ INFO]  03:22:12 29-03-19   EnterPassword   – Entered the password in password field
ZENQ\rupesh.barnawal  [ INFO]  03:22:12 29-03-19   ClickSIGNINButton   – click on SIGN IN button
ZENQ\rupesh.barnawal  [ INFO]  03:22:12 29-03-19   FindElement   – Waiting for element: By.XPath: //span[contains(@class,'label bBody')] for 60 seconds
ZENQ\rupesh.barnawal  [ INFO]  03:22:12 29-03-19   SafeNormalClick   – Clicked on element By.XPath: //span[contains(@class,'label bBody')]
ZENQ\rupesh.barnawal  [ INFO]  03:22:12 29-03-19   ClickSIGNINButton   – clicked on SIGN IN button
ZENQ\rupesh.barnawal  [ INFO]  03:22:12 29-03-19   WaitForPageToLoad   – Waiting until page load is complete..
ZENQ\rupesh.barnawal  [ INFO]  03:22:18 29-03-19   ClickSIGNINButton   – Login Successful. Navigated to Home Page ..
ZENQ\rupesh.barnawal  [ INFO]  03:22:18 29-03-19   .ctor   – Initializing waits..
ZENQ\rupesh.barnawal  [ INFO]  03:22:18 29-03-19   LoginIntoOneAtmos   – Logged in to OneAtmos site.
ZENQ\rupesh.barnawal  [ INFO]  03:22:18 29-03-19   FindElement   – Waiting for element: By.XPath: //*[@data-aura-class='cAtmos_Treasury_HomeWorklet']/div[2]/div[@class='slds-float--right'] for 5 seconds
ZENQ\rupesh.barnawal  [ INFO]  03:22:20 29-03-19   SafeNormalClick   – Clicked on element By.XPath: //*[@data-aura-class='cAtmos_Treasury_HomeWorklet']/div[2]/div[@class='slds-float--right']
ZENQ\rupesh.barnawal  [ INFO]  03:22:20 29-03-19   WaitForPageToLoad   – Waiting until page load is complete..
ZENQ\rupesh.barnawal  [ INFO]  03:22:20 29-03-19   VerifyEllipsesMenuClickable   – Ellipse Menu Clickable..
ZENQ\rupesh.barnawal  [ INFO]  03:22:20 29-03-19   .ctor   – Initializing waits..
ZENQ\rupesh.barnawal  [ INFO]  03:22:20 29-03-19   FindElement   – Waiting for element: By.XPath: //div[contains(@class,'slds-show')]//div[@class='cAtmos_Worklet_Pagination']//select for 10 seconds
ZENQ\rupesh.barnawal  [ INFO]  03:22:25 29-03-19   SafeNormalClick   – Clicked on element By.XPath: //div[contains(@class,'slds-show')]//div[@class='cAtmos_Worklet_Pagination']//select
ZENQ\rupesh.barnawal  [ INFO]  03:22:27 29-03-19   SafeSelectDropdown   – Selected option with index 3from dropdown By.XPath: //div[contains(@class,'slds-show')]//div[@class='cAtmos_Worklet_Pagination']//select
ZENQ\rupesh.barnawal  [ INFO]  03:22:33 29-03-19   SafeGetText   – Taken [By.XPath: //div[contains(@class,'show')]//span[@class='paginationDetails']] locater text
ZENQ\rupesh.barnawal  [ INFO]  03:22:34 29-03-19   AddDetails   – Added elements to list
ZENQ\rupesh.barnawal  [ INFO]  03:22:34 29-03-19   ComparingValues   – Tax Collection record is created in OSVAtmos site
ZENQ\rupesh.barnawal  [ INFO]  03:22:34 29-03-19   WaitForPageToLoad   – Waiting until page load is complete..
ZENQ\rupesh.barnawal  [ INFO]  03:22:34 29-03-19   FindElement   – Waiting for element: By.XPath: //i[@class='fa fa-chevron-down dropdownIcon'] for 10 seconds
ZENQ\rupesh.barnawal  [ INFO]  03:22:34 29-03-19   SafeNormalClick   – Clicked on element By.XPath: //i[@class='fa fa-chevron-down dropdownIcon']
ZENQ\rupesh.barnawal  [ INFO]  03:22:34 29-03-19   FindElement   – Waiting for element: By.XPath: //a[@title='LOGOUT'] for 5 seconds
ZENQ\rupesh.barnawal  [ INFO]  03:22:35 29-03-19   SafeNormalClick   – Clicked on element By.XPath: //a[@title='LOGOUT']
ZENQ\rupesh.barnawal  [ INFO]  03:22:35 29-03-19   WaitForJQueryProcessing   – Waiting ajax processing to complete..
ZENQ\rupesh.barnawal  [ INFO]  03:22:37 29-03-19   WaitForJQueryProcessing   – Waiting stopped due to exception..unknown error: jQuery is not defined
  (Session info: chrome=73.0.3683.86)
  (Driver info: chromedriver=2.40.565498 (ea082db3280dd6843ebfb08a625e3eb905c4f5ab),platform=Windows NT 10.0.10240 x86_64)
ZENQ\rupesh.barnawal  [ INFO]  03:22:37 29-03-19   WaitForPageToLoad   – Waiting until page load is complete..
ZENQ\rupesh.barnawal  [ INFO]  03:22:37 29-03-19   LogOut   – Logged Out ..
ZENQ\rupesh.barnawal  [ INFO]  03:22:37 29-03-19   .ctor   – Initializing waits..
ZENQ\rupesh.barnawal  [ INFO]  03:22:38 29-03-19   FindElement   – Waiting for element: By.XPath: //td[@id='topButtonRow']//input[@title='Delete'] for 10 seconds
ZENQ\rupesh.barnawal  [ INFO]  03:22:38 29-03-19   SafeNormalClick   – Clicked on element By.XPath: //td[@id='topButtonRow']//input[@title='Delete']
ZENQ\rupesh.barnawal  [ INFO]  03:22:38 29-03-19   WaitForPageToLoad   – Waiting until page load is complete..
ZENQ\rupesh.barnawal  [ INFO]  03:22:42 29-03-19   FindElement   – Waiting for element: By.XPath: .//*[@id='userNavButton'] for 5 seconds
ZENQ\rupesh.barnawal  [ INFO]  03:22:43 29-03-19   SafeNormalClick   – Clicked on element By.XPath: .//*[@id='userNavButton']
ZENQ\rupesh.barnawal  [ INFO]  03:22:44 29-03-19   FindElement   – Waiting for element: By.XPath: .//*[@id='userNav-menuItems']/a[@title='Logout'] for 5 seconds
ZENQ\rupesh.barnawal  [ INFO]  03:22:46 29-03-19   SafeNormalClick   – Clicked on element By.XPath: .//*[@id='userNav-menuItems']/a[@title='Logout']
ZENQ\rupesh.barnawal  [ INFO]  03:22:46 29-03-19   WaitForPageToLoad   – Waiting until page load is complete..
ZENQ\rupesh.barnawal  [ INFO]  03:22:51 29-03-19   .ctor   – Initializing waits..
ZENQ\rupesh.barnawal  [ INFO]  03:22:51 29-03-19   SetUpTest   – Starting Execution of Scenario:=>DDP Collection >> ACH Money Movement Type - Create a new 'Money transaction' with 'Approved' Status for Future settlement date in Feature:Salesforce
ZENQ\rupesh.barnawal  [ INFO]  03:22:51 29-03-19   InitChromeDriver   – Launching google chrome with new profile..
ZENQ\rupesh.barnawal  [ INFO]  03:22:51 29-03-19   InitChromeDriver   – chrome driver initialized..
ZENQ\rupesh.barnawal  [ INFO]  03:22:51 29-03-19   GetProjectLocation   – path is:=>D:\osvsatmosphere\OSVAtmosQAAutomation\OneAtmosphere
ZENQ\rupesh.barnawal  [ INFO]  03:22:59 29-03-19   .ctor   – Initializing waits..
ZENQ\rupesh.barnawal  [ INFO]  03:23:00 29-03-19   FindElement   – Waiting for element: By.XPath: .//*[@id='username'] for 30 seconds
ZENQ\rupesh.barnawal  [ INFO]  03:23:00 29-03-19   SafeType   – Entered text lakshmisravani.allarapu@zenq.qaprodcopy in the field By.XPath: .//*[@id='username']
ZENQ\rupesh.barnawal  [ INFO]  03:23:00 29-03-19   EnterSalesforceUserName   – User Name entered in Salesforce Login
ZENQ\rupesh.barnawal  [ INFO]  03:23:00 29-03-19   FindElement   – Waiting for element: By.XPath: //input[@id='password'] for 30 seconds
ZENQ\rupesh.barnawal  [ INFO]  03:23:00 29-03-19   SafeType   – Entered text Sravani@1826! in the field By.XPath: //input[@id='password']
ZENQ\rupesh.barnawal  [ INFO]  03:23:00 29-03-19   EnterSalesforcePassword   – Password entered in Salesforce Login
ZENQ\rupesh.barnawal  [ INFO]  03:23:00 29-03-19   ClickSIGNINButton   – click on Salesforce SIGN IN button
ZENQ\rupesh.barnawal  [ INFO]  03:23:01 29-03-19   FindElement   – Waiting for element: By.XPath: .//*[@id='Login'] for 10 seconds
ZENQ\rupesh.barnawal  [ INFO]  03:23:16 29-03-19   SafeNormalClick   – Clicked on element By.XPath: .//*[@id='Login']
ZENQ\rupesh.barnawal  [ INFO]  03:23:16 29-03-19   ClickSIGNINButton   – clicked on Salesforce SIGN IN button
ZENQ\rupesh.barnawal  [ INFO]  03:23:16 29-03-19   WaitForPageToLoad   – Waiting until page load is complete..
ZENQ\rupesh.barnawal  [ INFO]  03:23:28 29-03-19   .ctor   – Initializing waits..
ZENQ\rupesh.barnawal  [ INFO]  03:23:28 29-03-19   WaitForPageToLoad   – Waiting until page load is complete..
ZENQ\rupesh.barnawal  [ INFO]  03:23:28 29-03-19   FindElement   – Waiting for element: By.CssSelector: li[id='01rG0000000VBHU_Tab'] a[title = 'Money Transactions Tab'] for 5 seconds
ZENQ\rupesh.barnawal  [ INFO]  03:23:30 29-03-19   SafeNormalClick   – Clicked on element By.CssSelector: li[id='01rG0000000VBHU_Tab'] a[title = 'Money Transactions Tab']
ZENQ\rupesh.barnawal  [ INFO]  03:23:30 29-03-19   WaitForPageToLoad   – Waiting until page load is complete..
ZENQ\rupesh.barnawal  [ INFO]  03:23:30 29-03-19   FindElement   – Waiting for element: By.CssSelector: input[Title=New] for 5 seconds
ZENQ\rupesh.barnawal  [ INFO]  03:23:31 29-03-19   SafeNormalClick   – Clicked on element By.CssSelector: input[Title=New]
ZENQ\rupesh.barnawal  [ INFO]  03:23:31 29-03-19   WaitUntilElementIsDisplayed   – Waiting until element: By.CssSelector: #CF00NG0000008MrCm is displayed.. timeout is 10 seconds
ZENQ\rupesh.barnawal  [ INFO]  03:23:31 29-03-19   FindElement   – Waiting for element: By.CssSelector: #CF00NG0000008MrCm for 10 seconds
ZENQ\rupesh.barnawal  [ INFO]  03:23:32 29-03-19   EnterAcctAndTenantDeatilsInMoneyTransactionPage   – Sucessfully Account details are entered
ZENQ\rupesh.barnawal  [ INFO]  03:23:32 29-03-19   WaitForJQueryProcessing   – Waiting ajax processing to complete..
ZENQ\rupesh.barnawal  [ INFO]  03:23:32 29-03-19   WaitForJQueryProcessing   – Waiting stopped due to exception..unknown error: jQuery is not defined
  (Session info: chrome=73.0.3683.86)
  (Driver info: chromedriver=2.40.565498 (ea082db3280dd6843ebfb08a625e3eb905c4f5ab),platform=Windows NT 10.0.10240 x86_64)
ZENQ\rupesh.barnawal  [ INFO]  03:23:32 29-03-19   FindElement   – Waiting for element: By.CssSelector: #CF00NG0000008MrCz for 10 seconds
ZENQ\rupesh.barnawal  [ INFO]  03:23:35 29-03-19   SafeSelectDropdown   – Selected option with index 2from dropdown By.CssSelector: select[id='00NG0000008MrD1']
ZENQ\rupesh.barnawal  [ INFO]  03:23:41 29-03-19   SafeSelectDropdown   – Selected option with index 1from dropdown By.CssSelector: select[id='00NG0000008MrCs']
ZENQ\rupesh.barnawal  [ INFO]  03:23:44 29-03-19   FindElement   – Waiting for element: By.CssSelector: input[id='00NG0000008MrD0'] for 5 seconds
ZENQ\rupesh.barnawal  [ INFO]  03:23:44 29-03-19   SafeNormalClick   – Clicked on element By.CssSelector: input[id='00NG0000008MrD0']
ZENQ\rupesh.barnawal  [ INFO]  03:23:44 29-03-19   FindElement   – Waiting for element: By.CssSelector: input[id='00NG0000008MrD0'] for 5 seconds
ZENQ\rupesh.barnawal  [ INFO]  03:23:44 29-03-19   WaitForJQueryProcessing   – Waiting ajax processing to complete..
ZENQ\rupesh.barnawal  [ INFO]  03:23:45 29-03-19   WaitForJQueryProcessing   – Waiting stopped due to exception..unknown error: jQuery is not defined
  (Session info: chrome=73.0.3683.86)
  (Driver info: chromedriver=2.40.565498 (ea082db3280dd6843ebfb08a625e3eb905c4f5ab),platform=Windows NT 10.0.10240 x86_64)
ZENQ\rupesh.barnawal  [ INFO]  03:23:45 29-03-19   WaitForPageToLoad   – Waiting until page load is complete..
ZENQ\rupesh.barnawal  [ INFO]  03:23:45 29-03-19   FindElement   – Waiting for element: By.CssSelector: input[id='00NG0000009ZruH'] for 5 seconds
ZENQ\rupesh.barnawal  [ INFO]  03:23:45 29-03-19   SafeNormalClick   – Clicked on element By.CssSelector: input[id='00NG0000009ZruH']
ZENQ\rupesh.barnawal  [ INFO]  03:23:45 29-03-19   FindElement   – Waiting for element: By.CssSelector: input[id='00NG0000009ZruH'] for 5 seconds
ZENQ\rupesh.barnawal  [ INFO]  03:23:45 29-03-19   WaitForJQueryProcessing   – Waiting ajax processing to complete..
ZENQ\rupesh.barnawal  [ INFO]  03:23:45 29-03-19   WaitForJQueryProcessing   – Waiting stopped due to exception..unknown error: jQuery is not defined
  (Session info: chrome=73.0.3683.86)
  (Driver info: chromedriver=2.40.565498 (ea082db3280dd6843ebfb08a625e3eb905c4f5ab),platform=Windows NT 10.0.10240 x86_64)
ZENQ\rupesh.barnawal  [ INFO]  03:23:45 29-03-19   WaitForPageToLoad   – Waiting until page load is complete..
ZENQ\rupesh.barnawal  [ INFO]  03:23:46 29-03-19   FindElement   – Waiting for element: By.CssSelector: input[id='00NG0000008MrCw'] for 5 seconds
ZENQ\rupesh.barnawal  [ INFO]  03:23:46 29-03-19   SafeNormalClick   – Clicked on element By.CssSelector: input[id='00NG0000008MrCw']
ZENQ\rupesh.barnawal  [ INFO]  03:23:46 29-03-19   FindElement   – Waiting for element: By.CssSelector: input[id='00NG0000008MrCw'] for 5 seconds
ZENQ\rupesh.barnawal  [ INFO]  03:23:46 29-03-19   WaitForJQueryProcessing   – Waiting ajax processing to complete..
ZENQ\rupesh.barnawal  [ INFO]  03:23:46 29-03-19   WaitForJQueryProcessing   – Waiting stopped due to exception..unknown error: jQuery is not defined
  (Session info: chrome=73.0.3683.86)
  (Driver info: chromedriver=2.40.565498 (ea082db3280dd6843ebfb08a625e3eb905c4f5ab),platform=Windows NT 10.0.10240 x86_64)
ZENQ\rupesh.barnawal  [ INFO]  03:23:46 29-03-19   WaitForPageToLoad   – Waiting until page load is complete..
ZENQ\rupesh.barnawal  [ INFO]  03:23:47 29-03-19   FindElement   – Waiting for element: By.CssSelector: input[id='00NG0000008MrD0'] for 5 seconds
ZENQ\rupesh.barnawal  [ INFO]  03:23:47 29-03-19   SafeNormalClick   – Clicked on element By.CssSelector: input[id='00NG0000008MrD0']
ZENQ\rupesh.barnawal  [ INFO]  03:23:47 29-03-19   FindElement   – Waiting for element: By.CssSelector: input[id='00NG0000008MrCn'] for 5 seconds
ZENQ\rupesh.barnawal  [ INFO]  03:23:47 29-03-19   SafeNormalClick   – Clicked on element By.CssSelector: input[id='00NG0000008MrCn']
ZENQ\rupesh.barnawal  [ INFO]  03:23:47 29-03-19   FindElement   – Waiting for element: By.CssSelector: input[id='00NG0000008MrCn'] for 5 seconds
ZENQ\rupesh.barnawal  [ INFO]  03:23:47 29-03-19   FindElement   – Waiting for element: By.CssSelector: input[id='00NG0000008P7me'] for 5 seconds
ZENQ\rupesh.barnawal  [ INFO]  03:23:47 29-03-19   SafeNormalClick   – Clicked on element By.CssSelector: input[id='00NG0000008P7me']
ZENQ\rupesh.barnawal  [ INFO]  03:23:47 29-03-19   FindElement   – Waiting for element: By.CssSelector: input[id='00NG0000008P7me'] for 5 seconds
ZENQ\rupesh.barnawal  [ INFO]  03:23:48 29-03-19   FindElement   – Waiting for element: By.CssSelector: input[id='00NG0000008P7mf'] for 5 seconds
ZENQ\rupesh.barnawal  [ INFO]  03:23:48 29-03-19   SafeNormalClick   – Clicked on element By.CssSelector: input[id='00NG0000008P7mf']
ZENQ\rupesh.barnawal  [ INFO]  03:23:48 29-03-19   FindElement   – Waiting for element: By.CssSelector: input[id='00NG0000008P7mf'] for 5 seconds
ZENQ\rupesh.barnawal  [ INFO]  03:23:48 29-03-19   WaitForJQueryProcessing   – Waiting ajax processing to complete..
ZENQ\rupesh.barnawal  [ INFO]  03:23:48 29-03-19   WaitForJQueryProcessing   – Waiting stopped due to exception..unknown error: jQuery is not defined
  (Session info: chrome=73.0.3683.86)
  (Driver info: chromedriver=2.40.565498 (ea082db3280dd6843ebfb08a625e3eb905c4f5ab),platform=Windows NT 10.0.10240 x86_64)
ZENQ\rupesh.barnawal  [ INFO]  03:23:48 29-03-19   WaitForPageToLoad   – Waiting until page load is complete..
ZENQ\rupesh.barnawal  [ INFO]  03:23:51 29-03-19   SafeSelectDropdown   – Selected option with index 2from dropdown By.CssSelector: select[id='00NG0000008P7mh']
ZENQ\rupesh.barnawal  [ INFO]  03:23:54 29-03-19   FindElement   – Waiting for element: By.CssSelector: td[id='bottomButtonRow'] input[title='Save'] for 5 seconds
ZENQ\rupesh.barnawal  [ INFO]  03:23:58 29-03-19   SafeNormalClick   – Clicked on element By.CssSelector: td[id='bottomButtonRow'] input[title='Save']
ZENQ\rupesh.barnawal  [ INFO]  03:23:58 29-03-19   WaitForJQueryProcessing   – Waiting ajax processing to complete..
ZENQ\rupesh.barnawal  [ INFO]  03:23:58 29-03-19   WaitForJQueryProcessing   – Waiting stopped due to exception..unknown error: jQuery is not defined
  (Session info: chrome=73.0.3683.86)
  (Driver info: chromedriver=2.40.565498 (ea082db3280dd6843ebfb08a625e3eb905c4f5ab),platform=Windows NT 10.0.10240 x86_64)
ZENQ\rupesh.barnawal  [ INFO]  03:23:58 29-03-19   WaitForPageToLoad   – Waiting until page load is complete..
ZENQ\rupesh.barnawal  [ INFO]  03:24:04 29-03-19   SafeGetText   – Taken [By.CssSelector: .pageDescription] locater text
ZENQ\rupesh.barnawal  [ INFO]  03:24:04 29-03-19   InitChromeDriver   – Launching google chrome with new profile..
ZENQ\rupesh.barnawal  [ INFO]  03:24:04 29-03-19   InitChromeDriver   – chrome driver initialized..
ZENQ\rupesh.barnawal  [ INFO]  03:24:04 29-03-19   GetProjectLocation   – path is:=>D:\osvsatmosphere\OSVAtmosQAAutomation\OneAtmosphere
ZENQ\rupesh.barnawal  [ INFO]  03:24:12 29-03-19   .ctor   – Initializing waits..
ZENQ\rupesh.barnawal  [ INFO]  03:24:12 29-03-19   LoginIntoOneAtmos   – this is login page
ZENQ\rupesh.barnawal  [ INFO]  03:24:12 29-03-19   EnterUserName   – type text in username field
ZENQ\rupesh.barnawal  [ INFO]  03:24:12 29-03-19   FindElement   – Waiting for element: By.XPath: //input[@type='text'] for 30 seconds
ZENQ\rupesh.barnawal  [ INFO]  03:24:13 29-03-19   SafeType   – Entered text zenatmos1@gmail.com in the field By.XPath: //input[@type='text']
ZENQ\rupesh.barnawal  [ INFO]  03:24:13 29-03-19   EnterUserName   – Entered the UserName in username
ZENQ\rupesh.barnawal  [ INFO]  03:24:13 29-03-19   EnterPassword   – Type password in password field
ZENQ\rupesh.barnawal  [ INFO]  03:24:13 29-03-19   FindElement   – Waiting for element: By.XPath: //input[@type='password'] for 30 seconds
ZENQ\rupesh.barnawal  [ INFO]  03:24:13 29-03-19   SafeType   – Entered text Second@123! in the field By.XPath: //input[@type='password']
ZENQ\rupesh.barnawal  [ INFO]  03:24:13 29-03-19   EnterPassword   – Entered the password in password field
ZENQ\rupesh.barnawal  [ INFO]  03:24:13 29-03-19   ClickSIGNINButton   – click on SIGN IN button
ZENQ\rupesh.barnawal  [ INFO]  03:24:13 29-03-19   FindElement   – Waiting for element: By.XPath: //span[contains(@class,'label bBody')] for 60 seconds
ZENQ\rupesh.barnawal  [ INFO]  03:24:13 29-03-19   SafeNormalClick   – Clicked on element By.XPath: //span[contains(@class,'label bBody')]
ZENQ\rupesh.barnawal  [ INFO]  03:24:13 29-03-19   ClickSIGNINButton   – clicked on SIGN IN button
ZENQ\rupesh.barnawal  [ INFO]  03:24:13 29-03-19   WaitForPageToLoad   – Waiting until page load is complete..
ZENQ\rupesh.barnawal  [ INFO]  03:24:16 29-03-19   ClickSIGNINButton   – Login Successful. Navigated to Home Page ..
ZENQ\rupesh.barnawal  [ INFO]  03:24:16 29-03-19   .ctor   – Initializing waits..
ZENQ\rupesh.barnawal  [ INFO]  03:24:16 29-03-19   LoginIntoOneAtmos   – Logged in to OneAtmos site.
ZENQ\rupesh.barnawal  [ INFO]  03:24:17 29-03-19   FindElement   – Waiting for element: By.XPath: //*[@data-aura-class='cAtmos_Treasury_HomeWorklet']/div[2]/div[@class='slds-float--right'] for 5 seconds
ZENQ\rupesh.barnawal  [ INFO]  03:24:19 29-03-19   SafeNormalClick   – Clicked on element By.XPath: //*[@data-aura-class='cAtmos_Treasury_HomeWorklet']/div[2]/div[@class='slds-float--right']
ZENQ\rupesh.barnawal  [ INFO]  03:24:19 29-03-19   WaitForPageToLoad   – Waiting until page load is complete..
ZENQ\rupesh.barnawal  [ INFO]  03:24:19 29-03-19   VerifyEllipsesMenuClickable   – Ellipse Menu Clickable..
ZENQ\rupesh.barnawal  [ INFO]  03:24:19 29-03-19   .ctor   – Initializing waits..
ZENQ\rupesh.barnawal  [ INFO]  03:24:19 29-03-19   FindElement   – Waiting for element: By.XPath: //div[contains(@class,'slds-show')]//div[@class='cAtmos_Worklet_Pagination']//select for 10 seconds
ZENQ\rupesh.barnawal  [ INFO]  03:24:22 29-03-19   SafeNormalClick   – Clicked on element By.XPath: //div[contains(@class,'slds-show')]//div[@class='cAtmos_Worklet_Pagination']//select
ZENQ\rupesh.barnawal  [ INFO]  03:24:24 29-03-19   SafeSelectDropdown   – Selected option with index 3from dropdown By.XPath: //div[contains(@class,'slds-show')]//div[@class='cAtmos_Worklet_Pagination']//select
ZENQ\rupesh.barnawal  [ INFO]  03:24:30 29-03-19   SafeGetText   – Taken [By.XPath: //div[contains(@class,'show')]//span[@class='paginationDetails']] locater text
ZENQ\rupesh.barnawal  [ INFO]  03:24:31 29-03-19   AddDetails   – Added elements to list
ZENQ\rupesh.barnawal  [ INFO]  03:24:31 29-03-19   WaitForPageToLoad   – Waiting until page load is complete..
ZENQ\rupesh.barnawal  [ INFO]  03:24:31 29-03-19   FindElement   – Waiting for element: By.XPath: //i[@class='fa fa-chevron-down dropdownIcon'] for 10 seconds
ZENQ\rupesh.barnawal  [ INFO]  03:24:31 29-03-19   SafeNormalClick   – Clicked on element By.XPath: //i[@class='fa fa-chevron-down dropdownIcon']
ZENQ\rupesh.barnawal  [ INFO]  03:24:32 29-03-19   FindElement   – Waiting for element: By.XPath: //a[@title='LOGOUT'] for 5 seconds
ZENQ\rupesh.barnawal  [ INFO]  03:24:32 29-03-19   SafeNormalClick   – Clicked on element By.XPath: //a[@title='LOGOUT']
ZENQ\rupesh.barnawal  [ INFO]  03:24:32 29-03-19   WaitForJQueryProcessing   – Waiting ajax processing to complete..
ZENQ\rupesh.barnawal  [ INFO]  03:24:34 29-03-19   WaitForJQueryProcessing   – Waiting stopped due to exception..unknown error: jQuery is not defined
  (Session info: chrome=73.0.3683.86)
  (Driver info: chromedriver=2.40.565498 (ea082db3280dd6843ebfb08a625e3eb905c4f5ab),platform=Windows NT 10.0.10240 x86_64)
ZENQ\rupesh.barnawal  [ INFO]  03:24:34 29-03-19   WaitForPageToLoad   – Waiting until page load is complete..
ZENQ\rupesh.barnawal  [ INFO]  03:24:34 29-03-19   LogOut   – Logged Out ..
ZENQ\rupesh.barnawal  [ INFO]  03:24:34 29-03-19   .ctor   – Initializing waits..
ZENQ\rupesh.barnawal  [ INFO]  03:24:35 29-03-19   FindElement   – Waiting for element: By.XPath: //td[@id='topButtonRow']//input[@title='Delete'] for 10 seconds
ZENQ\rupesh.barnawal  [ INFO]  03:24:35 29-03-19   SafeNormalClick   – Clicked on element By.XPath: //td[@id='topButtonRow']//input[@title='Delete']
ZENQ\rupesh.barnawal  [ INFO]  03:24:35 29-03-19   WaitForPageToLoad   – Waiting until page load is complete..
ZENQ\rupesh.barnawal  [ INFO]  03:24:39 29-03-19   FindElement   – Waiting for element: By.XPath: .//*[@id='userNavButton'] for 5 seconds
ZENQ\rupesh.barnawal  [ INFO]  03:24:39 29-03-19   SafeNormalClick   – Clicked on element By.XPath: .//*[@id='userNavButton']
ZENQ\rupesh.barnawal  [ INFO]  03:24:40 29-03-19   FindElement   – Waiting for element: By.XPath: .//*[@id='userNav-menuItems']/a[@title='Logout'] for 5 seconds
ZENQ\rupesh.barnawal  [ INFO]  03:24:42 29-03-19   SafeNormalClick   – Clicked on element By.XPath: .//*[@id='userNav-menuItems']/a[@title='Logout']
ZENQ\rupesh.barnawal  [ INFO]  03:24:42 29-03-19   WaitForPageToLoad   – Waiting until page load is complete..
ZENQ\rupesh.barnawal  [ INFO]  03:24:47 29-03-19   .ctor   – Initializing waits..
ZENQ\rupesh.barnawal  [ INFO]  03:24:47 29-03-19   SetUpTest   – Starting Execution of Scenario:=>Garnishment Collection >> ACH Money Movement Type - Create a new 'Money Transaction' with 'Approved' Status for Future Settlement date in Feature:Salesforce
ZENQ\rupesh.barnawal  [ INFO]  03:24:47 29-03-19   InitChromeDriver   – Launching google chrome with new profile..
ZENQ\rupesh.barnawal  [ INFO]  03:24:47 29-03-19   InitChromeDriver   – chrome driver initialized..
ZENQ\rupesh.barnawal  [ INFO]  03:24:47 29-03-19   GetProjectLocation   – path is:=>D:\osvsatmosphere\OSVAtmosQAAutomation\OneAtmosphere
ZENQ\rupesh.barnawal  [ INFO]  03:24:55 29-03-19   .ctor   – Initializing waits..
ZENQ\rupesh.barnawal  [ INFO]  03:24:56 29-03-19   FindElement   – Waiting for element: By.XPath: .//*[@id='username'] for 30 seconds
ZENQ\rupesh.barnawal  [ INFO]  03:24:56 29-03-19   SafeType   – Entered text lakshmisravani.allarapu@zenq.qaprodcopy in the field By.XPath: .//*[@id='username']
ZENQ\rupesh.barnawal  [ INFO]  03:24:56 29-03-19   EnterSalesforceUserName   – User Name entered in Salesforce Login
ZENQ\rupesh.barnawal  [ INFO]  03:24:56 29-03-19   FindElement   – Waiting for element: By.XPath: //input[@id='password'] for 30 seconds
ZENQ\rupesh.barnawal  [ INFO]  03:24:56 29-03-19   SafeType   – Entered text Sravani@1826! in the field By.XPath: //input[@id='password']
ZENQ\rupesh.barnawal  [ INFO]  03:24:56 29-03-19   EnterSalesforcePassword   – Password entered in Salesforce Login
ZENQ\rupesh.barnawal  [ INFO]  03:24:56 29-03-19   ClickSIGNINButton   – click on Salesforce SIGN IN button
ZENQ\rupesh.barnawal  [ INFO]  03:24:57 29-03-19   FindElement   – Waiting for element: By.XPath: .//*[@id='Login'] for 10 seconds
ZENQ\rupesh.barnawal  [ INFO]  03:25:10 29-03-19   SafeNormalClick   – Clicked on element By.XPath: .//*[@id='Login']
ZENQ\rupesh.barnawal  [ INFO]  03:25:10 29-03-19   ClickSIGNINButton   – clicked on Salesforce SIGN IN button
ZENQ\rupesh.barnawal  [ INFO]  03:25:10 29-03-19   WaitForPageToLoad   – Waiting until page load is complete..
ZENQ\rupesh.barnawal  [ INFO]  03:25:22 29-03-19   .ctor   – Initializing waits..
ZENQ\rupesh.barnawal  [ INFO]  03:25:22 29-03-19   WaitForPageToLoad   – Waiting until page load is complete..
ZENQ\rupesh.barnawal  [ INFO]  03:25:22 29-03-19   FindElement   – Waiting for element: By.CssSelector: li[id='01rG0000000VBHU_Tab'] a[title = 'Money Transactions Tab'] for 5 seconds
ZENQ\rupesh.barnawal  [ INFO]  03:25:24 29-03-19   SafeNormalClick   – Clicked on element By.CssSelector: li[id='01rG0000000VBHU_Tab'] a[title = 'Money Transactions Tab']
ZENQ\rupesh.barnawal  [ INFO]  03:25:24 29-03-19   WaitForPageToLoad   – Waiting until page load is complete..
ZENQ\rupesh.barnawal  [ INFO]  03:25:24 29-03-19   FindElement   – Waiting for element: By.CssSelector: input[Title=New] for 5 seconds
ZENQ\rupesh.barnawal  [ INFO]  03:25:25 29-03-19   SafeNormalClick   – Clicked on element By.CssSelector: input[Title=New]
ZENQ\rupesh.barnawal  [ INFO]  03:25:25 29-03-19   WaitUntilElementIsDisplayed   – Waiting until element: By.CssSelector: #CF00NG0000008MrCm is displayed.. timeout is 10 seconds
ZENQ\rupesh.barnawal  [ INFO]  03:25:25 29-03-19   FindElement   – Waiting for element: By.CssSelector: #CF00NG0000008MrCm for 10 seconds
ZENQ\rupesh.barnawal  [ INFO]  03:25:25 29-03-19   EnterAcctAndTenantDeatilsInMoneyTransactionPage   – Sucessfully Account details are entered
ZENQ\rupesh.barnawal  [ INFO]  03:25:25 29-03-19   WaitForJQueryProcessing   – Waiting ajax processing to complete..
ZENQ\rupesh.barnawal  [ INFO]  03:25:26 29-03-19   WaitForJQueryProcessing   – Waiting stopped due to exception..unknown error: jQuery is not defined
  (Session info: chrome=73.0.3683.86)
  (Driver info: chromedriver=2.40.565498 (ea082db3280dd6843ebfb08a625e3eb905c4f5ab),platform=Windows NT 10.0.10240 x86_64)
ZENQ\rupesh.barnawal  [ INFO]  03:25:26 29-03-19   FindElement   – Waiting for element: By.CssSelector: #CF00NG0000008MrCz for 10 seconds
ZENQ\rupesh.barnawal  [ INFO]  03:25:29 29-03-19   SafeSelectDropdown   – Selected option with index 2from dropdown By.CssSelector: select[id='00NG0000008MrD1']
ZENQ\rupesh.barnawal  [ INFO]  03:25:34 29-03-19   SafeSelectDropdown   – Selected option with index 1from dropdown By.CssSelector: select[id='00NG0000008MrCs']
ZENQ\rupesh.barnawal  [ INFO]  03:25:38 29-03-19   FindElement   – Waiting for element: By.CssSelector: input[id='00NG0000008MrD0'] for 5 seconds
ZENQ\rupesh.barnawal  [ INFO]  03:25:38 29-03-19   SafeNormalClick   – Clicked on element By.CssSelector: input[id='00NG0000008MrD0']
ZENQ\rupesh.barnawal  [ INFO]  03:25:38 29-03-19   FindElement   – Waiting for element: By.CssSelector: input[id='00NG0000008MrD0'] for 5 seconds
ZENQ\rupesh.barnawal  [ INFO]  03:25:38 29-03-19   WaitForJQueryProcessing   – Waiting ajax processing to complete..
ZENQ\rupesh.barnawal  [ INFO]  03:25:38 29-03-19   WaitForJQueryProcessing   – Waiting stopped due to exception..unknown error: jQuery is not defined
  (Session info: chrome=73.0.3683.86)
  (Driver info: chromedriver=2.40.565498 (ea082db3280dd6843ebfb08a625e3eb905c4f5ab),platform=Windows NT 10.0.10240 x86_64)
ZENQ\rupesh.barnawal  [ INFO]  03:25:38 29-03-19   WaitForPageToLoad   – Waiting until page load is complete..
ZENQ\rupesh.barnawal  [ INFO]  03:25:39 29-03-19   FindElement   – Waiting for element: By.CssSelector: input[id='00NG0000009ZruH'] for 5 seconds
ZENQ\rupesh.barnawal  [ INFO]  03:25:39 29-03-19   SafeNormalClick   – Clicked on element By.CssSelector: input[id='00NG0000009ZruH']
ZENQ\rupesh.barnawal  [ INFO]  03:25:39 29-03-19   FindElement   – Waiting for element: By.CssSelector: input[id='00NG0000009ZruH'] for 5 seconds
ZENQ\rupesh.barnawal  [ INFO]  03:25:39 29-03-19   WaitForJQueryProcessing   – Waiting ajax processing to complete..
ZENQ\rupesh.barnawal  [ INFO]  03:25:39 29-03-19   WaitForJQueryProcessing   – Waiting stopped due to exception..unknown error: jQuery is not defined
  (Session info: chrome=73.0.3683.86)
  (Driver info: chromedriver=2.40.565498 (ea082db3280dd6843ebfb08a625e3eb905c4f5ab),platform=Windows NT 10.0.10240 x86_64)
ZENQ\rupesh.barnawal  [ INFO]  03:25:39 29-03-19   WaitForPageToLoad   – Waiting until page load is complete..
ZENQ\rupesh.barnawal  [ INFO]  03:25:39 29-03-19   FindElement   – Waiting for element: By.CssSelector: input[id='00NG0000008MrCw'] for 5 seconds
ZENQ\rupesh.barnawal  [ INFO]  03:25:40 29-03-19   SafeNormalClick   – Clicked on element By.CssSelector: input[id='00NG0000008MrCw']
ZENQ\rupesh.barnawal  [ INFO]  03:25:40 29-03-19   FindElement   – Waiting for element: By.CssSelector: input[id='00NG0000008MrCw'] for 5 seconds
ZENQ\rupesh.barnawal  [ INFO]  03:25:40 29-03-19   WaitForJQueryProcessing   – Waiting ajax processing to complete..
ZENQ\rupesh.barnawal  [ INFO]  03:25:40 29-03-19   WaitForJQueryProcessing   – Waiting stopped due to exception..unknown error: jQuery is not defined
  (Session info: chrome=73.0.3683.86)
  (Driver info: chromedriver=2.40.565498 (ea082db3280dd6843ebfb08a625e3eb905c4f5ab),platform=Windows NT 10.0.10240 x86_64)
ZENQ\rupesh.barnawal  [ INFO]  03:25:40 29-03-19   WaitForPageToLoad   – Waiting until page load is complete..
ZENQ\rupesh.barnawal  [ INFO]  03:25:41 29-03-19   FindElement   – Waiting for element: By.CssSelector: input[id='00NG0000008MrD0'] for 5 seconds
ZENQ\rupesh.barnawal  [ INFO]  03:25:41 29-03-19   SafeNormalClick   – Clicked on element By.CssSelector: input[id='00NG0000008MrD0']
ZENQ\rupesh.barnawal  [ INFO]  03:25:41 29-03-19   FindElement   – Waiting for element: By.CssSelector: input[id='00NG0000008MrCn'] for 5 seconds
ZENQ\rupesh.barnawal  [ INFO]  03:25:41 29-03-19   SafeNormalClick   – Clicked on element By.CssSelector: input[id='00NG0000008MrCn']
ZENQ\rupesh.barnawal  [ INFO]  03:25:41 29-03-19   FindElement   – Waiting for element: By.CssSelector: input[id='00NG0000008MrCn'] for 5 seconds
ZENQ\rupesh.barnawal  [ INFO]  03:25:41 29-03-19   FindElement   – Waiting for element: By.CssSelector: input[id='00NG0000008P7me'] for 5 seconds
ZENQ\rupesh.barnawal  [ INFO]  03:25:41 29-03-19   SafeNormalClick   – Clicked on element By.CssSelector: input[id='00NG0000008P7me']
ZENQ\rupesh.barnawal  [ INFO]  03:25:41 29-03-19   FindElement   – Waiting for element: By.CssSelector: input[id='00NG0000008P7me'] for 5 seconds
ZENQ\rupesh.barnawal  [ INFO]  03:25:42 29-03-19   FindElement   – Waiting for element: By.CssSelector: input[id='00NG0000008P7mf'] for 5 seconds
ZENQ\rupesh.barnawal  [ INFO]  03:25:42 29-03-19   SafeNormalClick   – Clicked on element By.CssSelector: input[id='00NG0000008P7mf']
ZENQ\rupesh.barnawal  [ INFO]  03:25:42 29-03-19   FindElement   – Waiting for element: By.CssSelector: input[id='00NG0000008P7mf'] for 5 seconds
ZENQ\rupesh.barnawal  [ INFO]  03:25:42 29-03-19   WaitForJQueryProcessing   – Waiting ajax processing to complete..
ZENQ\rupesh.barnawal  [ INFO]  03:25:42 29-03-19   WaitForJQueryProcessing   – Waiting stopped due to exception..unknown error: jQuery is not defined
  (Session info: chrome=73.0.3683.86)
  (Driver info: chromedriver=2.40.565498 (ea082db3280dd6843ebfb08a625e3eb905c4f5ab),platform=Windows NT 10.0.10240 x86_64)
ZENQ\rupesh.barnawal  [ INFO]  03:25:42 29-03-19   WaitForPageToLoad   – Waiting until page load is complete..
ZENQ\rupesh.barnawal  [ INFO]  03:25:45 29-03-19   SafeSelectDropdown   – Selected option with index 2from dropdown By.CssSelector: select[id='00NG0000008P7mh']
ZENQ\rupesh.barnawal  [ INFO]  03:25:48 29-03-19   FindElement   – Waiting for element: By.CssSelector: td[id='bottomButtonRow'] input[title='Save'] for 5 seconds
ZENQ\rupesh.barnawal  [ INFO]  03:25:52 29-03-19   SafeNormalClick   – Clicked on element By.CssSelector: td[id='bottomButtonRow'] input[title='Save']
ZENQ\rupesh.barnawal  [ INFO]  03:25:52 29-03-19   WaitForJQueryProcessing   – Waiting ajax processing to complete..
ZENQ\rupesh.barnawal  [ INFO]  03:25:52 29-03-19   WaitForJQueryProcessing   – Waiting stopped due to exception..unknown error: jQuery is not defined
  (Session info: chrome=73.0.3683.86)
  (Driver info: chromedriver=2.40.565498 (ea082db3280dd6843ebfb08a625e3eb905c4f5ab),platform=Windows NT 10.0.10240 x86_64)
ZENQ\rupesh.barnawal  [ INFO]  03:25:52 29-03-19   WaitForPageToLoad   – Waiting until page load is complete..
ZENQ\rupesh.barnawal  [ INFO]  03:25:58 29-03-19   SafeGetText   – Taken [By.CssSelector: .pageDescription] locater text
ZENQ\rupesh.barnawal  [ INFO]  03:25:58 29-03-19   InitChromeDriver   – Launching google chrome with new profile..
ZENQ\rupesh.barnawal  [ INFO]  03:25:58 29-03-19   InitChromeDriver   – chrome driver initialized..
ZENQ\rupesh.barnawal  [ INFO]  03:25:58 29-03-19   GetProjectLocation   – path is:=>D:\osvsatmosphere\OSVAtmosQAAutomation\OneAtmosphere
ZENQ\rupesh.barnawal  [ INFO]  03:26:06 29-03-19   .ctor   – Initializing waits..
ZENQ\rupesh.barnawal  [ INFO]  03:26:06 29-03-19   LoginIntoOneAtmos   – this is login page
ZENQ\rupesh.barnawal  [ INFO]  03:26:06 29-03-19   EnterUserName   – type text in username field
ZENQ\rupesh.barnawal  [ INFO]  03:26:06 29-03-19   FindElement   – Waiting for element: By.XPath: //input[@type='text'] for 30 seconds
ZENQ\rupesh.barnawal  [ INFO]  03:26:06 29-03-19   SafeType   – Entered text zenatmos1@gmail.com in the field By.XPath: //input[@type='text']
ZENQ\rupesh.barnawal  [ INFO]  03:26:06 29-03-19   EnterUserName   – Entered the UserName in username
ZENQ\rupesh.barnawal  [ INFO]  03:26:06 29-03-19   EnterPassword   – Type password in password field
ZENQ\rupesh.barnawal  [ INFO]  03:26:06 29-03-19   FindElement   – Waiting for element: By.XPath: //input[@type='password'] for 30 seconds
ZENQ\rupesh.barnawal  [ INFO]  03:26:06 29-03-19   SafeType   – Entered text Second@123! in the field By.XPath: //input[@type='password']
ZENQ\rupesh.barnawal  [ INFO]  03:26:06 29-03-19   EnterPassword   – Entered the password in password field
ZENQ\rupesh.barnawal  [ INFO]  03:26:06 29-03-19   ClickSIGNINButton   – click on SIGN IN button
ZENQ\rupesh.barnawal  [ INFO]  03:26:07 29-03-19   FindElement   – Waiting for element: By.XPath: //span[contains(@class,'label bBody')] for 60 seconds
ZENQ\rupesh.barnawal  [ INFO]  03:26:07 29-03-19   SafeNormalClick   – Clicked on element By.XPath: //span[contains(@class,'label bBody')]
ZENQ\rupesh.barnawal  [ INFO]  03:26:07 29-03-19   ClickSIGNINButton   – clicked on SIGN IN button
ZENQ\rupesh.barnawal  [ INFO]  03:26:07 29-03-19   WaitForPageToLoad   – Waiting until page load is complete..
ZENQ\rupesh.barnawal  [ INFO]  03:26:10 29-03-19   ClickSIGNINButton   – Login Successful. Navigated to Home Page ..
ZENQ\rupesh.barnawal  [ INFO]  03:26:10 29-03-19   .ctor   – Initializing waits..
ZENQ\rupesh.barnawal  [ INFO]  03:26:10 29-03-19   LoginIntoOneAtmos   – Logged in to OneAtmos site.
ZENQ\rupesh.barnawal  [ INFO]  03:26:11 29-03-19   FindElement   – Waiting for element: By.XPath: //*[@data-aura-class='cAtmos_Treasury_HomeWorklet']/div[2]/div[@class='slds-float--right'] for 5 seconds
ZENQ\rupesh.barnawal  [ INFO]  03:26:12 29-03-19   SafeNormalClick   – Clicked on element By.XPath: //*[@data-aura-class='cAtmos_Treasury_HomeWorklet']/div[2]/div[@class='slds-float--right']
ZENQ\rupesh.barnawal  [ INFO]  03:26:12 29-03-19   WaitForPageToLoad   – Waiting until page load is complete..
ZENQ\rupesh.barnawal  [ INFO]  03:26:12 29-03-19   VerifyEllipsesMenuClickable   – Ellipse Menu Clickable..
ZENQ\rupesh.barnawal  [ INFO]  03:26:12 29-03-19   .ctor   – Initializing waits..
ZENQ\rupesh.barnawal  [ INFO]  03:26:12 29-03-19   FindElement   – Waiting for element: By.XPath: //div[contains(@class,'slds-show')]//div[@class='cAtmos_Worklet_Pagination']//select for 10 seconds
ZENQ\rupesh.barnawal  [ INFO]  03:26:16 29-03-19   SafeNormalClick   – Clicked on element By.XPath: //div[contains(@class,'slds-show')]//div[@class='cAtmos_Worklet_Pagination']//select
ZENQ\rupesh.barnawal  [ INFO]  03:26:19 29-03-19   SafeSelectDropdown   – Selected option with index 3from dropdown By.XPath: //div[contains(@class,'slds-show')]//div[@class='cAtmos_Worklet_Pagination']//select
ZENQ\rupesh.barnawal  [ INFO]  03:26:25 29-03-19   SafeGetText   – Taken [By.XPath: //div[contains(@class,'show')]//span[@class='paginationDetails']] locater text
ZENQ\rupesh.barnawal  [ INFO]  03:26:26 29-03-19   AddDetails   – Added elements to list
ZENQ\rupesh.barnawal  [ INFO]  03:26:26 29-03-19   ComparingValues   – Garnishment Collection record is created in OSVAtmos site
ZENQ\rupesh.barnawal  [ INFO]  03:26:26 29-03-19   WaitForPageToLoad   – Waiting until page load is complete..
ZENQ\rupesh.barnawal  [ INFO]  03:26:26 29-03-19   FindElement   – Waiting for element: By.XPath: //i[@class='fa fa-chevron-down dropdownIcon'] for 10 seconds
ZENQ\rupesh.barnawal  [ INFO]  03:26:26 29-03-19   SafeNormalClick   – Clicked on element By.XPath: //i[@class='fa fa-chevron-down dropdownIcon']
ZENQ\rupesh.barnawal  [ INFO]  03:26:26 29-03-19   FindElement   – Waiting for element: By.XPath: //a[@title='LOGOUT'] for 5 seconds
ZENQ\rupesh.barnawal  [ INFO]  03:26:27 29-03-19   SafeNormalClick   – Clicked on element By.XPath: //a[@title='LOGOUT']
ZENQ\rupesh.barnawal  [ INFO]  03:26:27 29-03-19   WaitForJQueryProcessing   – Waiting ajax processing to complete..
ZENQ\rupesh.barnawal  [ INFO]  03:26:29 29-03-19   WaitForJQueryProcessing   – Waiting stopped due to exception..unknown error: jQuery is not defined
  (Session info: chrome=73.0.3683.86)
  (Driver info: chromedriver=2.40.565498 (ea082db3280dd6843ebfb08a625e3eb905c4f5ab),platform=Windows NT 10.0.10240 x86_64)
ZENQ\rupesh.barnawal  [ INFO]  03:26:29 29-03-19   WaitForPageToLoad   – Waiting until page load is complete..
ZENQ\rupesh.barnawal  [ INFO]  03:26:29 29-03-19   LogOut   – Logged Out ..
ZENQ\rupesh.barnawal  [ INFO]  03:26:29 29-03-19   .ctor   – Initializing waits..
ZENQ\rupesh.barnawal  [ INFO]  03:26:30 29-03-19   FindElement   – Waiting for element: By.XPath: //td[@id='topButtonRow']//input[@title='Delete'] for 10 seconds
ZENQ\rupesh.barnawal  [ INFO]  03:26:30 29-03-19   SafeNormalClick   – Clicked on element By.XPath: //td[@id='topButtonRow']//input[@title='Delete']
ZENQ\rupesh.barnawal  [ INFO]  03:26:30 29-03-19   WaitForPageToLoad   – Waiting until page load is complete..
ZENQ\rupesh.barnawal  [ INFO]  03:26:33 29-03-19   FindElement   – Waiting for element: By.XPath: .//*[@id='userNavButton'] for 5 seconds
ZENQ\rupesh.barnawal  [ INFO]  03:26:34 29-03-19   SafeNormalClick   – Clicked on element By.XPath: .//*[@id='userNavButton']
ZENQ\rupesh.barnawal  [ INFO]  03:26:35 29-03-19   FindElement   – Waiting for element: By.XPath: .//*[@id='userNav-menuItems']/a[@title='Logout'] for 5 seconds
ZENQ\rupesh.barnawal  [ INFO]  03:26:37 29-03-19   SafeNormalClick   – Clicked on element By.XPath: .//*[@id='userNav-menuItems']/a[@title='Logout']
ZENQ\rupesh.barnawal  [ INFO]  03:26:37 29-03-19   WaitForPageToLoad   – Waiting until page load is complete..
ZENQ\rupesh.barnawal  [ INFO]  03:26:42 29-03-19   .ctor   – Initializing waits..
ZENQ\rupesh.barnawal  [ INFO]  03:26:42 29-03-19   SetUpTest   – Starting Execution of Scenario:=>DPP Refund >> ACH Money Movement Type - Create a new 'Money Transaction' with 'Approved' Status for current date in Feature:Salesforce
ZENQ\rupesh.barnawal  [ INFO]  03:26:42 29-03-19   InitChromeDriver   – Launching google chrome with new profile..
ZENQ\rupesh.barnawal  [ INFO]  03:26:42 29-03-19   InitChromeDriver   – chrome driver initialized..
ZENQ\rupesh.barnawal  [ INFO]  03:26:42 29-03-19   GetProjectLocation   – path is:=>D:\osvsatmosphere\OSVAtmosQAAutomation\OneAtmosphere
ZENQ\rupesh.barnawal  [ INFO]  03:26:51 29-03-19   .ctor   – Initializing waits..
ZENQ\rupesh.barnawal  [ INFO]  03:26:52 29-03-19   FindElement   – Waiting for element: By.XPath: .//*[@id='username'] for 30 seconds
ZENQ\rupesh.barnawal  [ INFO]  03:26:52 29-03-19   SafeType   – Entered text lakshmisravani.allarapu@zenq.qaprodcopy in the field By.XPath: .//*[@id='username']
ZENQ\rupesh.barnawal  [ INFO]  03:26:52 29-03-19   EnterSalesforceUserName   – User Name entered in Salesforce Login
ZENQ\rupesh.barnawal  [ INFO]  03:26:52 29-03-19   FindElement   – Waiting for element: By.XPath: //input[@id='password'] for 30 seconds
ZENQ\rupesh.barnawal  [ INFO]  03:26:52 29-03-19   SafeType   – Entered text Sravani@1826! in the field By.XPath: //input[@id='password']
ZENQ\rupesh.barnawal  [ INFO]  03:26:52 29-03-19   EnterSalesforcePassword   – Password entered in Salesforce Login
ZENQ\rupesh.barnawal  [ INFO]  03:26:52 29-03-19   ClickSIGNINButton   – click on Salesforce SIGN IN button
ZENQ\rupesh.barnawal  [ INFO]  03:26:52 29-03-19   FindElement   – Waiting for element: By.XPath: .//*[@id='Login'] for 10 seconds
ZENQ\rupesh.barnawal  [ INFO]  03:27:14 29-03-19   SafeNormalClick   – Clicked on element By.XPath: .//*[@id='Login']
ZENQ\rupesh.barnawal  [ INFO]  03:27:14 29-03-19   ClickSIGNINButton   – clicked on Salesforce SIGN IN button
ZENQ\rupesh.barnawal  [ INFO]  03:27:14 29-03-19   WaitForPageToLoad   – Waiting until page load is complete..
ZENQ\rupesh.barnawal  [ INFO]  03:27:26 29-03-19   .ctor   – Initializing waits..
ZENQ\rupesh.barnawal  [ INFO]  03:27:26 29-03-19   WaitForPageToLoad   – Waiting until page load is complete..
ZENQ\rupesh.barnawal  [ INFO]  03:27:27 29-03-19   FindElement   – Waiting for element: By.CssSelector: li[id='01rG0000000VBHU_Tab'] a[title = 'Money Transactions Tab'] for 5 seconds
ZENQ\rupesh.barnawal  [ INFO]  03:27:28 29-03-19   SafeNormalClick   – Clicked on element By.CssSelector: li[id='01rG0000000VBHU_Tab'] a[title = 'Money Transactions Tab']
ZENQ\rupesh.barnawal  [ INFO]  03:27:28 29-03-19   WaitForPageToLoad   – Waiting until page load is complete..
ZENQ\rupesh.barnawal  [ INFO]  03:27:28 29-03-19   FindElement   – Waiting for element: By.CssSelector: input[Title=New] for 5 seconds
ZENQ\rupesh.barnawal  [ INFO]  03:27:30 29-03-19   SafeNormalClick   – Clicked on element By.CssSelector: input[Title=New]
ZENQ\rupesh.barnawal  [ INFO]  03:27:30 29-03-19   WaitUntilElementIsDisplayed   – Waiting until element: By.CssSelector: #CF00NG0000008MrCm is displayed.. timeout is 10 seconds
ZENQ\rupesh.barnawal  [ INFO]  03:27:30 29-03-19   FindElement   – Waiting for element: By.CssSelector: #CF00NG0000008MrCm for 10 seconds
ZENQ\rupesh.barnawal  [ INFO]  03:27:30 29-03-19   EnterAcctAndTenantDeatilsInMoneyTransactionPage   – Sucessfully Account details are entered
ZENQ\rupesh.barnawal  [ INFO]  03:27:30 29-03-19   WaitForJQueryProcessing   – Waiting ajax processing to complete..
ZENQ\rupesh.barnawal  [ INFO]  03:27:31 29-03-19   WaitForJQueryProcessing   – Waiting stopped due to exception..unknown error: jQuery is not defined
  (Session info: chrome=73.0.3683.86)
  (Driver info: chromedriver=2.40.565498 (ea082db3280dd6843ebfb08a625e3eb905c4f5ab),platform=Windows NT 10.0.10240 x86_64)
ZENQ\rupesh.barnawal  [ INFO]  03:27:31 29-03-19   FindElement   – Waiting for element: By.CssSelector: #CF00NG0000008MrCz for 10 seconds
ZENQ\rupesh.barnawal  [ INFO]  03:27:34 29-03-19   SafeSelectDropdown   – Selected option with index 2from dropdown By.CssSelector: select[id='00NG0000008MrD1']
ZENQ\rupesh.barnawal  [ INFO]  03:27:39 29-03-19   SafeSelectDropdown   – Selected option with index 13from dropdown By.CssSelector: select[id='00NG0000008MrCl']
ZENQ\rupesh.barnawal  [ INFO]  03:27:45 29-03-19   SafeSelectDropdown   – Selected option with index 1from dropdown By.CssSelector: select[id='00NG0000008MrCs']
ZENQ\rupesh.barnawal  [ INFO]  03:27:48 29-03-19   FindElement   – Waiting for element: By.CssSelector: input[id='00NG0000008MrD0'] for 5 seconds
ZENQ\rupesh.barnawal  [ INFO]  03:27:48 29-03-19   SafeNormalClick   – Clicked on element By.CssSelector: input[id='00NG0000008MrD0']
ZENQ\rupesh.barnawal  [ INFO]  03:27:48 29-03-19   FindElement   – Waiting for element: By.CssSelector: input[id='00NG0000008MrD0'] for 5 seconds
ZENQ\rupesh.barnawal  [ INFO]  03:27:49 29-03-19   WaitForJQueryProcessing   – Waiting ajax processing to complete..
ZENQ\rupesh.barnawal  [ INFO]  03:27:49 29-03-19   WaitForJQueryProcessing   – Waiting stopped due to exception..unknown error: jQuery is not defined
  (Session info: chrome=73.0.3683.86)
  (Driver info: chromedriver=2.40.565498 (ea082db3280dd6843ebfb08a625e3eb905c4f5ab),platform=Windows NT 10.0.10240 x86_64)
ZENQ\rupesh.barnawal  [ INFO]  03:27:49 29-03-19   WaitForPageToLoad   – Waiting until page load is complete..
ZENQ\rupesh.barnawal  [ INFO]  03:27:49 29-03-19   FindElement   – Waiting for element: By.CssSelector: input[id='00NG0000009ZruH'] for 5 seconds
ZENQ\rupesh.barnawal  [ INFO]  03:27:49 29-03-19   SafeNormalClick   – Clicked on element By.CssSelector: input[id='00NG0000009ZruH']
ZENQ\rupesh.barnawal  [ INFO]  03:27:49 29-03-19   FindElement   – Waiting for element: By.CssSelector: input[id='00NG0000009ZruH'] for 5 seconds
ZENQ\rupesh.barnawal  [ INFO]  03:27:49 29-03-19   WaitForJQueryProcessing   – Waiting ajax processing to complete..
ZENQ\rupesh.barnawal  [ INFO]  03:27:50 29-03-19   WaitForJQueryProcessing   – Waiting stopped due to exception..unknown error: jQuery is not defined
  (Session info: chrome=73.0.3683.86)
  (Driver info: chromedriver=2.40.565498 (ea082db3280dd6843ebfb08a625e3eb905c4f5ab),platform=Windows NT 10.0.10240 x86_64)
ZENQ\rupesh.barnawal  [ INFO]  03:27:50 29-03-19   WaitForPageToLoad   – Waiting until page load is complete..
ZENQ\rupesh.barnawal  [ INFO]  03:27:50 29-03-19   FindElement   – Waiting for element: By.XPath: (//span[@class='dateFormat'])[1] for 10 seconds
ZENQ\rupesh.barnawal  [ INFO]  03:27:50 29-03-19   SafeNormalClick   – Clicked on element By.XPath: (//span[@class='dateFormat'])[1]
ZENQ\rupesh.barnawal  [ INFO]  03:27:52 29-03-19   FindElement   – Waiting for element: By.CssSelector: input[id='00NG0000008MrD0'] for 5 seconds
ZENQ\rupesh.barnawal  [ INFO]  03:27:53 29-03-19   SafeNormalClick   – Clicked on element By.CssSelector: input[id='00NG0000008MrD0']
ZENQ\rupesh.barnawal  [ INFO]  03:27:53 29-03-19   FindElement   – Waiting for element: By.CssSelector: input[id='00NG0000008MrCn'] for 5 seconds
ZENQ\rupesh.barnawal  [ INFO]  03:27:53 29-03-19   SafeNormalClick   – Clicked on element By.CssSelector: input[id='00NG0000008MrCn']
ZENQ\rupesh.barnawal  [ INFO]  03:27:53 29-03-19   FindElement   – Waiting for element: By.CssSelector: input[id='00NG0000008MrCn'] for 5 seconds
ZENQ\rupesh.barnawal  [ INFO]  03:27:53 29-03-19   FindElement   – Waiting for element: By.CssSelector: input[id='00NG0000008P7me'] for 5 seconds
ZENQ\rupesh.barnawal  [ INFO]  03:27:53 29-03-19   SafeNormalClick   – Clicked on element By.CssSelector: input[id='00NG0000008P7me']
ZENQ\rupesh.barnawal  [ INFO]  03:27:53 29-03-19   FindElement   – Waiting for element: By.CssSelector: input[id='00NG0000008P7me'] for 5 seconds
ZENQ\rupesh.barnawal  [ INFO]  03:27:54 29-03-19   FindElement   – Waiting for element: By.CssSelector: input[id='00NG0000008P7mf'] for 5 seconds
ZENQ\rupesh.barnawal  [ INFO]  03:27:54 29-03-19   SafeNormalClick   – Clicked on element By.CssSelector: input[id='00NG0000008P7mf']
ZENQ\rupesh.barnawal  [ INFO]  03:27:54 29-03-19   FindElement   – Waiting for element: By.CssSelector: input[id='00NG0000008P7mf'] for 5 seconds
ZENQ\rupesh.barnawal  [ INFO]  03:27:54 29-03-19   WaitForJQueryProcessing   – Waiting ajax processing to complete..
ZENQ\rupesh.barnawal  [ INFO]  03:27:54 29-03-19   WaitForJQueryProcessing   – Waiting stopped due to exception..unknown error: jQuery is not defined
  (Session info: chrome=73.0.3683.86)
  (Driver info: chromedriver=2.40.565498 (ea082db3280dd6843ebfb08a625e3eb905c4f5ab),platform=Windows NT 10.0.10240 x86_64)
ZENQ\rupesh.barnawal  [ INFO]  03:27:54 29-03-19   WaitForPageToLoad   – Waiting until page load is complete..
ZENQ\rupesh.barnawal  [ INFO]  03:27:57 29-03-19   SafeSelectDropdown   – Selected option with index 2from dropdown By.CssSelector: select[id='00NG0000008P7mh']
ZENQ\rupesh.barnawal  [ INFO]  03:28:00 29-03-19   FindElement   – Waiting for element: By.CssSelector: td[id='bottomButtonRow'] input[title='Save'] for 5 seconds
ZENQ\rupesh.barnawal  [ INFO]  03:28:04 29-03-19   SafeNormalClick   – Clicked on element By.CssSelector: td[id='bottomButtonRow'] input[title='Save']
ZENQ\rupesh.barnawal  [ INFO]  03:28:04 29-03-19   WaitForJQueryProcessing   – Waiting ajax processing to complete..
ZENQ\rupesh.barnawal  [ INFO]  03:28:05 29-03-19   WaitForJQueryProcessing   – Waiting stopped due to exception..unknown error: jQuery is not defined
  (Session info: chrome=73.0.3683.86)
  (Driver info: chromedriver=2.40.565498 (ea082db3280dd6843ebfb08a625e3eb905c4f5ab),platform=Windows NT 10.0.10240 x86_64)
ZENQ\rupesh.barnawal  [ INFO]  03:28:05 29-03-19   WaitForPageToLoad   – Waiting until page load is complete..
ZENQ\rupesh.barnawal  [ INFO]  03:28:10 29-03-19   SafeGetText   – Taken [By.CssSelector: .pageDescription] locater text
ZENQ\rupesh.barnawal  [ INFO]  03:28:10 29-03-19   InitChromeDriver   – Launching google chrome with new profile..
ZENQ\rupesh.barnawal  [ INFO]  03:28:10 29-03-19   InitChromeDriver   – chrome driver initialized..
ZENQ\rupesh.barnawal  [ INFO]  03:28:10 29-03-19   GetProjectLocation   – path is:=>D:\osvsatmosphere\OSVAtmosQAAutomation\OneAtmosphere
ZENQ\rupesh.barnawal  [ INFO]  03:28:19 29-03-19   .ctor   – Initializing waits..
ZENQ\rupesh.barnawal  [ INFO]  03:28:19 29-03-19   LoginIntoOneAtmos   – this is login page
ZENQ\rupesh.barnawal  [ INFO]  03:28:19 29-03-19   EnterUserName   – type text in username field
ZENQ\rupesh.barnawal  [ INFO]  03:28:20 29-03-19   FindElement   – Waiting for element: By.XPath: //input[@type='text'] for 30 seconds
ZENQ\rupesh.barnawal  [ INFO]  03:28:20 29-03-19   SafeType   – Entered text zenatmos1@gmail.com in the field By.XPath: //input[@type='text']
ZENQ\rupesh.barnawal  [ INFO]  03:28:20 29-03-19   EnterUserName   – Entered the UserName in username
ZENQ\rupesh.barnawal  [ INFO]  03:28:20 29-03-19   EnterPassword   – Type password in password field
ZENQ\rupesh.barnawal  [ INFO]  03:28:20 29-03-19   FindElement   – Waiting for element: By.XPath: //input[@type='password'] for 30 seconds
ZENQ\rupesh.barnawal  [ INFO]  03:28:20 29-03-19   SafeType   – Entered text Second@123! in the field By.XPath: //input[@type='password']
ZENQ\rupesh.barnawal  [ INFO]  03:28:20 29-03-19   EnterPassword   – Entered the password in password field
ZENQ\rupesh.barnawal  [ INFO]  03:28:20 29-03-19   ClickSIGNINButton   – click on SIGN IN button
ZENQ\rupesh.barnawal  [ INFO]  03:28:20 29-03-19   FindElement   – Waiting for element: By.XPath: //span[contains(@class,'label bBody')] for 60 seconds
ZENQ\rupesh.barnawal  [ INFO]  03:28:20 29-03-19   SafeNormalClick   – Clicked on element By.XPath: //span[contains(@class,'label bBody')]
ZENQ\rupesh.barnawal  [ INFO]  03:28:20 29-03-19   ClickSIGNINButton   – clicked on SIGN IN button
ZENQ\rupesh.barnawal  [ INFO]  03:28:20 29-03-19   WaitForPageToLoad   – Waiting until page load is complete..
ZENQ\rupesh.barnawal  [ INFO]  03:28:26 29-03-19   ClickSIGNINButton   – Login Successful. Navigated to Home Page ..
ZENQ\rupesh.barnawal  [ INFO]  03:28:26 29-03-19   .ctor   – Initializing waits..
ZENQ\rupesh.barnawal  [ INFO]  03:28:26 29-03-19   LoginIntoOneAtmos   – Logged in to OneAtmos site.
ZENQ\rupesh.barnawal  [ INFO]  03:28:26 29-03-19   WaitUntilElementIsDisplayed   – Waiting until element: By.CssSelector: div[class=slds-float--left] a[title$='Transactions'] is displayed.. timeout is 10 seconds
ZENQ\rupesh.barnawal  [ INFO]  03:28:27 29-03-19   SafeGetText   – Taken TodayTranxCount[By.CssSelector: div[class=slds-float--left] a[title$='Transactions']] locater text
ZENQ\rupesh.barnawal  [ INFO]  03:28:28 29-03-19   FindElement   – Waiting for element: By.CssSelector: div[class=slds-float--left] a[title$='Transactions'] for 10 seconds
ZENQ\rupesh.barnawal  [ INFO]  03:28:29 29-03-19   SafeNormalClick   – Clicked on element By.CssSelector: div[class=slds-float--left] a[title$='Transactions']
ZENQ\rupesh.barnawal  [ INFO]  03:28:29 29-03-19   WaitForPageToLoad   – Waiting until page load is complete..
ZENQ\rupesh.barnawal  [ INFO]  03:28:29 29-03-19   FindElement   – Waiting for element: By.XPath: //div[contains(@class,'slds-show')]//div[@class='cAtmos_Worklet_Pagination']//select for 10 seconds
ZENQ\rupesh.barnawal  [ INFO]  03:28:33 29-03-19   SafeNormalClick   – Clicked on element By.XPath: //div[contains(@class,'slds-show')]//div[@class='cAtmos_Worklet_Pagination']//select
ZENQ\rupesh.barnawal  [ INFO]  03:28:35 29-03-19   SafeSelectDropdown   – Selected option with index 3from dropdown By.XPath: //div[contains(@class,'slds-show')]//div[@class='cAtmos_Worklet_Pagination']//select
ZENQ\rupesh.barnawal  [ INFO]  03:28:42 29-03-19   SafeGetText   – Taken [By.XPath: //div[contains(@class,'show')]//span[@class='paginationDetails']] locater text
ZENQ\rupesh.barnawal  [ INFO]  03:28:42 29-03-19   AddDetails   – Added elements to list
ZENQ\rupesh.barnawal  [ INFO]  03:28:42 29-03-19   ComparingValues   – DDP Refund record is created in OSVAtmos site
ZENQ\rupesh.barnawal  [ INFO]  03:28:42 29-03-19   WaitForPageToLoad   – Waiting until page load is complete..
ZENQ\rupesh.barnawal  [ INFO]  03:28:42 29-03-19   FindElement   – Waiting for element: By.XPath: //i[@class='fa fa-chevron-down dropdownIcon'] for 10 seconds
ZENQ\rupesh.barnawal  [ INFO]  03:28:42 29-03-19   SafeNormalClick   – Clicked on element By.XPath: //i[@class='fa fa-chevron-down dropdownIcon']
ZENQ\rupesh.barnawal  [ INFO]  03:28:42 29-03-19   FindElement   – Waiting for element: By.XPath: //a[@title='LOGOUT'] for 5 seconds
ZENQ\rupesh.barnawal  [ INFO]  03:28:43 29-03-19   SafeNormalClick   – Clicked on element By.XPath: //a[@title='LOGOUT']
ZENQ\rupesh.barnawal  [ INFO]  03:28:43 29-03-19   WaitForJQueryProcessing   – Waiting ajax processing to complete..
ZENQ\rupesh.barnawal  [ INFO]  03:28:45 29-03-19   WaitForJQueryProcessing   – Waiting stopped due to exception..unknown error: jQuery is not defined
  (Session info: chrome=73.0.3683.86)
  (Driver info: chromedriver=2.40.565498 (ea082db3280dd6843ebfb08a625e3eb905c4f5ab),platform=Windows NT 10.0.10240 x86_64)
ZENQ\rupesh.barnawal  [ INFO]  03:28:45 29-03-19   WaitForPageToLoad   – Waiting until page load is complete..
ZENQ\rupesh.barnawal  [ INFO]  03:28:45 29-03-19   LogOut   – Logged Out ..
ZENQ\rupesh.barnawal  [ INFO]  03:28:45 29-03-19   .ctor   – Initializing waits..
ZENQ\rupesh.barnawal  [ INFO]  03:28:46 29-03-19   FindElement   – Waiting for element: By.XPath: //td[@id='topButtonRow']//input[@title='Delete'] for 10 seconds
ZENQ\rupesh.barnawal  [ INFO]  03:28:46 29-03-19   SafeNormalClick   – Clicked on element By.XPath: //td[@id='topButtonRow']//input[@title='Delete']
ZENQ\rupesh.barnawal  [ INFO]  03:28:46 29-03-19   WaitForPageToLoad   – Waiting until page load is complete..
ZENQ\rupesh.barnawal  [ INFO]  03:28:50 29-03-19   FindElement   – Waiting for element: By.XPath: .//*[@id='userNavButton'] for 5 seconds
ZENQ\rupesh.barnawal  [ INFO]  03:28:50 29-03-19   SafeNormalClick   – Clicked on element By.XPath: .//*[@id='userNavButton']
ZENQ\rupesh.barnawal  [ INFO]  03:28:51 29-03-19   FindElement   – Waiting for element: By.XPath: .//*[@id='userNav-menuItems']/a[@title='Logout'] for 5 seconds
ZENQ\rupesh.barnawal  [ INFO]  03:28:54 29-03-19   SafeNormalClick   – Clicked on element By.XPath: .//*[@id='userNav-menuItems']/a[@title='Logout']
ZENQ\rupesh.barnawal  [ INFO]  03:28:54 29-03-19   WaitForPageToLoad   – Waiting until page load is complete..
ZENQ\rupesh.barnawal  [ INFO]  03:28:58 29-03-19   .ctor   – Initializing waits..
ZENQ\rupesh.barnawal  [ INFO]  03:28:58 29-03-19   SetUpTest   – Starting Execution of Scenario:=>Tax Refund >> ACH Money Movement Type - Create a new 'Money Transaction' with 'Approved' Status for current date in Feature:Salesforce
ZENQ\rupesh.barnawal  [ INFO]  03:28:58 29-03-19   InitChromeDriver   – Launching google chrome with new profile..
ZENQ\rupesh.barnawal  [ INFO]  03:28:58 29-03-19   InitChromeDriver   – chrome driver initialized..
ZENQ\rupesh.barnawal  [ INFO]  03:28:58 29-03-19   GetProjectLocation   – path is:=>D:\osvsatmosphere\OSVAtmosQAAutomation\OneAtmosphere
ZENQ\rupesh.barnawal  [ INFO]  03:29:08 29-03-19   .ctor   – Initializing waits..
ZENQ\rupesh.barnawal  [ INFO]  03:29:08 29-03-19   FindElement   – Waiting for element: By.XPath: .//*[@id='username'] for 30 seconds
ZENQ\rupesh.barnawal  [ INFO]  03:29:08 29-03-19   SafeType   – Entered text lakshmisravani.allarapu@zenq.qaprodcopy in the field By.XPath: .//*[@id='username']
ZENQ\rupesh.barnawal  [ INFO]  03:29:08 29-03-19   EnterSalesforceUserName   – User Name entered in Salesforce Login
ZENQ\rupesh.barnawal  [ INFO]  03:29:09 29-03-19   FindElement   – Waiting for element: By.XPath: //input[@id='password'] for 30 seconds
ZENQ\rupesh.barnawal  [ INFO]  03:29:09 29-03-19   SafeType   – Entered text Sravani@1826! in the field By.XPath: //input[@id='password']
ZENQ\rupesh.barnawal  [ INFO]  03:29:09 29-03-19   EnterSalesforcePassword   – Password entered in Salesforce Login
ZENQ\rupesh.barnawal  [ INFO]  03:29:09 29-03-19   ClickSIGNINButton   – click on Salesforce SIGN IN button
ZENQ\rupesh.barnawal  [ INFO]  03:29:09 29-03-19   FindElement   – Waiting for element: By.XPath: .//*[@id='Login'] for 10 seconds
ZENQ\rupesh.barnawal  [ INFO]  03:29:26 29-03-19   SafeNormalClick   – Clicked on element By.XPath: .//*[@id='Login']
ZENQ\rupesh.barnawal  [ INFO]  03:29:26 29-03-19   ClickSIGNINButton   – clicked on Salesforce SIGN IN button
ZENQ\rupesh.barnawal  [ INFO]  03:29:26 29-03-19   WaitForPageToLoad   – Waiting until page load is complete..
ZENQ\rupesh.barnawal  [ INFO]  03:29:38 29-03-19   .ctor   – Initializing waits..
ZENQ\rupesh.barnawal  [ INFO]  03:29:38 29-03-19   WaitForPageToLoad   – Waiting until page load is complete..
ZENQ\rupesh.barnawal  [ INFO]  03:29:38 29-03-19   FindElement   – Waiting for element: By.CssSelector: li[id='01rG0000000VBHU_Tab'] a[title = 'Money Transactions Tab'] for 5 seconds
ZENQ\rupesh.barnawal  [ INFO]  03:29:40 29-03-19   SafeNormalClick   – Clicked on element By.CssSelector: li[id='01rG0000000VBHU_Tab'] a[title = 'Money Transactions Tab']
ZENQ\rupesh.barnawal  [ INFO]  03:29:40 29-03-19   WaitForPageToLoad   – Waiting until page load is complete..
ZENQ\rupesh.barnawal  [ INFO]  03:29:40 29-03-19   FindElement   – Waiting for element: By.CssSelector: input[Title=New] for 5 seconds
ZENQ\rupesh.barnawal  [ INFO]  03:29:41 29-03-19   SafeNormalClick   – Clicked on element By.CssSelector: input[Title=New]
ZENQ\rupesh.barnawal  [ INFO]  03:29:42 29-03-19   WaitUntilElementIsDisplayed   – Waiting until element: By.CssSelector: #CF00NG0000008MrCm is displayed.. timeout is 10 seconds
ZENQ\rupesh.barnawal  [ INFO]  03:29:42 29-03-19   FindElement   – Waiting for element: By.CssSelector: #CF00NG0000008MrCm for 10 seconds
ZENQ\rupesh.barnawal  [ INFO]  03:29:42 29-03-19   EnterAcctAndTenantDeatilsInMoneyTransactionPage   – Sucessfully Account details are entered
ZENQ\rupesh.barnawal  [ INFO]  03:29:42 29-03-19   WaitForJQueryProcessing   – Waiting ajax processing to complete..
ZENQ\rupesh.barnawal  [ INFO]  03:29:42 29-03-19   WaitForJQueryProcessing   – Waiting stopped due to exception..unknown error: jQuery is not defined
  (Session info: chrome=73.0.3683.86)
  (Driver info: chromedriver=2.40.565498 (ea082db3280dd6843ebfb08a625e3eb905c4f5ab),platform=Windows NT 10.0.10240 x86_64)
ZENQ\rupesh.barnawal  [ INFO]  03:29:42 29-03-19   FindElement   – Waiting for element: By.CssSelector: #CF00NG0000008MrCz for 10 seconds
ZENQ\rupesh.barnawal  [ INFO]  03:29:45 29-03-19   SafeSelectDropdown   – Selected option with index 2from dropdown By.CssSelector: select[id='00NG0000008MrD1']
ZENQ\rupesh.barnawal  [ INFO]  03:29:51 29-03-19   SafeSelectDropdown   – Selected option with index 7from dropdown By.CssSelector: select[id='00NG0000008MrCl']
ZENQ\rupesh.barnawal  [ INFO]  03:29:56 29-03-19   SafeSelectDropdown   – Selected option with index 1from dropdown By.CssSelector: select[id='00NG0000008MrCs']
ZENQ\rupesh.barnawal  [ INFO]  03:30:00 29-03-19   FindElement   – Waiting for element: By.CssSelector: input[id='00NG0000008MrD0'] for 5 seconds
ZENQ\rupesh.barnawal  [ INFO]  03:30:00 29-03-19   SafeNormalClick   – Clicked on element By.CssSelector: input[id='00NG0000008MrD0']
ZENQ\rupesh.barnawal  [ INFO]  03:30:00 29-03-19   FindElement   – Waiting for element: By.CssSelector: input[id='00NG0000008MrD0'] for 5 seconds
ZENQ\rupesh.barnawal  [ INFO]  03:30:00 29-03-19   WaitForJQueryProcessing   – Waiting ajax processing to complete..
ZENQ\rupesh.barnawal  [ INFO]  03:30:00 29-03-19   WaitForJQueryProcessing   – Waiting stopped due to exception..unknown error: jQuery is not defined
  (Session info: chrome=73.0.3683.86)
  (Driver info: chromedriver=2.40.565498 (ea082db3280dd6843ebfb08a625e3eb905c4f5ab),platform=Windows NT 10.0.10240 x86_64)
ZENQ\rupesh.barnawal  [ INFO]  03:30:00 29-03-19   WaitForPageToLoad   – Waiting until page load is complete..
ZENQ\rupesh.barnawal  [ INFO]  03:30:00 29-03-19   FindElement   – Waiting for element: By.CssSelector: input[id='00NG0000009ZruH'] for 5 seconds
ZENQ\rupesh.barnawal  [ INFO]  03:30:01 29-03-19   SafeNormalClick   – Clicked on element By.CssSelector: input[id='00NG0000009ZruH']
ZENQ\rupesh.barnawal  [ INFO]  03:30:01 29-03-19   FindElement   – Waiting for element: By.CssSelector: input[id='00NG0000009ZruH'] for 5 seconds
ZENQ\rupesh.barnawal  [ INFO]  03:30:01 29-03-19   WaitForJQueryProcessing   – Waiting ajax processing to complete..
ZENQ\rupesh.barnawal  [ INFO]  03:30:01 29-03-19   WaitForJQueryProcessing   – Waiting stopped due to exception..unknown error: jQuery is not defined
  (Session info: chrome=73.0.3683.86)
  (Driver info: chromedriver=2.40.565498 (ea082db3280dd6843ebfb08a625e3eb905c4f5ab),platform=Windows NT 10.0.10240 x86_64)
ZENQ\rupesh.barnawal  [ INFO]  03:30:01 29-03-19   WaitForPageToLoad   – Waiting until page load is complete..
ZENQ\rupesh.barnawal  [ INFO]  03:30:01 29-03-19   FindElement   – Waiting for element: By.XPath: (//span[@class='dateFormat'])[1] for 10 seconds
ZENQ\rupesh.barnawal  [ INFO]  03:30:01 29-03-19   SafeNormalClick   – Clicked on element By.XPath: (//span[@class='dateFormat'])[1]
ZENQ\rupesh.barnawal  [ INFO]  03:30:04 29-03-19   FindElement   – Waiting for element: By.CssSelector: input[id='00NG0000008MrD0'] for 5 seconds
ZENQ\rupesh.barnawal  [ INFO]  03:30:04 29-03-19   SafeNormalClick   – Clicked on element By.CssSelector: input[id='00NG0000008MrD0']
ZENQ\rupesh.barnawal  [ INFO]  03:30:04 29-03-19   FindElement   – Waiting for element: By.CssSelector: input[id='00NG0000008MrCn'] for 5 seconds
ZENQ\rupesh.barnawal  [ INFO]  03:30:04 29-03-19   SafeNormalClick   – Clicked on element By.CssSelector: input[id='00NG0000008MrCn']
ZENQ\rupesh.barnawal  [ INFO]  03:30:04 29-03-19   FindElement   – Waiting for element: By.CssSelector: input[id='00NG0000008MrCn'] for 5 seconds
ZENQ\rupesh.barnawal  [ INFO]  03:30:04 29-03-19   FindElement   – Waiting for element: By.CssSelector: input[id='00NG0000008P7me'] for 5 seconds
ZENQ\rupesh.barnawal  [ INFO]  03:30:05 29-03-19   SafeNormalClick   – Clicked on element By.CssSelector: input[id='00NG0000008P7me']
ZENQ\rupesh.barnawal  [ INFO]  03:30:05 29-03-19   FindElement   – Waiting for element: By.CssSelector: input[id='00NG0000008P7me'] for 5 seconds
ZENQ\rupesh.barnawal  [ INFO]  03:30:05 29-03-19   FindElement   – Waiting for element: By.CssSelector: input[id='00NG0000008P7mf'] for 5 seconds
ZENQ\rupesh.barnawal  [ INFO]  03:30:05 29-03-19   SafeNormalClick   – Clicked on element By.CssSelector: input[id='00NG0000008P7mf']
ZENQ\rupesh.barnawal  [ INFO]  03:30:05 29-03-19   FindElement   – Waiting for element: By.CssSelector: input[id='00NG0000008P7mf'] for 5 seconds
ZENQ\rupesh.barnawal  [ INFO]  03:30:05 29-03-19   WaitForJQueryProcessing   – Waiting ajax processing to complete..
ZENQ\rupesh.barnawal  [ INFO]  03:30:06 29-03-19   WaitForJQueryProcessing   – Waiting stopped due to exception..unknown error: jQuery is not defined
  (Session info: chrome=73.0.3683.86)
  (Driver info: chromedriver=2.40.565498 (ea082db3280dd6843ebfb08a625e3eb905c4f5ab),platform=Windows NT 10.0.10240 x86_64)
ZENQ\rupesh.barnawal  [ INFO]  03:30:06 29-03-19   WaitForPageToLoad   – Waiting until page load is complete..
ZENQ\rupesh.barnawal  [ INFO]  03:30:08 29-03-19   SafeSelectDropdown   – Selected option with index 2from dropdown By.CssSelector: select[id='00NG0000008P7mh']
ZENQ\rupesh.barnawal  [ INFO]  03:30:12 29-03-19   FindElement   – Waiting for element: By.CssSelector: td[id='bottomButtonRow'] input[title='Save'] for 5 seconds
ZENQ\rupesh.barnawal  [ INFO]  03:30:16 29-03-19   SafeNormalClick   – Clicked on element By.CssSelector: td[id='bottomButtonRow'] input[title='Save']
ZENQ\rupesh.barnawal  [ INFO]  03:30:16 29-03-19   WaitForJQueryProcessing   – Waiting ajax processing to complete..
ZENQ\rupesh.barnawal  [ INFO]  03:30:16 29-03-19   WaitForJQueryProcessing   – Waiting stopped due to exception..unknown error: jQuery is not defined
  (Session info: chrome=73.0.3683.86)
  (Driver info: chromedriver=2.40.565498 (ea082db3280dd6843ebfb08a625e3eb905c4f5ab),platform=Windows NT 10.0.10240 x86_64)
ZENQ\rupesh.barnawal  [ INFO]  03:30:16 29-03-19   WaitForPageToLoad   – Waiting until page load is complete..
ZENQ\rupesh.barnawal  [ INFO]  03:30:22 29-03-19   SafeGetText   – Taken [By.CssSelector: .pageDescription] locater text
ZENQ\rupesh.barnawal  [ INFO]  03:30:22 29-03-19   InitChromeDriver   – Launching google chrome with new profile..
ZENQ\rupesh.barnawal  [ INFO]  03:30:22 29-03-19   InitChromeDriver   – chrome driver initialized..
ZENQ\rupesh.barnawal  [ INFO]  03:30:22 29-03-19   GetProjectLocation   – path is:=>D:\osvsatmosphere\OSVAtmosQAAutomation\OneAtmosphere
ZENQ\rupesh.barnawal  [ INFO]  03:30:39 29-03-19   .ctor   – Initializing waits..
ZENQ\rupesh.barnawal  [ INFO]  03:30:39 29-03-19   LoginIntoOneAtmos   – this is login page
ZENQ\rupesh.barnawal  [ INFO]  03:30:39 29-03-19   EnterUserName   – type text in username field
ZENQ\rupesh.barnawal  [ INFO]  03:30:39 29-03-19   FindElement   – Waiting for element: By.XPath: //input[@type='text'] for 30 seconds
ZENQ\rupesh.barnawal  [ INFO]  03:30:40 29-03-19   SafeType   – Entered text zenatmos1@gmail.com in the field By.XPath: //input[@type='text']
ZENQ\rupesh.barnawal  [ INFO]  03:30:40 29-03-19   EnterUserName   – Entered the UserName in username
ZENQ\rupesh.barnawal  [ INFO]  03:30:40 29-03-19   EnterPassword   – Type password in password field
ZENQ\rupesh.barnawal  [ INFO]  03:30:40 29-03-19   FindElement   – Waiting for element: By.XPath: //input[@type='password'] for 30 seconds
ZENQ\rupesh.barnawal  [ INFO]  03:30:40 29-03-19   SafeType   – Entered text Second@123! in the field By.XPath: //input[@type='password']
ZENQ\rupesh.barnawal  [ INFO]  03:30:40 29-03-19   EnterPassword   – Entered the password in password field
ZENQ\rupesh.barnawal  [ INFO]  03:30:40 29-03-19   ClickSIGNINButton   – click on SIGN IN button
ZENQ\rupesh.barnawal  [ INFO]  03:30:40 29-03-19   FindElement   – Waiting for element: By.XPath: //span[contains(@class,'label bBody')] for 60 seconds
ZENQ\rupesh.barnawal  [ INFO]  03:30:40 29-03-19   SafeNormalClick   – Clicked on element By.XPath: //span[contains(@class,'label bBody')]
ZENQ\rupesh.barnawal  [ INFO]  03:30:40 29-03-19   ClickSIGNINButton   – clicked on SIGN IN button
ZENQ\rupesh.barnawal  [ INFO]  03:30:40 29-03-19   WaitForPageToLoad   – Waiting until page load is complete..
ZENQ\rupesh.barnawal  [ INFO]  03:30:46 29-03-19   ClickSIGNINButton   – Login Successful. Navigated to Home Page ..
ZENQ\rupesh.barnawal  [ INFO]  03:30:46 29-03-19   .ctor   – Initializing waits..
ZENQ\rupesh.barnawal  [ INFO]  03:30:46 29-03-19   LoginIntoOneAtmos   – Logged in to OneAtmos site.
ZENQ\rupesh.barnawal  [ INFO]  03:30:46 29-03-19   WaitUntilElementIsDisplayed   – Waiting until element: By.CssSelector: div[class=slds-float--left] a[title$='Transactions'] is displayed.. timeout is 10 seconds
ZENQ\rupesh.barnawal  [ INFO]  03:30:46 29-03-19   SafeGetText   – Taken TodayTranxCount[By.CssSelector: div[class=slds-float--left] a[title$='Transactions']] locater text
ZENQ\rupesh.barnawal  [ INFO]  03:30:47 29-03-19   FindElement   – Waiting for element: By.CssSelector: div[class=slds-float--left] a[title$='Transactions'] for 10 seconds
ZENQ\rupesh.barnawal  [ INFO]  03:30:48 29-03-19   SafeNormalClick   – Clicked on element By.CssSelector: div[class=slds-float--left] a[title$='Transactions']
ZENQ\rupesh.barnawal  [ INFO]  03:30:48 29-03-19   WaitForPageToLoad   – Waiting until page load is complete..
ZENQ\rupesh.barnawal  [ INFO]  03:30:48 29-03-19   FindElement   – Waiting for element: By.XPath: //div[contains(@class,'slds-show')]//div[@class='cAtmos_Worklet_Pagination']//select for 10 seconds
ZENQ\rupesh.barnawal  [ INFO]  03:30:50 29-03-19   SafeNormalClick   – Clicked on element By.XPath: //div[contains(@class,'slds-show')]//div[@class='cAtmos_Worklet_Pagination']//select
ZENQ\rupesh.barnawal  [ INFO]  03:30:52 29-03-19   SafeSelectDropdown   – Selected option with index 3from dropdown By.XPath: //div[contains(@class,'slds-show')]//div[@class='cAtmos_Worklet_Pagination']//select
ZENQ\rupesh.barnawal  [ INFO]  03:30:59 29-03-19   SafeGetText   – Taken [By.XPath: //div[contains(@class,'show')]//span[@class='paginationDetails']] locater text
ZENQ\rupesh.barnawal  [ INFO]  03:30:59 29-03-19   AddDetails   – Added elements to list
ZENQ\rupesh.barnawal  [ INFO]  03:30:59 29-03-19   ComparingValues   – Tax Refund record is created in OSVAtmos site
ZENQ\rupesh.barnawal  [ INFO]  03:30:59 29-03-19   WaitForPageToLoad   – Waiting until page load is complete..
ZENQ\rupesh.barnawal  [ INFO]  03:30:59 29-03-19   FindElement   – Waiting for element: By.XPath: //i[@class='fa fa-chevron-down dropdownIcon'] for 10 seconds
ZENQ\rupesh.barnawal  [ INFO]  03:30:59 29-03-19   SafeNormalClick   – Clicked on element By.XPath: //i[@class='fa fa-chevron-down dropdownIcon']
ZENQ\rupesh.barnawal  [ INFO]  03:30:59 29-03-19   FindElement   – Waiting for element: By.XPath: //a[@title='LOGOUT'] for 5 seconds
ZENQ\rupesh.barnawal  [ INFO]  03:31:00 29-03-19   SafeNormalClick   – Clicked on element By.XPath: //a[@title='LOGOUT']
ZENQ\rupesh.barnawal  [ INFO]  03:31:00 29-03-19   WaitForJQueryProcessing   – Waiting ajax processing to complete..
ZENQ\rupesh.barnawal  [ INFO]  03:31:02 29-03-19   WaitForJQueryProcessing   – Waiting stopped due to exception..unknown error: jQuery is not defined
  (Session info: chrome=73.0.3683.86)
  (Driver info: chromedriver=2.40.565498 (ea082db3280dd6843ebfb08a625e3eb905c4f5ab),platform=Windows NT 10.0.10240 x86_64)
ZENQ\rupesh.barnawal  [ INFO]  03:31:02 29-03-19   WaitForPageToLoad   – Waiting until page load is complete..
ZENQ\rupesh.barnawal  [ INFO]  03:31:02 29-03-19   LogOut   – Logged Out ..
ZENQ\rupesh.barnawal  [ INFO]  03:31:02 29-03-19   .ctor   – Initializing waits..
ZENQ\rupesh.barnawal  [ INFO]  03:31:02 29-03-19   FindElement   – Waiting for element: By.XPath: //td[@id='topButtonRow']//input[@title='Delete'] for 10 seconds
ZENQ\rupesh.barnawal  [ INFO]  03:31:03 29-03-19   SafeNormalClick   – Clicked on element By.XPath: //td[@id='topButtonRow']//input[@title='Delete']
ZENQ\rupesh.barnawal  [ INFO]  03:31:03 29-03-19   WaitForPageToLoad   – Waiting until page load is complete..
ZENQ\rupesh.barnawal  [ INFO]  03:31:06 29-03-19   FindElement   – Waiting for element: By.XPath: .//*[@id='userNavButton'] for 5 seconds
ZENQ\rupesh.barnawal  [ INFO]  03:31:06 29-03-19   SafeNormalClick   – Clicked on element By.XPath: .//*[@id='userNavButton']
ZENQ\rupesh.barnawal  [ INFO]  03:31:08 29-03-19   FindElement   – Waiting for element: By.XPath: .//*[@id='userNav-menuItems']/a[@title='Logout'] for 5 seconds
ZENQ\rupesh.barnawal  [ INFO]  03:31:10 29-03-19   SafeNormalClick   – Clicked on element By.XPath: .//*[@id='userNav-menuItems']/a[@title='Logout']
ZENQ\rupesh.barnawal  [ INFO]  03:31:10 29-03-19   WaitForPageToLoad   – Waiting until page load is complete..
ZENQ\rupesh.barnawal  [ INFO]  03:31:17 29-03-19   GetProjectLocation   – path is:=>D:\osvsatmosphere\OSVAtmosQAAutomation\OneAtmosphere
ZENQ\rupesh.barnawal  [ INFO]  03:31:17 29-03-19   GetAutomationReportsFolder   – ==========> Automation Reports folder directory is:=>D:\osvsatmosphere\OSVAtmosQAAutomation\Automation_Report
ZENQ\rupesh.barnawal  [ INFO]  03:48:06 29-03-19   GetProjectLocation   – path is:=>D:\osvsatmosphere\OSVAtmosQAAutomation\OneAtmosphere
ZENQ\rupesh.barnawal  [ INFO]  03:48:06 29-03-19   GetAutomationReportsFolder   – ==========> Automation Reports folder directory is:=>D:\osvsatmosphere\OSVAtmosQAAutomation\Automation_Report
ZENQ\rupesh.barnawal  [ INFO]  03:48:06 29-03-19   GetProjectLocation   – path is:=>D:\osvsatmosphere\OSVAtmosQAAutomation\OneAtmosphere
ZENQ\rupesh.barnawal  [ INFO]  03:48:06 29-03-19   GetProjectLocation   – path is:=>D:\osvsatmosphere\OSVAtmosQAAutomation\OneAtmosphere
ZENQ\rupesh.barnawal  [ INFO]  03:48:06 29-03-19   CreateReportsDirectory   – ===>Created the customer reports path is:=>D:\osvsatmosphere\OSVAtmosQAAutomation\Automation_Report\CustomReport\Reports_On_03-29-19
ZENQ\rupesh.barnawal  [ INFO]  03:48:06 29-03-19   GetProjectLocation   – path is:=>D:\osvsatmosphere\OSVAtmosQAAutomation\OneAtmosphere
ZENQ\rupesh.barnawal  [ INFO]  03:48:06 29-03-19   CreateScreenShotsFolder   – screenshots folder path:=>D:\osvsatmosphere\OSVAtmosQAAutomation\Automation_Report\OutPut\screenshots
ZENQ\rupesh.barnawal  [ INFO]  03:48:06 29-03-19   .ctor   – Initializing waits..
ZENQ\rupesh.barnawal  [ INFO]  03:48:06 29-03-19   SetUpTest   – Starting Execution of Scenario:=>Verify the 'Search Box' functionality with 'Detail Id' under 'Fully Funded' tab in Feature:Treasury
ZENQ\rupesh.barnawal  [ INFO]  03:48:06 29-03-19   InitChromeDriver   – Launching google chrome with new profile..
ZENQ\rupesh.barnawal  [ INFO]  03:48:06 29-03-19   InitChromeDriver   – chrome driver initialized..
ZENQ\rupesh.barnawal  [ INFO]  03:48:06 29-03-19   GetProjectLocation   – path is:=>D:\osvsatmosphere\OSVAtmosQAAutomation\OneAtmosphere
ZENQ\rupesh.barnawal  [ INFO]  03:48:19 29-03-19   .ctor   – Initializing waits..
ZENQ\rupesh.barnawal  [ INFO]  03:48:19 29-03-19   LoginIntoOneAtmos   – this is login page
ZENQ\rupesh.barnawal  [ INFO]  03:48:19 29-03-19   EnterUserName   – type text in username field
ZENQ\rupesh.barnawal  [ INFO]  03:48:19 29-03-19   FindElement   – Waiting for element: By.XPath: //input[@type='text'] for 30 seconds
ZENQ\rupesh.barnawal  [ INFO]  03:48:19 29-03-19   SafeType   – Entered text testatmosuser@gmail.com in the field By.XPath: //input[@type='text']
ZENQ\rupesh.barnawal  [ INFO]  03:48:19 29-03-19   EnterUserName   – Entered the UserName in username
ZENQ\rupesh.barnawal  [ INFO]  03:48:19 29-03-19   EnterPassword   – Type password in password field
ZENQ\rupesh.barnawal  [ INFO]  03:48:19 29-03-19   FindElement   – Waiting for element: By.XPath: //input[@type='password'] for 30 seconds
ZENQ\rupesh.barnawal  [ INFO]  03:48:20 29-03-19   SafeType   – Entered text Second@1234! in the field By.XPath: //input[@type='password']
ZENQ\rupesh.barnawal  [ INFO]  03:48:20 29-03-19   EnterPassword   – Entered the password in password field
ZENQ\rupesh.barnawal  [ INFO]  03:48:20 29-03-19   ClickSIGNINButton   – click on SIGN IN button
ZENQ\rupesh.barnawal  [ INFO]  03:48:20 29-03-19   FindElement   – Waiting for element: By.XPath: //span[contains(@class,'label bBody')] for 60 seconds
ZENQ\rupesh.barnawal  [ INFO]  03:48:20 29-03-19   SafeNormalClick   – Clicked on element By.XPath: //span[contains(@class,'label bBody')]
ZENQ\rupesh.barnawal  [ INFO]  03:48:20 29-03-19   ClickSIGNINButton   – clicked on SIGN IN button
ZENQ\rupesh.barnawal  [ INFO]  03:48:20 29-03-19   WaitForPageToLoad   – Waiting until page load is complete..
ZENQ\rupesh.barnawal  [ INFO]  03:48:23 29-03-19   ClickSIGNINButton   – Login Successful. Navigated to Home Page ..
ZENQ\rupesh.barnawal  [ INFO]  03:48:23 29-03-19   .ctor   – Initializing waits..
ZENQ\rupesh.barnawal  [ INFO]  03:48:23 29-03-19   LoginIntoOneAtmos   – Logged in to OneAtmos site.
ZENQ\rupesh.barnawal  [ INFO]  03:48:24 29-03-19   FindElement   – Waiting for element: By.XPath: //*[@data-aura-class='cAtmos_Treasury_HomeWorklet']/div[2]/div[@class='slds-float--right'] for 5 seconds
ZENQ\rupesh.barnawal  [ INFO]  03:48:26 29-03-19   SafeNormalClick   – Clicked on element By.XPath: //*[@data-aura-class='cAtmos_Treasury_HomeWorklet']/div[2]/div[@class='slds-float--right']
ZENQ\rupesh.barnawal  [ INFO]  03:48:26 29-03-19   WaitForPageToLoad   – Waiting until page load is complete..
ZENQ\rupesh.barnawal  [ INFO]  03:48:26 29-03-19   VerifyEllipsesMenuClickable   – Ellipse Menu Clickable..
ZENQ\rupesh.barnawal  [ INFO]  03:48:26 29-03-19   .ctor   – Initializing waits..
ZENQ\rupesh.barnawal  [ INFO]  03:48:26 29-03-19   FindElement   – Waiting for element: By.XPath: //a[text()='FULLY FUNDED'] for 5 seconds
ZENQ\rupesh.barnawal  [ INFO]  03:48:26 29-03-19   SafeNormalClick   – Clicked on element By.XPath: //a[text()='FULLY FUNDED']
ZENQ\rupesh.barnawal  [ INFO]  03:48:26 29-03-19   WaitForPageToLoad   – Waiting until page load is complete..
ZENQ\rupesh.barnawal  [ INFO]  03:48:30 29-03-19   FindElement   – Waiting for element: By.XPath: //div[@class='slds-col slds-grid slds-wrap']//div[1]//div[1]//div[1]//input[1] for 5 seconds
ZENQ\rupesh.barnawal  [ INFO]  03:48:30 29-03-19   FindElement   – Waiting for element: By.XPath: //div[@class='slds-col slds-grid slds-wrap']//div[1]//div[1]//div[1]//input[1] for 5 seconds
ZENQ\rupesh.barnawal  [ INFO]  03:48:30 29-03-19   WaitForJQueryProcessing   – Waiting ajax processing to complete..
ZENQ\rupesh.barnawal  [ INFO]  03:48:33 29-03-19   WaitForJQueryProcessing   – Waiting stopped due to exception..unknown error: jQuery is not defined
  (Session info: chrome=73.0.3683.86)
  (Driver info: chromedriver=2.40.565498 (ea082db3280dd6843ebfb08a625e3eb905c4f5ab),platform=Windows NT 10.0.10240 x86_64)
ZENQ\rupesh.barnawal  [ INFO]  03:48:33 29-03-19   WaitForPageToLoad   – Waiting until page load is complete..
ZENQ\rupesh.barnawal  [ INFO]  03:48:33 29-03-19   FindElement   – Waiting for element: By.XPath: //div[contains(@class,'slds-col slds-size_3-of-3 slds-medium-size_3-of-3 slds-large-size_3-of-3')]//div[2]//div[1]//div[1]//input[1] for 5 seconds
ZENQ\rupesh.barnawal  [ INFO]  03:48:33 29-03-19   FindElement   – Waiting for element: By.XPath: //div[contains(@class,'slds-col slds-size_3-of-3 slds-medium-size_3-of-3 slds-large-size_3-of-3')]//div[2]//div[1]//div[1]//input[1] for 5 seconds
ZENQ\rupesh.barnawal  [ INFO]  03:48:33 29-03-19   WaitForJQueryProcessing   – Waiting ajax processing to complete..
ZENQ\rupesh.barnawal  [ INFO]  03:48:36 29-03-19   WaitForJQueryProcessing   – Waiting stopped due to exception..unknown error: jQuery is not defined
  (Session info: chrome=73.0.3683.86)
  (Driver info: chromedriver=2.40.565498 (ea082db3280dd6843ebfb08a625e3eb905c4f5ab),platform=Windows NT 10.0.10240 x86_64)
ZENQ\rupesh.barnawal  [ INFO]  03:48:36 29-03-19   WaitForPageToLoad   – Waiting until page load is complete..
ZENQ\rupesh.barnawal  [ INFO]  03:48:40 29-03-19   FindElement   – Waiting for element: By.XPath: //input[contains(@placeholder,'Search by Detail Id')] for 30 seconds
ZENQ\rupesh.barnawal  [ INFO]  03:48:40 29-03-19   FindElement   – Waiting for element: By.XPath: //input[contains(@placeholder,'Search by Detail Id')] for 30 seconds
ZENQ\rupesh.barnawal  [ INFO]  03:48:40 29-03-19   SafeType   – Entered text Test Settlement in the field By.XPath: //input[contains(@placeholder,'Search by Detail Id')]
ZENQ\rupesh.barnawal  [ INFO]  03:48:42 29-03-19   SafeGetText   – Taken [By.XPath: //div[contains(@class,'show')]//span[@class='paginationDetails']] locater text
ZENQ\rupesh.barnawal  [ INFO]  03:48:43 29-03-19   AddToList   – Added elements to list
ZENQ\rupesh.barnawal  [ INFO]  03:48:45 29-03-19   VerifySearchBoxInFullyFundedPage   – Only searched records are displayed in Fully Funded table
ZENQ\rupesh.barnawal  [ INFO]  03:48:49 29-03-19   .ctor   – Initializing waits..
ZENQ\rupesh.barnawal  [ INFO]  03:48:49 29-03-19   SetUpTest   – Starting Execution of Scenario:=>Verify "First","Previous","Next" &"Past" buttons are Enabled state when user changes page number count other than value '1' - Under 'Fully Funded' tab in Feature:Treasury
ZENQ\rupesh.barnawal  [ INFO]  03:48:49 29-03-19   InitChromeDriver   – Launching google chrome with new profile..
ZENQ\rupesh.barnawal  [ INFO]  03:48:49 29-03-19   InitChromeDriver   – chrome driver initialized..
ZENQ\rupesh.barnawal  [ INFO]  03:48:49 29-03-19   GetProjectLocation   – path is:=>D:\osvsatmosphere\OSVAtmosQAAutomation\OneAtmosphere
ZENQ\rupesh.barnawal  [ INFO]  03:48:58 29-03-19   .ctor   – Initializing waits..
ZENQ\rupesh.barnawal  [ INFO]  03:48:58 29-03-19   LoginIntoOneAtmos   – this is login page
ZENQ\rupesh.barnawal  [ INFO]  03:48:58 29-03-19   EnterUserName   – type text in username field
ZENQ\rupesh.barnawal  [ INFO]  03:48:58 29-03-19   FindElement   – Waiting for element: By.XPath: //input[@type='text'] for 30 seconds
ZENQ\rupesh.barnawal  [ INFO]  03:48:58 29-03-19   SafeType   – Entered text testatmosuser@gmail.com in the field By.XPath: //input[@type='text']
ZENQ\rupesh.barnawal  [ INFO]  03:48:58 29-03-19   EnterUserName   – Entered the UserName in username
ZENQ\rupesh.barnawal  [ INFO]  03:48:58 29-03-19   EnterPassword   – Type password in password field
ZENQ\rupesh.barnawal  [ INFO]  03:48:58 29-03-19   FindElement   – Waiting for element: By.XPath: //input[@type='password'] for 30 seconds
ZENQ\rupesh.barnawal  [ INFO]  03:48:59 29-03-19   SafeType   – Entered text Second@1234! in the field By.XPath: //input[@type='password']
ZENQ\rupesh.barnawal  [ INFO]  03:48:59 29-03-19   EnterPassword   – Entered the password in password field
ZENQ\rupesh.barnawal  [ INFO]  03:48:59 29-03-19   ClickSIGNINButton   – click on SIGN IN button
ZENQ\rupesh.barnawal  [ INFO]  03:48:59 29-03-19   FindElement   – Waiting for element: By.XPath: //span[contains(@class,'label bBody')] for 60 seconds
ZENQ\rupesh.barnawal  [ INFO]  03:48:59 29-03-19   SafeNormalClick   – Clicked on element By.XPath: //span[contains(@class,'label bBody')]
ZENQ\rupesh.barnawal  [ INFO]  03:48:59 29-03-19   ClickSIGNINButton   – clicked on SIGN IN button
ZENQ\rupesh.barnawal  [ INFO]  03:48:59 29-03-19   WaitForPageToLoad   – Waiting until page load is complete..
ZENQ\rupesh.barnawal  [ INFO]  03:49:02 29-03-19   ClickSIGNINButton   – Login Successful. Navigated to Home Page ..
ZENQ\rupesh.barnawal  [ INFO]  03:49:02 29-03-19   .ctor   – Initializing waits..
ZENQ\rupesh.barnawal  [ INFO]  03:49:02 29-03-19   LoginIntoOneAtmos   – Logged in to OneAtmos site.
ZENQ\rupesh.barnawal  [ INFO]  03:49:03 29-03-19   FindElement   – Waiting for element: By.XPath: //*[@data-aura-class='cAtmos_Treasury_HomeWorklet']/div[2]/div[@class='slds-float--right'] for 5 seconds
ZENQ\rupesh.barnawal  [ INFO]  03:49:05 29-03-19   SafeNormalClick   – Clicked on element By.XPath: //*[@data-aura-class='cAtmos_Treasury_HomeWorklet']/div[2]/div[@class='slds-float--right']
ZENQ\rupesh.barnawal  [ INFO]  03:49:05 29-03-19   WaitForPageToLoad   – Waiting until page load is complete..
ZENQ\rupesh.barnawal  [ INFO]  03:49:05 29-03-19   VerifyEllipsesMenuClickable   – Ellipse Menu Clickable..
ZENQ\rupesh.barnawal  [ INFO]  03:49:05 29-03-19   .ctor   – Initializing waits..
ZENQ\rupesh.barnawal  [ INFO]  03:49:05 29-03-19   FindElement   – Waiting for element: By.XPath: //a[text()='FULLY FUNDED'] for 5 seconds
ZENQ\rupesh.barnawal  [ INFO]  03:49:05 29-03-19   SafeNormalClick   – Clicked on element By.XPath: //a[text()='FULLY FUNDED']
ZENQ\rupesh.barnawal  [ INFO]  03:49:05 29-03-19   WaitForPageToLoad   – Waiting until page load is complete..
ZENQ\rupesh.barnawal  [ INFO]  03:49:09 29-03-19   FindElement   – Waiting for element: By.XPath: //div[@class='slds-col slds-grid slds-wrap']//div[1]//div[1]//div[1]//input[1] for 5 seconds
ZENQ\rupesh.barnawal  [ INFO]  03:49:09 29-03-19   FindElement   – Waiting for element: By.XPath: //div[@class='slds-col slds-grid slds-wrap']//div[1]//div[1]//div[1]//input[1] for 5 seconds
ZENQ\rupesh.barnawal  [ INFO]  03:49:10 29-03-19   WaitForJQueryProcessing   – Waiting ajax processing to complete..
ZENQ\rupesh.barnawal  [ INFO]  03:49:10 29-03-19   WaitForJQueryProcessing   – Waiting stopped due to exception..unknown error: jQuery is not defined
  (Session info: chrome=73.0.3683.86)
  (Driver info: chromedriver=2.40.565498 (ea082db3280dd6843ebfb08a625e3eb905c4f5ab),platform=Windows NT 10.0.10240 x86_64)
ZENQ\rupesh.barnawal  [ INFO]  03:49:10 29-03-19   WaitForPageToLoad   – Waiting until page load is complete..
ZENQ\rupesh.barnawal  [ INFO]  03:49:13 29-03-19   FindElement   – Waiting for element: By.XPath: //div[contains(@class,'slds-col slds-size_3-of-3 slds-medium-size_3-of-3 slds-large-size_3-of-3')]//div[2]//div[1]//div[1]//input[1] for 5 seconds
ZENQ\rupesh.barnawal  [ INFO]  03:49:13 29-03-19   FindElement   – Waiting for element: By.XPath: //div[contains(@class,'slds-col slds-size_3-of-3 slds-medium-size_3-of-3 slds-large-size_3-of-3')]//div[2]//div[1]//div[1]//input[1] for 5 seconds
ZENQ\rupesh.barnawal  [ INFO]  03:49:13 29-03-19   WaitForJQueryProcessing   – Waiting ajax processing to complete..
ZENQ\rupesh.barnawal  [ INFO]  03:49:15 29-03-19   WaitForJQueryProcessing   – Waiting stopped due to exception..unknown error: jQuery is not defined
  (Session info: chrome=73.0.3683.86)
  (Driver info: chromedriver=2.40.565498 (ea082db3280dd6843ebfb08a625e3eb905c4f5ab),platform=Windows NT 10.0.10240 x86_64)
ZENQ\rupesh.barnawal  [ INFO]  03:49:15 29-03-19   WaitForPageToLoad   – Waiting until page load is complete..
ZENQ\rupesh.barnawal  [ INFO]  03:49:19 29-03-19   SafeGetText   – Taken [By.XPath: //div[contains(@class,'show')]//span[@class='paginationDetails']] locater text
ZENQ\rupesh.barnawal  [ INFO]  03:49:21 29-03-19   FindElement   – Waiting for element: By.XPath: //div[contains(@class,'slds-show')]//input[@class='paginationInputText'] for 30 seconds
ZENQ\rupesh.barnawal  [ INFO]  03:49:21 29-03-19   FindElement   – Waiting for element: By.XPath: //div[contains(@class,'slds-show')]//input[@class='paginationInputText'] for 30 seconds
ZENQ\rupesh.barnawal  [ INFO]  03:49:21 29-03-19   SafeType   – Entered text 2 in the field By.XPath: //div[contains(@class,'slds-show')]//input[@class='paginationInputText']
ZENQ\rupesh.barnawal  [ INFO]  03:49:26 29-03-19   FindElement   – Waiting for element: By.XPath: //div[contains(@class,'slds-show')]//button[text()='First'] for 10 seconds
ZENQ\rupesh.barnawal  [ INFO]  03:49:27 29-03-19   TakeScreenshot   – A generic error occurred in GDI+.   at System.Drawing.Image.Save(String filename, ImageCodecInfo encoder, EncoderParameters encoderParams)
   at System.Drawing.Image.Save(String filename, ImageFormat format)
   at OpenQA.Selenium.Screenshot.SaveAsFile(String fileName, ImageFormat format)
   at OpenQA.Selenium.Screenshot.SaveAsFile(String fileName, ScreenshotImageFormat format)
   at SeleniumAutomation.Utilities.AutomationUtilities.TakeScreenshot(IWebDriver driver, String screenshotPath) in D:\osvsatmosphere\OSVAtmosQAAutomation\OneAtmosphere\Utilities\Generic\Utilities.cs:line 529
ZENQ\rupesh.barnawal  [ INFO]  03:49:27 29-03-19   TearDown   – An error ocurred:  First button is not enabled in Treasury page even if by chaging page number
  Expected: True
  But was:  False

ZENQ\rupesh.barnawal  [ INFO]  03:49:27 29-03-19   TearDown   – It was of type:AssertionException
ZENQ\rupesh.barnawal  [ INFO]  03:49:27 29-03-19   .ctor   – Initializing waits..
ZENQ\rupesh.barnawal  [ INFO]  03:49:27 29-03-19   SetUpTest   – Starting Execution of Scenario:=>Verify Currency checkboxes with different selections in Fully Funded tab in Feature:Treasury
ZENQ\rupesh.barnawal  [ INFO]  03:49:27 29-03-19   InitChromeDriver   – Launching google chrome with new profile..
ZENQ\rupesh.barnawal  [ INFO]  03:49:27 29-03-19   InitChromeDriver   – chrome driver initialized..
ZENQ\rupesh.barnawal  [ INFO]  03:49:27 29-03-19   GetProjectLocation   – path is:=>D:\osvsatmosphere\OSVAtmosQAAutomation\OneAtmosphere
ZENQ\rupesh.barnawal  [ INFO]  03:49:39 29-03-19   .ctor   – Initializing waits..
ZENQ\rupesh.barnawal  [ INFO]  03:49:39 29-03-19   LoginIntoOneAtmos   – this is login page
ZENQ\rupesh.barnawal  [ INFO]  03:49:39 29-03-19   EnterUserName   – type text in username field
ZENQ\rupesh.barnawal  [ INFO]  03:49:39 29-03-19   FindElement   – Waiting for element: By.XPath: //input[@type='text'] for 30 seconds
ZENQ\rupesh.barnawal  [ INFO]  03:49:40 29-03-19   SafeType   – Entered text testatmosuser@gmail.com in the field By.XPath: //input[@type='text']
ZENQ\rupesh.barnawal  [ INFO]  03:49:40 29-03-19   EnterUserName   – Entered the UserName in username
ZENQ\rupesh.barnawal  [ INFO]  03:49:40 29-03-19   EnterPassword   – Type password in password field
ZENQ\rupesh.barnawal  [ INFO]  03:49:40 29-03-19   FindElement   – Waiting for element: By.XPath: //input[@type='password'] for 30 seconds
ZENQ\rupesh.barnawal  [ INFO]  03:49:40 29-03-19   SafeType   – Entered text Second@1234! in the field By.XPath: //input[@type='password']
ZENQ\rupesh.barnawal  [ INFO]  03:49:40 29-03-19   EnterPassword   – Entered the password in password field
ZENQ\rupesh.barnawal  [ INFO]  03:49:40 29-03-19   ClickSIGNINButton   – click on SIGN IN button
ZENQ\rupesh.barnawal  [ INFO]  03:49:40 29-03-19   FindElement   – Waiting for element: By.XPath: //span[contains(@class,'label bBody')] for 60 seconds
ZENQ\rupesh.barnawal  [ INFO]  03:49:40 29-03-19   SafeNormalClick   – Clicked on element By.XPath: //span[contains(@class,'label bBody')]
ZENQ\rupesh.barnawal  [ INFO]  03:49:40 29-03-19   ClickSIGNINButton   – clicked on SIGN IN button
ZENQ\rupesh.barnawal  [ INFO]  03:49:40 29-03-19   WaitForPageToLoad   – Waiting until page load is complete..
ZENQ\rupesh.barnawal  [ INFO]  03:49:44 29-03-19   ClickSIGNINButton   – Login Successful. Navigated to Home Page ..
ZENQ\rupesh.barnawal  [ INFO]  03:49:44 29-03-19   .ctor   – Initializing waits..
ZENQ\rupesh.barnawal  [ INFO]  03:49:44 29-03-19   LoginIntoOneAtmos   – Logged in to OneAtmos site.
ZENQ\rupesh.barnawal  [ INFO]  03:49:44 29-03-19   FindElement   – Waiting for element: By.XPath: //*[@data-aura-class='cAtmos_Treasury_HomeWorklet']/div[2]/div[@class='slds-float--right'] for 5 seconds
ZENQ\rupesh.barnawal  [ INFO]  03:49:46 29-03-19   SafeNormalClick   – Clicked on element By.XPath: //*[@data-aura-class='cAtmos_Treasury_HomeWorklet']/div[2]/div[@class='slds-float--right']
ZENQ\rupesh.barnawal  [ INFO]  03:49:46 29-03-19   WaitForPageToLoad   – Waiting until page load is complete..
ZENQ\rupesh.barnawal  [ INFO]  03:49:46 29-03-19   VerifyEllipsesMenuClickable   – Ellipse Menu Clickable..
ZENQ\rupesh.barnawal  [ INFO]  03:49:46 29-03-19   .ctor   – Initializing waits..
ZENQ\rupesh.barnawal  [ INFO]  03:49:46 29-03-19   FindElement   – Waiting for element: By.XPath: //a[text()='FULLY FUNDED'] for 5 seconds
ZENQ\rupesh.barnawal  [ INFO]  03:49:47 29-03-19   SafeNormalClick   – Clicked on element By.XPath: //a[text()='FULLY FUNDED']
ZENQ\rupesh.barnawal  [ INFO]  03:49:47 29-03-19   WaitForPageToLoad   – Waiting until page load is complete..
ZENQ\rupesh.barnawal  [ INFO]  03:49:51 29-03-19   FindElement   – Waiting for element: By.XPath: //div[@class='slds-col slds-grid slds-wrap']//div[1]//div[1]//div[1]//input[1] for 5 seconds
ZENQ\rupesh.barnawal  [ INFO]  03:49:51 29-03-19   FindElement   – Waiting for element: By.XPath: //div[@class='slds-col slds-grid slds-wrap']//div[1]//div[1]//div[1]//input[1] for 5 seconds
ZENQ\rupesh.barnawal  [ INFO]  03:49:51 29-03-19   WaitForJQueryProcessing   – Waiting ajax processing to complete..
ZENQ\rupesh.barnawal  [ INFO]  03:49:52 29-03-19   WaitForJQueryProcessing   – Waiting stopped due to exception..unknown error: jQuery is not defined
  (Session info: chrome=73.0.3683.86)
  (Driver info: chromedriver=2.40.565498 (ea082db3280dd6843ebfb08a625e3eb905c4f5ab),platform=Windows NT 10.0.10240 x86_64)
ZENQ\rupesh.barnawal  [ INFO]  03:49:52 29-03-19   WaitForPageToLoad   – Waiting until page load is complete..
ZENQ\rupesh.barnawal  [ INFO]  03:49:52 29-03-19   FindElement   – Waiting for element: By.XPath: //div[contains(@class,'slds-col slds-size_3-of-3 slds-medium-size_3-of-3 slds-large-size_3-of-3')]//div[2]//div[1]//div[1]//input[1] for 5 seconds
ZENQ\rupesh.barnawal  [ INFO]  03:49:54 29-03-19   FindElement   – Waiting for element: By.XPath: //div[contains(@class,'slds-col slds-size_3-of-3 slds-medium-size_3-of-3 slds-large-size_3-of-3')]//div[2]//div[1]//div[1]//input[1] for 5 seconds
ZENQ\rupesh.barnawal  [ INFO]  03:49:55 29-03-19   WaitForJQueryProcessing   – Waiting ajax processing to complete..
ZENQ\rupesh.barnawal  [ INFO]  03:49:57 29-03-19   WaitForJQueryProcessing   – Waiting stopped due to exception..unknown error: jQuery is not defined
  (Session info: chrome=73.0.3683.86)
  (Driver info: chromedriver=2.40.565498 (ea082db3280dd6843ebfb08a625e3eb905c4f5ab),platform=Windows NT 10.0.10240 x86_64)
ZENQ\rupesh.barnawal  [ INFO]  03:49:57 29-03-19   WaitForPageToLoad   – Waiting until page load is complete..
ZENQ\rupesh.barnawal  [ INFO]  03:50:00 29-03-19   SafeGetText   – Taken [By.XPath: //div[contains(@class,'show')]//span[@class='paginationDetails']] locater text
ZENQ\rupesh.barnawal  [ INFO]  03:50:01 29-03-19   AddToList1   – Added elements to list
ZENQ\rupesh.barnawal  [ INFO]  03:50:01 29-03-19   FindElement   – Waiting for element: By.XPath: //div[contains(@class,'slds-show')]//button[text()='First'] for 5 seconds
ZENQ\rupesh.barnawal  [ INFO]  03:50:01 29-03-19   SafeNormalClick   – Clicked on element By.XPath: //div[contains(@class,'slds-show')]//button[text()='First']
ZENQ\rupesh.barnawal  [ INFO]  03:50:06 29-03-19   AddToList1   – Added elements to list
ZENQ\rupesh.barnawal  [ INFO]  03:50:06 29-03-19   FindElement   – Waiting for element: By.XPath: //div[contains(@class,'slds-show')]//button[text()='First'] for 5 seconds
ZENQ\rupesh.barnawal  [ INFO]  03:50:07 29-03-19   SafeNormalClick   – Clicked on element By.XPath: //div[contains(@class,'slds-show')]//button[text()='First']
ZENQ\rupesh.barnawal  [ INFO]  03:50:12 29-03-19   AddToList1   – Added elements to list
ZENQ\rupesh.barnawal  [ INFO]  03:50:15 29-03-19   FindElement   – Waiting for element: By.XPath: .//*[@id='fullfunded']//div[1]/div[1]/div[1]/div[2]/div/div[3]//input for 5 seconds
ZENQ\rupesh.barnawal  [ INFO]  03:50:17 29-03-19   FindElement   – Waiting for element: By.XPath: //div[contains(@class,'slds-show')]//button[text()='First'] for 5 seconds
ZENQ\rupesh.barnawal  [ INFO]  03:50:17 29-03-19   SafeGetText   – Taken [By.XPath: //div[contains(@class,'show')]//span[@class='paginationDetails']] locater text
ZENQ\rupesh.barnawal  [ INFO]  03:50:17 29-03-19   AddToList1   – Added elements to list
ZENQ\rupesh.barnawal  [ INFO]  03:50:17 29-03-19   FindElement   – Waiting for element: By.XPath: //div[contains(@class,'slds-show')]//button[text()='First'] for 5 seconds
ZENQ\rupesh.barnawal  [ INFO]  03:50:17 29-03-19   SafeNormalClick   – Clicked on element By.XPath: //div[contains(@class,'slds-show')]//button[text()='First']
ZENQ\rupesh.barnawal  [ INFO]  03:50:23 29-03-19   AddToList1   – Added elements to list
ZENQ\rupesh.barnawal  [ INFO]  03:50:23 29-03-19   FindElement   – Waiting for element: By.XPath: //div[contains(@class,'slds-show')]//button[text()='First'] for 5 seconds
ZENQ\rupesh.barnawal  [ INFO]  03:50:23 29-03-19   SafeNormalClick   – Clicked on element By.XPath: //div[contains(@class,'slds-show')]//button[text()='First']
ZENQ\rupesh.barnawal  [ INFO]  03:50:28 29-03-19   AddToList1   – Added elements to list
ZENQ\rupesh.barnawal  [ INFO]  03:50:31 29-03-19   FindElement   – Waiting for element: By.XPath: .//*[@id='fullfunded']//div[1]/div[1]/div[1]/div[2]/div/div[2]//input for 5 seconds
ZENQ\rupesh.barnawal  [ INFO]  03:50:33 29-03-19   FindElement   – Waiting for element: By.XPath: .//*[@id='fullfunded']//div[1]/div[1]/div[1]/div[2]/div/div[3]//input for 5 seconds
ZENQ\rupesh.barnawal  [ INFO]  03:50:45 29-03-19   .ctor   – Initializing waits..
ZENQ\rupesh.barnawal  [ INFO]  03:50:45 29-03-19   SetUpTest   – Starting Execution of Scenario:=>Verify records by selecting both 'Dates' and 'Currencies' under 'Fully Funded' tab in Feature:Treasury
ZENQ\rupesh.barnawal  [ INFO]  03:50:45 29-03-19   InitChromeDriver   – Launching google chrome with new profile..
ZENQ\rupesh.barnawal  [ INFO]  03:50:45 29-03-19   InitChromeDriver   – chrome driver initialized..
ZENQ\rupesh.barnawal  [ INFO]  03:50:45 29-03-19   GetProjectLocation   – path is:=>D:\osvsatmosphere\OSVAtmosQAAutomation\OneAtmosphere
ZENQ\rupesh.barnawal  [ INFO]  03:50:54 29-03-19   .ctor   – Initializing waits..
ZENQ\rupesh.barnawal  [ INFO]  03:50:54 29-03-19   LoginIntoOneAtmos   – this is login page
ZENQ\rupesh.barnawal  [ INFO]  03:50:54 29-03-19   EnterUserName   – type text in username field
ZENQ\rupesh.barnawal  [ INFO]  03:50:54 29-03-19   FindElement   – Waiting for element: By.XPath: //input[@type='text'] for 30 seconds
ZENQ\rupesh.barnawal  [ INFO]  03:50:54 29-03-19   SafeType   – Entered text testatmosuser@gmail.com in the field By.XPath: //input[@type='text']
ZENQ\rupesh.barnawal  [ INFO]  03:50:54 29-03-19   EnterUserName   – Entered the UserName in username
ZENQ\rupesh.barnawal  [ INFO]  03:50:54 29-03-19   EnterPassword   – Type password in password field
ZENQ\rupesh.barnawal  [ INFO]  03:50:54 29-03-19   FindElement   – Waiting for element: By.XPath: //input[@type='password'] for 30 seconds
ZENQ\rupesh.barnawal  [ INFO]  03:50:54 29-03-19   SafeType   – Entered text Second@1234! in the field By.XPath: //input[@type='password']
ZENQ\rupesh.barnawal  [ INFO]  03:50:54 29-03-19   EnterPassword   – Entered the password in password field
ZENQ\rupesh.barnawal  [ INFO]  03:50:54 29-03-19   ClickSIGNINButton   – click on SIGN IN button
ZENQ\rupesh.barnawal  [ INFO]  03:50:54 29-03-19   FindElement   – Waiting for element: By.XPath: //span[contains(@class,'label bBody')] for 60 seconds
ZENQ\rupesh.barnawal  [ INFO]  03:50:54 29-03-19   SafeNormalClick   – Clicked on element By.XPath: //span[contains(@class,'label bBody')]
ZENQ\rupesh.barnawal  [ INFO]  03:50:54 29-03-19   ClickSIGNINButton   – clicked on SIGN IN button
ZENQ\rupesh.barnawal  [ INFO]  03:50:54 29-03-19   WaitForPageToLoad   – Waiting until page load is complete..
ZENQ\rupesh.barnawal  [ INFO]  03:50:59 29-03-19   ClickSIGNINButton   – Login Successful. Navigated to Home Page ..
ZENQ\rupesh.barnawal  [ INFO]  03:50:59 29-03-19   .ctor   – Initializing waits..
ZENQ\rupesh.barnawal  [ INFO]  03:50:59 29-03-19   LoginIntoOneAtmos   – Logged in to OneAtmos site.
ZENQ\rupesh.barnawal  [ INFO]  03:50:59 29-03-19   FindElement   – Waiting for element: By.XPath: //*[@data-aura-class='cAtmos_Treasury_HomeWorklet']/div[2]/div[@class='slds-float--right'] for 5 seconds
ZENQ\rupesh.barnawal  [ INFO]  03:51:01 29-03-19   SafeNormalClick   – Clicked on element By.XPath: //*[@data-aura-class='cAtmos_Treasury_HomeWorklet']/div[2]/div[@class='slds-float--right']
ZENQ\rupesh.barnawal  [ INFO]  03:51:01 29-03-19   WaitForPageToLoad   – Waiting until page load is complete..
ZENQ\rupesh.barnawal  [ INFO]  03:51:01 29-03-19   VerifyEllipsesMenuClickable   – Ellipse Menu Clickable..
ZENQ\rupesh.barnawal  [ INFO]  03:51:01 29-03-19   .ctor   – Initializing waits..
ZENQ\rupesh.barnawal  [ INFO]  03:51:01 29-03-19   FindElement   – Waiting for element: By.XPath: //a[text()='FULLY FUNDED'] for 5 seconds
ZENQ\rupesh.barnawal  [ INFO]  03:51:01 29-03-19   SafeNormalClick   – Clicked on element By.XPath: //a[text()='FULLY FUNDED']
ZENQ\rupesh.barnawal  [ INFO]  03:51:01 29-03-19   WaitForPageToLoad   – Waiting until page load is complete..
ZENQ\rupesh.barnawal  [ INFO]  03:51:05 29-03-19   FindElement   – Waiting for element: By.XPath: //div[@class='slds-col slds-grid slds-wrap']//div[1]//div[1]//div[1]//input[1] for 5 seconds
ZENQ\rupesh.barnawal  [ INFO]  03:51:05 29-03-19   FindElement   – Waiting for element: By.XPath: //div[@class='slds-col slds-grid slds-wrap']//div[1]//div[1]//div[1]//input[1] for 5 seconds
ZENQ\rupesh.barnawal  [ INFO]  03:51:05 29-03-19   WaitForJQueryProcessing   – Waiting ajax processing to complete..
ZENQ\rupesh.barnawal  [ INFO]  03:51:08 29-03-19   WaitForJQueryProcessing   – Waiting stopped due to exception..unknown error: jQuery is not defined
  (Session info: chrome=73.0.3683.86)
  (Driver info: chromedriver=2.40.565498 (ea082db3280dd6843ebfb08a625e3eb905c4f5ab),platform=Windows NT 10.0.10240 x86_64)
ZENQ\rupesh.barnawal  [ INFO]  03:51:08 29-03-19   WaitForPageToLoad   – Waiting until page load is complete..
ZENQ\rupesh.barnawal  [ INFO]  03:51:08 29-03-19   FindElement   – Waiting for element: By.XPath: //div[contains(@class,'slds-col slds-size_3-of-3 slds-medium-size_3-of-3 slds-large-size_3-of-3')]//div[2]//div[1]//div[1]//input[1] for 5 seconds
ZENQ\rupesh.barnawal  [ INFO]  03:51:08 29-03-19   FindElement   – Waiting for element: By.XPath: //div[contains(@class,'slds-col slds-size_3-of-3 slds-medium-size_3-of-3 slds-large-size_3-of-3')]//div[2]//div[1]//div[1]//input[1] for 5 seconds
ZENQ\rupesh.barnawal  [ INFO]  03:51:08 29-03-19   WaitForJQueryProcessing   – Waiting ajax processing to complete..
ZENQ\rupesh.barnawal  [ INFO]  03:51:10 29-03-19   WaitForJQueryProcessing   – Waiting stopped due to exception..unknown error: jQuery is not defined
  (Session info: chrome=73.0.3683.86)
  (Driver info: chromedriver=2.40.565498 (ea082db3280dd6843ebfb08a625e3eb905c4f5ab),platform=Windows NT 10.0.10240 x86_64)
ZENQ\rupesh.barnawal  [ INFO]  03:51:10 29-03-19   WaitForPageToLoad   – Waiting until page load is complete..
ZENQ\rupesh.barnawal  [ INFO]  03:51:24 29-03-19   VerifyFullyFundedDatesInRange   – Records are not displayed between From and To dates
ZENQ\rupesh.barnawal  [ INFO]  03:51:28 29-03-19   .ctor   – Initializing waits..
ZENQ\rupesh.barnawal  [ INFO]  03:51:28 29-03-19   SetUpTest   – Starting Execution of Scenario:=>Verify the functionality of 'From' and 'To' calendars in 'Fully Funded' tab in Feature:Treasury
ZENQ\rupesh.barnawal  [ INFO]  03:51:28 29-03-19   InitChromeDriver   – Launching google chrome with new profile..
ZENQ\rupesh.barnawal  [ INFO]  03:51:28 29-03-19   InitChromeDriver   – chrome driver initialized..
ZENQ\rupesh.barnawal  [ INFO]  03:51:28 29-03-19   GetProjectLocation   – path is:=>D:\osvsatmosphere\OSVAtmosQAAutomation\OneAtmosphere
ZENQ\rupesh.barnawal  [ INFO]  03:51:37 29-03-19   .ctor   – Initializing waits..
ZENQ\rupesh.barnawal  [ INFO]  03:51:37 29-03-19   LoginIntoOneAtmos   – this is login page
ZENQ\rupesh.barnawal  [ INFO]  03:51:37 29-03-19   EnterUserName   – type text in username field
ZENQ\rupesh.barnawal  [ INFO]  03:51:37 29-03-19   FindElement   – Waiting for element: By.XPath: //input[@type='text'] for 30 seconds
ZENQ\rupesh.barnawal  [ INFO]  03:51:37 29-03-19   SafeType   – Entered text testatmosuser@gmail.com in the field By.XPath: //input[@type='text']
ZENQ\rupesh.barnawal  [ INFO]  03:51:37 29-03-19   EnterUserName   – Entered the UserName in username
ZENQ\rupesh.barnawal  [ INFO]  03:51:37 29-03-19   EnterPassword   – Type password in password field
ZENQ\rupesh.barnawal  [ INFO]  03:51:38 29-03-19   FindElement   – Waiting for element: By.XPath: //input[@type='password'] for 30 seconds
ZENQ\rupesh.barnawal  [ INFO]  03:51:38 29-03-19   SafeType   – Entered text Second@1234! in the field By.XPath: //input[@type='password']
ZENQ\rupesh.barnawal  [ INFO]  03:51:38 29-03-19   EnterPassword   – Entered the password in password field
ZENQ\rupesh.barnawal  [ INFO]  03:51:38 29-03-19   ClickSIGNINButton   – click on SIGN IN button
ZENQ\rupesh.barnawal  [ INFO]  03:51:38 29-03-19   FindElement   – Waiting for element: By.XPath: //span[contains(@class,'label bBody')] for 60 seconds
ZENQ\rupesh.barnawal  [ INFO]  03:51:38 29-03-19   SafeNormalClick   – Clicked on element By.XPath: //span[contains(@class,'label bBody')]
ZENQ\rupesh.barnawal  [ INFO]  03:51:38 29-03-19   ClickSIGNINButton   – clicked on SIGN IN button
ZENQ\rupesh.barnawal  [ INFO]  03:51:38 29-03-19   WaitForPageToLoad   – Waiting until page load is complete..
ZENQ\rupesh.barnawal  [ INFO]  03:51:42 29-03-19   ClickSIGNINButton   – Login Successful. Navigated to Home Page ..
ZENQ\rupesh.barnawal  [ INFO]  03:51:42 29-03-19   .ctor   – Initializing waits..
ZENQ\rupesh.barnawal  [ INFO]  03:51:42 29-03-19   LoginIntoOneAtmos   – Logged in to OneAtmos site.
ZENQ\rupesh.barnawal  [ INFO]  03:51:43 29-03-19   FindElement   – Waiting for element: By.XPath: //*[@data-aura-class='cAtmos_Treasury_HomeWorklet']/div[2]/div[@class='slds-float--right'] for 5 seconds
ZENQ\rupesh.barnawal  [ INFO]  03:51:44 29-03-19   SafeNormalClick   – Clicked on element By.XPath: //*[@data-aura-class='cAtmos_Treasury_HomeWorklet']/div[2]/div[@class='slds-float--right']
ZENQ\rupesh.barnawal  [ INFO]  03:51:44 29-03-19   WaitForPageToLoad   – Waiting until page load is complete..
ZENQ\rupesh.barnawal  [ INFO]  03:51:44 29-03-19   VerifyEllipsesMenuClickable   – Ellipse Menu Clickable..
ZENQ\rupesh.barnawal  [ INFO]  03:51:44 29-03-19   .ctor   – Initializing waits..
ZENQ\rupesh.barnawal  [ INFO]  03:51:45 29-03-19   FindElement   – Waiting for element: By.XPath: //a[text()='FULLY FUNDED'] for 5 seconds
ZENQ\rupesh.barnawal  [ INFO]  03:51:45 29-03-19   SafeNormalClick   – Clicked on element By.XPath: //a[text()='FULLY FUNDED']
ZENQ\rupesh.barnawal  [ INFO]  03:51:45 29-03-19   WaitForPageToLoad   – Waiting until page load is complete..
ZENQ\rupesh.barnawal  [ INFO]  03:51:50 29-03-19   FindElement   – Waiting for element: By.XPath: //div[@class='slds-col slds-grid slds-wrap']//div[1]//div[1]//div[1]//input[1] for 5 seconds
ZENQ\rupesh.barnawal  [ INFO]  03:51:51 29-03-19   SafeNormalClick   – Clicked on element By.XPath: //div[@class='slds-col slds-grid slds-wrap']//div[1]//div[1]//div[1]//input[1]
ZENQ\rupesh.barnawal  [ INFO]  03:51:53 29-03-19   FindElement   – Waiting for element: By.XPath: //span[text()='Today'] for 5 seconds
ZENQ\rupesh.barnawal  [ INFO]  03:51:53 29-03-19   SafeNormalClick   – Clicked on element By.XPath: //span[text()='Today']
ZENQ\rupesh.barnawal  [ INFO]  03:51:55 29-03-19   FindElement   – Waiting for element: By.XPath: //div[contains(@class,'slds-col slds-size_3-of-3 slds-medium-size_3-of-3 slds-large-size_3-of-3')]//div[2]//div[1]//div[1]//input[1] for 5 seconds
ZENQ\rupesh.barnawal  [ INFO]  03:51:55 29-03-19   SafeNormalClick   – Clicked on element By.XPath: //div[contains(@class,'slds-col slds-size_3-of-3 slds-medium-size_3-of-3 slds-large-size_3-of-3')]//div[2]//div[1]//div[1]//input[1]
ZENQ\rupesh.barnawal  [ INFO]  03:51:57 29-03-19   FindElement   – Waiting for element: By.XPath: //span[text()='Today'] for 5 seconds
ZENQ\rupesh.barnawal  [ INFO]  03:51:57 29-03-19   SafeNormalClick   – Clicked on element By.XPath: //span[text()='Today']
ZENQ\rupesh.barnawal  [ INFO]  03:51:57 29-03-19   FindElement   – Waiting for element: By.XPath: //div[@class='slds-col slds-grid slds-wrap']//div[1]//div[1]//div[1]//input[1] for 5 seconds
ZENQ\rupesh.barnawal  [ INFO]  03:51:57 29-03-19   FindElement   – Waiting for element: By.XPath: //div[@class='slds-col slds-grid slds-wrap']//div[1]//div[1]//div[1]//input[1] for 5 seconds
ZENQ\rupesh.barnawal  [ INFO]  03:51:58 29-03-19   WaitForJQueryProcessing   – Waiting ajax processing to complete..
ZENQ\rupesh.barnawal  [ INFO]  03:52:00 29-03-19   WaitForJQueryProcessing   – Waiting stopped due to exception..unknown error: jQuery is not defined
  (Session info: chrome=73.0.3683.86)
  (Driver info: chromedriver=2.40.565498 (ea082db3280dd6843ebfb08a625e3eb905c4f5ab),platform=Windows NT 10.0.10240 x86_64)
ZENQ\rupesh.barnawal  [ INFO]  03:52:00 29-03-19   WaitForPageToLoad   – Waiting until page load is complete..
ZENQ\rupesh.barnawal  [ INFO]  03:52:00 29-03-19   FindElement   – Waiting for element: By.XPath: //div[contains(@class,'slds-col slds-size_3-of-3 slds-medium-size_3-of-3 slds-large-size_3-of-3')]//div[2]//div[1]//div[1]//input[1] for 5 seconds
ZENQ\rupesh.barnawal  [ INFO]  03:52:00 29-03-19   FindElement   – Waiting for element: By.XPath: //div[contains(@class,'slds-col slds-size_3-of-3 slds-medium-size_3-of-3 slds-large-size_3-of-3')]//div[2]//div[1]//div[1]//input[1] for 5 seconds
ZENQ\rupesh.barnawal  [ INFO]  03:52:00 29-03-19   WaitForJQueryProcessing   – Waiting ajax processing to complete..
ZENQ\rupesh.barnawal  [ INFO]  03:52:03 29-03-19   WaitForJQueryProcessing   – Waiting stopped due to exception..unknown error: jQuery is not defined
  (Session info: chrome=73.0.3683.86)
  (Driver info: chromedriver=2.40.565498 (ea082db3280dd6843ebfb08a625e3eb905c4f5ab),platform=Windows NT 10.0.10240 x86_64)
ZENQ\rupesh.barnawal  [ INFO]  03:52:03 29-03-19   WaitForPageToLoad   – Waiting until page load is complete..
ZENQ\rupesh.barnawal  [ INFO]  03:52:16 29-03-19   VerifyFullyFundedDatesInRange   – Records are not displayed between From and To dates
ZENQ\rupesh.barnawal  [ INFO]  03:52:20 29-03-19   .ctor   – Initializing waits..
ZENQ\rupesh.barnawal  [ INFO]  03:52:21 29-03-19   SetUpTest   – Starting Execution of Scenario:=>Verify footer buttons are Enabled state when user changes page number count other than value '1' - Under 'Todays Transaction' tab in Feature:Treasury
ZENQ\rupesh.barnawal  [ INFO]  03:52:21 29-03-19   InitChromeDriver   – Launching google chrome with new profile..
ZENQ\rupesh.barnawal  [ INFO]  03:52:21 29-03-19   InitChromeDriver   – chrome driver initialized..
ZENQ\rupesh.barnawal  [ INFO]  03:52:21 29-03-19   GetProjectLocation   – path is:=>D:\osvsatmosphere\OSVAtmosQAAutomation\OneAtmosphere
ZENQ\rupesh.barnawal  [ INFO]  03:52:31 29-03-19   .ctor   – Initializing waits..
ZENQ\rupesh.barnawal  [ INFO]  03:52:31 29-03-19   LoginIntoOneAtmos   – this is login page
ZENQ\rupesh.barnawal  [ INFO]  03:52:31 29-03-19   EnterUserName   – type text in username field
ZENQ\rupesh.barnawal  [ INFO]  03:52:31 29-03-19   FindElement   – Waiting for element: By.XPath: //input[@type='text'] for 30 seconds
ZENQ\rupesh.barnawal  [ INFO]  03:52:31 29-03-19   SafeType   – Entered text testatmosuser@gmail.com in the field By.XPath: //input[@type='text']
ZENQ\rupesh.barnawal  [ INFO]  03:52:31 29-03-19   EnterUserName   – Entered the UserName in username
ZENQ\rupesh.barnawal  [ INFO]  03:52:31 29-03-19   EnterPassword   – Type password in password field
ZENQ\rupesh.barnawal  [ INFO]  03:52:32 29-03-19   FindElement   – Waiting for element: By.XPath: //input[@type='password'] for 30 seconds
ZENQ\rupesh.barnawal  [ INFO]  03:52:32 29-03-19   SafeType   – Entered text Second@1234! in the field By.XPath: //input[@type='password']
ZENQ\rupesh.barnawal  [ INFO]  03:52:32 29-03-19   EnterPassword   – Entered the password in password field
ZENQ\rupesh.barnawal  [ INFO]  03:52:32 29-03-19   ClickSIGNINButton   – click on SIGN IN button
ZENQ\rupesh.barnawal  [ INFO]  03:52:32 29-03-19   FindElement   – Waiting for element: By.XPath: //span[contains(@class,'label bBody')] for 60 seconds
ZENQ\rupesh.barnawal  [ INFO]  03:52:32 29-03-19   SafeNormalClick   – Clicked on element By.XPath: //span[contains(@class,'label bBody')]
ZENQ\rupesh.barnawal  [ INFO]  03:52:32 29-03-19   ClickSIGNINButton   – clicked on SIGN IN button
ZENQ\rupesh.barnawal  [ INFO]  03:52:32 29-03-19   WaitForPageToLoad   – Waiting until page load is complete..
ZENQ\rupesh.barnawal  [ INFO]  03:52:36 29-03-19   ClickSIGNINButton   – Login Successful. Navigated to Home Page ..
ZENQ\rupesh.barnawal  [ INFO]  03:52:36 29-03-19   .ctor   – Initializing waits..
ZENQ\rupesh.barnawal  [ INFO]  03:52:36 29-03-19   LoginIntoOneAtmos   – Logged in to OneAtmos site.
ZENQ\rupesh.barnawal  [ INFO]  03:52:37 29-03-19   FindElement   – Waiting for element: By.XPath: //*[@data-aura-class='cAtmos_Treasury_HomeWorklet']/div[2]/div[@class='slds-float--right'] for 5 seconds
ZENQ\rupesh.barnawal  [ INFO]  03:52:39 29-03-19   SafeNormalClick   – Clicked on element By.XPath: //*[@data-aura-class='cAtmos_Treasury_HomeWorklet']/div[2]/div[@class='slds-float--right']
ZENQ\rupesh.barnawal  [ INFO]  03:52:39 29-03-19   WaitForPageToLoad   – Waiting until page load is complete..
ZENQ\rupesh.barnawal  [ INFO]  03:52:39 29-03-19   VerifyEllipsesMenuClickable   – Ellipse Menu Clickable..
ZENQ\rupesh.barnawal  [ INFO]  03:52:39 29-03-19   .ctor   – Initializing waits..
ZENQ\rupesh.barnawal  [ INFO]  03:52:39 29-03-19   FindElement   – Waiting for element: By.XPath: //a[contains(@id,'todayTrans')] for 5 seconds
ZENQ\rupesh.barnawal  [ INFO]  03:52:39 29-03-19   SafeNormalClick   – Clicked on element By.XPath: //a[contains(@id,'todayTrans')]
ZENQ\rupesh.barnawal  [ INFO]  03:52:39 29-03-19   ClickOnTodaysTransactionTab   – Navigated to Today's Tranaction tab
ZENQ\rupesh.barnawal  [ INFO]  03:52:39 29-03-19   WaitForPageToLoad   – Waiting until page load is complete..
ZENQ\rupesh.barnawal  [ INFO]  03:52:43 29-03-19   SafeGetText   – Taken [By.XPath: //div[contains(@class,'show')]//span[@class='paginationDetails']] locater text
ZENQ\rupesh.barnawal  [ INFO]  03:52:43 29-03-19   ChangePageNumInTreasuryPage   – Only One page of records exists in Treasury page
ZENQ\rupesh.barnawal  [ INFO]  03:52:47 29-03-19   GetProjectLocation   – path is:=>D:\osvsatmosphere\OSVAtmosQAAutomation\OneAtmosphere
ZENQ\rupesh.barnawal  [ INFO]  03:52:47 29-03-19   GetAutomationReportsFolder   – ==========> Automation Reports folder directory is:=>D:\osvsatmosphere\OSVAtmosQAAutomation\Automation_Report
