<!DOCTYPE html>


<html>
	<head>
        <meta http-equiv="content-type" content="text/html; charset=UTF-8" />
		<title>OneAtmosphere Test Execution Report</title>
        <script type="text/javascript" src="http://code.jquery.com/jquery-1.6.2.min.js"></script>
        <script type="text/javascript">
            /**
            * jQuery.fn.sortElements
            * --------------
            * #author James Padolsey (http://james.padolsey.com)
            * #version 0.11
            * #updated 18-MAR-2010
            * #url https://raw.github.com/jamespadolsey/jQuery-Plugins/master/sortElements/jquery.sortElements.js
            * --------------
            * #param Function comparator:
            *   Exactly the same behaviour as [1,2,3].sort(comparator)
            *   
            * #param Function getSortable
            *   A function that should return the element that is
            *   to be sorted. The comparator will run on the
            *   current collection, but you may want the actual
            *   resulting sort to occur on a parent or another
            *   associated element.
            *   
            *   E.g. $('td').sortElements(comparator, function(){
            *      return this.parentNode; 
            *   })
            *   
            *   The <td>'s parent (<tr>) will be sorted instead
            *   of the <td> itself.
            */
            jQuery.fn.sortElements = (function () {

                var sort = [].sort;

                return function (comparator, getSortable) {

                    getSortable = getSortable || function () { return this; };

                    var placements = this.map(function () {

                        var sortElement = getSortable.call(this),
                parentNode = sortElement.parentNode,

                        // Since the element itself will change position, we have
                        // to have some way of storing it's original position in
                        // the DOM. The easiest way is to have a 'flag' node:
                nextSibling = parentNode.insertBefore(
                    document.createTextNode(''),
                    sortElement.nextSibling
                );

                        return function () {

                            if (parentNode === this) {
                                throw new Error(
                        "You can't sort elements if any one is a descendant of another."
                    );
                            }

                            // Insert before flag:
                            parentNode.insertBefore(this, nextSibling);
                            // Remove flag:
                            parentNode.removeChild(nextSibling);

                        };

                    });

                    return sort.call(this, comparator).each(function (i) {
                        placements[i].call(getSortable.call(this));
                    });

                };

            })();
        </script>
        <script type="text/javascript">
            jQuery.fn.setBarSizes = (function () {
                return function (metricName, maxBarSize, min) {
                    var max = Math.max.apply(Math, $.makeArray($(this).map(function () { return Number($(this).attr('data-sr-' + metricName)); })));
                    var scale = 1.0;
                    while (max > 0.0 && max <= 10.0) {
                        scale = scale * 10.0;
                        max = max * 10.0;
                    }
                    max = (Math.ceil(max / 2) * 2) / scale;

                    this.each(function () {
                        var barAnchor = $(this).find('a');
                        var actual = $(this).attr('data-sr-' + metricName);
                        var newHeight = Math.max(Math.round(maxBarSize * (actual - min) / (max - min)), 2);
                        barAnchor.css({ height: newHeight });
                    });

                    var unit = "";
                    if (metricName.substr(metricName.length - 4, 4) === "time")
                        unit = "s";

                    $('#testview .scale-min-label').each(function () {
                        $(this).text(min.toString() + unit);
                    });
                    $('#testview .scale-max-label').each(function () {
                        $(this).text(max.toString() + unit);
                    });
                    var mid = max / 2;
                    $('#testview .scale-mid-label').each(function () {
                        $(this).text(mid.toString() + unit);
                    });
                };
            })();

            function getComparer(metricName, isDesc) {
                return function (a, b) {
                    var aNumber = Number($(a).attr('data-sr-' + metricName));
                    var bNumber = Number($(b).attr('data-sr-' + metricName));
                    var result = aNumber > bNumber ? 1 : (aNumber < bNumber ? -1 : 0);
                    if (isDesc)
                        result = -1 * result;

                    if (result == 0 && metricName != "order")
                        result = getComparer("order", false)(a, b);

                    return result;
                };
            }

            var currentSort = "";
            function doSort(allowToggleDesc) {
                var newSort = $("input[name='barSortOrder']:checked").val();
                if (allowToggleDesc && currentSort == newSort) {
                    $('#barSortDesc').click();
                    doSort(false);
                    return;
                }
                currentSort = newSort;
                $('#testview td.testview-item').sortElements(getComparer(newSort, $('#barSortDesc').is(':checked')));
            }


            function doSetHeights(allowSort) {
                var selectedMetric = $("input[name='barHeight']:checked").val();
                $('#testview td.testview-item').setBarSizes(selectedMetric, 60, 0.0);

                if (allowSort && currentSort != selectedMetric) {
                    var $radios = $("input[name='barSortOrder']");
                    $radios.filter('[value=' + selectedMetric + ']').attr('checked', true);
                    $("#barSortDesc").attr("checked", [true]);
                    doSort(false);
                }
            }

            $(document).ready(function () {
                $("input[name='barSortOrder']").click(function () { doSort(true); return true; });
                $("input[name='barSortDesc']").change(function () { doSort(false); });
                $("input[name='barHeight']").change(function () { doSetHeights(true); });

                doSort(false);
                doSetHeights(false);

                $("div.scrollable").css({ 'overflow': 'auto' });
            });
        </script>

        <style type="text/css">
            body 
            {
                color: #000000;
                font-family: Arial,Liberation Sans,DejaVu Sans,sans-serif;
                line-height: 130%;
            }
            h1 {
                font-family: Trebuchet MS,Liberation Sans,DejaVu Sans,sans-serif;
                font-size: 170%;
                font-weight: bold;
            }            
            h2 {
                font-family: Trebuchet MS,Liberation Sans,DejaVu Sans,sans-serif;
                font-size: 130%;
                font-weight: bold;
                margin-bottom: 5px;
            }            
            h3 {
                font-family: Trebuchet MS,Liberation Sans,DejaVu Sans,sans-serif;
                font-size: 120%;
                font-weight: bold;
                margin-bottom: 5px;
            }            
            a.bar
            {
                text-decoration: none;
                display: block;
                line-height: 1px;
            }
            .description
            {
                font-style: italic;
            }
            .log 
            {
                width: 600px;
                white-space: pre-wrap;
                display: block;
                margin: 0px;
            }
            .errorMessage 
            {
                width: 600px;
                color: Red;
                font-weight: bold;
            }
            .stackTrace 
            {
                width: 600px;
                white-space: pre-wrap;
                font-style: italic;
                color: Red;
                display: block;
            }
            table.testEvents
            {
                border: solid 1px #e8eef4;
                border-collapse: collapse;
            }
            table.testEvents td
            {
                vertical-align: top;
                padding: 5px;
                border: solid 1px #e8eef4;
            }
            table.testEvents th
            {
                padding: 6px 5px;
                text-align: left;
                background-color: #e8eef4;
                border: solid 1px #e8eef4;                
            }
            .comment
            {
                font-style: italic;
                font-size: smaller;
            }
            .startupBar
            {
                background-color: #EEEEEE;
                cursor: default;
            }
            
            .colorSucceeded
            {
                background-color: #90ED7B;
            }
            .colorIgnored
            {
                background-color: #FFFF85;
            }
            .colorPending
            {
                background-color: #D47BED;
            }
            .colorNothingToRun
            {
                background-color: #CCCCFF;
            }
            .colorSkipped
            {
                background-color: #CCCCFF;
            }
            .colorInconclusive
            {
                background-color: #7BEDED;
            }
            .colorCleanupFailed
            {
                background-color: #FFCCCC;
            }
            .colorRandomlyFailed
            {
                background-color: #EDB07B;
            }
            .colorFailed
            {
                background-color: #ED5F5F;
            }
            .colorInitializationFailed
            {
                background-color: #FF0000;
            }
            .colorFrameworkError
            {
                background-color: #FF0000;
            }
            ul.subNodeLinks
            {
                padding-left: 20px;
                margin: 0px;
            }
            ul.subNodeLinks li
            {
                list-style: none;
            }
            
            /* views general */
            div.scrollable
            {
                /*overflow: auto; - thsi has to be set from js, because of an IE9 bug */
            }
            div.viewbox
            {
                position: relative;
                border: 3px solid #e8eef4;
            }
            div.viewbox table
            {
                border: 0px;
            }
                        
            /* testview */
            #testview
            {
                padding-top: 23px;
            }
            
            table.testview-items td
            {
                vertical-align: bottom;
                padding: 0px 1px 0px 1px;
            }
            td.right-padding, td.left-padding
            {
                width: 25px;
                min-width: 25px;
            }
            table.testview-items a.bar
            {
                width: 5px;
            }
            table.testview-items tr.testview-items-row
            {
                height: 60px;
            }
            
            /* scale */
            table.vertical-scale 
            {
                position: absolute;
                top: 23px;
                left: 0px;
                width: 100%;
                z-index: -100;
            }
            table.vertical-scale td, tr.horizontal-scale td
            {
                font-size: 60%;
                line-height: normal;
            }
            table.vertical-scale tr.scale-max, table.vertical-scale tr.scale-mid 
            {
                height: 30px;
            }
            tr.horizontal-scale, table.vertical-scale tr.scale-min 
            {
                height: 12px;
            }
            
            td.scale-max-label, td.scale-mid-label, td.scale-min-label
            {
                border-top: solid 1px #E6E6E6;
                text-align: left;
                vertical-align: top;
            }
            td.scale-10-label
            {
                border-left: solid 1px #E6E6E6;
                text-align: left;
                vertical-align: bottom;
                padding-left: 1px;
            }
            tr.scale-mid td, tr.scale-min td, tr.scale-max td
            {
                border-top: solid 1px #E6E6E6;
            }
           
            
            /* bar-control */
            #bar-control
            {
                font-size: 60%;
                line-height: normal;
                position: absolute;
                right: 0px;
                top: 0px;
            }
            #bar-control label
            {
                font-weight: bold;
                vertical-align: middle;
            }
            #bar-control .option
            {
                vertical-align: middle;
                text-transform: lowercase;
            }
            #bar-control input[type="checkbox"]
            {
                padding: 0 2px 0 3px;
            }
            #bar-control input
            {
                vertical-align: top;
                height: 12px;
                margin: 0px;
                padding: 0px;
            }
            #bar-control div
            {
                float: right;
                margin: 3px 5px 3px 5px;
            }
            
            
            /* timeline view */
            #timelineview
            {
                padding-top: 5px;
            }
            table.timelineview a
            {
                height: 20px;
            }
            table.timelineview td
            {
                vertical-align: bottom;
                padding: 0px 1px 0px 0px;
                border: 0px;
            }
            tr.thread-items-row
            {
                height: 25px;
            }
            tr.thread-items-row td
            {
                vertical-align: bottom;
            }
            td.thread-label
            {
                padding: 0px 6px 0px 6px;
                text-align: right;
                line-height: 18px;
                vertical-align: bottom;
            }
            th.thread-label
            {
                padding: 3px 6px 0px 6px;
                line-height: 18px;
                text-align: left;
                vertical-align: bottom;
            }
        </style>
	</head>
	<body>
        <h1>OneAtmosphere Test Execution Report</h1>
        <ul>
            <li>Project: OneAtmosphere</li>
            <li>Configuration: OneAtmosphere</li>
            <li>Test Assemblies: OneAtmosphere.dll</li>
            <li>Start Time: 4/16/2019 13:45:28</li>
            <li>Duration: 00:02:40.4930477</li>
            <li>Test Threads: 1</li>
        </ul>

        <h2>Result: 1 failed</h2>
        <table class="testEvents">
                <tr>
        <th colspan="2">Success rate</th>
        <th>Tests</th>
        <th>Succeeded</th>
        <th>Failed</th>
        <th>Pending</th>
        <th>Ignored</th>
        <th>Skipped</th>
    </tr>

                <tr>
            <td>
            0%
    </td>
    <td>
        <table class="timelineview" cellpadding="0" cellspacing="0">
            <tr>
                    <td>
                        <a class="bar colorFailed" 
                           style="width: 199px;" 
                           title="1 failed" 
                                                          href="#error_summary"
                        />
                    </td>
            </tr>
            
        </table>
    </td>
    <td>1 (test executions: 3)</td>
    <td>0</td>
    <td>1</td>
    <td>0</td>
    <td>0</td>
    <td>0</td>

    </tr>

        </table>
        
        <h2>Test Timeline Summary</h2>

        <div id="timelineview" class="viewbox">
            <div class="scrollable">
                <table cellpadding="0" cellspacing="0">
                    <tr>
                        <th class="thread-label" colspan="2">thread</th>
                    </tr>
                        <tr class="thread-items-row">
                            <td class="thread-label" title="Machine: SYSR102">#0</td>
                            <td colspan="1">
                                <table class="timelineview" cellpadding="0" cellspacing="0">
                                    <tr>

                                            <td>
        <a
            class="bar startupBar" 
            style="width: 3px;" 
                title="test thread startup" 
        >&nbsp;</a>
    </td>

    <td>
        <a
            class="bar colorFailed" 
            style="width: 3px;" 
                title="Verify Records in &#39;Invoicing&#39; Table by selecting From and To Dates (in LoginHomeMyAccountTax)" 
                href="#t-1386136122.0"
        >&nbsp;</a>
    </td>
    <td>
        <a
            class="bar colorFailed" 
            style="width: 4px;" 
                title="Verify Records in &#39;Invoicing&#39; Table by selecting From and To Dates (in LoginHomeMyAccountTax) retry #1" 
                href="#t-1386136122.1"
        >&nbsp;</a>
    </td>
    <td>
        <a
            class="bar colorFailed" 
            style="width: 7px;" 
                title="Verify Records in &#39;Invoicing&#39; Table by selecting From and To Dates (in LoginHomeMyAccountTax) retry #2" 
                href="#t-1386136122.2"
        >&nbsp;</a>
    </td>
                                    </tr>
                                </table>
                            </td>
                        </tr>
                    <tr class="horizontal-scale">
                        <td>&nbsp;</td>
                        <td class="scale-10-label">0s</td>
                    </tr>
                </table>
            </div>
        </div>

        <h2>Test Result View</h2>
        <div id="testview" class="viewbox">
            <div id="bar-control">
                <div id="bar-control-sort">
                    <label>sort by:</label>
                    <span class="option"><input type="radio" name="barSortOrder" value="exectime" />Time</span>
                    <span class="option"><input type="radio" name="barSortOrder" value="acttime" />Act Time</span>
                    <span class="option"><input type="radio" name="barSortOrder" value="order" />Execution</span>
                    <span class="option"><input type="radio" name="barSortOrder" value="rescode" checked="checked" />Result</span>
                    <span class="option"><input type="checkbox" name="barSortDesc" id="barSortDesc" checked="checked" />desc</span>
                </div>
                <div id="bar-control-heights">
                    <label>heights:</label>
                    <span class="option"><input type="radio" checked="checked" name="barHeight" value="exectime" />Time</span>
                    <span class="option"><input type="radio" name="barHeight" value="acttime" />Act Time</span>
                    
                </div>
            </div>
            <table class="vertical-scale" cellpadding="0" cellspacing="0">
                <tr class="scale-max">
                    <td class="left-padding scale-max-label">&nbsp;</td>
                    <td colspan="3">&nbsp;</td>
                    <td class="right-padding">&nbsp;</td>
                </tr>
                <tr class="scale-mid">
                    <td class="left-padding scale-mid-label">&nbsp;</td>
                    <td colspan="3">&nbsp;</td>
                    <td class="right-padding">&nbsp;</td>
                </tr>
                <tr class="scale-min">
                    <td class="left-padding scale-min-label">&nbsp;</td>
                    <td colspan="3">&nbsp;</td>
                    <td class="right-padding">&nbsp;</td>
                </tr>
            </table>
            <div class="scrollable">
                <table class="testview-items" cellpadding="0" cellspacing="0">
                    <tr class="testview-items-row">
                        <td class="left-padding">&nbsp;</td>
    <td class="testview-item" 
        data-sr-exectime="64.5414535" data-sr-rescode="440" data-sr-order="0" data-sr-acttime="0.0">
        <a
            class="bar colorFailed" 
            style="height: 60px;"
            title="Verify Records in &#39;Invoicing&#39; Table by selecting From and To Dates (in LoginHomeMyAccountTax)"
            href="#t-1386136122.0">&nbsp;</a>
    </td>
    <td class="testview-item" 
        data-sr-exectime="35.0024999" data-sr-rescode="440" data-sr-order="1" data-sr-acttime="0.0">
        <a
            class="bar colorFailed" 
            style="height: 33px;"
            title="Verify Records in &#39;Invoicing&#39; Table by selecting From and To Dates (in LoginHomeMyAccountTax) retry #1"
            href="#t-1386136122.1">&nbsp;</a>
    </td>
    <td class="testview-item" 
        data-sr-exectime="60.4770471" data-sr-rescode="440" data-sr-order="2" data-sr-acttime="0.0">
        <a
            class="bar colorFailed" 
            style="height: 56px;"
            title="Verify Records in &#39;Invoicing&#39; Table by selecting From and To Dates (in LoginHomeMyAccountTax) retry #2"
            href="#t-1386136122.2">&nbsp;</a>
    </td>
                        <td class="right-padding">&nbsp;</td>
                    </tr>
                    <tr class="horizontal-scale">
                        <td class="left-padding">&nbsp;</td>
                        <td colspan="10">&nbsp;</td>
                    </tr>
                </table>
            </div>
        </div>

        <h2>Feature Summary</h2>
        <table class="testEvents">
                <tr>
            <th>Feature</th>
        <th colspan="2">Success rate</th>
        <th>Tests</th>
        <th>Succeeded</th>
        <th>Failed</th>
        <th>Pending</th>
        <th>Ignored</th>
        <th>Skipped</th>
            <th>Duration</th>
    </tr>

    <tr>
            <td><a href="#f-1394574815">LoginHomeMyAccountTax</a></td>
            <td>
            0%
    </td>
    <td>
        <table class="timelineview" cellpadding="0" cellspacing="0">
            <tr>
                    <td>
                        <a class="bar colorFailed" 
                           style="width: 199px;" 
                           title="1 failed" 
                                                          href="#error_summary"
                        />
                    </td>
            </tr>
            
        </table>
    </td>
    <td>1 (test executions: 3)</td>
    <td>0</td>
    <td>1</td>
    <td>0</td>
    <td>0</td>
    <td>0</td>
        <td>00:02:40.0210005</td>

    </tr>
        </table>

        <a name="error_summary" />
        <h2>Error Summary</h2>
        <table class="testEvents">
                <tr>
            <th>Test</th>
        <th colspan="2">Success rate</th>
        <th>Tests</th>
        <th>Succeeded</th>
        <th>Failed</th>
        <th>Pending</th>
        <th>Ignored</th>
        <th>Skipped</th>
    </tr>

                <tr>
                    <td>
                        <a href="#t-1386136122.0">Verify Records in &#39;Invoicing&#39; Table by selecting From and To Dates (in OneAtmosphere, LoginHomeMyAccountTax)</a>
                            <a href="#t-1386136122.1">retry #1</a>
                            <a href="#t-1386136122.2">retry #2</a>
                    </td>
                        <td>
            0%
    </td>
    <td>
        <table class="timelineview" cellpadding="0" cellspacing="0">
            <tr>
                    <td>
                        <a class="bar colorFailed" 
                           style="width: 199px;" 
                           title="1 failed" 
                                                          href="#error_summary"
                        />
                    </td>
            </tr>
            
        </table>
    </td>
    <td>1 (test executions: 3)</td>
    <td>0</td>
    <td>1</td>
    <td>0</td>
    <td>0</td>
    <td>0</td>

                </tr>
                <tr>
                    <td colspan="9" style="padding-left: 20px;"><div class="errorMessage">Error: no such element: Unable to locate element: {&quot;method&quot;:&quot;xpath&quot;,&quot;selector&quot;:&quot;//table/tbody/tr[1]/td[4]/span/div/span&quot;}
  (Session info: chrome=73.0.3683.103)
  (Driver info: chromedriver=2.40.565498 (ea082db3280dd6843ebfb08a625e3eb905c4f5ab),platform=Windows NT 6.1.7601 SP1 x86_64), retry #1: Expected value to be true.
user is not navigated to &#39;My Account&#39; page ..

Actual Value : false

   at OneAtmos.Pages.PageParts.OneAtmosMyAccount.VerifyInvoicingTab() in D:\OSVAtmosphereVSTS\OSVExperience\OneAtmosphere\Pages\PageParts\OneAtmosMyAccount.cs:line 58
   at OneAtmosphere.Steps.LoginHomeMyAccountTaxSteps.ThenIVerifyPageNavigationToInvoicingTab() in D:\OSVAtmosphereVSTS\OSVExperience\OneAtmosphere\Steps\LoginHomeMyAccountTaxSteps.cs:line 184
   at lambda_method(Closure , IContextManager )
   at System.Delegate.DynamicInvokeImpl(Object[] args)
   at System.Delegate.DynamicInvoke(Object[] args)
   at TechTalk.SpecFlow.Bindings.BindingInvoker.InvokeBinding(IBinding binding, IContextManager contextManager, Object[] arguments, ITestTracer testTracer, TimeSpan&amp; duration)
   at TechTalk.SpecFlow.Infrastructure.TestExecutionEngine.ExecuteStepMatch(BindingMatch match, Object[] arguments)
   at TechTalk.SpecRun.SpecFlowPlugin.Runtime.RunnerTestExecutionEngine.ExecuteStepMatch(BindingMatch match, Object[] arguments)
   at TechTalk.SpecFlow.Infrastructure.TestExecutionEngine.ExecuteStep(IContextManager contextManager, StepInstance stepInstance)
   at TechTalk.SpecFlow.Infrastructure.TestExecutionEngine.Step(StepDefinitionKeyword stepDefinitionKeyword, String keyword, String text, String multilineTextArg, Table tableArg)
   at TechTalk.SpecFlow.TestRunner.And(String text, String multilineTextArg, Table tableArg, String keyword)
   at OneAtmosphere.Features.LoginHomeMyAccountTaxFeature.VerifyRecordsInInvoicingTableBySelectingFromAndToDates() in D:\OSVAtmosphereVSTS\OSVExperience\OneAtmosphere\Features\LoginHomeMyAccountTax.feature:line 357
   at TechTalk.SpecRun.Framework.TaskExecutors.StaticOrInstanceMethodExecutor.InvokeInstance(MethodInfo methodInfo, Object instance)
   at TechTalk.SpecRun.Framework.TaskExecutors.StaticOrInstanceMethodExecutor.ExecuteInternal(ITestThreadExecutionContext testThreadExecutionContext)
   at TechTalk.SpecRun.Framework.TaskExecutors.StaticOrInstanceMethodExecutor.Execute(ITestThreadExecutionContext testThreadExecutionContext)
   at TechTalk.SpecRun.Framework.TestAssemblyExecutor.ExecuteTestNodeTask(TestNode testNode, ITaskExecutor task, TraceEventType eventType)
   at TechTalk.SpecRun.Framework.TestAssemblyExecutor.RunTests(TestThreadState testThreadState)
   at System.Runtime.Remoting.Messaging.StackBuilderSink._PrivateProcessMessage(IntPtr md, Object[] args, Object server, Object[]&amp; outArgs)
   at System.Runtime.Remoting.Messaging.StackBuilderSink.SyncProcessMessage(IMessage msg)
   at System.Runtime.Remoting.Messaging.ServerObjectTerminatorSink.SyncProcessMessage(IMessage reqMsg)
   at System.Runtime.Remoting.Messaging.ServerContextTerminatorSink.SyncProcessMessage(IMessage reqMsg)
   at System.Runtime.Remoting.Channels.CrossContextChannel.SyncProcessMessageCallback(Object[] args)
   at System.Threading.Thread.CompleteCrossContextCallback(InternalCrossContextDelegate ftnToCall, Object[] args)
   at System.Threading.Thread.InternalCrossContextCallback(Context ctx, IntPtr ctxID, Int32 appDomainID, InternalCrossContextDelegate ftnToCall, Object[] args)
   at System.Runtime.Remoting.Channels.CrossContextChannel.SyncProcessMessage(IMessage reqMsg)
   at System.Runtime.Remoting.Channels.ChannelServices.SyncDispatchMessage(IMessage msg)
   at System.Runtime.Remoting.Channels.CrossAppDomainSink.DoDispatch(Byte[] reqStmBuff, SmuggledMethodCallMessage smuggledMcm, SmuggledMethodReturnMessage&amp; smuggledMrm)
   at System.Runtime.Remoting.Channels.CrossAppDomainSink.DoTransitionDispatchCallback(Object[] args)
   at System.Threading.Thread.CompleteCrossContextCallback(InternalCrossContextDelegate ftnToCall, Object[] args)
</div></td>
                </tr>
        </table>

        <h2>Scenario Summary</h2>
            <a name="f-1394574815" />
            <h3>Feature: LoginHomeMyAccountTax</h3>
            <table class="testEvents">
                    <tr>
            <th>Test</th>
        <th colspan="2">Success rate</th>
        <th>Tests</th>
        <th>Succeeded</th>
        <th>Failed</th>
        <th>Pending</th>
        <th>Ignored</th>
        <th>Skipped</th>
            <th>Duration</th>
    </tr>

                    <tr>
                        <td>
                                    <a href="#t-1386136122.0">Scenario: Verify Records in &#39;Invoicing&#39; Table by selecting From and To Dates</a>
            <a href="#t-1386136122.1">retry #1</a>
            <a href="#t-1386136122.2">retry #2</a>

                        </td>
                        
                            <td>
            0%
    </td>
    <td>
        <table class="timelineview" cellpadding="0" cellspacing="0">
            <tr>
                    <td>
                        <a class="bar colorFailed" 
                           style="width: 199px;" 
                           title="1 failed" 
                                                          href="#error_summary"
                        />
                    </td>
            </tr>
            
        </table>
    </td>
    <td>1 (test executions: 3)</td>
    <td>0</td>
    <td>1</td>
    <td>0</td>
    <td>0</td>
    <td>0</td>
        <td>00:02:40.0210005</td>

                        
                    </tr>
            </table>

        <h2>Execution Details</h2>
            <a name="t-1386136122.0" />
            <h3>Scenario: Verify Records in &#39;Invoicing&#39; Table by selecting From and To Dates (in OneAtmosphere, LoginHomeMyAccountTax)</h3>
                <div class="description">
                    tags: mytagP1
                </div>
            <ul>
                <li>Status: Failed</li>
                <li>Start time: 4/16/2019 13:45:29</li>
                <li>Execution time (sec): 64.5414535</li>
                <li>Thread: #0</li>
                <li>Error: no such element: Unable to locate element: {&quot;method&quot;:&quot;xpath&quot;,&quot;selector&quot;:&quot;//table/tbody/tr[1]/td[4]/span/div/span&quot;}
  (Session info: chrome=73.0.3683.103)
  (Driver info: chromedriver=2.40.565498 (ea082db3280dd6843ebfb08a625e3eb905c4f5ab),platform=Windows NT 6.1.7601 SP1 x86_64)</li>
            </ul>
            <table class="testEvents">
                <tr>
                    <th>Steps</th>
                    <th>Trace</th>
                    <th>Result</th>
                </tr>
                    <tr>
                        <td>
                            <pre class="log"></pre>
                        </td>
                        <td>
                            <!-- [Initialization: Feature - LoginHomeMyAccountTax] -->
                            <pre class="log">-&gt; Using app.config
[ERR]log4net:ERROR XmlHierarchyConfigurator: No appender named [ConsoleAppender] could be found.
[ERR]log4net:ERROR XmlHierarchyConfigurator: Appender named [ConsoleAppender] not found.
Full project path (Batch Execution):=&gt;&gt;&gt;&gt;&gt;&gt;&gt;D:\OSVAtmosphereVSTS\OSVExperience\OneAtmosphere
Full project path (Batch Execution):=&gt;&gt;&gt;&gt;&gt;&gt;&gt;D:\OSVAtmosphereVSTS\OSVExperience\OneAtmosphere
Full project path (Batch Execution):=&gt;&gt;&gt;&gt;&gt;&gt;&gt;D:\OSVAtmosphereVSTS\OSVExperience\OneAtmosphere
Full project path (Batch Execution):=&gt;&gt;&gt;&gt;&gt;&gt;&gt;D:\OSVAtmosphereVSTS\OSVExperience\OneAtmosphere</pre>
                        </td>
                        <td>Succeeded in 0.463s</td>
                    </tr>
                    <tr>
                        <td>
                            <pre class="log"></pre>
                        </td>
                        <td>
                            <!-- [TestArrange: Scenario - Verify Records in &#39;Invoicing&#39; Table by selecting From and To Dates] -->
                            <pre class="log">Starting Execution of Scenario:=&gt;Verify Records in &#39;Invoicing&#39; Table by selecting From and To Dates in Feature:LoginHomeMyAccountTax</pre>
                        </td>
                        <td>Succeeded in 0.086s</td>
                    </tr>
                    <tr>
                        <td>
                            <pre class="log">Given Open browser &#39;chrome&#39;</pre>
                        </td>
                        <td>
                            <!-- [TestArrange: Scenario - Verify Records in &#39;Invoicing&#39; Table by selecting From and To Dates] -->
                            <pre class="log">Full project path (Batch Execution):=&gt;&gt;&gt;&gt;&gt;&gt;&gt;D:\OSVAtmosphereVSTS\OSVExperience\OneAtmosphere
done: LoginHomeMyAccountTaxSteps.GivenIOpenBrowser(&quot;chrome&quot;) (1.9s)
TestResult : OK</pre>
                        </td>
                        <td>Succeeded in 4.22s</td>
                    </tr>
                    <tr>
                        <td>
                            <pre class="log">Then Navigate to url</pre>
                        </td>
                        <td>
                            <!-- [TestAssert: Scenario - Verify Records in &#39;Invoicing&#39; Table by selecting From and To Dates] -->
                            <pre class="log">URL: https://qaprodcopy-onesourcevirtual.cs24.force.com/osvatmosphere
done: LoginHomeMyAccountTaxSteps.ThenINavigateToUrl() (17.1s)
TestResult : OK</pre>
                        </td>
                        <td>Succeeded in 17.07s</td>
                    </tr>
                    <tr>
                        <td>
                            <pre class="log">Then Enter username and password and login into OneAtmos site</pre>
                        </td>
                        <td>
                            <!-- [TestAssert: Scenario - Verify Records in &#39;Invoicing&#39; Table by selecting From and To Dates] -->
                            <pre class="log">UserName: testatmosuser@gmail.com
Password: Second@1234!
done: LoginHomeMyAccountTaxSteps.ThenIEnterUsernameAndPasswordAndLoginIntoOneAtmosSite() (6.7s)
TestResult : OK</pre>
                        </td>
                        <td>Succeeded in 6.748s</td>
                    </tr>
                    <tr>
                        <td>
                            <pre class="log">Given Landed on OneAtmos Home Page</pre>
                        </td>
                        <td>
                            <!-- [TestArrange: Scenario - Verify Records in &#39;Invoicing&#39; Table by selecting From and To Dates] -->
                            <pre class="log">done: LoginHomeMyAccountTaxSteps.GivenIAmOnTheOneAtmosHomePage() (0.0s)
TestResult : OK</pre>
                        </td>
                        <td>Succeeded in 0.047s</td>
                    </tr>
                    <tr>
                        <td>
                            <pre class="log">Then Clicked on My Account Link in Home Page</pre>
                        </td>
                        <td>
                            <!-- [TestAssert: Scenario - Verify Records in &#39;Invoicing&#39; Table by selecting From and To Dates] -->
                            <pre class="log">done: LoginHomeMyAccountTaxSteps.ThenIClickedOnMyAccountLinkInHomePage() (1.6s)
TestResult : OK</pre>
                        </td>
                        <td>Succeeded in 1.625s</td>
                    </tr>
                    <tr>
                        <td>
                            <pre class="log">And Verify page navigation to Invoicing tab</pre>
                        </td>
                        <td>
                            <!-- [TestAssert: Scenario - Verify Records in &#39;Invoicing&#39; Table by selecting From and To Dates] -->
                            <pre class="log">done: LoginHomeMyAccountTaxSteps.ThenIVerifyPageNavigationToInvoicingTab() (5.1s)
TestResult : OK</pre>
                        </td>
                        <td>Succeeded in 5.087s</td>
                    </tr>
                    <tr>
                        <td>
                            <pre class="log">Then Select From Date &#39;06/29/2017&#39; And To Date &#39;09/30/2019&#39; on Invoicing tab</pre>
                        </td>
                        <td>
                            <!-- [TestAssert: Scenario - Verify Records in &#39;Invoicing&#39; Table by selecting From and To Dates] -->
                            <pre class="log">6/29/2017 12:00:00 AM
9/30/2019 12:00:00 AM
done: LoginHomeMyAccountTaxSteps.ThenSelectFromDateAndToDateOnInvoicingTab(&quot;06/29/2017&quot;, &quot;09/30/2019&quot;) (7.3s)
TestResult : OK</pre>
                        </td>
                        <td>Succeeded in 7.346s</td>
                    </tr>
                    <tr>
                        <td>
                            <pre class="log">Then Verify Invoicing Dates lies between From Date &#39;06/29/2017&#39; and To Date &#39;09/30/2019&#39;</pre>
                        </td>
                        <td>
                            <!-- [TestAssert: Scenario - Verify Records in &#39;Invoicing&#39; Table by selecting From and To Dates] -->
                            <pre class="log">Records count: of 10, 100 Record(s)
No Of Pages: 10
No Of Records: 100
Date: 3/5/2019 12:00:00 AM
Date: 3/5/2019 12:00:00 AM in row: 1lies between 6/29/2017 12:00:00 AM &amp; 9/30/2019 12:00:00 AM
Date: 3/10/2019 12:00:00 AM
Date: 3/10/2019 12:00:00 AM in row: 2lies between 6/29/2017 12:00:00 AM &amp; 9/30/2019 12:00:00 AM
Date: 3/27/2019 12:00:00 AM
Date: 3/27/2019 12:00:00 AM in row: 3lies between 6/29/2017 12:00:00 AM &amp; 9/30/2019 12:00:00 AM
Date: 1/2/2019 12:00:00 AM
Date: 1/2/2019 12:00:00 AM in row: 4lies between 6/29/2017 12:00:00 AM &amp; 9/30/2019 12:00:00 AM
Date: 1/2/2019 12:00:00 AM
Date: 1/2/2019 12:00:00 AM in row: 5lies between 6/29/2017 12:00:00 AM &amp; 9/30/2019 12:00:00 AM
Date: 1/2/2019 12:00:00 AM
Date: 1/2/2019 12:00:00 AM in row: 6lies between 6/29/2017 12:00:00 AM &amp; 9/30/2019 12:00:00 AM
Date: 1/2/2019 12:00:00 AM
Date: 1/2/2019 12:00:00 AM in row: 7lies between 6/29/2017 12:00:00 AM &amp; 9/30/2019 12:00:00 AM
Date: 1/2/2019 12:00:00 AM
Date: 1/2/2019 12:00:00 AM in row: 8lies between 6/29/2017 12:00:00 AM &amp; 9/30/2019 12:00:00 AM
Date: 1/2/2019 12:00:00 AM
Date: 1/2/2019 12:00:00 AM in row: 9lies between 6/29/2017 12:00:00 AM &amp; 9/30/2019 12:00:00 AM
Date: 1/2/2019 12:00:00 AM
Date: 1/2/2019 12:00:00 AM in row: 10lies between 6/29/2017 12:00:00 AM &amp; 9/30/2019 12:00:00 AM
Date: 1/2/2019 12:00:00 AM
Date: 1/2/2019 12:00:00 AM in row: 1lies between 6/29/2017 12:00:00 AM &amp; 9/30/2019 12:00:00 AM
Date: 1/2/2019 12:00:00 AM
Date: 1/2/2019 12:00:00 AM in row: 2lies between 6/29/2017 12:00:00 AM &amp; 9/30/2019 12:00:00 AM
Date: 1/2/2019 12:00:00 AM
Date: 1/2/2019 12:00:00 AM in row: 3lies between 6/29/2017 12:00:00 AM &amp; 9/30/2019 12:00:00 AM
Date: 4/20/2019 12:00:00 AM
Date: 4/20/2019 12:00:00 AM in row: 4lies between 6/29/2017 12:00:00 AM &amp; 9/30/2019 12:00:00 AM
Date: 1/30/2019 12:00:00 AM
Date: 1/30/2019 12:00:00 AM in row: 5lies between 6/29/2017 12:00:00 AM &amp; 9/30/2019 12:00:00 AM
Date: 4/20/2019 12:00:00 AM
Date: 4/20/2019 12:00:00 AM in row: 6lies between 6/29/2017 12:00:00 AM &amp; 9/30/2019 12:00:00 AM
Date: 1/30/2019 12:00:00 AM
Date: 1/30/2019 12:00:00 AM in row: 7lies between 6/29/2017 12:00:00 AM &amp; 9/30/2019 12:00:00 AM
Date: 4/20/2019 12:00:00 AM
Date: 4/20/2019 12:00:00 AM in row: 8lies between 6/29/2017 12:00:00 AM &amp; 9/30/2019 12:00:00 AM
Date: 1/30/2019 12:00:00 AM
Date: 1/30/2019 12:00:00 AM in row: 9lies between 6/29/2017 12:00:00 AM &amp; 9/30/2019 12:00:00 AM
Date: 4/20/2019 12:00:00 AM
Date: 4/20/2019 12:00:00 AM in row: 10lies between 6/29/2017 12:00:00 AM &amp; 9/30/2019 12:00:00 AM
error: no such element: Unable to locate element: {&quot;method&quot;:&quot;xpath&quot;,&quot;selector&quot;:&quot;//table/tbody/tr[1]/td[4]/span/div/span&quot;}
  (Session info: chrome=73.0.3683.103)
  (Driver info: chromedriver=2.40.565498 (ea082db3280dd6843ebfb08a625e3eb905c4f5ab),platform=Windows NT 6.1.7601 SP1 x86_64)
TestResult : TestError</pre>
                                <div class="errorMessage">no such element: Unable to locate element: {&quot;method&quot;:&quot;xpath&quot;,&quot;selector&quot;:&quot;//table/tbody/tr[1]/td[4]/span/div/span&quot;}
  (Session info: chrome=73.0.3683.103)
  (Driver info: chromedriver=2.40.565498 (ea082db3280dd6843ebfb08a625e3eb905c4f5ab),platform=Windows NT 6.1.7601 SP1 x86_64)</div>
                                <pre class="stackTrace">OpenQA.Selenium.NoSuchElementException: no such element: Unable to locate element: {&quot;method&quot;:&quot;xpath&quot;,&quot;selector&quot;:&quot;//table/tbody/tr[1]/td[4]/span/div/span&quot;}
  (Session info: chrome=73.0.3683.103)
  (Driver info: chromedriver=2.40.565498 (ea082db3280dd6843ebfb08a625e3eb905c4f5ab),platform=Windows NT 6.1.7601 SP1 x86_64)
   at OpenQA.Selenium.Remote.RemoteWebDriver.UnpackAndThrowOnError(Response errorResponse)
   at OpenQA.Selenium.Remote.RemoteWebDriver.Execute(String driverCommandToExecute, Dictionary`2 parameters)
   at OpenQA.Selenium.Remote.RemoteWebDriver.FindElement(String mechanism, String value)
   at OpenQA.Selenium.Remote.RemoteWebDriver.FindElementByXPath(String xpath)
   at OpenQA.Selenium.By.&lt;&gt;c__DisplayClasse.&lt;XPath&gt;b__c(ISearchContext context)
   at OpenQA.Selenium.By.FindElement(ISearchContext context)
   at OpenQA.Selenium.Remote.RemoteWebDriver.FindElement(By by)
   at OneAtmos.Pages.PageParts.OneAtmosMyAccount.VerifyInvoiceDate(Int32 NoOfRecords, DateTime fromDate, DateTime toDate) in D:\OSVAtmosphereVSTS\OSVExperience\OneAtmosphere\Pages\PageParts\OneAtmosMyAccount.cs:line 1074
   at OneAtmos.Pages.PageParts.OneAtmosMyAccount.VerifyInvoicingDatesInRange(String fromdate, String todate) in D:\OSVAtmosphereVSTS\OSVExperience\OneAtmosphere\Pages\PageParts\OneAtmosMyAccount.cs:line 1042
   at OneAtmosphere.Steps.LoginHomeMyAccountTaxSteps.ThenVerifyInvoicingDatesLiesBetweenFromDateAndToDate(String fromDate, String toDate) in D:\OSVAtmosphereVSTS\OSVExperience\OneAtmosphere\Steps\LoginHomeMyAccountTaxSteps.cs:line 507
   at lambda_method(Closure , IContextManager , String , String )
   at TechTalk.SpecFlow.Bindings.BindingInvoker.InvokeBinding(IBinding binding, IContextManager contextManager, Object[] arguments, ITestTracer testTracer, TimeSpan&amp; duration)
   at TechTalk.SpecFlow.Infrastructure.TestExecutionEngine.ExecuteStepMatch(BindingMatch match, Object[] arguments)
   at TechTalk.SpecRun.SpecFlowPlugin.Runtime.RunnerTestExecutionEngine.ExecuteStepMatch(BindingMatch match, Object[] arguments)
   at TechTalk.SpecFlow.Infrastructure.TestExecutionEngine.ExecuteStep(IContextManager contextManager, StepInstance stepInstance)
   at TechTalk.SpecFlow.Infrastructure.TestExecutionEngine.OnAfterLastStep()
   at TechTalk.SpecFlow.TestRunner.CollectScenarioErrors()
   at OneAtmosphere.Features.LoginHomeMyAccountTaxFeature.ScenarioCleanup()
   at OneAtmosphere.Features.LoginHomeMyAccountTaxFeature.VerifyRecordsInInvoicingTableBySelectingFromAndToDates() in D:\OSVAtmosphereVSTS\OSVExperience\OneAtmosphere\Features\LoginHomeMyAccountTax.feature:line 360
   at TechTalk.SpecRun.Framework.TaskExecutors.StaticOrInstanceMethodExecutor.ExecuteInternal(ITestThreadExecutionContext testThreadExecutionContext)
   at TechTalk.SpecRun.Framework.TaskExecutors.StaticOrInstanceMethodExecutor.Execute(ITestThreadExecutionContext testThreadExecutionContext)
   at TechTalk.SpecRun.Framework.TestAssemblyExecutor.ExecuteTestNodeTask(TestNode testNode, ITaskExecutor task, TraceEventType eventType)</pre>
                        </td>
                        <td>Failed in 21.667s</td>
                    </tr>
                    <tr>
                        <td>
                            <pre class="log">Then Quit browser</pre>
                        </td>
                        <td>
                            <!-- [TestAssert: Scenario - Verify Records in &#39;Invoicing&#39; Table by selecting From and To Dates] -->
                            <pre class="log">skipped because of previous errors</pre>
                        </td>
                        <td>Skipped in 0.005s</td>
                    </tr>
                    <tr>
                        <td>
                            <pre class="log"></pre>
                        </td>
                        <td>
                            <!-- [Cleanup: Scenario - Verify Records in &#39;Invoicing&#39; Table by selecting From and To Dates] -->
                            <pre class="log">An error ocurred:no such element: Unable to locate element: {&quot;method&quot;:&quot;xpath&quot;,&quot;selector&quot;:&quot;//table/tbody/tr[1]/td[4]/span/div/span&quot;}
  (Session info: chrome=73.0.3683.103)
  (Driver info: chromedriver=2.40.565498 (ea082db3280dd6843ebfb08a625e3eb905c4f5ab),platform=Windows NT 6.1.7601 SP1 x86_64)
It was of type:NoSuchElementException</pre>
                        </td>
                        <td>Succeeded in 0.154s</td>
                    </tr>
            </table>
            <a name="t-1386136122.1" />
            <h3>Scenario: Verify Records in &#39;Invoicing&#39; Table by selecting From and To Dates (in OneAtmosphere, LoginHomeMyAccountTax) retry #1</h3>
                <div class="description">
                    tags: mytagP1
                </div>
            <ul>
                <li>Status: Failed</li>
                <li>Start time: 4/16/2019 13:46:33</li>
                <li>Execution time (sec): 35.0024999</li>
                <li>Thread: #0</li>
                <li>Error: Expected value to be true.
user is not navigated to &#39;My Account&#39; page ..

Actual Value : false

   at OneAtmos.Pages.PageParts.OneAtmosMyAccount.VerifyInvoicingTab() in D:\OSVAtmosphereVSTS\OSVExperience\OneAtmosphere\Pages\PageParts\OneAtmosMyAccount.cs:line 58
   at OneAtmosphere.Steps.LoginHomeMyAccountTaxSteps.ThenIVerifyPageNavigationToInvoicingTab() in D:\OSVAtmosphereVSTS\OSVExperience\OneAtmosphere\Steps\LoginHomeMyAccountTaxSteps.cs:line 184
   at lambda_method(Closure , IContextManager )
   at System.Delegate.DynamicInvokeImpl(Object[] args)
   at System.Delegate.DynamicInvoke(Object[] args)
   at TechTalk.SpecFlow.Bindings.BindingInvoker.InvokeBinding(IBinding binding, IContextManager contextManager, Object[] arguments, ITestTracer testTracer, TimeSpan&amp; duration)
   at TechTalk.SpecFlow.Infrastructure.TestExecutionEngine.ExecuteStepMatch(BindingMatch match, Object[] arguments)
   at TechTalk.SpecRun.SpecFlowPlugin.Runtime.RunnerTestExecutionEngine.ExecuteStepMatch(BindingMatch match, Object[] arguments)
   at TechTalk.SpecFlow.Infrastructure.TestExecutionEngine.ExecuteStep(IContextManager contextManager, StepInstance stepInstance)
   at TechTalk.SpecFlow.Infrastructure.TestExecutionEngine.Step(StepDefinitionKeyword stepDefinitionKeyword, String keyword, String text, String multilineTextArg, Table tableArg)
   at TechTalk.SpecFlow.TestRunner.And(String text, String multilineTextArg, Table tableArg, String keyword)
   at OneAtmosphere.Features.LoginHomeMyAccountTaxFeature.VerifyRecordsInInvoicingTableBySelectingFromAndToDates() in D:\OSVAtmosphereVSTS\OSVExperience\OneAtmosphere\Features\LoginHomeMyAccountTax.feature:line 357
   at TechTalk.SpecRun.Framework.TaskExecutors.StaticOrInstanceMethodExecutor.InvokeInstance(MethodInfo methodInfo, Object instance)
   at TechTalk.SpecRun.Framework.TaskExecutors.StaticOrInstanceMethodExecutor.ExecuteInternal(ITestThreadExecutionContext testThreadExecutionContext)
   at TechTalk.SpecRun.Framework.TaskExecutors.StaticOrInstanceMethodExecutor.Execute(ITestThreadExecutionContext testThreadExecutionContext)
   at TechTalk.SpecRun.Framework.TestAssemblyExecutor.ExecuteTestNodeTask(TestNode testNode, ITaskExecutor task, TraceEventType eventType)
   at TechTalk.SpecRun.Framework.TestAssemblyExecutor.RunTests(TestThreadState testThreadState)
   at System.Runtime.Remoting.Messaging.StackBuilderSink._PrivateProcessMessage(IntPtr md, Object[] args, Object server, Object[]&amp; outArgs)
   at System.Runtime.Remoting.Messaging.StackBuilderSink.SyncProcessMessage(IMessage msg)
   at System.Runtime.Remoting.Messaging.ServerObjectTerminatorSink.SyncProcessMessage(IMessage reqMsg)
   at System.Runtime.Remoting.Messaging.ServerContextTerminatorSink.SyncProcessMessage(IMessage reqMsg)
   at System.Runtime.Remoting.Channels.CrossContextChannel.SyncProcessMessageCallback(Object[] args)
   at System.Threading.Thread.CompleteCrossContextCallback(InternalCrossContextDelegate ftnToCall, Object[] args)
   at System.Threading.Thread.InternalCrossContextCallback(Context ctx, IntPtr ctxID, Int32 appDomainID, InternalCrossContextDelegate ftnToCall, Object[] args)
   at System.Runtime.Remoting.Channels.CrossContextChannel.SyncProcessMessage(IMessage reqMsg)
   at System.Runtime.Remoting.Channels.ChannelServices.SyncDispatchMessage(IMessage msg)
   at System.Runtime.Remoting.Channels.CrossAppDomainSink.DoDispatch(Byte[] reqStmBuff, SmuggledMethodCallMessage smuggledMcm, SmuggledMethodReturnMessage&amp; smuggledMrm)
   at System.Runtime.Remoting.Channels.CrossAppDomainSink.DoTransitionDispatchCallback(Object[] args)
   at System.Threading.Thread.CompleteCrossContextCallback(InternalCrossContextDelegate ftnToCall, Object[] args)
</li>
            </ul>
            <table class="testEvents">
                <tr>
                    <th>Steps</th>
                    <th>Trace</th>
                    <th>Result</th>
                </tr>
                    <tr>
                        <td>
                            <pre class="log"></pre>
                        </td>
                        <td>
                            <!-- [TestArrange: Scenario - Verify Records in &#39;Invoicing&#39; Table by selecting From and To Dates] -->
                            <pre class="log">Starting Execution of Scenario:=&gt;Verify Records in &#39;Invoicing&#39; Table by selecting From and To Dates in Feature:LoginHomeMyAccountTax</pre>
                        </td>
                        <td>Succeeded in 0.028s</td>
                    </tr>
                    <tr>
                        <td>
                            <pre class="log">Given Open browser &#39;chrome&#39;</pre>
                        </td>
                        <td>
                            <!-- [TestArrange: Scenario - Verify Records in &#39;Invoicing&#39; Table by selecting From and To Dates] -->
                            <pre class="log">Full project path (Batch Execution):=&gt;&gt;&gt;&gt;&gt;&gt;&gt;D:\OSVAtmosphereVSTS\OSVExperience\OneAtmosphere
done: LoginHomeMyAccountTaxSteps.GivenIOpenBrowser(&quot;chrome&quot;) (2.2s)
TestResult : OK</pre>
                        </td>
                        <td>Succeeded in 2.178s</td>
                    </tr>
                    <tr>
                        <td>
                            <pre class="log">Then Navigate to url</pre>
                        </td>
                        <td>
                            <!-- [TestAssert: Scenario - Verify Records in &#39;Invoicing&#39; Table by selecting From and To Dates] -->
                            <pre class="log">URL: https://qaprodcopy-onesourcevirtual.cs24.force.com/osvatmosphere
done: LoginHomeMyAccountTaxSteps.ThenINavigateToUrl() (17.1s)
TestResult : OK</pre>
                        </td>
                        <td>Succeeded in 17.069s</td>
                    </tr>
                    <tr>
                        <td>
                            <pre class="log">Then Enter username and password and login into OneAtmos site</pre>
                        </td>
                        <td>
                            <!-- [TestAssert: Scenario - Verify Records in &#39;Invoicing&#39; Table by selecting From and To Dates] -->
                            <pre class="log">UserName: testatmosuser@gmail.com
Password: Second@1234!
done: LoginHomeMyAccountTaxSteps.ThenIEnterUsernameAndPasswordAndLoginIntoOneAtmosSite() (6.7s)
TestResult : OK</pre>
                        </td>
                        <td>Succeeded in 6.711s</td>
                    </tr>
                    <tr>
                        <td>
                            <pre class="log">Given Landed on OneAtmos Home Page</pre>
                        </td>
                        <td>
                            <!-- [TestArrange: Scenario - Verify Records in &#39;Invoicing&#39; Table by selecting From and To Dates] -->
                            <pre class="log">done: LoginHomeMyAccountTaxSteps.GivenIAmOnTheOneAtmosHomePage() (0.0s)
TestResult : OK</pre>
                        </td>
                        <td>Succeeded in 0.029s</td>
                    </tr>
                    <tr>
                        <td>
                            <pre class="log">Then Clicked on My Account Link in Home Page</pre>
                        </td>
                        <td>
                            <!-- [TestAssert: Scenario - Verify Records in &#39;Invoicing&#39; Table by selecting From and To Dates] -->
                            <pre class="log">done: LoginHomeMyAccountTaxSteps.ThenIClickedOnMyAccountLinkInHomePage() (1.4s)
TestResult : OK</pre>
                        </td>
                        <td>Succeeded in 1.455s</td>
                    </tr>
                    <tr>
                        <td>
                            <pre class="log">And Verify page navigation to Invoicing tab</pre>
                        </td>
                        <td>
                            <!-- [TestAssert: Scenario - Verify Records in &#39;Invoicing&#39; Table by selecting From and To Dates] -->
                            <pre class="log">Expected value to be true.
user is not navigated to &#39;My Account&#39; page ..

Actual Value : false

   at OneAtmos.Pages.PageParts.OneAtmosMyAccount.VerifyInvoicingTab() in D:\OSVAtmosphereVSTS\OSVExperience\OneAtmosphere\Pages\PageParts\OneAtmosMyAccount.cs:line 58
   at OneAtmosphere.Steps.LoginHomeMyAccountTaxSteps.ThenIVerifyPageNavigationToInvoicingTab() in D:\OSVAtmosphereVSTS\OSVExperience\OneAtmosphere\Steps\LoginHomeMyAccountTaxSteps.cs:line 184
   at lambda_method(Closure , IContextManager )
   at System.Delegate.DynamicInvokeImpl(Object[] args)
   at System.Delegate.DynamicInvoke(Object[] args)
   at TechTalk.SpecFlow.Bindings.BindingInvoker.InvokeBinding(IBinding binding, IContextManager contextManager, Object[] arguments, ITestTracer testTracer, TimeSpan&amp; duration)
   at TechTalk.SpecFlow.Infrastructure.TestExecutionEngine.ExecuteStepMatch(BindingMatch match, Object[] arguments)
   at TechTalk.SpecRun.SpecFlowPlugin.Runtime.RunnerTestExecutionEngine.ExecuteStepMatch(BindingMatch match, Object[] arguments)
   at TechTalk.SpecFlow.Infrastructure.TestExecutionEngine.ExecuteStep(IContextManager contextManager, StepInstance stepInstance)
   at TechTalk.SpecFlow.Infrastructure.TestExecutionEngine.Step(StepDefinitionKeyword stepDefinitionKeyword, String keyword, String text, String multilineTextArg, Table tableArg)
   at TechTalk.SpecFlow.TestRunner.And(String text, String multilineTextArg, Table tableArg, String keyword)
   at OneAtmosphere.Features.LoginHomeMyAccountTaxFeature.VerifyRecordsInInvoicingTableBySelectingFromAndToDates() in D:\OSVAtmosphereVSTS\OSVExperience\OneAtmosphere\Features\LoginHomeMyAccountTax.feature:line 357
   at TechTalk.SpecRun.Framework.TaskExecutors.StaticOrInstanceMethodExecutor.InvokeInstance(MethodInfo methodInfo, Object instance)
   at TechTalk.SpecRun.Framework.TaskExecutors.StaticOrInstanceMethodExecutor.ExecuteInternal(ITestThreadExecutionContext testThreadExecutionContext)
   at TechTalk.SpecRun.Framework.TaskExecutors.StaticOrInstanceMethodExecutor.Execute(ITestThreadExecutionContext testThreadExecutionContext)
   at TechTalk.SpecRun.Framework.TestAssemblyExecutor.ExecuteTestNodeTask(TestNode testNode, ITaskExecutor task, TraceEventType eventType)
   at TechTalk.SpecRun.Framework.TestAssemblyExecutor.RunTests(TestThreadState testThreadState)
   at System.Runtime.Remoting.Messaging.StackBuilderSink._PrivateProcessMessage(IntPtr md, Object[] args, Object server, Object[]&amp; outArgs)
   at System.Runtime.Remoting.Messaging.StackBuilderSink.SyncProcessMessage(IMessage msg)
   at System.Runtime.Remoting.Messaging.ServerObjectTerminatorSink.SyncProcessMessage(IMessage reqMsg)
   at System.Runtime.Remoting.Messaging.ServerContextTerminatorSink.SyncProcessMessage(IMessage reqMsg)
   at System.Runtime.Remoting.Channels.CrossContextChannel.SyncProcessMessageCallback(Object[] args)
   at System.Threading.Thread.CompleteCrossContextCallback(InternalCrossContextDelegate ftnToCall, Object[] args)
   at System.Threading.Thread.InternalCrossContextCallback(Context ctx, IntPtr ctxID, Int32 appDomainID, InternalCrossContextDelegate ftnToCall, Object[] args)
   at System.Runtime.Remoting.Channels.CrossContextChannel.SyncProcessMessage(IMessage reqMsg)
   at System.Runtime.Remoting.Channels.ChannelServices.SyncDispatchMessage(IMessage msg)
   at System.Runtime.Remoting.Channels.CrossAppDomainSink.DoDispatch(Byte[] reqStmBuff, SmuggledMethodCallMessage smuggledMcm, SmuggledMethodReturnMessage&amp; smuggledMrm)
   at System.Runtime.Remoting.Channels.CrossAppDomainSink.DoTransitionDispatchCallback(Object[] args)
   at System.Threading.Thread.CompleteCrossContextCallback(InternalCrossContextDelegate ftnToCall, Object[] args)
error: Expected value to be true.
user is not navigated to &#39;My Account&#39; page ..

Actual Value : false

   at OneAtmos.Pages.PageParts.OneAtmosMyAccount.VerifyInvoicingTab() in D:\OSVAtmosphereVSTS\OSVExperience\OneAtmosphere\Pages\PageParts\OneAtmosMyAccount.cs:line 58
   at OneAtmosphere.Steps.LoginHomeMyAccountTaxSteps.ThenIVerifyPageNavigationToInvoicingTab() in D:\OSVAtmosphereVSTS\OSVExperience\OneAtmosphere\Steps\LoginHomeMyAccountTaxSteps.cs:line 184
   at lambda_method(Closure , IContextManager )
   at System.Delegate.DynamicInvokeImpl(Object[] args)
   at System.Delegate.DynamicInvoke(Object[] args)
   at TechTalk.SpecFlow.Bindings.BindingInvoker.InvokeBinding(IBinding binding, IContextManager contextManager, Object[] arguments, ITestTracer testTracer, TimeSpan&amp; duration)
   at TechTalk.SpecFlow.Infrastructure.TestExecutionEngine.ExecuteStepMatch(BindingMatch match, Object[] arguments)
   at TechTalk.SpecRun.SpecFlowPlugin.Runtime.RunnerTestExecutionEngine.ExecuteStepMatch(BindingMatch match, Object[] arguments)
   at TechTalk.SpecFlow.Infrastructure.TestExecutionEngine.ExecuteStep(IContextManager contextManager, StepInstance stepInstance)
   at TechTalk.SpecFlow.Infrastructure.TestExecutionEngine.Step(StepDefinitionKeyword stepDefinitionKeyword, String keyword, String text, String multilineTextArg, Table tableArg)
   at TechTalk.SpecFlow.TestRunner.And(String text, String multilineTextArg, Table tableArg, String keyword)
   at OneAtmosphere.Features.LoginHomeMyAccountTaxFeature.VerifyRecordsInInvoicingTableBySelectingFromAndToDates() in D:\OSVAtmosphereVSTS\OSVExperience\OneAtmosphere\Features\LoginHomeMyAccountTax.feature:line 357
   at TechTalk.SpecRun.Framework.TaskExecutors.StaticOrInstanceMethodExecutor.InvokeInstance(MethodInfo methodInfo, Object instance)
   at TechTalk.SpecRun.Framework.TaskExecutors.StaticOrInstanceMethodExecutor.ExecuteInternal(ITestThreadExecutionContext testThreadExecutionContext)
   at TechTalk.SpecRun.Framework.TaskExecutors.StaticOrInstanceMethodExecutor.Execute(ITestThreadExecutionContext testThreadExecutionContext)
   at TechTalk.SpecRun.Framework.TestAssemblyExecutor.ExecuteTestNodeTask(TestNode testNode, ITaskExecutor task, TraceEventType eventType)
   at TechTalk.SpecRun.Framework.TestAssemblyExecutor.RunTests(TestThreadState testThreadState)
   at System.Runtime.Remoting.Messaging.StackBuilderSink._PrivateProcessMessage(IntPtr md, Object[] args, Object server, Object[]&amp; outArgs)
   at System.Runtime.Remoting.Messaging.StackBuilderSink.SyncProcessMessage(IMessage msg)
   at System.Runtime.Remoting.Messaging.ServerObjectTerminatorSink.SyncProcessMessage(IMessage reqMsg)
   at System.Runtime.Remoting.Messaging.ServerContextTerminatorSink.SyncProcessMessage(IMessage reqMsg)
   at System.Runtime.Remoting.Channels.CrossContextChannel.SyncProcessMessageCallback(Object[] args)
   at System.Threading.Thread.CompleteCrossContextCallback(InternalCrossContextDelegate ftnToCall, Object[] args)
   at System.Threading.Thread.InternalCrossContextCallback(Context ctx, IntPtr ctxID, Int32 appDomainID, InternalCrossContextDelegate ftnToCall, Object[] args)
   at System.Runtime.Remoting.Channels.CrossContextChannel.SyncProcessMessage(IMessage reqMsg)
   at System.Runtime.Remoting.Channels.ChannelServices.SyncDispatchMessage(IMessage msg)
   at System.Runtime.Remoting.Channels.CrossAppDomainSink.DoDispatch(Byte[] reqStmBuff, SmuggledMethodCallMessage smuggledMcm, SmuggledMethodReturnMessage&amp; smuggledMrm)
   at System.Runtime.Remoting.Channels.CrossAppDomainSink.DoTransitionDispatchCallback(Object[] args)
   at System.Threading.Thread.CompleteCrossContextCallback(InternalCrossContextDelegate ftnToCall, Object[] args)
TestResult : TestError</pre>
                                <div class="errorMessage">Expected value to be true.
user is not navigated to &#39;My Account&#39; page ..

Actual Value : false

   at OneAtmos.Pages.PageParts.OneAtmosMyAccount.VerifyInvoicingTab() in D:\OSVAtmosphereVSTS\OSVExperience\OneAtmosphere\Pages\PageParts\OneAtmosMyAccount.cs:line 58
   at OneAtmosphere.Steps.LoginHomeMyAccountTaxSteps.ThenIVerifyPageNavigationToInvoicingTab() in D:\OSVAtmosphereVSTS\OSVExperience\OneAtmosphere\Steps\LoginHomeMyAccountTaxSteps.cs:line 184
   at lambda_method(Closure , IContextManager )
   at System.Delegate.DynamicInvokeImpl(Object[] args)
   at System.Delegate.DynamicInvoke(Object[] args)
   at TechTalk.SpecFlow.Bindings.BindingInvoker.InvokeBinding(IBinding binding, IContextManager contextManager, Object[] arguments, ITestTracer testTracer, TimeSpan&amp; duration)
   at TechTalk.SpecFlow.Infrastructure.TestExecutionEngine.ExecuteStepMatch(BindingMatch match, Object[] arguments)
   at TechTalk.SpecRun.SpecFlowPlugin.Runtime.RunnerTestExecutionEngine.ExecuteStepMatch(BindingMatch match, Object[] arguments)
   at TechTalk.SpecFlow.Infrastructure.TestExecutionEngine.ExecuteStep(IContextManager contextManager, StepInstance stepInstance)
   at TechTalk.SpecFlow.Infrastructure.TestExecutionEngine.Step(StepDefinitionKeyword stepDefinitionKeyword, String keyword, String text, String multilineTextArg, Table tableArg)
   at TechTalk.SpecFlow.TestRunner.And(String text, String multilineTextArg, Table tableArg, String keyword)
   at OneAtmosphere.Features.LoginHomeMyAccountTaxFeature.VerifyRecordsInInvoicingTableBySelectingFromAndToDates() in D:\OSVAtmosphereVSTS\OSVExperience\OneAtmosphere\Features\LoginHomeMyAccountTax.feature:line 357
   at TechTalk.SpecRun.Framework.TaskExecutors.StaticOrInstanceMethodExecutor.InvokeInstance(MethodInfo methodInfo, Object instance)
   at TechTalk.SpecRun.Framework.TaskExecutors.StaticOrInstanceMethodExecutor.ExecuteInternal(ITestThreadExecutionContext testThreadExecutionContext)
   at TechTalk.SpecRun.Framework.TaskExecutors.StaticOrInstanceMethodExecutor.Execute(ITestThreadExecutionContext testThreadExecutionContext)
   at TechTalk.SpecRun.Framework.TestAssemblyExecutor.ExecuteTestNodeTask(TestNode testNode, ITaskExecutor task, TraceEventType eventType)
   at TechTalk.SpecRun.Framework.TestAssemblyExecutor.RunTests(TestThreadState testThreadState)
   at System.Runtime.Remoting.Messaging.StackBuilderSink._PrivateProcessMessage(IntPtr md, Object[] args, Object server, Object[]&amp; outArgs)
   at System.Runtime.Remoting.Messaging.StackBuilderSink.SyncProcessMessage(IMessage msg)
   at System.Runtime.Remoting.Messaging.ServerObjectTerminatorSink.SyncProcessMessage(IMessage reqMsg)
   at System.Runtime.Remoting.Messaging.ServerContextTerminatorSink.SyncProcessMessage(IMessage reqMsg)
   at System.Runtime.Remoting.Channels.CrossContextChannel.SyncProcessMessageCallback(Object[] args)
   at System.Threading.Thread.CompleteCrossContextCallback(InternalCrossContextDelegate ftnToCall, Object[] args)
   at System.Threading.Thread.InternalCrossContextCallback(Context ctx, IntPtr ctxID, Int32 appDomainID, InternalCrossContextDelegate ftnToCall, Object[] args)
   at System.Runtime.Remoting.Channels.CrossContextChannel.SyncProcessMessage(IMessage reqMsg)
   at System.Runtime.Remoting.Channels.ChannelServices.SyncDispatchMessage(IMessage msg)
   at System.Runtime.Remoting.Channels.CrossAppDomainSink.DoDispatch(Byte[] reqStmBuff, SmuggledMethodCallMessage smuggledMcm, SmuggledMethodReturnMessage&amp; smuggledMrm)
   at System.Runtime.Remoting.Channels.CrossAppDomainSink.DoTransitionDispatchCallback(Object[] args)
   at System.Threading.Thread.CompleteCrossContextCallback(InternalCrossContextDelegate ftnToCall, Object[] args)
</div>
                                <pre class="stackTrace">Gallio.Framework.Assertions.AssertionFailureException: Expected value to be true.
user is not navigated to &#39;My Account&#39; page ..

Actual Value : false

   at OneAtmos.Pages.PageParts.OneAtmosMyAccount.VerifyInvoicingTab() in D:\OSVAtmosphereVSTS\OSVExperience\OneAtmosphere\Pages\PageParts\OneAtmosMyAccount.cs:line 58
   at OneAtmosphere.Steps.LoginHomeMyAccountTaxSteps.ThenIVerifyPageNavigationToInvoicingTab() in D:\OSVAtmosphereVSTS\OSVExperience\OneAtmosphere\Steps\LoginHomeMyAccountTaxSteps.cs:line 184
   at lambda_method(Closure , IContextManager )
   at System.Delegate.DynamicInvokeImpl(Object[] args)
   at System.Delegate.DynamicInvoke(Object[] args)
   at TechTalk.SpecFlow.Bindings.BindingInvoker.InvokeBinding(IBinding binding, IContextManager contextManager, Object[] arguments, ITestTracer testTracer, TimeSpan&amp; duration)
   at TechTalk.SpecFlow.Infrastructure.TestExecutionEngine.ExecuteStepMatch(BindingMatch match, Object[] arguments)
   at TechTalk.SpecRun.SpecFlowPlugin.Runtime.RunnerTestExecutionEngine.ExecuteStepMatch(BindingMatch match, Object[] arguments)
   at TechTalk.SpecFlow.Infrastructure.TestExecutionEngine.ExecuteStep(IContextManager contextManager, StepInstance stepInstance)
   at TechTalk.SpecFlow.Infrastructure.TestExecutionEngine.Step(StepDefinitionKeyword stepDefinitionKeyword, String keyword, String text, String multilineTextArg, Table tableArg)
   at TechTalk.SpecFlow.TestRunner.And(String text, String multilineTextArg, Table tableArg, String keyword)
   at OneAtmosphere.Features.LoginHomeMyAccountTaxFeature.VerifyRecordsInInvoicingTableBySelectingFromAndToDates() in D:\OSVAtmosphereVSTS\OSVExperience\OneAtmosphere\Features\LoginHomeMyAccountTax.feature:line 357
   at TechTalk.SpecRun.Framework.TaskExecutors.StaticOrInstanceMethodExecutor.InvokeInstance(MethodInfo methodInfo, Object instance)
   at TechTalk.SpecRun.Framework.TaskExecutors.StaticOrInstanceMethodExecutor.ExecuteInternal(ITestThreadExecutionContext testThreadExecutionContext)
   at TechTalk.SpecRun.Framework.TaskExecutors.StaticOrInstanceMethodExecutor.Execute(ITestThreadExecutionContext testThreadExecutionContext)
   at TechTalk.SpecRun.Framework.TestAssemblyExecutor.ExecuteTestNodeTask(TestNode testNode, ITaskExecutor task, TraceEventType eventType)
   at TechTalk.SpecRun.Framework.TestAssemblyExecutor.RunTests(TestThreadState testThreadState)
   at System.Runtime.Remoting.Messaging.StackBuilderSink._PrivateProcessMessage(IntPtr md, Object[] args, Object server, Object[]&amp; outArgs)
   at System.Runtime.Remoting.Messaging.StackBuilderSink.SyncProcessMessage(IMessage msg)
   at System.Runtime.Remoting.Messaging.ServerObjectTerminatorSink.SyncProcessMessage(IMessage reqMsg)
   at System.Runtime.Remoting.Messaging.ServerContextTerminatorSink.SyncProcessMessage(IMessage reqMsg)
   at System.Runtime.Remoting.Channels.CrossContextChannel.SyncProcessMessageCallback(Object[] args)
   at System.Threading.Thread.CompleteCrossContextCallback(InternalCrossContextDelegate ftnToCall, Object[] args)
   at System.Threading.Thread.InternalCrossContextCallback(Context ctx, IntPtr ctxID, Int32 appDomainID, InternalCrossContextDelegate ftnToCall, Object[] args)
   at System.Runtime.Remoting.Channels.CrossContextChannel.SyncProcessMessage(IMessage reqMsg)
   at System.Runtime.Remoting.Channels.ChannelServices.SyncDispatchMessage(IMessage msg)
   at System.Runtime.Remoting.Channels.CrossAppDomainSink.DoDispatch(Byte[] reqStmBuff, SmuggledMethodCallMessage smuggledMcm, SmuggledMethodReturnMessage&amp; smuggledMrm)
   at System.Runtime.Remoting.Channels.CrossAppDomainSink.DoTransitionDispatchCallback(Object[] args)
   at System.Threading.Thread.CompleteCrossContextCallback(InternalCrossContextDelegate ftnToCall, Object[] args)

   at Gallio.Framework.Assertions.AssertionContext.Scope.ThrowFailureAccordingToBehavior(AssertionFailure failure) in c:\Server\Projects\MbUnit v3\Work\src\Gallio\Gallio\Framework\Assertions\AssertionContext.cs:line 287
   at Gallio.Framework.Assertions.AssertionContext.SubmitFailure(AssertionFailure failure) in c:\Server\Projects\MbUnit v3\Work\src\Gallio\Gallio\Framework\Assertions\AssertionContext.cs:line 108
   at Gallio.Framework.Assertions.AssertionHelper.Fail(AssertionFailure failure) in c:\Server\Projects\MbUnit v3\Work\src\Gallio\Gallio\Framework\Assertions\AssertionHelper.cs:line 107
   at Gallio.Framework.Assertions.AssertionHelper.Verify(Func`1 assertionFunc) in c:\Server\Projects\MbUnit v3\Work\src\Gallio\Gallio\Framework\Assertions\AssertionHelper.cs:line 93
   at MbUnit.Framework.Assert.IsTrue(Boolean actualValue, String messageFormat, Object[] messageArgs) in c:\Server\Projects\MbUnit v3\Work\src\MbUnit\MbUnit\Framework\Assert.Comparisons.cs:line 319
   at OneAtmos.Pages.PageParts.OneAtmosMyAccount.VerifyInvoicingTab() in D:\OSVAtmosphereVSTS\OSVExperience\OneAtmosphere\Pages\PageParts\OneAtmosMyAccount.cs:line 58
   at OneAtmosphere.Steps.LoginHomeMyAccountTaxSteps.ThenIVerifyPageNavigationToInvoicingTab() in D:\OSVAtmosphereVSTS\OSVExperience\OneAtmosphere\Steps\LoginHomeMyAccountTaxSteps.cs:line 184
   at lambda_method(Closure , IContextManager )
   at TechTalk.SpecFlow.Bindings.BindingInvoker.InvokeBinding(IBinding binding, IContextManager contextManager, Object[] arguments, ITestTracer testTracer, TimeSpan&amp; duration)
   at TechTalk.SpecFlow.Infrastructure.TestExecutionEngine.ExecuteStepMatch(BindingMatch match, Object[] arguments)
   at TechTalk.SpecRun.SpecFlowPlugin.Runtime.RunnerTestExecutionEngine.ExecuteStepMatch(BindingMatch match, Object[] arguments)
   at TechTalk.SpecFlow.Infrastructure.TestExecutionEngine.ExecuteStep(IContextManager contextManager, StepInstance stepInstance)
   at TechTalk.SpecFlow.Infrastructure.TestExecutionEngine.OnAfterLastStep()
   at TechTalk.SpecFlow.TestRunner.CollectScenarioErrors()
   at OneAtmosphere.Features.LoginHomeMyAccountTaxFeature.ScenarioCleanup()
   at OneAtmosphere.Features.LoginHomeMyAccountTaxFeature.VerifyRecordsInInvoicingTableBySelectingFromAndToDates() in D:\OSVAtmosphereVSTS\OSVExperience\OneAtmosphere\Features\LoginHomeMyAccountTax.feature:line 360
   at TechTalk.SpecRun.Framework.TaskExecutors.StaticOrInstanceMethodExecutor.ExecuteInternal(ITestThreadExecutionContext testThreadExecutionContext)
   at TechTalk.SpecRun.Framework.TaskExecutors.StaticOrInstanceMethodExecutor.Execute(ITestThreadExecutionContext testThreadExecutionContext)
   at TechTalk.SpecRun.Framework.TestAssemblyExecutor.ExecuteTestNodeTask(TestNode testNode, ITaskExecutor task, TraceEventType eventType)</pre>
                        </td>
                        <td>Failed in 7.316s</td>
                    </tr>
                    <tr>
                        <td>
                            <pre class="log">Then Select From Date &#39;06/29/2017&#39; And To Date &#39;09/30/2019&#39; on Invoicing tab</pre>
                        </td>
                        <td>
                            <!-- [TestAssert: Scenario - Verify Records in &#39;Invoicing&#39; Table by selecting From and To Dates] -->
                            <pre class="log">skipped because of previous errors</pre>
                        </td>
                        <td>Skipped in 0.004s</td>
                    </tr>
                    <tr>
                        <td>
                            <pre class="log">Then Verify Invoicing Dates lies between From Date &#39;06/29/2017&#39; and To Date &#39;09/30/2019&#39;</pre>
                        </td>
                        <td>
                            <!-- [TestAssert: Scenario - Verify Records in &#39;Invoicing&#39; Table by selecting From and To Dates] -->
                            <pre class="log">skipped because of previous errors</pre>
                        </td>
                        <td>Skipped in 0.003s</td>
                    </tr>
                    <tr>
                        <td>
                            <pre class="log">Then Quit browser</pre>
                        </td>
                        <td>
                            <!-- [TestAssert: Scenario - Verify Records in &#39;Invoicing&#39; Table by selecting From and To Dates] -->
                            <pre class="log">skipped because of previous errors</pre>
                        </td>
                        <td>Skipped in 0.003s</td>
                    </tr>
                    <tr>
                        <td>
                            <pre class="log"></pre>
                        </td>
                        <td>
                            <!-- [Cleanup: Scenario - Verify Records in &#39;Invoicing&#39; Table by selecting From and To Dates] -->
                            <pre class="log">An error ocurred:Expected value to be true.
user is not navigated to &#39;My Account&#39; page ..

Actual Value : false

   at OneAtmos.Pages.PageParts.OneAtmosMyAccount.VerifyInvoicingTab() in D:\OSVAtmosphereVSTS\OSVExperience\OneAtmosphere\Pages\PageParts\OneAtmosMyAccount.cs:line 58
   at OneAtmosphere.Steps.LoginHomeMyAccountTaxSteps.ThenIVerifyPageNavigationToInvoicingTab() in D:\OSVAtmosphereVSTS\OSVExperience\OneAtmosphere\Steps\LoginHomeMyAccountTaxSteps.cs:line 184
   at lambda_method(Closure , IContextManager )
   at System.Delegate.DynamicInvokeImpl(Object[] args)
   at System.Delegate.DynamicInvoke(Object[] args)
   at TechTalk.SpecFlow.Bindings.BindingInvoker.InvokeBinding(IBinding binding, IContextManager contextManager, Object[] arguments, ITestTracer testTracer, TimeSpan&amp; duration)
   at TechTalk.SpecFlow.Infrastructure.TestExecutionEngine.ExecuteStepMatch(BindingMatch match, Object[] arguments)
   at TechTalk.SpecRun.SpecFlowPlugin.Runtime.RunnerTestExecutionEngine.ExecuteStepMatch(BindingMatch match, Object[] arguments)
   at TechTalk.SpecFlow.Infrastructure.TestExecutionEngine.ExecuteStep(IContextManager contextManager, StepInstance stepInstance)
   at TechTalk.SpecFlow.Infrastructure.TestExecutionEngine.Step(StepDefinitionKeyword stepDefinitionKeyword, String keyword, String text, String multilineTextArg, Table tableArg)
   at TechTalk.SpecFlow.TestRunner.And(String text, String multilineTextArg, Table tableArg, String keyword)
   at OneAtmosphere.Features.LoginHomeMyAccountTaxFeature.VerifyRecordsInInvoicingTableBySelectingFromAndToDates() in D:\OSVAtmosphereVSTS\OSVExperience\OneAtmosphere\Features\LoginHomeMyAccountTax.feature:line 357
   at TechTalk.SpecRun.Framework.TaskExecutors.StaticOrInstanceMethodExecutor.InvokeInstance(MethodInfo methodInfo, Object instance)
   at TechTalk.SpecRun.Framework.TaskExecutors.StaticOrInstanceMethodExecutor.ExecuteInternal(ITestThreadExecutionContext testThreadExecutionContext)
   at TechTalk.SpecRun.Framework.TaskExecutors.StaticOrInstanceMethodExecutor.Execute(ITestThreadExecutionContext testThreadExecutionContext)
   at TechTalk.SpecRun.Framework.TestAssemblyExecutor.ExecuteTestNodeTask(TestNode testNode, ITaskExecutor task, TraceEventType eventType)
   at TechTalk.SpecRun.Framework.TestAssemblyExecutor.RunTests(TestThreadState testThreadState)
   at System.Runtime.Remoting.Messaging.StackBuilderSink._PrivateProcessMessage(IntPtr md, Object[] args, Object server, Object[]&amp; outArgs)
   at System.Runtime.Remoting.Messaging.StackBuilderSink.SyncProcessMessage(IMessage msg)
   at System.Runtime.Remoting.Messaging.ServerObjectTerminatorSink.SyncProcessMessage(IMessage reqMsg)
   at System.Runtime.Remoting.Messaging.ServerContextTerminatorSink.SyncProcessMessage(IMessage reqMsg)
   at System.Runtime.Remoting.Channels.CrossContextChannel.SyncProcessMessageCallback(Object[] args)
   at System.Threading.Thread.CompleteCrossContextCallback(InternalCrossContextDelegate ftnToCall, Object[] args)
   at System.Threading.Thread.InternalCrossContextCallback(Context ctx, IntPtr ctxID, Int32 appDomainID, InternalCrossContextDelegate ftnToCall, Object[] args)
   at System.Runtime.Remoting.Channels.CrossContextChannel.SyncProcessMessage(IMessage reqMsg)
   at System.Runtime.Remoting.Channels.ChannelServices.SyncDispatchMessage(IMessage msg)
   at System.Runtime.Remoting.Channels.CrossAppDomainSink.DoDispatch(Byte[] reqStmBuff, SmuggledMethodCallMessage smuggledMcm, SmuggledMethodReturnMessage&amp; smuggledMrm)
   at System.Runtime.Remoting.Channels.CrossAppDomainSink.DoTransitionDispatchCallback(Object[] args)
   at System.Threading.Thread.CompleteCrossContextCallback(InternalCrossContextDelegate ftnToCall, Object[] args)

It was of type:AssertionFailureException</pre>
                        </td>
                        <td>Succeeded in 0.201s</td>
                    </tr>
            </table>
            <a name="t-1386136122.2" />
            <h3>Scenario: Verify Records in &#39;Invoicing&#39; Table by selecting From and To Dates (in OneAtmosphere, LoginHomeMyAccountTax) retry #2</h3>
                <div class="description">
                    tags: mytagP1
                </div>
            <ul>
                <li>Status: Failed</li>
                <li>Start time: 4/16/2019 13:47:08</li>
                <li>Execution time (sec): 60.4770471</li>
                <li>Thread: #0</li>
                <li>Error: no such element: Unable to locate element: {&quot;method&quot;:&quot;xpath&quot;,&quot;selector&quot;:&quot;//table/tbody/tr[1]/td[4]/span/div/span&quot;}
  (Session info: chrome=73.0.3683.103)
  (Driver info: chromedriver=2.40.565498 (ea082db3280dd6843ebfb08a625e3eb905c4f5ab),platform=Windows NT 6.1.7601 SP1 x86_64)</li>
            </ul>
            <table class="testEvents">
                <tr>
                    <th>Steps</th>
                    <th>Trace</th>
                    <th>Result</th>
                </tr>
                    <tr>
                        <td>
                            <pre class="log"></pre>
                        </td>
                        <td>
                            <!-- [TestArrange: Scenario - Verify Records in &#39;Invoicing&#39; Table by selecting From and To Dates] -->
                            <pre class="log">Starting Execution of Scenario:=&gt;Verify Records in &#39;Invoicing&#39; Table by selecting From and To Dates in Feature:LoginHomeMyAccountTax</pre>
                        </td>
                        <td>Succeeded in 0.025s</td>
                    </tr>
                    <tr>
                        <td>
                            <pre class="log">Given Open browser &#39;chrome&#39;</pre>
                        </td>
                        <td>
                            <!-- [TestArrange: Scenario - Verify Records in &#39;Invoicing&#39; Table by selecting From and To Dates] -->
                            <pre class="log">Full project path (Batch Execution):=&gt;&gt;&gt;&gt;&gt;&gt;&gt;D:\OSVAtmosphereVSTS\OSVExperience\OneAtmosphere
done: LoginHomeMyAccountTaxSteps.GivenIOpenBrowser(&quot;chrome&quot;) (2.1s)
TestResult : OK</pre>
                        </td>
                        <td>Succeeded in 2.1s</td>
                    </tr>
                    <tr>
                        <td>
                            <pre class="log">Then Navigate to url</pre>
                        </td>
                        <td>
                            <!-- [TestAssert: Scenario - Verify Records in &#39;Invoicing&#39; Table by selecting From and To Dates] -->
                            <pre class="log">URL: https://qaprodcopy-onesourcevirtual.cs24.force.com/osvatmosphere
done: LoginHomeMyAccountTaxSteps.ThenINavigateToUrl() (15.6s)
TestResult : OK</pre>
                        </td>
                        <td>Succeeded in 15.642s</td>
                    </tr>
                    <tr>
                        <td>
                            <pre class="log">Then Enter username and password and login into OneAtmos site</pre>
                        </td>
                        <td>
                            <!-- [TestAssert: Scenario - Verify Records in &#39;Invoicing&#39; Table by selecting From and To Dates] -->
                            <pre class="log">UserName: testatmosuser@gmail.com
Password: Second@1234!
done: LoginHomeMyAccountTaxSteps.ThenIEnterUsernameAndPasswordAndLoginIntoOneAtmosSite() (7.1s)
TestResult : OK</pre>
                        </td>
                        <td>Succeeded in 7.135s</td>
                    </tr>
                    <tr>
                        <td>
                            <pre class="log">Given Landed on OneAtmos Home Page</pre>
                        </td>
                        <td>
                            <!-- [TestArrange: Scenario - Verify Records in &#39;Invoicing&#39; Table by selecting From and To Dates] -->
                            <pre class="log">done: LoginHomeMyAccountTaxSteps.GivenIAmOnTheOneAtmosHomePage() (0.0s)
TestResult : OK</pre>
                        </td>
                        <td>Succeeded in 0.025s</td>
                    </tr>
                    <tr>
                        <td>
                            <pre class="log">Then Clicked on My Account Link in Home Page</pre>
                        </td>
                        <td>
                            <!-- [TestAssert: Scenario - Verify Records in &#39;Invoicing&#39; Table by selecting From and To Dates] -->
                            <pre class="log">done: LoginHomeMyAccountTaxSteps.ThenIClickedOnMyAccountLinkInHomePage() (1.4s)
TestResult : OK</pre>
                        </td>
                        <td>Succeeded in 1.391s</td>
                    </tr>
                    <tr>
                        <td>
                            <pre class="log">And Verify page navigation to Invoicing tab</pre>
                        </td>
                        <td>
                            <!-- [TestAssert: Scenario - Verify Records in &#39;Invoicing&#39; Table by selecting From and To Dates] -->
                            <pre class="log">done: LoginHomeMyAccountTaxSteps.ThenIVerifyPageNavigationToInvoicingTab() (4.9s)
TestResult : OK</pre>
                        </td>
                        <td>Succeeded in 4.946s</td>
                    </tr>
                    <tr>
                        <td>
                            <pre class="log">Then Select From Date &#39;06/29/2017&#39; And To Date &#39;09/30/2019&#39; on Invoicing tab</pre>
                        </td>
                        <td>
                            <!-- [TestAssert: Scenario - Verify Records in &#39;Invoicing&#39; Table by selecting From and To Dates] -->
                            <pre class="log">6/29/2017 12:00:00 AM
9/30/2019 12:00:00 AM
done: LoginHomeMyAccountTaxSteps.ThenSelectFromDateAndToDateOnInvoicingTab(&quot;06/29/2017&quot;, &quot;09/30/2019&quot;) (7.4s)
TestResult : OK</pre>
                        </td>
                        <td>Succeeded in 7.435s</td>
                    </tr>
                    <tr>
                        <td>
                            <pre class="log">Then Verify Invoicing Dates lies between From Date &#39;06/29/2017&#39; and To Date &#39;09/30/2019&#39;</pre>
                        </td>
                        <td>
                            <!-- [TestAssert: Scenario - Verify Records in &#39;Invoicing&#39; Table by selecting From and To Dates] -->
                            <pre class="log">Records count: of 10, 100 Record(s)
No Of Pages: 10
No Of Records: 100
Date: 3/5/2019 12:00:00 AM
Date: 3/5/2019 12:00:00 AM in row: 1lies between 6/29/2017 12:00:00 AM &amp; 9/30/2019 12:00:00 AM
Date: 3/10/2019 12:00:00 AM
Date: 3/10/2019 12:00:00 AM in row: 2lies between 6/29/2017 12:00:00 AM &amp; 9/30/2019 12:00:00 AM
Date: 3/27/2019 12:00:00 AM
Date: 3/27/2019 12:00:00 AM in row: 3lies between 6/29/2017 12:00:00 AM &amp; 9/30/2019 12:00:00 AM
Date: 1/2/2019 12:00:00 AM
Date: 1/2/2019 12:00:00 AM in row: 4lies between 6/29/2017 12:00:00 AM &amp; 9/30/2019 12:00:00 AM
Date: 1/2/2019 12:00:00 AM
Date: 1/2/2019 12:00:00 AM in row: 5lies between 6/29/2017 12:00:00 AM &amp; 9/30/2019 12:00:00 AM
Date: 1/2/2019 12:00:00 AM
Date: 1/2/2019 12:00:00 AM in row: 6lies between 6/29/2017 12:00:00 AM &amp; 9/30/2019 12:00:00 AM
Date: 1/2/2019 12:00:00 AM
Date: 1/2/2019 12:00:00 AM in row: 7lies between 6/29/2017 12:00:00 AM &amp; 9/30/2019 12:00:00 AM
Date: 1/2/2019 12:00:00 AM
Date: 1/2/2019 12:00:00 AM in row: 8lies between 6/29/2017 12:00:00 AM &amp; 9/30/2019 12:00:00 AM
Date: 1/2/2019 12:00:00 AM
Date: 1/2/2019 12:00:00 AM in row: 9lies between 6/29/2017 12:00:00 AM &amp; 9/30/2019 12:00:00 AM
Date: 1/2/2019 12:00:00 AM
Date: 1/2/2019 12:00:00 AM in row: 10lies between 6/29/2017 12:00:00 AM &amp; 9/30/2019 12:00:00 AM
Date: 1/2/2019 12:00:00 AM
Date: 1/2/2019 12:00:00 AM in row: 1lies between 6/29/2017 12:00:00 AM &amp; 9/30/2019 12:00:00 AM
Date: 1/2/2019 12:00:00 AM
Date: 1/2/2019 12:00:00 AM in row: 2lies between 6/29/2017 12:00:00 AM &amp; 9/30/2019 12:00:00 AM
Date: 1/2/2019 12:00:00 AM
Date: 1/2/2019 12:00:00 AM in row: 3lies between 6/29/2017 12:00:00 AM &amp; 9/30/2019 12:00:00 AM
Date: 4/20/2019 12:00:00 AM
Date: 4/20/2019 12:00:00 AM in row: 4lies between 6/29/2017 12:00:00 AM &amp; 9/30/2019 12:00:00 AM
Date: 1/30/2019 12:00:00 AM
Date: 1/30/2019 12:00:00 AM in row: 5lies between 6/29/2017 12:00:00 AM &amp; 9/30/2019 12:00:00 AM
Date: 4/20/2019 12:00:00 AM
Date: 4/20/2019 12:00:00 AM in row: 6lies between 6/29/2017 12:00:00 AM &amp; 9/30/2019 12:00:00 AM
Date: 1/30/2019 12:00:00 AM
Date: 1/30/2019 12:00:00 AM in row: 7lies between 6/29/2017 12:00:00 AM &amp; 9/30/2019 12:00:00 AM
Date: 4/20/2019 12:00:00 AM
Date: 4/20/2019 12:00:00 AM in row: 8lies between 6/29/2017 12:00:00 AM &amp; 9/30/2019 12:00:00 AM
Date: 1/30/2019 12:00:00 AM
Date: 1/30/2019 12:00:00 AM in row: 9lies between 6/29/2017 12:00:00 AM &amp; 9/30/2019 12:00:00 AM
Date: 4/20/2019 12:00:00 AM
Date: 4/20/2019 12:00:00 AM in row: 10lies between 6/29/2017 12:00:00 AM &amp; 9/30/2019 12:00:00 AM
error: no such element: Unable to locate element: {&quot;method&quot;:&quot;xpath&quot;,&quot;selector&quot;:&quot;//table/tbody/tr[1]/td[4]/span/div/span&quot;}
  (Session info: chrome=73.0.3683.103)
  (Driver info: chromedriver=2.40.565498 (ea082db3280dd6843ebfb08a625e3eb905c4f5ab),platform=Windows NT 6.1.7601 SP1 x86_64)
TestResult : TestError</pre>
                                <div class="errorMessage">no such element: Unable to locate element: {&quot;method&quot;:&quot;xpath&quot;,&quot;selector&quot;:&quot;//table/tbody/tr[1]/td[4]/span/div/span&quot;}
  (Session info: chrome=73.0.3683.103)
  (Driver info: chromedriver=2.40.565498 (ea082db3280dd6843ebfb08a625e3eb905c4f5ab),platform=Windows NT 6.1.7601 SP1 x86_64)</div>
                                <pre class="stackTrace">OpenQA.Selenium.NoSuchElementException: no such element: Unable to locate element: {&quot;method&quot;:&quot;xpath&quot;,&quot;selector&quot;:&quot;//table/tbody/tr[1]/td[4]/span/div/span&quot;}
  (Session info: chrome=73.0.3683.103)
  (Driver info: chromedriver=2.40.565498 (ea082db3280dd6843ebfb08a625e3eb905c4f5ab),platform=Windows NT 6.1.7601 SP1 x86_64)
   at OpenQA.Selenium.Remote.RemoteWebDriver.UnpackAndThrowOnError(Response errorResponse)
   at OpenQA.Selenium.Remote.RemoteWebDriver.Execute(String driverCommandToExecute, Dictionary`2 parameters)
   at OpenQA.Selenium.Remote.RemoteWebDriver.FindElement(String mechanism, String value)
   at OpenQA.Selenium.Remote.RemoteWebDriver.FindElementByXPath(String xpath)
   at OpenQA.Selenium.By.&lt;&gt;c__DisplayClasse.&lt;XPath&gt;b__c(ISearchContext context)
   at OpenQA.Selenium.By.FindElement(ISearchContext context)
   at OpenQA.Selenium.Remote.RemoteWebDriver.FindElement(By by)
   at OneAtmos.Pages.PageParts.OneAtmosMyAccount.VerifyInvoiceDate(Int32 NoOfRecords, DateTime fromDate, DateTime toDate) in D:\OSVAtmosphereVSTS\OSVExperience\OneAtmosphere\Pages\PageParts\OneAtmosMyAccount.cs:line 1074
   at OneAtmos.Pages.PageParts.OneAtmosMyAccount.VerifyInvoicingDatesInRange(String fromdate, String todate) in D:\OSVAtmosphereVSTS\OSVExperience\OneAtmosphere\Pages\PageParts\OneAtmosMyAccount.cs:line 1042
   at OneAtmosphere.Steps.LoginHomeMyAccountTaxSteps.ThenVerifyInvoicingDatesLiesBetweenFromDateAndToDate(String fromDate, String toDate) in D:\OSVAtmosphereVSTS\OSVExperience\OneAtmosphere\Steps\LoginHomeMyAccountTaxSteps.cs:line 507
   at lambda_method(Closure , IContextManager , String , String )
   at TechTalk.SpecFlow.Bindings.BindingInvoker.InvokeBinding(IBinding binding, IContextManager contextManager, Object[] arguments, ITestTracer testTracer, TimeSpan&amp; duration)
   at TechTalk.SpecFlow.Infrastructure.TestExecutionEngine.ExecuteStepMatch(BindingMatch match, Object[] arguments)
   at TechTalk.SpecRun.SpecFlowPlugin.Runtime.RunnerTestExecutionEngine.ExecuteStepMatch(BindingMatch match, Object[] arguments)
   at TechTalk.SpecFlow.Infrastructure.TestExecutionEngine.ExecuteStep(IContextManager contextManager, StepInstance stepInstance)
   at TechTalk.SpecFlow.Infrastructure.TestExecutionEngine.OnAfterLastStep()
   at TechTalk.SpecFlow.TestRunner.CollectScenarioErrors()
   at OneAtmosphere.Features.LoginHomeMyAccountTaxFeature.ScenarioCleanup()
   at OneAtmosphere.Features.LoginHomeMyAccountTaxFeature.VerifyRecordsInInvoicingTableBySelectingFromAndToDates() in D:\OSVAtmosphereVSTS\OSVExperience\OneAtmosphere\Features\LoginHomeMyAccountTax.feature:line 360
   at TechTalk.SpecRun.Framework.TaskExecutors.StaticOrInstanceMethodExecutor.ExecuteInternal(ITestThreadExecutionContext testThreadExecutionContext)
   at TechTalk.SpecRun.Framework.TaskExecutors.StaticOrInstanceMethodExecutor.Execute(ITestThreadExecutionContext testThreadExecutionContext)
   at TechTalk.SpecRun.Framework.TestAssemblyExecutor.ExecuteTestNodeTask(TestNode testNode, ITaskExecutor task, TraceEventType eventType)</pre>
                        </td>
                        <td>Failed in 21.62s</td>
                    </tr>
                    <tr>
                        <td>
                            <pre class="log">Then Quit browser</pre>
                        </td>
                        <td>
                            <!-- [TestAssert: Scenario - Verify Records in &#39;Invoicing&#39; Table by selecting From and To Dates] -->
                            <pre class="log">skipped because of previous errors</pre>
                        </td>
                        <td>Skipped in 0.006s</td>
                    </tr>
                    <tr>
                        <td>
                            <pre class="log"></pre>
                        </td>
                        <td>
                            <!-- [Cleanup: Scenario - Verify Records in &#39;Invoicing&#39; Table by selecting From and To Dates] -->
                            <pre class="log">An error ocurred:no such element: Unable to locate element: {&quot;method&quot;:&quot;xpath&quot;,&quot;selector&quot;:&quot;//table/tbody/tr[1]/td[4]/span/div/span&quot;}
  (Session info: chrome=73.0.3683.103)
  (Driver info: chromedriver=2.40.565498 (ea082db3280dd6843ebfb08a625e3eb905c4f5ab),platform=Windows NT 6.1.7601 SP1 x86_64)
It was of type:NoSuchElementException</pre>
                        </td>
                        <td>Succeeded in 0.134s</td>
                    </tr>
                    <tr>
                        <td>
                            <pre class="log"></pre>
                        </td>
                        <td>
                            <!-- [Cleanup: Feature - LoginHomeMyAccountTax] -->
                            <pre class="log">Full project path (Batch Execution):=&gt;&gt;&gt;&gt;&gt;&gt;&gt;D:\OSVAtmosphereVSTS\OSVExperience\OneAtmosphere
Refer Log File:=&gt;<a href='../../Automation_Report/OutPut/Log/log_16-04-2019.log'>log_16-04-2019.log</a></pre>
                        </td>
                        <td>Succeeded in 0.008s</td>
                    </tr>
            </table>
	</body>
</html>
</a><div style='position: absolute; top:0px; right:10px; z-index: 1000; text-align: right; font-size: small; color: #FF5555'>
Generated by an evaluation version of SpecRun.<br />
This version can be used for evaluation purposes only.<br />
For obtaining a registered license please visit <a href='http://www.specflow.org/plus'>http://www.specflow.org/plus</a>.
</div>
